


materialPath: C:\Program Files (x86)\Steam\steamapps\sourcemods\open_fortress_zombies\materials
Loading C:\Program Files (x86)\Steam\steamapps\sourcemods\open_fortress_zombies\maps\devmap_zombies.vmf
material "dev/unreal_dev" not found.
Material not found!: DEV/UNREAL_DEV
ConVarRef mat_reduceparticles doesn't point to an existing ConVar
material "dev/unreal_dev_yellow" not found.
Material not found!: DEV/UNREAL_DEV_YELLOW
Patching WVT material: maps/devmap_zombies/dev/dev_blendmeasure_wvt_patch
fixing up env_cubemap materials on brush sides...
0...1...2...3...4...5...6...7...8...9...100...1...2...3...4...5...6...7...8...9...10Processing areas...done (0)
Building Faces...done (0)
FixTjuncs...
PruneNodes...
WriteBSP...
done (0)
writing C:\Program Files (x86)\Steam\steamapps\sourcemods\open_fortress_zombies\maps\devmap_zombies.prt...Building visibility clusters...
done (0)
Creating default LDR cubemaps for env_cubemap using skybox materials:
   skybox/sky_day01_09*.vmt
 ! Run buildcubemaps in the engine to get the correct cube maps.
Creating default HDR cubemaps for env_cubemap using skybox materials:
   skybox/sky_day01_09*.vmt
 ! Run buildcubemaps in the engine to get the correct cube maps.
Finding displacement neighbors...
Finding lightmap sample positions...
Displacement Alpha : 0...1...2...3...4...5...6...7...8...9...10
Building Physics collision data...
done (0) (10300 bytes)
Placing detail props : 0...1...2...3...4...5...6...7...8...9...10
Compacting texture/material tables...
Reduced 57 texinfos to 20
Reduced 10 texdatas to 8 (228 bytes to 185)
Writing C:\Program Files (x86)\Steam\steamapps\sourcemods\open_fortress_zombies\maps\devmap_zombies.bsp
Wrote ZIP buffer, estimated size 212253, actual size 211637
0 seconds elapsed
CMaterialDict::Shutdown m_MissingList count: 2



16 threads
reading c:\program files (x86)\steam\steamapps\sourcemods\open_fortress_zombies\maps\devmap_zombies.bsp
reading c:\program files (x86)\steam\steamapps\sourcemods\open_fortress_zombies\maps\devmap_zombies.prt
  10 portalclusters
  14 numportals
0...1...2...3...4...5...6...7...8...9...100...1...2...3...4...5...6...7...8...9...10Optimized: 0 visible clusters (0.00%)
Total clusters visible: 66
Average clusters visible: 6
Building PAS...
Average clusters audible: 6
visdatasize:125  compressed from 160
writing c:\program files (x86)\steam\steamapps\sourcemods\open_fortress_zombies\maps\devmap_zombies.bsp
0 seconds elapsed



[Reading texlights from 'lights.rad']
[63 texlights parsed from 'lights.rad']

Loading c:\program files (x86)\steam\steamapps\sourcemods\open_fortress_zombies\maps\devmap_zombies.bsp
110 faces
993903 square feet [143122144.00 square inches]
0 Displacements
0 Square Feet [0.00 Square Inches]
110 patches before subdivision
4262 patches after subdivision
3 direct lights
0...1...2...3...4...5...6...7...8...9...100...1...2...3...4...5...6...7...8...9...10transfers 288031, max 207
transfer lists:   2.2 megs
0...1...2...3...4...5...6...7...8...9...10	Bounce #1 added RGB(3285, 5830, 7035)
0...1...2...3...4...5...6...7...8...9...10	Bounce #2 added RGB(610, 1077, 1293)
0...1...2...3...4...5...6...7...8...9...10	Bounce #3 added RGB(109, 191, 230)
0...1...2...3...4...5...6...7...8...9...10	Bounce #4 added RGB(22, 39, 46)
0...1...2...3...4...5...6...7...8...9...10	Bounce #5 added RGB(5, 8, 10)
0...1...2...3...4...5...6...7...8...9...10	Bounce #6 added RGB(1, 2, 2)
0...1...2...3...4...5...6...7...8...9...10	Bounce #7 added RGB(0, 0, 0)
Build Patch/Sample Hash Table(s).....Done<0.0010 sec>
0...1...2...3...4...5...6...7...8...9...10FinalLightFace Done
0 of 0 (0% of) surface lights went in leaf ambient cubes.
0...1...2...3...4...5...6...7...8...9...10Writing leaf ambient...done
Ready to Finish

Object names       Objects/Maxobjs  Memory / Maxmem  Fullness 
------------       ---------------  ---------------  -------- 
models                   8/1024          384/49152    ( 0.8%) 
brushes                 25/8192          300/98304    ( 0.3%) 
brushsides             150/65536        1200/524288   ( 0.2%) 
planes                 158/65536        3160/1310720  ( 0.2%) 
vertexes               164/65536        1968/786432   ( 0.3%) 
nodes                   84/65536        2688/2097152  ( 0.1%) 
texinfos                20/12288        1440/884736   ( 0.2%) 
texdata                  8/2048          256/65536    ( 0.4%) 
dispinfos                0/0               0/0        ( 0.0%) 
disp_verts               0/0               0/0        ( 0.0%) 
disp_tris                0/0               0/0        ( 0.0%) 
disp_lmsamples           0/0               0/0        ( 0.0%) 
faces                  110/65536        6160/3670016  ( 0.2%) 
hdr faces                0/65536           0/3670016  ( 0.0%) 
origfaces               44/65536        2464/3670016  ( 0.1%) 
leaves                  93/65536        2976/2097152  ( 0.1%) 
leaffaces              122/65536         244/131072   ( 0.2%) 
leafbrushes             49/65536          98/131072   ( 0.1%) 
areas                    3/256            24/2048     ( 1.2%) 
surfedges              662/512000       2648/2048000  ( 0.1%) 
edges                  339/256000       1356/1024000  ( 0.1%) 
LDR worldlights          3/8192          264/720896   ( 0.0%) 
HDR worldlights          0/8192            0/720896   ( 0.0%) 
leafwaterdata            0/32768           0/393216   ( 0.0%) 
waterstrips              2/32768          20/327680   ( 0.0%) 
waterverts               0/65536           0/786432   ( 0.0%) 
waterindices            24/65536          48/131072   ( 0.0%) 
cubemapsamples           1/1024           16/16384    ( 0.1%) 
overlays                 0/512             0/180224   ( 0.0%) 
LDR lightdata         [variable]      223804/0        ( 0.0%) 
HDR lightdata         [variable]           0/0        ( 0.0%) 
visdata               [variable]         125/16777216 ( 0.0%) 
entdata               [variable]       89396/393216   (22.7%) 
LDR ambient table       93/65536         372/262144   ( 0.1%) 
HDR ambient table       93/65536         372/262144   ( 0.1%) 
LDR leaf ambient       334/65536        9352/1835008  ( 0.5%) 
HDR leaf ambient        93/65536        2604/1835008  ( 0.1%) 
occluders                0/0               0/0        ( 0.0%) 
occluder polygons        0/0               0/0        ( 0.0%) 
occluder vert ind        0/0               0/0        ( 0.0%) 
detail props          [variable]           1/12       ( 8.3%) 
static props          [variable]           1/12       ( 8.3%) 
pakfile               [variable]      211637/0        ( 0.0%) 
physics               [variable]       10300/4194304  ( 0.2%) 
physics terrain       [variable]           2/1048576  ( 0.0%) 

Level flags = 0

Total triangle count: 266
Writing c:\program files (x86)\steam\steamapps\sourcemods\open_fortress_zombies\maps\devmap_zombies.bsp
0 seconds elapsed



[Reading texlights from 'lights.rad']
[63 texlights parsed from 'lights.rad']

Loading c:\program files (x86)\steam\steamapps\sourcemods\open_fortress_zombies\maps\devmap_zombies.bsp
110 faces
993903 square feet [143122144.00 square inches]
0 Displacements
0 Square Feet [0.00 Square Inches]
110 patches before subdivision
4262 patches after subdivision
3 direct lights
0...1...2...3...4...5...6...7...8...9...100...1...2...3...4...5...6...7...8...9...10transfers 288031, max 207
transfer lists:   2.2 megs
0...1...2...3...4...5...6...7...8...9...10	Bounce #1 added RGB(3285, 5830, 7035)
0...1...2...3...4...5...6...7...8...9...10	Bounce #2 added RGB(610, 1077, 1293)
0...1...2...3...4...5...6...7...8...9...10	Bounce #3 added RGB(109, 191, 230)
0...1...2...3...4...5...6...7...8...9...10	Bounce #4 added RGB(22, 39, 46)
0...1...2...3...4...5...6...7...8...9...10	Bounce #5 added RGB(5, 8, 10)
0...1...2...3...4...5...6...7...8...9...10	Bounce #6 added RGB(1, 2, 2)
0...1...2...3...4...5...6...7...8...9...10	Bounce #7 added RGB(0, 0, 0)
Build Patch/Sample Hash Table(s).....Done<0.0009 sec>
0...1...2...3...4...5...6...7...8...9...10FinalLightFace Done
0 of 0 (0% of) surface lights went in leaf ambient cubes.
0...1...2...3...4...5...6...7...8...9...10Writing leaf ambient...done
Ready to Finish

Object names       Objects/Maxobjs  Memory / Maxmem  Fullness 
------------       ---------------  ---------------  -------- 
models                   8/1024          384/49152    ( 0.8%) 
brushes                 25/8192          300/98304    ( 0.3%) 
brushsides             150/65536        1200/524288   ( 0.2%) 
planes                 158/65536        3160/1310720  ( 0.2%) 
vertexes               164/65536        1968/786432   ( 0.3%) 
nodes                   84/65536        2688/2097152  ( 0.1%) 
texinfos                20/12288        1440/884736   ( 0.2%) 
texdata                  8/2048          256/65536    ( 0.4%) 
dispinfos                0/0               0/0        ( 0.0%) 
disp_verts               0/0               0/0        ( 0.0%) 
disp_tris                0/0               0/0        ( 0.0%) 
disp_lmsamples           0/0               0/0        ( 0.0%) 
faces                  110/65536        6160/3670016  ( 0.2%) 
hdr faces              110/65536        6160/3670016  ( 0.2%) 
origfaces               44/65536        2464/3670016  ( 0.1%) 
leaves                  93/65536        2976/2097152  ( 0.1%) 
leaffaces              122/65536         244/131072   ( 0.2%) 
leafbrushes             49/65536          98/131072   ( 0.1%) 
areas                    3/256            24/2048     ( 1.2%) 
surfedges              662/512000       2648/2048000  ( 0.1%) 
edges                  339/256000       1356/1024000  ( 0.1%) 
LDR worldlights          3/8192          264/720896   ( 0.0%) 
HDR worldlights          3/8192          264/720896   ( 0.0%) 
leafwaterdata            0/32768           0/393216   ( 0.0%) 
waterstrips              2/32768          20/327680   ( 0.0%) 
waterverts               0/65536           0/786432   ( 0.0%) 
waterindices            24/65536          48/131072   ( 0.0%) 
cubemapsamples           1/1024           16/16384    ( 0.1%) 
overlays                 0/512             0/180224   ( 0.0%) 
LDR lightdata         [variable]      223804/0        ( 0.0%) 
HDR lightdata         [variable]      223804/0        ( 0.0%) 
visdata               [variable]         125/16777216 ( 0.0%) 
entdata               [variable]       89396/393216   (22.7%) 
LDR ambient table       93/65536         372/262144   ( 0.1%) 
HDR ambient table       93/65536         372/262144   ( 0.1%) 
LDR leaf ambient       334/65536        9352/1835008  ( 0.5%) 
HDR leaf ambient       334/65536        9352/1835008  ( 0.5%) 
occluders                0/0               0/0        ( 0.0%) 
occluder polygons        0/0               0/0        ( 0.0%) 
occluder vert ind        0/0               0/0        ( 0.0%) 
detail props          [variable]           1/12       ( 8.3%) 
static props          [variable]           1/12       ( 8.3%) 
pakfile               [variable]      211637/0        ( 0.0%) 
physics               [variable]       10300/4194304  ( 0.2%) 
physics terrain       [variable]           2/1048576  ( 0.0%) 

Level flags = 0

Total triangle count: 266
Writing c:\program files (x86)\steam\steamapps\sourcemods\open_fortress_zombies\maps\devmap_zombies.bsp
0 seconds elapsed
