PRT1
219
409
4 0 7 (3072 -1280 -624 ) (3072 -1024 -624 ) (3072 -1024 -1008 ) (3072 -1280 -1008 ) 
4 1 8 (3072 -1920 -624 ) (3072 -1664 -624 ) (3072 -1664 -1008 ) (3072 -1920 -1008 ) 
4 2 6 (1248 -864 208 ) (1240 -864 208 ) (1240 -864 96 ) (1248 -864 96 ) 
4 2 4 (1240 -856 96 ) (1240 -864 96 ) (1240 -864 200 ) (1240 -856 200 ) 
4 2 3 (1240 -864 200 ) (1240 -864 208 ) (1240 -856 208 ) (1240 -856 200 ) 
4 3 6 (1240 -864 208 ) (1064 -864 208 ) (1064 -864 200 ) (1240 -864 200 ) 
4 3 5 (1064 -864 200 ) (1064 -864 208 ) (1064 -856 208 ) (1064 -856 200 ) 
4 3 4 (1064 -864 200 ) (1064 -856 200 ) (1240 -856 200 ) (1240 -864 200 ) 
4 4 6 (1064 -864 200 ) (1064 -864 96 ) (1240 -864 96 ) (1240 -864 200 ) 
4 4 5 (1064 -856 96 ) (1064 -864 96 ) (1064 -864 200 ) (1064 -856 200 ) 
4 5 6 (1064 -864 208 ) (1056 -864 208 ) (1056 -864 96 ) (1064 -864 96 ) 
4 6 30 (1024 -1024 96 ) (1024 -1024 144 ) (1024 -864 144 ) (1024 -864 96 ) 
4 6 29 (1024 -1024 144 ) (1024 -1024 256 ) (1024 -864 256 ) (1024 -864 144 ) 
4 6 9 (1024 -1024 256 ) (1024 -1024 96 ) (1376 -1024 96 ) (1376 -1024 256 ) 
4 9 39 (1024 -1152 96 ) (1024 -1152 256 ) (1024 -1024 256 ) (1024 -1024 96 ) 
4 9 11 (1024 -1152 224 ) (1024 -1152 96 ) (1312 -1152 96 ) (1312 -1152 224 ) 
4 10 13 (1360 -1472 224 ) (1360 -1472 32 ) (1632 -1472 32 ) (1632 -1472 224 ) 
5 11 40 (1024 -1312 224 ) (1024 -1152 224 ) (1024 -1152 96 ) (1024 -1216 80 ) (1024 -1312 80 ) 
5 11 12 (1056.003906 -1472 80 ) (1260.816406 -1215.984375 80 ) (1312.003906 -1152 95.996094 ) (1312.003784 -1152 224 ) (1056.003784 -1472 224 ) 
4 12 15 (1056 -1472 80 ) (1248 -1472 80 ) (1248 -1472 208 ) (1056 -1472 208 ) 
4 13 19 (1664 -1888 32 ) (1664 -1888 256 ) (1328 -1888 256 ) (1328 -1888 32 ) 
4 13 14 (1328 -1616 32 ) (1328 -1808 32 ) (1328 -1808 144 ) (1328 -1616 144 ) 
4 14 17 (1312 -1616 32 ) (1312 -1808 32 ) (1312 -1808 144 ) (1312 -1616 144 ) 
4 15 16 (1056 -1504 208 ) (1056 -1504 64 ) (1248 -1504 64 ) (1248 -1504 208 ) 
4 16 17 (1248 -1536 48 ) (1248 -1536 208 ) (1056 -1536 208 ) (1056 -1536 48 ) 
4 17 41 (1024 -1824 32 ) (1024 -1824 224 ) (1024 -1536 224 ) (1024 -1536 32 ) 
4 17 18 (1024 -1824 176 ) (1024 -1824 32 ) (1312 -1824 32 ) (1312 -1824 176 ) 
4 18 60 (1024 -1888 32 ) (1024 -1888 176 ) (1024 -1824 176 ) (1024 -1824 32 ) 
4 18 21 (1276 -1888 140 ) (1028 -1888 140 ) (1028 -1888 68 ) (1276 -1888 68 ) 
4 19 25 (1328 -2048 256 ) (1328 -2048 32 ) (1664 -2048 32 ) (1664 -2048 256 ) 
4 19 20 (1328 -1936 32 ) (1328 -2048 32 ) (1328 -2048 144 ) (1328 -1936 144 ) 
4 20 26 (1312 -2048 144 ) (1312 -2048 32 ) (1328 -2048 32 ) (1328 -2048 144 ) 
4 20 24 (1312 -1936 32 ) (1312 -2048 32 ) (1312 -2048 144 ) (1312 -1936 144 ) 
4 21 22 (1028 -1892 140 ) (1028 -1892 68 ) (1276 -1892 68 ) (1276 -1892 140 ) 
4 22 23 (1028 -1900 140 ) (1028 -1900 68 ) (1276 -1900 68 ) (1276 -1900 140 ) 
4 23 24 (1276 -1904 140 ) (1028 -1904 140 ) (1028 -1904 68 ) (1276 -1904 68 ) 
4 24 61 (1024 -2048 32 ) (1024 -2048 256 ) (1024 -1904 256 ) (1024 -1904 32 ) 
4 24 27 (1312 -2048 32 ) (1312 -2048 256 ) (1024 -2048 256 ) (1024 -2048 32 ) 
4 25 26 (1328 -2048 144 ) (1328 -2048 32 ) (1328 -2128 32 ) (1328 -2128 144 ) 
4 26 27 (1312 -2048 144 ) (1312 -2048 32 ) (1312 -2128 32 ) (1312 -2128 144 ) 
4 27 104 (1024 -2176 32 ) (1024 -2176 256 ) (1024 -2048 256 ) (1024 -2048 32 ) 
4 28 31 (200 -864 16 ) (440 -864 16 ) (440 -864 152 ) (200 -864 152 ) 
4 29 39 (1024 -1024 144 ) (1024 -1024 256 ) (928 -1024 256 ) (928 -1024 144 ) 
4 29 30 (928 -864 144 ) (1024 -864 144 ) (1024 -1024 144 ) (928 -1024 144 ) 
4 30 39 (1024 -1024 96 ) (1024 -1024 144 ) (928 -1024 144 ) (928 -1024 96 ) 
4 31 47 (192 -1024 224 ) (192 -1024 16 ) (544 -1024 16 ) (544 -1024 224 ) 
4 31 32 (192 -1008 16 ) (192 -1024 16 ) (192 -1024 224 ) (192 -1008 224 ) 
4 32 47 (128 -1024 224 ) (128 -1024 16 ) (192 -1024 16 ) (192 -1024 224 ) 
4 32 33 (128 -1008 16 ) (128 -1024 16 ) (128 -1024 224 ) (128 -1008 224 ) 
4 33 47 (0 -1024 224 ) (0 -1024 16 ) (128 -1024 16 ) (128 -1024 224 ) 
4 33 34 (0 -976 16 ) (0 -1024 16 ) (0 -1024 224 ) (0 -976 224 ) 
4 34 71 (-128 -1024 16 ) (0 -1024 16 ) (0 -1024 224 ) (-128 -1024 224 ) 
4 34 35 (-128 -1008 16 ) (-128 -1024 16 ) (-128 -1024 224 ) (-128 -1008 224 ) 
4 35 71 (-192 -1024 16 ) (-128 -1024 16 ) (-128 -1024 224 ) (-192 -1024 224 ) 
4 35 38 (-192 -1008 16 ) (-192 -1024 16 ) (-192 -1024 224 ) (-192 -1008 224 ) 
4 36 37 (-440 -848 152 ) (-440 -848 16 ) (-200 -848 16 ) (-200 -848 152 ) 
4 37 38 (-440 -864 16 ) (-200 -864 16 ) (-200 -864 152 ) (-440 -864 152 ) 
4 38 74 (-544 -1024 16 ) (-192 -1024 16 ) (-192 -1024 224 ) (-544 -1024 224 ) 
4 39 40 (1024 -1152 96 ) (1024 -1152 224 ) (992 -1152 224 ) (992 -1152 96 ) 
4 41 60 (1024 -1824 32 ) (1024 -1824 176 ) (992 -1824 176 ) (992 -1824 32 ) 
4 41 43 (896 -1824 144 ) (896 -1824 224 ) (896 -1536 224 ) (896 -1536 144 ) 
4 41 44 (896 -1824 32 ) (896 -1824 144 ) (896 -1536 144 ) (896 -1536 32 ) 
4 41 42 (992 -1824 32 ) (896 -1824 32 ) (896 -1536 32 ) (992 -1536 32 ) 
4 42 44 (896 -1536 16 ) (896 -1824 16 ) (896 -1824 32 ) (896 -1536 32 ) 
4 43 44 (768 -1824 144 ) (768 -1536 144 ) (896 -1536 144 ) (896 -1824 144 ) 
4 44 49 (768 -1568 16 ) (768 -1680 16 ) (768 -1680 144 ) (768 -1568 144 ) 
4 44 45 (768 -1024 144 ) (768 -1024 16 ) (768 -1152 16 ) (768 -1152 144 ) 
4 45 46 (560 -1024 16 ) (560 -1152 16 ) (560 -1152 144 ) (560 -1024 144 ) 
4 46 47 (544 -1024 144 ) (544 -1024 16 ) (544 -1152 16 ) (544 -1152 144 ) 
4 47 71 (0 -1024 224 ) (0 -1024 16 ) (0 -1248 16 ) (0 -1248 224 ) 
4 47 48 (0 -1248 16 ) (128 -1248 16 ) (128 -1248 224 ) (0 -1248 224 ) 
4 48 72 (0 -1248 16 ) (0 -1536 16 ) (0 -1536 224 ) (0 -1248 224 ) 
4 48 55 (0 -1536 16 ) (128 -1536 16 ) (128 -1536 224 ) (0 -1536 224 ) 
4 49 50 (736 -1568 16 ) (736 -1680 16 ) (736 -1680 144 ) (736 -1568 144 ) 
4 50 51 (448 -1544 320 ) (448 -1536 320 ) (448 -1536 224 ) (448 -1544 224 ) 
4 50 52 (448 -1536 208 ) (448 -1536 16 ) (448 -1544 16 ) (448 -1544 208 ) 
4 50 53 (448 -1824 16 ) (448 -1824 320 ) (448 -1544 320 ) (448 -1544 16 ) 
4 51 54 (272 -1544 320 ) (272 -1536 320 ) (272 -1536 224 ) (272 -1544 224 ) 
4 51 53 (272 -1544 320 ) (272 -1544 224 ) (448 -1544 224 ) (448 -1544 320 ) 
4 52 53 (272 -1544 208 ) (272 -1544 16 ) (448 -1544 16 ) (448 -1544 208 ) 
4 52 54 (272 -1536 208 ) (272 -1536 16 ) (272 -1544 16 ) (272 -1544 208 ) 
4 53 64 (288 -1824 16 ) (416 -1824 16 ) (416 -1824 176 ) (288 -1824 176 ) 
4 53 54 (272 -1824 16 ) (272 -1824 320 ) (272 -1544 320 ) (272 -1544 16 ) 
4 54 57 (256 -1632 16 ) (256 -1824 16 ) (256 -1824 192 ) (256 -1632 192 ) 
4 55 72 (0 -1536 16 ) (0 -1632 16 ) (0 -1632 224 ) (0 -1536 224 ) 
4 55 59 (0 -1632 192 ) (0 -1632 16 ) (128 -1632 16 ) (128 -1632 192 ) 
4 55 56 (0 -1632 224 ) (0 -1632 192 ) (128 -1632 192 ) (128 -1632 224 ) 
4 56 72 (0 -1824 192 ) (0 -1824 224 ) (0 -1632 224 ) (0 -1632 192 ) 
4 56 66 (128 -1824 224 ) (0 -1824 224 ) (0 -1824 192 ) (128 -1824 192 ) 
4 56 59 (0 -1632 192 ) (160 -1632 192 ) (160 -1824 192 ) (0 -1824 192 ) 
4 57 58 (176 -1824 16 ) (176 -1824 192 ) (176 -1632 192 ) (176 -1632 16 ) 
4 58 59 (160 -1824 16 ) (160 -1824 192 ) (160 -1632 192 ) (160 -1632 16 ) 
4 59 72 (0 -1632 16 ) (0 -1824 16 ) (0 -1824 192 ) (0 -1632 192 ) 
4 59 66 (128 -1824 64 ) (128 -1824 192 ) (0 -1824 192 ) (0 -1824 64 ) 
4 61 105 (832 -2048 256 ) (816 -2048 256 ) (816 -2048 32 ) (832 -2048 32 ) 
4 61 104 (1024 -2048 32 ) (1024 -2048 256 ) (832 -2048 256 ) (832 -2048 32 ) 
4 62 106 (416 -2048 256 ) (416 -2048 16 ) (448 -2048 16 ) (448 -2048 256 ) 
4 62 63 (416 -2048 176 ) (416 -2048 256 ) (416 -1840 256 ) (416 -1840 176 ) 
4 62 64 (416 -1840 16 ) (416 -2048 16 ) (416 -2048 176 ) (416 -1840 176 ) 
4 63 106 (288 -2048 256 ) (288 -2048 176 ) (416 -2048 176 ) (416 -2048 256 ) 
4 63 65 (288 -1840 176 ) (288 -2048 176 ) (288 -2048 256 ) (288 -1840 256 ) 
4 63 64 (288 -2048 176 ) (288 -1840 176 ) (416 -1840 176 ) (416 -2048 176 ) 
4 64 106 (288 -2048 176 ) (288 -2048 16 ) (416 -2048 16 ) (416 -2048 176 ) 
4 64 67 (416 -2048 16 ) (288 -2048 16 ) (288 -1872 16 ) (416 -1872 16 ) 
4 64 65 (288 -1840 16 ) (288 -2048 16 ) (288 -2048 176 ) (288 -1840 176 ) 
4 65 106 (256 -2048 256 ) (256 -2048 16 ) (288 -2048 16 ) (288 -2048 256 ) 
4 66 89 (0 -2048 64 ) (0 -2048 224 ) (0 -1840 224 ) (0 -1840 64 ) 
4 66 88 (0 -1824 100 ) (0 -1824 64 ) (0 -1840 64 ) (0 -1840 100 ) 
4 66 84 (0 -1824 172 ) (0 -1824 100 ) (0 -1840 100 ) (0 -1840 172 ) 
4 66 83 (0 -1840 224 ) (0 -1824 224 ) (0 -1824 172 ) (0 -1840 172 ) 
4 67 107 (416 -2048 16 ) (288 -2048 16 ) (288 -2048 12 ) (416 -2048 12 ) 
4 67 68 (288 -2048 12 ) (288 -1872 12 ) (416 -1872 12 ) (416 -2048 12 ) 
4 68 108 (288 -2048 12 ) (288 -2048 8 ) (416 -2048 8 ) (416 -2048 12 ) 
4 68 69 (288 -2048 8 ) (288 -1872 8 ) (416 -1872 8 ) (416 -2048 8 ) 
4 69 137 (288 -2048 -16 ) (288 -2048 -40 ) (416 -2048 -40 ) (416 -2048 -16 ) 
4 69 125 (288 -2048 0 ) (288 -2048 -16 ) (416 -2048 -16 ) (416 -2048 0 ) 
4 69 124 (288 -2048 8 ) (288 -2048 0 ) (416 -2048 0 ) (416 -2048 8 ) 
4 69 70 (416 -1872 -40 ) (416 -2048 -40 ) (288 -2048 -40 ) (288 -1872 -40 ) 
4 70 138 (416 -2048 -96 ) (416 -2048 -40 ) (288 -2048 -40 ) (288 -2048 -96 ) 
4 71 74 (-192 -1024 224 ) (-192 -1024 16 ) (-192 -1248 16 ) (-192 -1248 224 ) 
4 71 72 (-128 -1248 16 ) (0 -1248 16 ) (0 -1248 224 ) (-128 -1248 224 ) 
4 72 88 (0 -1824 64 ) (0 -1824 100 ) (-128 -1824 100 ) (-128 -1824 64 ) 
4 72 84 (0 -1824 100 ) (0 -1824 172 ) (-128 -1824 172 ) (-128 -1824 100 ) 
4 72 83 (0 -1824 172 ) (0 -1824 224 ) (-128 -1824 224 ) (-128 -1824 172 ) 
4 72 73 (-128 -1632 16 ) (-128 -1824 16 ) (-128 -1824 160 ) (-128 -1632 160 ) 
4 73 76 (-192 -1632 16 ) (-192 -1824 16 ) (-192 -1824 160 ) (-192 -1632 160 ) 
4 75 78 (-256 -1312 128 ) (-256 -1312 -16 ) (-256 -1504 -16 ) (-256 -1504 128 ) 
4 76 78 (-256 -1824 0 ) (-256 -1824 224 ) (-256 -1632 224 ) (-256 -1632 0 ) 
4 77 78 (-320 -1408 256 ) (-320 -1728 256 ) (-544 -1728 256 ) (-544 -1408 256 ) 
4 78 85 (-292 -1824 172 ) (-572 -1824 172 ) (-572 -1824 100 ) (-292 -1824 100 ) 
4 78 79 (-608 -1824 0 ) (-608 -1824 224 ) (-608 -1312 224 ) (-608 -1312 0 ) 
4 79 80 (-640 -1824 16 ) (-640 -1824 224 ) (-640 -1376 224 ) (-640 -1376 16 ) 
4 80 92 (-672 -1824 176 ) (-800 -1824 176 ) (-800 -1824 16 ) (-672 -1824 16 ) 
4 80 82 (-832 -1824 128 ) (-832 -1824 224 ) (-832 -1632 224 ) (-832 -1632 128 ) 
4 80 81 (-832 -1632 256 ) (-832 -1376 256 ) (-832 -1376 16 ) (-832 -1632 16 ) 
4 81 95 (-1024 -1632 16 ) (-1024 -1632 256 ) (-1024 -1376 256 ) (-1024 -1376 16 ) 
4 81 82 (-832 -1632 128 ) (-832 -1632 224 ) (-1024 -1632 224 ) (-1024 -1632 128 ) 
4 82 96 (-1024 -1824 128 ) (-1024 -1824 224 ) (-1024 -1632 224 ) (-1024 -1632 128 ) 
4 83 89 (-128 -1840 172 ) (0 -1840 172 ) (0 -1840 224 ) (-128 -1840 224 ) 
4 83 84 (0 -1840 172 ) (-128 -1840 172 ) (-128 -1824 172 ) (0 -1824 172 ) 
4 84 89 (-128 -1840 100 ) (0 -1840 100 ) (0 -1840 172 ) (-128 -1840 172 ) 
4 84 88 (0 -1840 100 ) (-128 -1840 100 ) (-128 -1824 100 ) (0 -1824 100 ) 
4 85 86 (-572 -1828 172 ) (-572 -1828 100 ) (-292 -1828 100 ) (-292 -1828 172 ) 
4 86 87 (-572 -1836 172 ) (-572 -1836 100 ) (-292 -1836 100 ) (-292 -1836 172 ) 
4 87 91 (-572 -1840 100 ) (-292 -1840 100 ) (-292 -1840 172 ) (-572 -1840 172 ) 
4 88 89 (-128 -1840 64 ) (0 -1840 64 ) (0 -1840 100 ) (-128 -1840 100 ) 
4 89 90 (-128 -1896 64 ) (-128 -2008 64 ) (-128 -2008 192 ) (-128 -1896 192 ) 
4 90 91 (-144 -2008 64 ) (-144 -2008 192 ) (-144 -1896 192 ) (-144 -1896 64 ) 
4 92 93 (-800 -1840 176 ) (-800 -1840 16 ) (-672 -1840 16 ) (-672 -1840 176 ) 
4 93 94 (-800 -1856 16 ) (-672 -1856 16 ) (-672 -1856 176 ) (-800 -1856 176 ) 
4 94 161 (-672 -2048 288 ) (-1024 -2048 288 ) (-1024 -2048 16 ) (-672 -2048 16 ) 
4 94 97 (-1024 -2048 32 ) (-1024 -2048 288 ) (-1024 -1856 288 ) (-1024 -1856 32 ) 
4 95 96 (-1120 -1632 224 ) (-1120 -1632 128 ) (-1024 -1632 128 ) (-1024 -1632 224 ) 
4 97 191 (-1024 -2048 32 ) (-1024 -2048 288 ) (-1056 -2048 288 ) (-1056 -2048 48 ) 
4 97 98 (-1056 -1856 288 ) (-1056 -1856 48 ) (-1056 -2048 48 ) (-1056 -2048 288 ) 
4 98 191 (-1056 -2048 48 ) (-1056 -2048 288 ) (-1088 -2048 288 ) (-1088 -2048 64 ) 
4 98 99 (-1088 -1856 288 ) (-1088 -1856 64 ) (-1088 -2048 64 ) (-1088 -2048 288 ) 
4 99 191 (-1088 -2048 64 ) (-1088 -2048 288 ) (-1120 -2048 288 ) (-1120 -2048 80 ) 
4 99 100 (-1120 -1856 288 ) (-1120 -1856 80 ) (-1120 -2048 80 ) (-1120 -2048 288 ) 
4 100 191 (-1120 -2048 80 ) (-1120 -2048 288 ) (-1152 -2048 288 ) (-1152 -2048 96 ) 
4 100 101 (-1152 -1856 288 ) (-1152 -1856 96 ) (-1152 -2048 96 ) (-1152 -2048 288 ) 
4 101 191 (-1152 -2048 96 ) (-1152 -2048 288 ) (-1184 -2048 288 ) (-1184 -2048 112 ) 
4 101 102 (-1184 -1856 288 ) (-1184 -1856 112 ) (-1184 -2048 112 ) (-1184 -2048 288 ) 
4 102 103 (-1216 -1856 288 ) (-1216 -1856 128 ) (-1216 -2048 128 ) (-1216 -2048 288 ) 
4 103 205 (-1216 -2048 128 ) (-1216 -2048 288 ) (-1408 -2048 288 ) (-1408 -2048 128 ) 
4 104 105 (832 -2048 32 ) (832 -2064 32 ) (832 -2064 256 ) (832 -2048 256 ) 
4 106 114 (256 -2240 80 ) (256 -2240 16 ) (448 -2240 16 ) (448 -2240 176 ) 
4 106 113 (256 -2240 256 ) (256 -2240 80 ) (448 -2240 176 ) (448 -2240 256 ) 
4 106 107 (288 -2208 16 ) (288 -2048 16 ) (416 -2048 16 ) (416 -2208 16 ) 
4 107 108 (416 -2208 12 ) (288 -2208 12 ) (288 -2048 12 ) (416 -2048 12 ) 
4 108 124 (288 -2048 8 ) (416 -2048 8 ) (416 -2208 8 ) (288 -2208 8 ) 
4 109 112 (480 -2416 48 ) (480 -2432 48 ) (480 -2432 256 ) (480 -2416 256 ) 
4 109 111 (480 -2256 48 ) (480 -2416 48 ) (480 -2416 256 ) (480 -2256 256 ) 
4 109 110 (480 -2240 256 ) (480 -2240 48 ) (480 -2256 48 ) (480 -2256 256 ) 
4 110 114 (448 -2240 176 ) (448 -2240 32 ) (448 -2256 32 ) (448 -2256 176 ) 
4 110 113 (448 -2240 256 ) (448 -2240 176 ) (448 -2256 176 ) (448 -2256 256 ) 
4 110 111 (448 -2256 256 ) (448 -2256 32 ) (480 -2256 48 ) (480 -2256 256 ) 
4 111 115 (448 -2416 32 ) (448 -2416 256 ) (448 -2256 256 ) (448 -2256 32 ) 
4 111 112 (448 -2416 256 ) (448 -2416 32 ) (480 -2416 48 ) (480 -2416 256 ) 
4 112 115 (448 -2432 32 ) (448 -2432 256 ) (448 -2416 256 ) (448 -2416 32 ) 
4 113 140 (0 -2240 8 ) (0 -2256 8 ) (0 -2256 16 ) (0 -2240 16 ) 
4 113 139 (0 -2256 16 ) (0 -2256 256 ) (0 -2240 256 ) (0 -2240 16 ) 
4 113 126 (0 -2256 8 ) (0 -2240 8 ) (112 -2240 8 ) (112 -2256 8 ) 
4 113 116 (0 -2256 16 ) (0 -2256 8 ) (112 -2256 8 ) (128 -2256 16 ) 
5 113 115 (0 -2256 256 ) (0 -2256 16 ) (128 -2256 16 ) (448 -2256 176 ) (448 -2256 256 ) 
4 113 114 (128 -2240 16 ) (448 -2240 176 ) (448 -2256 176 ) (127.998077 -2256 16 ) 
3 114 115 (448 -2256 16 ) (448 -2256 176 ) (128 -2256 16 ) 
4 115 139 (0 -2432 16 ) (0 -2432 256 ) (0 -2256 256 ) (0 -2256 16 ) 
4 115 121 (128 -2432 16 ) (0 -2432 16 ) (0 -2416 16 ) (128 -2416 16 ) 
4 115 120 (128 -2416 16 ) (0 -2416 16 ) (0 -2400 16 ) (128 -2400 16 ) 
4 115 119 (128 -2400 16 ) (0 -2400 16 ) (0 -2272 16 ) (128 -2272 16 ) 
4 115 117 (416 -2400 16 ) (288 -2400 16 ) (288 -2272 16 ) (416 -2272 16 ) 
4 115 116 (0 -2256 16 ) (128 -2256 16 ) (128 -2272 16 ) (0 -2272 16 ) 
4 116 140 (0 -2256 8 ) (0 -2272 8 ) (0 -2272 16 ) (0 -2256 16 ) 
4 116 129 (0 -2272 8 ) (0 -2256 8 ) (128 -2256 8 ) (128 -2272 8 ) 
4 116 119 (0 -2272 8 ) (128 -2272 8 ) (128 -2272 16 ) (0 -2272 16 ) 
4 117 118 (288 -2400 12 ) (288 -2272 12 ) (416 -2272 12 ) (416 -2400 12 ) 
4 118 130 (288 -2272 8 ) (416 -2272 8 ) (416 -2400 8 ) (288 -2400 8 ) 
4 119 140 (0 -2272 8 ) (0 -2400 8 ) (0 -2400 16 ) (0 -2272 16 ) 
4 119 131 (0 -2400 8 ) (0 -2272 8 ) (128 -2272 8 ) (128 -2400 8 ) 
4 119 120 (0 -2400 8 ) (128 -2400 8 ) (128 -2400 16 ) (0 -2400 16 ) 
4 120 140 (0 -2400 8 ) (0 -2416 8 ) (0 -2416 16 ) (0 -2400 16 ) 
4 120 132 (0 -2416 8 ) (0 -2400 8 ) (128 -2400 8 ) (128 -2416 8 ) 
4 120 121 (0 -2416 8 ) (112 -2416 8 ) (128 -2416 16 ) (0 -2416 16 ) 
4 121 140 (0 -2416 8 ) (0 -2432 8 ) (0 -2432 16 ) (0 -2416 16 ) 
4 121 135 (96 -2416 8 ) (112 -2416 8 ) (112 -2432 8 ) (96 -2432 8 ) 
4 121 136 (0 -2432 8 ) (0 -2416 8 ) (96 -2416 8 ) (96 -2432 8 ) 
4 122 143 (0 -2512 176 ) (0 -2512 16 ) (0 -2688 16 ) (0 -2688 176 ) 
4 123 180 (0 -3072 512 ) (0 -3072 256 ) (256 -3072 256 ) (256 -3072 512 ) 
4 123 144 (0 -3072 256 ) (0 -3072 512 ) (0 -2768 512 ) (0 -2768 256 ) 
4 124 125 (288 -2208 0 ) (288 -2048 0 ) (416 -2048 0 ) (416 -2208 0 ) 
4 125 137 (288 -2048 -16 ) (416 -2048 -16 ) (416 -2240 -16 ) (288 -2240 -16 ) 
4 125 127 (288 -2240 -16 ) (416 -2240 -16 ) (416 -2240 0 ) (288 -2240 0 ) 
4 126 170 (0 -2256 0 ) (0 -2256 8 ) (0 -2240 8 ) (0 -2240 0 ) 
4 126 129 (112 -2256 8 ) (0 -2256 8 ) (0 -2256 0 ) (96 -2256 0 ) 
4 126 128 (96 -2256 0 ) (0 -2256 0 ) (0 -2240 0 ) (96 -2240 0 ) 
4 127 137 (288 -2240 -16 ) (416 -2240 -16 ) (416 -2256 -16 ) (288 -2256 -16 ) 
4 127 133 (288 -2256 -16 ) (416 -2256 -16 ) (416 -2256 0 ) (288 -2256 0 ) 
4 128 170 (0 -2240 -16 ) (0 -2256 -16 ) (0 -2256 0 ) (0 -2240 0 ) 
4 128 134 (0 -2256 -16 ) (96 -2256 -16 ) (96 -2256 0 ) (0 -2256 0 ) 
4 129 170 (0 -2272 8 ) (0 -2256 8 ) (0 -2256 0 ) (0 -2272 0 ) 
4 129 134 (0 -2272 0 ) (0 -2256 0 ) (96 -2256 0 ) (96 -2272 0 ) 
4 129 131 (0 -2272 0 ) (128 -2272 0 ) (128 -2272 8 ) (0 -2272 8 ) 
4 130 133 (288 -2272 0 ) (416 -2272 0 ) (416 -2400 0 ) (288 -2400 0 ) 
4 131 170 (0 -2400 8 ) (0 -2272 8 ) (0 -2272 0 ) (0 -2400 0 ) 
4 131 134 (0 -2400 0 ) (0 -2272 0 ) (96 -2272 0 ) (96 -2400 0 ) 
4 131 132 (0 -2400 0 ) (128 -2400 0 ) (128 -2400 8 ) (0 -2400 8 ) 
4 132 170 (0 -2416 0 ) (0 -2416 8 ) (0 -2400 8 ) (0 -2400 0 ) 
3 132 135 (112 -2416 8 ) (96 -2416 8 ) (96 -2416 0 ) 
4 132 136 (96 -2416 8 ) (0 -2416 8 ) (0 -2416 0 ) (96 -2416 0 ) 
4 132 134 (96 -2416 0 ) (0 -2416 0 ) (0 -2400 0 ) (96 -2400 0 ) 
4 133 137 (288 -2256 -16 ) (416 -2256 -16 ) (416 -2400 -16 ) (288 -2400 -16 ) 
4 134 170 (0 -2256 -16 ) (0 -2416 -16 ) (0 -2416 0 ) (0 -2256 0 ) 
4 134 136 (0 -2416 -16 ) (96 -2416 -16 ) (96 -2416 0 ) (0 -2416 0 ) 
4 135 136 (96 -2416 8 ) (96 -2416 0 ) (96 -2432 0 ) (96 -2432 8 ) 
4 136 170 (0 -2416 -16 ) (0 -2432 -16 ) (0 -2432 8 ) (0 -2416 8 ) 
4 137 138 (288 -2400 -40 ) (288 -2048 -40 ) (416 -2048 -40 ) (416 -2400 -40 ) 
4 139 152 (-352 -2432 256 ) (-352 -2416 256 ) (-352 -2416 16 ) (-352 -2432 16 ) 
4 139 150 (-352 -2416 256 ) (-352 -2256 256 ) (-352 -2256 16 ) (-352 -2416 16 ) 
4 139 148 (-352 -2256 256 ) (-352 -2240 256 ) (-352 -2240 16 ) (-352 -2256 16 ) 
7 139 142 (-224 -2496 16 ) (-144 -2496 16 ) (-128 -2496 80 ) (-160 -2496 144 ) (-208 -2496 144 ) (-288 -2496 112 ) (-288 -2496 32 ) 
4 139 141 (-352 -2208.001953 16 ) (-352 -2176 48.001926 ) (0 -2176 48.001938 ) (0 -2208.001953 16 ) 
4 139 140 (-352 -2464.003662 16 ) (-352 -2207.998047 16 ) (0 -2207.998047 16 ) (0 -2464.003662 16 ) 
4 140 170 (0 -2216 8 ) (0 -2456.003662 8 ) (-352 -2456.003662 8 ) (-352 -2216 8 ) 
4 140 153 (-352 -2416 8 ) (-352 -2432 8 ) (-352 -2432 16 ) (-352 -2416 16 ) 
4 140 151 (-352 -2256 8 ) (-352 -2416 8 ) (-352 -2416 16 ) (-352 -2256 16 ) 
4 140 149 (-352 -2240 8 ) (-352 -2256 8 ) (-352 -2256 16 ) (-352 -2240 16 ) 
7 142 143 (-224 -2512 16 ) (-144 -2512 16 ) (-128 -2512 80 ) (-160 -2512 144 ) (-208 -2512 144 ) (-288 -2512 112 ) (-288 -2512 32 ) 
4 144 182 (0 -3072 256 ) (0 -3072 512 ) (-96 -3072 512 ) (-96 -3072 256 ) 
4 144 146 (-96 -2944 256 ) (-96 -3072 256 ) (-96 -3072 512 ) (-96 -2944 512 ) 
4 144 145 (-96 -2768 512 ) (-96 -2768 256 ) (-96 -2944 256 ) (-96 -2944 512 ) 
4 145 146 (-256 -2944 512 ) (-256 -2944 204.364014 ) (-96 -2944 248 ) (-96 -2944 512 ) 
4 145 147 (-256 -2768 48 ) (-256 -2944 48 ) (-256 -2944 512 ) (-256 -2768 512 ) 
4 146 183 (-96 -3072 248 ) (-96 -3072 512 ) (-256 -3072 512 ) (-256 -3072 204.364014 ) 
4 146 147 (-256 -3072 204.364029 ) (-256 -3072 512 ) (-256 -2944 512 ) (-256 -2944 204.364014 ) 
4 147 184 (-352 -3072 512 ) (-352 -3072 48 ) (-256 -3072 48 ) (-256 -3072 512 ) 
4 147 154 (-352 -3072 48 ) (-352 -3072 512 ) (-352 -2768 512 ) (-352 -2768 48 ) 
4 148 150 (-624 -2256 256 ) (-624 -2256 16 ) (-352 -2256 16 ) (-352 -2256 256 ) 
4 148 149 (-352 -2256 16 ) (-512 -2256 16 ) (-512 -2240 16 ) (-352 -2240 16 ) 
4 149 172 (-480 -2256 8 ) (-496 -2256 8 ) (-496 -2240 8 ) (-480 -2240 8 ) 
4 149 171 (-352 -2240 8 ) (-352 -2256 8 ) (-480 -2256 8 ) (-480 -2240 8 ) 
4 149 151 (-496 -2256 8 ) (-352 -2256 8 ) (-352 -2256 16 ) (-512 -2256 16 ) 
4 150 155 (-624 -2272 176 ) (-624 -2272 16 ) (-624 -2400 16 ) (-624 -2400 176 ) 
4 150 152 (-624 -2416 256 ) (-624 -2416 16 ) (-352 -2416 16 ) (-352 -2416 256 ) 
4 150 151 (-352 -2416 16 ) (-512 -2416 16 ) (-512 -2256 16 ) (-352 -2256 16 ) 
4 151 174 (-480 -2416 8 ) (-512 -2416 8 ) (-512 -2256 8 ) (-480 -2256 8 ) 
4 151 173 (-352 -2256 8 ) (-352 -2416 8 ) (-480 -2416 8 ) (-480 -2256 8 ) 
4 151 153 (-496 -2416 8 ) (-352 -2416 8 ) (-352 -2416 16 ) (-512 -2416 16 ) 
4 152 153 (-352 -2432 16 ) (-512 -2432 16 ) (-512 -2416 16 ) (-352 -2416 16 ) 
4 153 176 (-480 -2432 8 ) (-496 -2432 8 ) (-496 -2416 8 ) (-480 -2416 8 ) 
4 153 175 (-352 -2416 8 ) (-352 -2432 8 ) (-480 -2432 8 ) (-480 -2416 8 ) 
5 154 184 (-624 -3072 512 ) (-624 -3072 123 ) (-384 -3072 48 ) (-352 -3072 48 ) (-352 -3072 512 ) 
4 154 156 (-624 -3072 123 ) (-624 -3072 512 ) (-624 -2768 512 ) (-624 -2768 123 ) 
4 155 160 (-640 -2400 16 ) (-640 -2400 176 ) (-640 -2272 176 ) (-640 -2272 16 ) 
4 156 184 (-640 -3072 512 ) (-640 -3072 128 ) (-624 -3072 123 ) (-624 -3072 512 ) 
4 156 169 (-640 -3072 128 ) (-640 -3072 512 ) (-640 -2768 512 ) (-640 -2768 168 ) 
4 157 194 (-1024 -2176 352 ) (-1024 -2432 352 ) (-1024 -2432 448 ) (-1024 -2176 448 ) 
4 157 158 (-672 -2176 352 ) (-640 -2176 352 ) (-640 -2432 352 ) (-672 -2432 352 ) 
4 157 159 (-1024 -2432 352 ) (-1024 -2176 352 ) (-672 -2176 352 ) (-672 -2432 352 ) 
4 158 160 (-672 -2528 288 ) (-672 -2080 288 ) (-640 -2080 288 ) (-640 -2528 288 ) 
4 158 159 (-672 -2080 288 ) (-672 -2528 288 ) (-672 -2528 352 ) (-672 -2080 352 ) 
4 159 200 (-1024 -2432 288 ) (-1024 -2560 288 ) (-1024 -2560 352 ) (-1024 -2432 352 ) 
4 159 194 (-1024 -2176 288 ) (-1024 -2432 288 ) (-1024 -2432 352 ) (-1024 -2176 352 ) 
4 159 189 (-1024 -2048 352 ) (-1024 -2048 288 ) (-1024 -2176 288 ) (-1024 -2176 352 ) 
4 159 161 (-672 -2560 288 ) (-1024 -2560 288 ) (-1024 -2048 288 ) (-672 -2048 288 ) 
4 160 161 (-672 -2080 16 ) (-672 -2528 16 ) (-672 -2528 288 ) (-672 -2080 288 ) 
4 161 202 (-1024 -2432 16 ) (-1024 -2560 16 ) (-1024 -2560 288 ) (-1024 -2432 288 ) 
4 161 195 (-1024 -2176 16 ) (-1024 -2432 16 ) (-1024 -2432 288 ) (-1024 -2176 288 ) 
4 161 191 (-1024 -2048 288 ) (-1024 -2048 32 ) (-1024 -2064 32 ) (-1024 -2064 288 ) 
4 161 192 (-1024 -2064 16 ) (-1024 -2176 16 ) (-1024 -2176 288 ) (-1024 -2064 288 ) 
4 161 163 (-1024 -2432 16 ) (-1024 -2176 16 ) (-768 -2176 16 ) (-768 -2432 16 ) 
4 161 162 (-672 -2560 128 ) (-672 -2560 288 ) (-1024 -2560 288 ) (-1024 -2560 128 ) 
4 162 204 (-1024 -2752 128 ) (-1024 -2752 288 ) (-1024 -2560 288 ) (-1024 -2560 128 ) 
4 162 168 (-852 -2752 180 ) (-1024 -2752 180 ) (-1024 -2752 176 ) (-864 -2752 176 ) 
4 162 166 (-740 -2752 236 ) (-780 -2752 236 ) (-780 -2752 180 ) (-740 -2752 180 ) 
4 162 167 (-820 -2752 236 ) (-1024 -2752 236 ) (-1024 -2752 180 ) (-820 -2752 180 ) 
3 162 165 (-864 -2752 240 ) (-862 -2752 236 ) (-860 -2752 236 ) 
4 162 164 (-880 -2752 272 ) (-1024 -2752 272 ) (-1024 -2752 236 ) (-862 -2752 236 ) 
4 163 196 (-1024 -2176 8 ) (-1024 -2432 8 ) (-1024 -2432 16 ) (-1024 -2176 16 ) 
4 163 177 (-768 -2432 8 ) (-1024 -2432 8 ) (-1024 -2176 8 ) (-768 -2176 8 ) 
4 164 210 (-1024 -2768 250.666656 ) (-1024 -2768 272 ) (-1024 -2752 272 ) (-1024 -2752 250.666656 ) 
4 164 209 (-1024 -2768 236 ) (-1024 -2768 250.666656 ) (-1024 -2752 250.666656 ) (-1024 -2752 236 ) 
4 164 169 (-1024 -2768 272 ) (-1024 -2768 236 ) (-862 -2768 236 ) (-880 -2768 272 ) 
4 164 167 (-862 -2768 236 ) (-1024 -2768 236 ) (-1024 -2752 236 ) (-862 -2752 236 ) 
4 164 165 (-862 -2768 236 ) (-862 -2752 236 ) (-864 -2752 240 ) (-864 -2768 240 ) 
3 165 169 (-862 -2768 236 ) (-860 -2768 236 ) (-864 -2768 240 ) 
4 165 167 (-860 -2768 236 ) (-862 -2768 236 ) (-862 -2752 236 ) (-860 -2752 236 ) 
4 166 169 (-780 -2768 180 ) (-740 -2768 180 ) (-740 -2768 236 ) (-780 -2768 236 ) 
4 167 209 (-1024 -2768 180 ) (-1024 -2768 236 ) (-1024 -2752 236 ) (-1024 -2752 180 ) 
4 167 169 (-1024 -2768 236 ) (-1024 -2768 180 ) (-820 -2768 180 ) (-820 -2768 236 ) 
4 167 168 (-852 -2768 180 ) (-1024 -2768 180 ) (-1024 -2752 180 ) (-852 -2752 180 ) 
4 168 209 (-1024 -2768 176 ) (-1024 -2768 180 ) (-1024 -2752 180 ) (-1024 -2752 176 ) 
4 168 169 (-1024 -2768 180 ) (-1024 -2768 176 ) (-864 -2768 176 ) (-852 -2768 180 ) 
4 169 212 (-1024 -3072 128 ) (-1024 -3072 384 ) (-1024 -2768 384 ) (-1024 -2768 168 ) 
4 169 211 (-1024 -3072 384 ) (-1024 -3072 512 ) (-1024 -2768 512 ) (-1024 -2768 384 ) 
4 169 184 (-768 -3072 128 ) (-640 -3072 128 ) (-640 -3072 512 ) (-768 -3072 512 ) 
4 169 187 (-1024 -3072 512 ) (-1024 -3072 128 ) (-768 -3072 128 ) (-768 -3072 512 ) 
4 170 175 (-352 -2416 -16 ) (-352 -2432 -16 ) (-352 -2432 8 ) (-352 -2416 8 ) 
4 170 173 (-352 -2256 -16 ) (-352 -2416 -16 ) (-352 -2416 8 ) (-352 -2256 8 ) 
4 170 171 (-352 -2240 -16 ) (-352 -2256 -16 ) (-352 -2256 8 ) (-352 -2240 8 ) 
4 171 173 (-480 -2256 -16 ) (-352 -2256 -16 ) (-352 -2256 8 ) (-480 -2256 8 ) 
4 171 172 (-480 -2240 8 ) (-480 -2240 0 ) (-480 -2256 0 ) (-480 -2256 8 ) 
3 172 174 (-480 -2256 0 ) (-480 -2256 8 ) (-496 -2256 8 ) 
4 173 175 (-480 -2416 -16 ) (-352 -2416 -16 ) (-352 -2416 8 ) (-480 -2416 8 ) 
4 173 174 (-480 -2256 8 ) (-480 -2256 0 ) (-480 -2416 0 ) (-480 -2416 8 ) 
3 174 176 (-480 -2416 0 ) (-480 -2416 8 ) (-496 -2416 8 ) 
4 175 176 (-480 -2416 8 ) (-480 -2416 0 ) (-480 -2432 0 ) (-480 -2432 8 ) 
4 177 196 (-1024 -2176 -16 ) (-1024 -2432 -16 ) (-1024 -2432 8 ) (-1024 -2176 8 ) 
4 177 178 (-1024 -2432 -16 ) (-1024 -2176 -16 ) (-768 -2176 -16 ) (-768 -2432 -16 ) 
4 178 196 (-1024 -2176 -128 ) (-1024 -2432 -128 ) (-1024 -2432 -16 ) (-1024 -2176 -16 ) 
4 178 179 (-768 -2432 -128 ) (-1024 -2432 -128 ) (-1024 -2176 -128 ) (-768 -2176 -128 ) 
4 179 196 (-1024 -2176 -368 ) (-1024 -2432 -368 ) (-1024 -2432 -128 ) (-1024 -2176 -128 ) 
4 180 182 (0 -3584 512 ) (0 -3072 512 ) (0 -3072 256 ) (0 -3584 256 ) 
4 180 181 (256 -3584 268.362061 ) (256 -3584 512 ) (0 -3584 512 ) (0 -3584 268.362183 ) 
4 181 188 (0 -3744 312 ) (0 -3744 512 ) (0 -3584 512 ) (0 -3584 268.362183 ) 
4 182 188 (0 -3584 268.362183 ) (0 -3584 512 ) (-96 -3584 512 ) (-96 -3584 268.362244 ) 
4 182 183 (-96 -3584 256 ) (-96 -3584 512 ) (-96 -3072 512 ) (-96 -3072 256 ) 
4 183 188 (-96 -3584 268.362305 ) (-96 -3584 512 ) (-256 -3584 512 ) (-256 -3584 268.362305 ) 
4 183 185 (-256 -3328 204.364014 ) (-256 -3584 204.364029 ) (-256 -3584 512 ) (-256 -3328 512 ) 
4 183 184 (-256 -3072 512 ) (-256 -3072 204.364014 ) (-256 -3328 204.364014 ) (-256 -3328 512 ) 
4 184 186 (-768 -3328 96 ) (-768 -3328 48 ) (-736 -3328 48 ) (-736 -3328 96 ) 
4 184 185 (-768 -3328 512 ) (-768 -3328 96 ) (-256 -3328 96 ) (-256 -3328 512 ) 
4 184 187 (-768 -3072 48 ) (-768 -3328 48 ) (-768 -3328 512 ) (-768 -3072 512 ) 
4 185 188 (-256 -3584 268.362305 ) (-256 -3584 512 ) (-768 -3584 512 ) (-768 -3584 268.362610 ) 
3 185 186 (-768 -3360 96 ) (-768 -3328 96 ) (-736 -3328 96 ) 
4 185 187 (-768 -3584 96 ) (-768 -3584 512 ) (-768 -3328 512 ) (-768 -3328 96 ) 
4 186 187 (-768 -3328 48 ) (-768 -3360 48 ) (-768 -3360 96 ) (-768 -3328 96 ) 
4 187 215 (-1024 -3584 48 ) (-1024 -3584 384 ) (-1024 -3072 384 ) (-1024 -3072 48 ) 
4 187 214 (-1024 -3584 384 ) (-1024 -3584 512 ) (-1024 -3072 512 ) (-1024 -3072 384 ) 
4 187 188 (-1024 -3584 512 ) (-1024 -3584 268.362793 ) (-768 -3584 268.362671 ) (-768 -3584 512 ) 
4 188 218 (-1024 -3744 312 ) (-1024 -3744 384 ) (-1024 -3584 384 ) (-1024 -3584 268.362732 ) 
4 188 214 (-1024 -3744 384 ) (-1024 -3744 512 ) (-1024 -3584 512 ) (-1024 -3584 384 ) 
4 189 197 (-1184 -2176 288 ) (-1088 -2176 288 ) (-1088 -2176 352 ) (-1184 -2176 352 ) 
4 189 194 (-1088 -2176 288 ) (-1024 -2176 288 ) (-1024 -2176 352 ) (-1088 -2176 352 ) 
4 189 191 (-1184 -2064 288 ) (-1184 -2048 288 ) (-1024 -2048 288 ) (-1024 -2064 288 ) 
4 189 192 (-1024 -2176 288 ) (-1184 -2176 288 ) (-1184 -2064 288 ) (-1024 -2064 288 ) 
4 189 190 (-1184 -2080 288 ) (-1184 -2176 288 ) (-1184 -2176 352 ) (-1184 -2080 352 ) 
4 190 197 (-1216 -2176 352 ) (-1216 -2176 288 ) (-1184 -2176 288 ) (-1184 -2176 352 ) 
4 190 193 (-1184 -2176 288 ) (-1216 -2176 288 ) (-1216 -2080 288 ) (-1184 -2080 288 ) 
4 191 192 (-1184 -2064 288 ) (-1184 -2064 112 ) (-1024 -2064 32 ) (-1024 -2064 288 ) 
4 192 198 (-1184 -2176 16 ) (-1088 -2176 16 ) (-1088 -2176 288 ) (-1184 -2176 288 ) 
4 192 195 (-1088 -2176 16 ) (-1024 -2176 16 ) (-1024 -2176 288 ) (-1088 -2176 288 ) 
4 192 193 (-1184 -2080 16 ) (-1184 -2176 16 ) (-1184 -2176 288 ) (-1184 -2080 288 ) 
4 193 205 (-1216 -2176 128 ) (-1216 -2176 288 ) (-1216 -2080 288 ) (-1216 -2080 128 ) 
4 193 198 (-1216 -2176 288 ) (-1216 -2176 16 ) (-1184 -2176 16 ) (-1184 -2176 288 ) 
4 194 200 (-1024 -2432 288 ) (-1024 -2432 352 ) (-1088 -2432 352 ) (-1088 -2432 288 ) 
4 194 197 (-1088 -2176 352 ) (-1088 -2176 288 ) (-1088 -2432 288 ) (-1088 -2432 352 ) 
4 194 195 (-1024 -2432 288 ) (-1088 -2432 288 ) (-1088 -2176 288 ) (-1024 -2176 288 ) 
4 195 202 (-1024 -2432 16 ) (-1024 -2432 288 ) (-1088 -2432 288 ) (-1088 -2432 16 ) 
4 195 198 (-1088 -2176 288 ) (-1088 -2176 16 ) (-1088 -2432 16 ) (-1088 -2432 288 ) 
4 195 196 (-1024 -2432 16 ) (-1088 -2432 16 ) (-1088 -2176 16 ) (-1024 -2176 16 ) 
4 196 199 (-1088 -2176 -128 ) (-1088 -2176 -368 ) (-1088 -2432 -368 ) (-1088 -2432 -128 ) 
4 197 201 (-1216 -2432 352 ) (-1216 -2432 288 ) (-1184 -2432 288 ) (-1184 -2432 352 ) 
4 197 200 (-1184 -2432 288 ) (-1088 -2432 288 ) (-1088 -2432 352 ) (-1184 -2432 352 ) 
4 197 198 (-1216 -2176 288 ) (-1088 -2176 288 ) (-1088 -2432 288 ) (-1216 -2432 288 ) 
4 198 205 (-1216 -2432 128 ) (-1216 -2432 288 ) (-1216 -2176 288 ) (-1216 -2176 128 ) 
4 198 203 (-1216 -2432 288 ) (-1216 -2432 16 ) (-1184 -2432 16 ) (-1184 -2432 288 ) 
4 198 202 (-1184 -2432 16 ) (-1088 -2432 16 ) (-1088 -2432 288 ) (-1184 -2432 288 ) 
4 199 206 (-1216 -2432 -368 ) (-1216 -2432 -128 ) (-1216 -2176 -128 ) (-1216 -2176 -368 ) 
4 200 202 (-1024 -2560 288 ) (-1184 -2560 288 ) (-1184 -2432 288 ) (-1024 -2432 288 ) 
4 200 201 (-1184 -2432 288 ) (-1184 -2528 288 ) (-1184 -2528 352 ) (-1184 -2432 352 ) 
4 201 203 (-1216 -2528 288 ) (-1216 -2432 288 ) (-1184 -2432 288 ) (-1184 -2528 288 ) 
4 202 204 (-1024 -2560 128 ) (-1024 -2560 288 ) (-1184 -2560 288 ) (-1184 -2560 128 ) 
4 202 203 (-1184 -2432 16 ) (-1184 -2528 16 ) (-1184 -2528 288 ) (-1184 -2432 288 ) 
4 203 205 (-1216 -2528 288 ) (-1216 -2432 288 ) (-1216 -2432 128 ) (-1216 -2528 128 ) 
3 204 210 (-1024 -2752 250.666656 ) (-1024 -2752 272 ) (-1056 -2752 240 ) 
5 204 209 (-1024 -2752 176 ) (-1024 -2752 250.666656 ) (-1104 -2752 224 ) (-1104 -2752 208 ) (-1056 -2752 176 ) 
4 204 205 (-1216 -2752 128 ) (-1216 -2752 288 ) (-1216 -2560 288 ) (-1216 -2560 128 ) 
4 205 208 (-1408 -2752 128 ) (-1408 -2752 288 ) (-1408 -2176 288 ) (-1408 -2176 128 ) 
4 205 207 (-1408 -2176 288 ) (-1408 -2160 288 ) (-1408 -2160 128 ) (-1408 -2176 128 ) 
4 207 208 (-1424 -2176 128 ) (-1408 -2176 128 ) (-1408 -2176 288 ) (-1424 -2176 288 ) 
5 209 212 (-1024 -2768 176 ) (-1024 -2768 250.666656 ) (-1104 -2768 224 ) (-1104 -2768 208 ) (-1056 -2768 176 ) 
4 209 210 (-1055.998047 -2768 240.001938 ) (-1024 -2768 250.667969 ) (-1024 -2752 250.667969 ) (-1055.998169 -2752 240.001938 ) 
3 210 212 (-1024 -2768 250.666656 ) (-1024 -2768 272 ) (-1056 -2768 240 ) 
4 211 214 (-1024 -3072 384 ) (-1024 -3072 512 ) (-1536 -3072 512 ) (-1536 -3072 384 ) 
3 211 213 (-1280 -2816 384 ) (-1280 -3072 384 ) (-1365.333252 -3072 384 ) 
4 211 212 (-1280 -2768 384 ) (-1024 -2768 384 ) (-1024 -3072 384 ) (-1280 -3072 384 ) 
4 212 215 (-1024 -3072 128 ) (-1024 -3072 384 ) (-1280 -3072 384 ) (-1280 -3072 128 ) 
4 212 213 (-1280 -3072 384 ) (-1280 -2816 384 ) (-1280 -2816 161.684647 ) (-1280 -3072 128 ) 
4 213 215 (-1280 -3072 384 ) (-1365.333252 -3072 384 ) (-1365.333252 -3072 128 ) (-1280 -3072 128 ) 
4 214 218 (-1024 -3744 384 ) (-1536 -3744 384 ) (-1536 -3584 384 ) (-1024 -3584 384 ) 
4 214 216 (-1536 -3248 384 ) (-1536 -3200 384 ) (-1408 -3200 384 ) (-1408 -3248 384 ) 
4 214 217 (-1536 -3584 384 ) (-1536 -3248 384 ) (-1408 -3248 384 ) (-1408 -3584 384 ) 
5 214 215 (-1365.333374 -3072 384 ) (-1024 -3072 384 ) (-1024 -3584 384 ) (-1408 -3584 384 ) (-1408 -3200 384 ) 
4 215 218 (-1024 -3584 268.362793 ) (-1024 -3584 384 ) (-1408 -3584 384 ) (-1408 -3584 268.363037 ) 
3 215 216 (-1408 -3248 208 ) (-1408 -3248 384 ) (-1408 -3200 384 ) 
4 215 217 (-1408 -3248 48 ) (-1408 -3584 48 ) (-1408 -3584 384 ) (-1408 -3248 384 ) 
4 216 217 (-1408 -3248 208 ) (-1408 -3248 384 ) (-1536 -3248 384 ) (-1536 -3248 208 ) 
4 217 218 (-1408 -3584 268.363037 ) (-1408 -3584 384 ) (-1536 -3584 384 ) (-1536 -3584 268.363098 ) 
