


materialPath: C:\Program Files (x86)\Steam\steamapps\sourcemods\open_fortress\materials
Loading C:\Program Files (x86)\Steam\steamapps\sourcemods\open_fortress\custom\Open Fortress Zombies Dev\maps\dm_nz_junction.vmf
ConVarRef mat_reduceparticles doesn't point to an existing ConVar
Patching WVT material: maps/dm_nz_junction/nature/blendrockgroundwall003_wvt_patch
Patching WVT material: maps/dm_nz_junction/dev/dev_blendmeasure_wvt_patch
fixing up env_cubemap materials on brush sides...
0...1...2...3...4...5...6...7...8...9...100...1...2...3...4...5...6...7...8...9...10Processing areas...done (0)
Building Faces...done (0)
Chop Details...done (0)
Find Visible Detail Sides...
Merged 322 detail faces...done (0)
Merging details...done (0)
FixTjuncs...
PruneNodes...
WriteBSP...
done (0)
writing C:\Program Files (x86)\Steam\steamapps\sourcemods\open_fortress\custom\Open Fortress Zombies Dev\maps\dm_nz_junction.prt...Building visibility clusters...
done (0)
Creating default LDR cubemaps for env_cubemap using skybox materials:
   skybox/sky_hydro_01*.vmt
 ! Run buildcubemaps in the engine to get the correct cube maps.
Creating default HDR cubemaps for env_cubemap using skybox materials:
   skybox/sky_hydro_01*.vmt
 ! Run buildcubemaps in the engine to get the correct cube maps.
Finding displacement neighbors...
Finding lightmap sample positions...
Displacement Alpha : 0...1...2...3...4...5...6...7...8...9...10
Building Physics collision data...
done (0) (1189565 bytes)
Placing detail props : 0...1...2...3...4...5...6...7...8...9...10
Compacting texture/material tables...
Reduced 2745 texinfos to 2339
Reduced 75 texdatas to 69 (1738 bytes to 1518)
Writing C:\Program Files (x86)\Steam\steamapps\sourcemods\open_fortress\custom\Open Fortress Zombies Dev\maps\dm_nz_junction.bsp
Wrote ZIP buffer, estimated size 213748, actual size 212730
8 seconds elapsed



8 threads
reading c:\program files (x86)\steam\steamapps\sourcemods\open_fortress\custom\open fortress zombies dev\maps\dm_nz_junction.bsp
reading c:\program files (x86)\steam\steamapps\sourcemods\open_fortress\custom\open fortress zombies dev\maps\dm_nz_junction.prt
1241 portalclusters
2956 numportals
0...1...2...3...4...5...6...7...8...9...10Optimized: 103106 visible clusters (13.32%)
Total clusters visible: 773783
Average clusters visible: 623
Building PAS...
Average clusters audible: 1159
visdatasize:344899  compressed from 397120
writing c:\program files (x86)\steam\steamapps\sourcemods\open_fortress\custom\open fortress zombies dev\maps\dm_nz_junction.bsp
0 seconds elapsed



[Reading texlights from 'lights.rad']
[63 texlights parsed from 'lights.rad']

Loading c:\program files (x86)\steam\steamapps\sourcemods\open_fortress\custom\open fortress zombies dev\maps\dm_nz_junction.bsp
Error! Invalid VTX file checksum: -1617083263, expected -2120029711 "models/props_gameplay/sign_gameplay01_witharrow_l.dx80.vtx"
Error! Invalid VTX file checksum: 530131913, expected 100854327 "models/props_gameplay/sign_gameplay01_witharrow_r.dx80.vtx"
Error! Invalid VTX file checksum: 738719307, expected -1544444694 "models/props_trainyard/handrailcorner.dx80.vtx"
Error! Invalid VTX file checksum: 1081199124, expected -1128990133 "models/props_trainyard/handrail480.dx80.vtx"
Error! Invalid VTX file checksum: 880039603, expected 1722165670 "models/props_trainyard/handrail608.dx80.vtx"
Error! Invalid VTX file checksum: 2064509877, expected -899213192 "models/props_trainyard/handrail216.dx80.vtx"
Error! Invalid VTX file checksum: -908872184, expected 365063573 "models/props_trainyard/handrail128.dx80.vtx"
Error! Invalid VTX file checksum: -1080028173, expected 537305316 "models/props_vehicles/train_flatcar_leveltop.dx80.vtx"
Error! Invalid VTX file checksum: -655417169, expected 1589085908 "models/props_gameplay/sign_gameplay01.dx80.vtx"
Error! Invalid VTX file checksum: -117244065, expected 1125649248 "models/props_trainyard/ladder002.dx80.vtx"
Error! Invalid VTX file checksum: 2028513159, expected 25165388 "models/props_trainyard/handrail_stairs01.dx80.vtx"
Error! Invalid VTX file checksum: 327521098, expected 635780459 "models/props_gameplay/bottle001.dx80.vtx"
8577 faces
10 degenerate faces
906237 square feet [130498200.00 square inches]
49 Displacements
26862 Square Feet [3868242.00 Square Inches]
8567 patches before subdivision
8567 patches after subdivision
580 direct lights
0...1...2...3...4...5..
WARNING: Too many light styles on a face at (-432.000000, 2104.000000, -127.000000)
.6...7...8...9...100...1...2...3...4...5...6...7...8...9...10transfers 795627, max 477
transfer lists:   6.1 megs
0...1...2...3...4...5...6...7...8...9...10	Bounce #1 added RGB(28281, 22620, 17484)
0...1...2...3...4...5...6...7...8...9...10	Bounce #2 added RGB(6788, 4658, 3121)
0...1...2...3...4...5...6...7...8...9...10	Bounce #3 added RGB(1785, 1079, 632)
0...1...2...3...4...5...6...7...8...9...10	Bounce #4 added RGB(510, 277, 143)
0...1...2...3...4...5...6...7...8...9...10	Bounce #5 added RGB(156, 78, 36)
0...1...2...3...4...5...6...7...8...9...10	Bounce #6 added RGB(51, 23, 10)
0...1...2...3...4...5...6...7...8...9...10	Bounce #7 added RGB(17, 7, 3)
0...1...2...3...4...5...6...7...8...9...10	Bounce #8 added RGB(6, 2, 1)
0...1...2...3...4...5...6...7...8...9...10	Bounce #9 added RGB(2, 1, 0)
0...1...2...3...4...5...6...7...8...9...10	Bounce #10 added RGB(1, 0, 0)
Build Patch/Sample Hash Table(s).....Done<0.0255 sec>
0...1...2...3...4...5...6...7...8...9...10FinalLightFace Done
16 of 111 (14% of) surface lights went in leaf ambient cubes.
0...1...2...3...4...5...6...7...8...9...10Writing leaf ambient...done
Ready to Finish

Object names       Objects/Maxobjs  Memory / Maxmem  Fullness 
------------       ---------------  ---------------  -------- 
models                  49/1024         2352/49152    ( 4.8%) 
brushes               3378/8192        40536/98304    (41.2%) 
brushsides           22329/65536      178632/524288   (34.1%) 
planes                5992/65536      119840/1310720  ( 9.1%) 
vertexes             15916/65536      190992/786432   (24.3%) 
nodes                 3415/65536      109280/2097152  ( 5.2%) 
texinfos              2339/12288      168408/884736   (19.0%) 
texdata                 69/2048         2208/65536    ( 3.4%) 
dispinfos               49/0            8624/0        ( 0.0%) 
disp_verts            1673/0           33460/0        ( 0.0%) 
disp_tris             2336/0            4672/0        ( 0.0%) 
disp_lmsamples       74484/0           74484/0        ( 0.0%) 
faces                 8577/65536      480312/3670016  (13.1%) 
hdr faces                0/65536           0/3670016  ( 0.0%) 
origfaces             6524/65536      365344/3670016  (10.0%) 
leaves                3465/65536      110880/2097152  ( 5.3%) 
leaffaces            11121/65536       22242/131072   (17.0%) 
leafbrushes           6314/65536       12628/131072   ( 9.6%) 
areas                    4/256            32/2048     ( 1.6%) 
surfedges            69824/512000     279296/2048000  (13.6%) 
edges                46599/256000     186396/1024000  (18.2%) 
LDR worldlights        580/8192        51040/720896   ( 7.1%) 
HDR worldlights          0/8192            0/720896   ( 0.0%) 
leafwaterdata            0/32768           0/393216   ( 0.0%) 
waterstrips           1121/32768       11210/327680   ( 3.4%) 
waterverts               0/65536           0/786432   ( 0.0%) 
waterindices         24093/65536       48186/131072   (36.8%) 
cubemapsamples           0/1024            0/16384    ( 0.0%) 
overlays                 0/512             0/180224   ( 0.0%) 
LDR lightdata         [variable]     4946456/0        ( 0.0%) 
HDR lightdata         [variable]           0/0        ( 0.0%) 
visdata               [variable]      344899/16777216 ( 2.1%) 
entdata               [variable]      251448/393216   (63.9%) 
LDR ambient table     3465/65536       13860/262144   ( 5.3%) 
HDR ambient table     3465/65536       13860/262144   ( 5.3%) 
LDR leaf ambient     13367/65536      374276/1835008  (20.4%) 
HDR leaf ambient      3465/65536       97020/1835008  ( 5.3%) 
occluders                0/0               0/0        ( 0.0%) 
occluder polygons        0/0               0/0        ( 0.0%) 
occluder vert ind        0/0               0/0        ( 0.0%) 
detail props          [variable]           1/12       ( 8.3%) 
static props          [variable]           1/129718   ( 0.0%) 
pakfile               [variable]      212730/0        ( 0.0%) 
physics               [variable]     1189565/4194304  (28.4%) 
physics terrain       [variable]       10495/1048576  ( 1.0%) 

Level flags = 0

Total triangle count: 26619
Writing c:\program files (x86)\steam\steamapps\sourcemods\open_fortress\custom\open fortress zombies dev\maps\dm_nz_junction.bsp
1 minute, 36 seconds elapsed



materialPath: C:\Program Files (x86)\Steam\steamapps\sourcemods\open_fortress\materials
Loading C:\Program Files (x86)\Steam\steamapps\sourcemods\open_fortress\custom\Open Fortress Zombies Dev\maps\dm_nz_junction.vmf
ConVarRef mat_reduceparticles doesn't point to an existing ConVar
Wrote ZIP buffer, estimated size 213982, actual size 212830
4 seconds elapsed



8 threads
reading c:\program files (x86)\steam\steamapps\sourcemods\open_fortress\custom\open fortress zombies dev\maps\dm_nz_junction.bsp
reading c:\program files (x86)\steam\steamapps\sourcemods\open_fortress\custom\open fortress zombies dev\maps\dm_nz_junction.prt
LoadPortals: couldn't read c:\program files (x86)\steam\steamapps\sourcemods\open_fortress\custom\open fortress zombies dev\maps\dm_nz_junction.prt



materialPath: C:\Program Files (x86)\Steam\steamapps\sourcemods\open_fortress\materials
Loading C:\Program Files (x86)\Steam\steamapps\sourcemods\open_fortress\custom\Open Fortress Zombies Dev\maps\dm_nz_junction.vmf
ConVarRef mat_reduceparticles doesn't point to an existing ConVar
Patching WVT material: maps/dm_nz_junction/nature/blendrockgroundwall003_wvt_patch
Patching WVT material: maps/dm_nz_junction/dev/dev_blendmeasure_wvt_patch
fixing up env_cubemap materials on brush sides...
0...1...2...3...4...5...6...7...8...9...100...1...2...3...4...5...6...7...8...9...10Processing areas...done (0)
Building Faces...done (0)
Chop Details...done (0)
Find Visible Detail Sides...
Merged 322 detail faces...done (0)
Merging details...done (0)
FixTjuncs...
PruneNodes...
WriteBSP...
done (0)
writing C:\Program Files (x86)\Steam\steamapps\sourcemods\open_fortress\custom\Open Fortress Zombies Dev\maps\dm_nz_junction.prt...Building visibility clusters...
done (0)
Creating default LDR cubemaps for env_cubemap using skybox materials:
   skybox/sky_hydro_01*.vmt
 ! Run buildcubemaps in the engine to get the correct cube maps.
Creating default HDR cubemaps for env_cubemap using skybox materials:
   skybox/sky_hydro_01*.vmt
 ! Run buildcubemaps in the engine to get the correct cube maps.
Finding displacement neighbors...
Finding lightmap sample positions...
Displacement Alpha : 0...1...2...3...4...5...6...7...8...9...10
Building Physics collision data...
done (1) (1189565 bytes)
Placing detail props : 0...1...2...3...4...5...6...7...8...9...10
Compacting texture/material tables...
Reduced 2745 texinfos to 2339
Reduced 75 texdatas to 69 (1738 bytes to 1518)
Writing C:\Program Files (x86)\Steam\steamapps\sourcemods\open_fortress\custom\Open Fortress Zombies Dev\maps\dm_nz_junction.bsp
Wrote ZIP buffer, estimated size 213748, actual size 212730
8 seconds elapsed



8 threads
reading c:\program files (x86)\steam\steamapps\sourcemods\open_fortress\custom\open fortress zombies dev\maps\dm_nz_junction.bsp
reading c:\program files (x86)\steam\steamapps\sourcemods\open_fortress\custom\open fortress zombies dev\maps\dm_nz_junction.prt
1241 portalclusters
2956 numportals
0...1...2...3...4...5...6...7...8...9...10Optimized: 103106 visible clusters (13.32%)
Total clusters visible: 773783
Average clusters visible: 623
Building PAS...
Average clusters audible: 1159
visdatasize:344899  compressed from 397120
writing c:\program files (x86)\steam\steamapps\sourcemods\open_fortress\custom\open fortress zombies dev\maps\dm_nz_junction.bsp
0 seconds elapsed



[Reading texlights from 'lights.rad']
[63 texlights parsed from 'lights.rad']

Loading c:\program files (x86)\steam\steamapps\sourcemods\open_fortress\custom\open fortress zombies dev\maps\dm_nz_junction.bsp
Error! Invalid VTX file checksum: -1617083263, expected -2120029711 "models/props_gameplay/sign_gameplay01_witharrow_l.dx80.vtx"
Error! Invalid VTX file checksum: 530131913, expected 100854327 "models/props_gameplay/sign_gameplay01_witharrow_r.dx80.vtx"
Error! Invalid VTX file checksum: 738719307, expected -1544444694 "models/props_trainyard/handrailcorner.dx80.vtx"
Error! Invalid VTX file checksum: 1081199124, expected -1128990133 "models/props_trainyard/handrail480.dx80.vtx"
Error! Invalid VTX file checksum: 880039603, expected 1722165670 "models/props_trainyard/handrail608.dx80.vtx"
Error! Invalid VTX file checksum: 2064509877, expected -899213192 "models/props_trainyard/handrail216.dx80.vtx"
Error! Invalid VTX file checksum: -908872184, expected 365063573 "models/props_trainyard/handrail128.dx80.vtx"
Error! Invalid VTX file checksum: -1080028173, expected 537305316 "models/props_vehicles/train_flatcar_leveltop.dx80.vtx"
Error! Invalid VTX file checksum: -655417169, expected 1589085908 "models/props_gameplay/sign_gameplay01.dx80.vtx"
Error! Invalid VTX file checksum: -117244065, expected 1125649248 "models/props_trainyard/ladder002.dx80.vtx"
Error! Invalid VTX file checksum: 2028513159, expected 25165388 "models/props_trainyard/handrail_stairs01.dx80.vtx"
Error! Invalid VTX file checksum: 327521098, expected 635780459 "models/props_gameplay/bottle001.dx80.vtx"
8577 faces
10 degenerate faces
906237 square feet [130498200.00 square inches]
49 Displacements
26862 Square Feet [3868242.00 Square Inches]
8567 patches before subdivision
8567 patches after subdivision
580 direct lights
0...1...2...3...4...5..
WARNING: Too many light styles on a face at (-432.000000, 2104.000000, -127.000000)
.6...7...8...9...100...1...2...3...4...5...6...7...8...9...10transfers 795627, max 477
transfer lists:   6.1 megs
0...1...2...3...4...5...6...7...8...9...10	Bounce #1 added RGB(28281, 22620, 17484)
0...1...2...3...4...5...6...7...8...9...10	Bounce #2 added RGB(6788, 4658, 3121)
0...1...2...3...4...5...6...7...8...9...10	Bounce #3 added RGB(1785, 1079, 632)
0...1...2...3...4...5...6...7...8...9...10	Bounce #4 added RGB(510, 277, 143)
0...1...2...3...4...5...6...7...8...9...10	Bounce #5 added RGB(156, 78, 36)
0...1...2...3...4...5...6...7...8...9...10	Bounce #6 added RGB(51, 23, 10)
0...1...2...3...4...5...6...7...8...9...10	Bounce #7 added RGB(17, 7, 3)
0...1...2...3...4...5...6...7...8...9...10	Bounce #8 added RGB(6, 2, 1)
0...1...2...3...4...5...6...7...8...9...10	Bounce #9 added RGB(2, 1, 0)
0...1...2...3...4...5...6...7...8...9...10	Bounce #10 added RGB(1, 0, 0)
Build Patch/Sample Hash Table(s).....Done<0.0306 sec>
0...1...2...3...4...5...6...7...8...9...10FinalLightFace Done
16 of 111 (14% of) surface lights went in leaf ambient cubes.
0...1...2...3...4...5...6...7...8...9...10Writing leaf ambient...done
Ready to Finish

Object names       Objects/Maxobjs  Memory / Maxmem  Fullness 
------------       ---------------  ---------------  -------- 
models                  49/1024         2352/49152    ( 4.8%) 
brushes               3378/8192        40536/98304    (41.2%) 
brushsides           22329/65536      178632/524288   (34.1%) 
planes                5992/65536      119840/1310720  ( 9.1%) 
vertexes             15916/65536      190992/786432   (24.3%) 
nodes                 3415/65536      109280/2097152  ( 5.2%) 
texinfos              2339/12288      168408/884736   (19.0%) 
texdata                 69/2048         2208/65536    ( 3.4%) 
dispinfos               49/0            8624/0        ( 0.0%) 
disp_verts            1673/0           33460/0        ( 0.0%) 
disp_tris             2336/0            4672/0        ( 0.0%) 
disp_lmsamples       74484/0           74484/0        ( 0.0%) 
faces                 8577/65536      480312/3670016  (13.1%) 
hdr faces                0/65536           0/3670016  ( 0.0%) 
origfaces             6524/65536      365344/3670016  (10.0%) 
leaves                3465/65536      110880/2097152  ( 5.3%) 
leaffaces            11121/65536       22242/131072   (17.0%) 
leafbrushes           6314/65536       12628/131072   ( 9.6%) 
areas                    4/256            32/2048     ( 1.6%) 
surfedges            69824/512000     279296/2048000  (13.6%) 
edges                46599/256000     186396/1024000  (18.2%) 
LDR worldlights        580/8192        51040/720896   ( 7.1%) 
HDR worldlights          0/8192            0/720896   ( 0.0%) 
leafwaterdata            0/32768           0/393216   ( 0.0%) 
waterstrips           1121/32768       11210/327680   ( 3.4%) 
waterverts               0/65536           0/786432   ( 0.0%) 
waterindices         24093/65536       48186/131072   (36.8%) 
cubemapsamples           0/1024            0/16384    ( 0.0%) 
overlays                 0/512             0/180224   ( 0.0%) 
LDR lightdata         [variable]     4946456/0        ( 0.0%) 
HDR lightdata         [variable]           0/0        ( 0.0%) 
visdata               [variable]      344899/16777216 ( 2.1%) 
entdata               [variable]      251448/393216   (63.9%) 
LDR ambient table     3465/65536       13860/262144   ( 5.3%) 
HDR ambient table     3465/65536       13860/262144   ( 5.3%) 
LDR leaf ambient     13367/65536      374276/1835008  (20.4%) 
HDR leaf ambient      3465/65536       97020/1835008  ( 5.3%) 
occluders                0/0               0/0        ( 0.0%) 
occluder polygons        0/0               0/0        ( 0.0%) 
occluder vert ind        0/0               0/0        ( 0.0%) 
detail props          [variable]           1/12       ( 8.3%) 
static props          [variable]           1/129718   ( 0.0%) 
pakfile               [variable]      212730/0        ( 0.0%) 
physics               [variable]     1189565/4194304  (28.4%) 
physics terrain       [variable]       10495/1048576  ( 1.0%) 

Level flags = 0

Total triangle count: 26619
Writing c:\program files (x86)\steam\steamapps\sourcemods\open_fortress\custom\open fortress zombies dev\maps\dm_nz_junction.bsp
1 minute, 36 seconds elapsed



materialPath: C:\Program Files (x86)\Steam\steamapps\sourcemods\open_fortress\materials
Loading C:\Program Files (x86)\Steam\steamapps\sourcemods\open_fortress\custom\Open Fortress Zombies Dev\maps\dm_nz_junction.vmf
ConVarRef mat_reduceparticles doesn't point to an existing ConVar
Patching WVT material: maps/dm_nz_junction/nature/blendrockgroundwall003_wvt_patch
Patching WVT material: maps/dm_nz_junction/dev/dev_blendmeasure_wvt_patch
fixing up env_cubemap materials on brush sides...
0...1...2...3...4...5...6...7...8...9...100...1...2...3...4...5...6...7...8...9...10Processing areas...done (0)
Building Faces...done (0)
Chop Details...done (0)
Find Visible Detail Sides...
Merged 322 detail faces...done (0)
Merging details...done (0)
FixTjuncs...
PruneNodes...
WriteBSP...
done (0)
writing C:\Program Files (x86)\Steam\steamapps\sourcemods\open_fortress\custom\Open Fortress Zombies Dev\maps\dm_nz_junction.prt...Building visibility clusters...
done (1)
Creating default LDR cubemaps for env_cubemap using skybox materials:
   skybox/sky_hydro_01*.vmt
 ! Run buildcubemaps in the engine to get the correct cube maps.
Creating default HDR cubemaps for env_cubemap using skybox materials:
   skybox/sky_hydro_01*.vmt
 ! Run buildcubemaps in the engine to get the correct cube maps.
Finding displacement neighbors...
Finding lightmap sample positions...
Displacement Alpha : 0...1...2...3...4...5...6...7...8...9...10
Building Physics collision data...
done (0) (1189565 bytes)
Placing detail props : 0...1...2...3...4...5...6...7...8...9...10
Compacting texture/material tables...
Reduced 2745 texinfos to 2339
Reduced 75 texdatas to 69 (1738 bytes to 1518)
Writing C:\Program Files (x86)\Steam\steamapps\sourcemods\open_fortress\custom\Open Fortress Zombies Dev\maps\dm_nz_junction.bsp
Wrote ZIP buffer, estimated size 213748, actual size 212730
8 seconds elapsed



8 threads
reading c:\program files (x86)\steam\steamapps\sourcemods\open_fortress\custom\open fortress zombies dev\maps\dm_nz_junction.bsp
reading c:\program files (x86)\steam\steamapps\sourcemods\open_fortress\custom\open fortress zombies dev\maps\dm_nz_junction.prt
1241 portalclusters
2956 numportals
0...1...2...3...4...5...6...7...8...9...10Optimized: 103106 visible clusters (13.32%)
Total clusters visible: 773783
Average clusters visible: 623
Building PAS...
Average clusters audible: 1159
visdatasize:344899  compressed from 397120
writing c:\program files (x86)\steam\steamapps\sourcemods\open_fortress\custom\open fortress zombies dev\maps\dm_nz_junction.bsp
0 seconds elapsed



[Reading texlights from 'lights.rad']
[63 texlights parsed from 'lights.rad']

Loading c:\program files (x86)\steam\steamapps\sourcemods\open_fortress\custom\open fortress zombies dev\maps\dm_nz_junction.bsp
Error! Invalid VTX file checksum: -1617083263, expected -2120029711 "models/props_gameplay/sign_gameplay01_witharrow_l.dx80.vtx"
Error! Invalid VTX file checksum: 530131913, expected 100854327 "models/props_gameplay/sign_gameplay01_witharrow_r.dx80.vtx"
Error! Invalid VTX file checksum: 738719307, expected -1544444694 "models/props_trainyard/handrailcorner.dx80.vtx"
Error! Invalid VTX file checksum: 1081199124, expected -1128990133 "models/props_trainyard/handrail480.dx80.vtx"
Error! Invalid VTX file checksum: 880039603, expected 1722165670 "models/props_trainyard/handrail608.dx80.vtx"
Error! Invalid VTX file checksum: 2064509877, expected -899213192 "models/props_trainyard/handrail216.dx80.vtx"
Error! Invalid VTX file checksum: -908872184, expected 365063573 "models/props_trainyard/handrail128.dx80.vtx"
Error! Invalid VTX file checksum: -1080028173, expected 537305316 "models/props_vehicles/train_flatcar_leveltop.dx80.vtx"
Error! Invalid VTX file checksum: -655417169, expected 1589085908 "models/props_gameplay/sign_gameplay01.dx80.vtx"
Error! Invalid VTX file checksum: -117244065, expected 1125649248 "models/props_trainyard/ladder002.dx80.vtx"
Error! Invalid VTX file checksum: 2028513159, expected 25165388 "models/props_trainyard/handrail_stairs01.dx80.vtx"
Error! Invalid VTX file checksum: 327521098, expected 635780459 "models/props_gameplay/bottle001.dx80.vtx"
8577 faces
10 degenerate faces
906237 square feet [130498200.00 square inches]
49 Displacements
26862 Square Feet [3868242.00 Square Inches]
8567 patches before subdivision
8567 patches after subdivision
580 direct lights
0...1...2...3...4...5..
WARNING: Too many light styles on a face at (-432.000000, 2104.000000, -127.000000)
.6...7...8...9...100...1...2...3...4...5...6...7...8...9...10transfers 795627, max 477
transfer lists:   6.1 megs
0...1...2...3...4...5...6...7...8...9...10	Bounce #1 added RGB(28281, 22620, 17484)
0...1...2...3...4...5...6...7...8...9...10	Bounce #2 added RGB(6788, 4658, 3121)
0...1...2...3...4...5...6...7...8...9...10	Bounce #3 added RGB(1785, 1079, 632)
0...1...2...3...4...5...6...7...8...9...10	Bounce #4 added RGB(510, 277, 143)
0...1...2...3...4...5...6...7...8...9...10	Bounce #5 added RGB(156, 78, 36)
0...1...2...3...4...5...6...7...8...9...10	Bounce #6 added RGB(51, 23, 10)
0...1...2...3...4...5...6...7...8...9...10	Bounce #7 added RGB(17, 7, 3)
0...1...2...3...4...5...6...7...8...9...10	Bounce #8 added RGB(6, 2, 1)
0...1...2...3...4...5...6...7...8...9...10	Bounce #9 added RGB(2, 1, 0)
0...1...2...3...4...5...6...7...8...9...10	Bounce #10 added RGB(1, 0, 0)
Build Patch/Sample Hash Table(s).....Done<0.0422 sec>
0...1...2...3...4...5...6...7...8...9...10FinalLightFace Done
16 of 111 (14% of) surface lights went in leaf ambient cubes.
0...1...2...3...4...5...6...7...8...9...10Writing leaf ambient...done
Ready to Finish

Object names       Objects/Maxobjs  Memory / Maxmem  Fullness 
------------       ---------------  ---------------  -------- 
models                  49/1024         2352/49152    ( 4.8%) 
brushes               3378/8192        40536/98304    (41.2%) 
brushsides           22329/65536      178632/524288   (34.1%) 
planes                5992/65536      119840/1310720  ( 9.1%) 
vertexes             15916/65536      190992/786432   (24.3%) 
nodes                 3415/65536      109280/2097152  ( 5.2%) 
texinfos              2339/12288      168408/884736   (19.0%) 
texdata                 69/2048         2208/65536    ( 3.4%) 
dispinfos               49/0            8624/0        ( 0.0%) 
disp_verts            1673/0           33460/0        ( 0.0%) 
disp_tris             2336/0            4672/0        ( 0.0%) 
disp_lmsamples       74484/0           74484/0        ( 0.0%) 
faces                 8577/65536      480312/3670016  (13.1%) 
hdr faces                0/65536           0/3670016  ( 0.0%) 
origfaces             6524/65536      365344/3670016  (10.0%) 
leaves                3465/65536      110880/2097152  ( 5.3%) 
leaffaces            11121/65536       22242/131072   (17.0%) 
leafbrushes           6314/65536       12628/131072   ( 9.6%) 
areas                    4/256            32/2048     ( 1.6%) 
surfedges            69824/512000     279296/2048000  (13.6%) 
edges                46599/256000     186396/1024000  (18.2%) 
LDR worldlights        580/8192        51040/720896   ( 7.1%) 
HDR worldlights          0/8192            0/720896   ( 0.0%) 
leafwaterdata            0/32768           0/393216   ( 0.0%) 
waterstrips           1121/32768       11210/327680   ( 3.4%) 
waterverts               0/65536           0/786432   ( 0.0%) 
waterindices         24093/65536       48186/131072   (36.8%) 
cubemapsamples           0/1024            0/16384    ( 0.0%) 
overlays                 0/512             0/180224   ( 0.0%) 
LDR lightdata         [variable]     4946456/0        ( 0.0%) 
HDR lightdata         [variable]           0/0        ( 0.0%) 
visdata               [variable]      344899/16777216 ( 2.1%) 
entdata               [variable]      251487/393216   (64.0%) 
LDR ambient table     3465/65536       13860/262144   ( 5.3%) 
HDR ambient table     3465/65536       13860/262144   ( 5.3%) 
LDR leaf ambient     13367/65536      374276/1835008  (20.4%) 
HDR leaf ambient      3465/65536       97020/1835008  ( 5.3%) 
occluders                0/0               0/0        ( 0.0%) 
occluder polygons        0/0               0/0        ( 0.0%) 
occluder vert ind        0/0               0/0        ( 0.0%) 
detail props          [variable]           1/12       ( 8.3%) 
static props          [variable]           1/129718   ( 0.0%) 
pakfile               [variable]      212730/0        ( 0.0%) 
physics               [variable]     1189565/4194304  (28.4%) 
physics terrain       [variable]       10495/1048576  ( 1.0%) 

Level flags = 0

Total triangle count: 26619
Writing c:\program files (x86)\steam\steamapps\sourcemods\open_fortress\custom\open fortress zombies dev\maps\dm_nz_junction.bsp
1 minute, 35 seconds elapsed



materialPath: C:\Program Files (x86)\Steam\steamapps\sourcemods\open_fortress\materials
Loading C:\Program Files (x86)\Steam\steamapps\sourcemods\open_fortress\custom\Open Fortress Zombies Dev\maps\dm_nz_junction.vmf
ConVarRef mat_reduceparticles doesn't point to an existing ConVar
Patching WVT material: maps/dm_nz_junction/nature/blendrockgroundwall003_wvt_patch
Patching WVT material: maps/dm_nz_junction/dev/dev_blendmeasure_wvt_patch
fixing up env_cubemap materials on brush sides...
0...1...2...3...4...5...6...7...8...9...100...1...2...3...4...5...6...7...8...9...10Processing areas...done (0)
Building Faces...done (0)
Chop Details...done (0)
Find Visible Detail Sides...
Merged 322 detail faces...done (0)
Merging details...done (0)
FixTjuncs...
PruneNodes...
WriteBSP...
done (0)
writing C:\Program Files (x86)\Steam\steamapps\sourcemods\open_fortress\custom\Open Fortress Zombies Dev\maps\dm_nz_junction.prt...Building visibility clusters...
done (0)
Creating default LDR cubemaps for env_cubemap using skybox materials:
   skybox/sky_hydro_01*.vmt
 ! Run buildcubemaps in the engine to get the correct cube maps.
Creating default HDR cubemaps for env_cubemap using skybox materials:
   skybox/sky_hydro_01*.vmt
 ! Run buildcubemaps in the engine to get the correct cube maps.
Finding displacement neighbors...
Finding lightmap sample positions...
Displacement Alpha : 0...1...2...3...4...5...6...7...8...9...10
Building Physics collision data...
done (0) (1189565 bytes)
Placing detail props : 0...1...2...3...4...5...6...7...8...9...10
Compacting texture/material tables...
Reduced 2745 texinfos to 2339
Reduced 75 texdatas to 69 (1738 bytes to 1518)
Writing C:\Program Files (x86)\Steam\steamapps\sourcemods\open_fortress\custom\Open Fortress Zombies Dev\maps\dm_nz_junction.bsp
Wrote ZIP buffer, estimated size 213748, actual size 212730
8 seconds elapsed



8 threads
reading c:\program files (x86)\steam\steamapps\sourcemods\open_fortress\custom\open fortress zombies dev\maps\dm_nz_junction.bsp
reading c:\program files (x86)\steam\steamapps\sourcemods\open_fortress\custom\open fortress zombies dev\maps\dm_nz_junction.prt
1241 portalclusters
2956 numportals
0...1...2...3...4...5...6...7...8...9...10Optimized: 103106 visible clusters (13.32%)
Total clusters visible: 773783
Average clusters visible: 623
Building PAS...
Average clusters audible: 1159
visdatasize:344899  compressed from 397120
writing c:\program files (x86)\steam\steamapps\sourcemods\open_fortress\custom\open fortress zombies dev\maps\dm_nz_junction.bsp
0 seconds elapsed



[Reading texlights from 'lights.rad']
[63 texlights parsed from 'lights.rad']

Loading c:\program files (x86)\steam\steamapps\sourcemods\open_fortress\custom\open fortress zombies dev\maps\dm_nz_junction.bsp
Error! Invalid VTX file checksum: -1617083263, expected -2120029711 "models/props_gameplay/sign_gameplay01_witharrow_l.dx80.vtx"
Error! Invalid VTX file checksum: 530131913, expected 100854327 "models/props_gameplay/sign_gameplay01_witharrow_r.dx80.vtx"
Error! Invalid VTX file checksum: 738719307, expected -1544444694 "models/props_trainyard/handrailcorner.dx80.vtx"
Error! Invalid VTX file checksum: 1081199124, expected -1128990133 "models/props_trainyard/handrail480.dx80.vtx"
Error! Invalid VTX file checksum: 880039603, expected 1722165670 "models/props_trainyard/handrail608.dx80.vtx"
Error! Invalid VTX file checksum: 2064509877, expected -899213192 "models/props_trainyard/handrail216.dx80.vtx"
Error! Invalid VTX file checksum: -908872184, expected 365063573 "models/props_trainyard/handrail128.dx80.vtx"
Error! Invalid VTX file checksum: -1080028173, expected 537305316 "models/props_vehicles/train_flatcar_leveltop.dx80.vtx"
Error! Invalid VTX file checksum: -655417169, expected 1589085908 "models/props_gameplay/sign_gameplay01.dx80.vtx"
Error! Invalid VTX file checksum: -117244065, expected 1125649248 "models/props_trainyard/ladder002.dx80.vtx"
Error! Invalid VTX file checksum: 2028513159, expected 25165388 "models/props_trainyard/handrail_stairs01.dx80.vtx"
Error! Invalid VTX file checksum: 327521098, expected 635780459 "models/props_gameplay/bottle001.dx80.vtx"
8577 faces
10 degenerate faces
906237 square feet [130498200.00 square inches]
49 Displacements
26862 Square Feet [3868242.00 Square Inches]
8567 patches before subdivision
8567 patches after subdivision
580 direct lights
0...1...2...3...4...5..
WARNING: Too many light styles on a face at (-432.000000, 2104.000000, -127.000000)
.6...7...8...9...100...1...2...3...4...5...6...7...8...9...10transfers 795627, max 477
transfer lists:   6.1 megs
0...1...2...3...4...5...6...7...8...9...10	Bounce #1 added RGB(28281, 22620, 17484)
0...1...2...3...4...5...6...7...8...9...10	Bounce #2 added RGB(6788, 4658, 3121)
0...1...2...3...4...5...6...7...8...9...10	Bounce #3 added RGB(1785, 1079, 632)
0...1...2...3...4...5...6...7...8...9...10	Bounce #4 added RGB(510, 277, 143)
0...1...2...3...4...5...6...7...8...9...10	Bounce #5 added RGB(156, 78, 36)
0...1...2...3...4...5...6...7...8...9...10	Bounce #6 added RGB(51, 23, 10)
0...1...2...3...4...5...6...7...8...9...10	Bounce #7 added RGB(17, 7, 3)
0...1...2...3...4...5...6...7...8...9...10	Bounce #8 added RGB(6, 2, 1)
0...1...2...3...4...5...6...7...8...9...10	Bounce #9 added RGB(2, 1, 0)
0...1...2...3...4...5...6...7...8...9...10	Bounce #10 added RGB(1, 0, 0)
Build Patch/Sample Hash Table(s).....Done<0.0307 sec>
0...1...2...3...4...5...6...7...8...9...10FinalLightFace Done
16 of 111 (14% of) surface lights went in leaf ambient cubes.
0...1...2...3...4...5...6...7...8...9...10Writing leaf ambient...done
Ready to Finish

Object names       Objects/Maxobjs  Memory / Maxmem  Fullness 
------------       ---------------  ---------------  -------- 
models                  49/1024         2352/49152    ( 4.8%) 
brushes               3378/8192        40536/98304    (41.2%) 
brushsides           22329/65536      178632/524288   (34.1%) 
planes                5992/65536      119840/1310720  ( 9.1%) 
vertexes             15916/65536      190992/786432   (24.3%) 
nodes                 3415/65536      109280/2097152  ( 5.2%) 
texinfos              2339/12288      168408/884736   (19.0%) 
texdata                 69/2048         2208/65536    ( 3.4%) 
dispinfos               49/0            8624/0        ( 0.0%) 
disp_verts            1673/0           33460/0        ( 0.0%) 
disp_tris             2336/0            4672/0        ( 0.0%) 
disp_lmsamples       74484/0           74484/0        ( 0.0%) 
faces                 8577/65536      480312/3670016  (13.1%) 
hdr faces                0/65536           0/3670016  ( 0.0%) 
origfaces             6524/65536      365344/3670016  (10.0%) 
leaves                3465/65536      110880/2097152  ( 5.3%) 
leaffaces            11121/65536       22242/131072   (17.0%) 
leafbrushes           6314/65536       12628/131072   ( 9.6%) 
areas                    4/256            32/2048     ( 1.6%) 
surfedges            69824/512000     279296/2048000  (13.6%) 
edges                46599/256000     186396/1024000  (18.2%) 
LDR worldlights        580/8192        51040/720896   ( 7.1%) 
HDR worldlights          0/8192            0/720896   ( 0.0%) 
leafwaterdata            0/32768           0/393216   ( 0.0%) 
waterstrips           1121/32768       11210/327680   ( 3.4%) 
waterverts               0/65536           0/786432   ( 0.0%) 
waterindices         24093/65536       48186/131072   (36.8%) 
cubemapsamples           0/1024            0/16384    ( 0.0%) 
overlays                 0/512             0/180224   ( 0.0%) 
LDR lightdata         [variable]     4946456/0        ( 0.0%) 
HDR lightdata         [variable]           0/0        ( 0.0%) 
visdata               [variable]      344899/16777216 ( 2.1%) 
entdata               [variable]      251487/393216   (64.0%) 
LDR ambient table     3465/65536       13860/262144   ( 5.3%) 
HDR ambient table     3465/65536       13860/262144   ( 5.3%) 
LDR leaf ambient     13367/65536      374276/1835008  (20.4%) 
HDR leaf ambient      3465/65536       97020/1835008  ( 5.3%) 
occluders                0/0               0/0        ( 0.0%) 
occluder polygons        0/0               0/0        ( 0.0%) 
occluder vert ind        0/0               0/0        ( 0.0%) 
detail props          [variable]           1/12       ( 8.3%) 
static props          [variable]           1/129718   ( 0.0%) 
pakfile               [variable]      212730/0        ( 0.0%) 
physics               [variable]     1189565/4194304  (28.4%) 
physics terrain       [variable]       10495/1048576  ( 1.0%) 

Level flags = 0

Total triangle count: 26619
Writing c:\program files (x86)\steam\steamapps\sourcemods\open_fortress\custom\open fortress zombies dev\maps\dm_nz_junction.bsp
1 minute, 37 seconds elapsed



materialPath: C:\Program Files (x86)\Steam\steamapps\sourcemods\open_fortress\materials
Loading C:\Program Files (x86)\Steam\steamapps\sourcemods\open_fortress\custom\Open Fortress Zombies Dev\maps\dm_nz_junction.vmf
ConVarRef mat_reduceparticles doesn't point to an existing ConVar
Patching WVT material: maps/dm_nz_junction/nature/blendrockgroundwall003_wvt_patch
Patching WVT material: maps/dm_nz_junction/dev/dev_blendmeasure_wvt_patch
fixing up env_cubemap materials on brush sides...
0...1...2...3...4...5...6...7...8...9...100...1...2...3...4...5...6...7...8...9...10Processing areas...done (0)
Building Faces...done (0)
Chop Details...done (0)
Find Visible Detail Sides...
Merged 322 detail faces...done (0)
Merging details...done (0)
FixTjuncs...
PruneNodes...
WriteBSP...
done (1)
writing C:\Program Files (x86)\Steam\steamapps\sourcemods\open_fortress\custom\Open Fortress Zombies Dev\maps\dm_nz_junction.prt...Building visibility clusters...
done (0)
Creating default LDR cubemaps for env_cubemap using skybox materials:
   skybox/sky_hydro_01*.vmt
 ! Run buildcubemaps in the engine to get the correct cube maps.
Creating default HDR cubemaps for env_cubemap using skybox materials:
   skybox/sky_hydro_01*.vmt
 ! Run buildcubemaps in the engine to get the correct cube maps.
Finding displacement neighbors...
Finding lightmap sample positions...
Displacement Alpha : 0...1...2...3...4...5...6...7...8...9...10
Building Physics collision data...
done (0) (1189565 bytes)
Placing detail props : 0...1...2...3...4...5...6...7...8...9...10
Compacting texture/material tables...
Reduced 2745 texinfos to 2339
Reduced 75 texdatas to 69 (1738 bytes to 1518)
Writing C:\Program Files (x86)\Steam\steamapps\sourcemods\open_fortress\custom\Open Fortress Zombies Dev\maps\dm_nz_junction.bsp
Wrote ZIP buffer, estimated size 213748, actual size 212730
9 seconds elapsed



8 threads
reading c:\program files (x86)\steam\steamapps\sourcemods\open_fortress\custom\open fortress zombies dev\maps\dm_nz_junction.bsp
reading c:\program files (x86)\steam\steamapps\sourcemods\open_fortress\custom\open fortress zombies dev\maps\dm_nz_junction.prt
1241 portalclusters
2956 numportals
0...1...2...3...4...5...6...7...8...9...10Optimized: 103106 visible clusters (13.32%)
Total clusters visible: 773783
Average clusters visible: 623
Building PAS...
Average clusters audible: 1159
visdatasize:344899  compressed from 397120
writing c:\program files (x86)\steam\steamapps\sourcemods\open_fortress\custom\open fortress zombies dev\maps\dm_nz_junction.bsp
0 seconds elapsed



[Reading texlights from 'lights.rad']
[63 texlights parsed from 'lights.rad']

Loading c:\program files (x86)\steam\steamapps\sourcemods\open_fortress\custom\open fortress zombies dev\maps\dm_nz_junction.bsp
Error! Invalid VTX file checksum: -1617083263, expected -2120029711 "models/props_gameplay/sign_gameplay01_witharrow_l.dx80.vtx"
Error! Invalid VTX file checksum: 530131913, expected 100854327 "models/props_gameplay/sign_gameplay01_witharrow_r.dx80.vtx"
Error! Invalid VTX file checksum: 738719307, expected -1544444694 "models/props_trainyard/handrailcorner.dx80.vtx"
Error! Invalid VTX file checksum: 1081199124, expected -1128990133 "models/props_trainyard/handrail480.dx80.vtx"
Error! Invalid VTX file checksum: 880039603, expected 1722165670 "models/props_trainyard/handrail608.dx80.vtx"
Error! Invalid VTX file checksum: 2064509877, expected -899213192 "models/props_trainyard/handrail216.dx80.vtx"
Error! Invalid VTX file checksum: -908872184, expected 365063573 "models/props_trainyard/handrail128.dx80.vtx"
Error! Invalid VTX file checksum: -1080028173, expected 537305316 "models/props_vehicles/train_flatcar_leveltop.dx80.vtx"
Error! Invalid VTX file checksum: -655417169, expected 1589085908 "models/props_gameplay/sign_gameplay01.dx80.vtx"
Error! Invalid VTX file checksum: -117244065, expected 1125649248 "models/props_trainyard/ladder002.dx80.vtx"
Error! Invalid VTX file checksum: 2028513159, expected 25165388 "models/props_trainyard/handrail_stairs01.dx80.vtx"
Error! Invalid VTX file checksum: 327521098, expected 635780459 "models/props_gameplay/bottle001.dx80.vtx"
8577 faces
10 degenerate faces
906237 square feet [130498200.00 square inches]
49 Displacements
26862 Square Feet [3868242.00 Square Inches]
8567 patches before subdivision
8567 patches after subdivision
580 direct lights
0...1...2...3...4...5..
WARNING: Too many light styles on a face at (-432.000000, 2104.000000, -127.000000)
.6...7...8...9...100...1...2...3...4...5...6...7...8...9...10transfers 795627, max 477
transfer lists:   6.1 megs
0...1...2...3...4...5...6...7...8...9...10	Bounce #1 added RGB(28281, 22620, 17484)
0...1...2...3...4...5...6...7...8...9...10	Bounce #2 added RGB(6788, 4658, 3121)
0...1...2...3...4...5...6...7...8...9...10	Bounce #3 added RGB(1785, 1079, 632)
0...1...2...3...4...5...6...7...8...9...10	Bounce #4 added RGB(510, 277, 143)
0...1...2...3...4...5...6...7...8...9...10	Bounce #5 added RGB(156, 78, 36)
0...1...2...3...4...5...6...7...8...9...10	Bounce #6 added RGB(51, 23, 10)
0...1...2...3...4...5...6...7...8...9...10	Bounce #7 added RGB(17, 7, 3)
0...1...2...3...4...5...6...7...8...9...10	Bounce #8 added RGB(6, 2, 1)
0...1...2...3...4...5...6...7...8...9...10	Bounce #9 added RGB(2, 1, 0)
0...1...2...3...4...5...6...7...8...9...10	Bounce #10 added RGB(1, 0, 0)
Build Patch/Sample Hash Table(s).....Done<0.0272 sec>
0...1...2...3...4...5...6...7...8...9...10FinalLightFace Done
16 of 111 (14% of) surface lights went in leaf ambient cubes.
0...1...2...3...4...5...6...7...8...9...10Writing leaf ambient...done
Ready to Finish

Object names       Objects/Maxobjs  Memory / Maxmem  Fullness 
------------       ---------------  ---------------  -------- 
models                  49/1024         2352/49152    ( 4.8%) 
brushes               3378/8192        40536/98304    (41.2%) 
brushsides           22329/65536      178632/524288   (34.1%) 
planes                5992/65536      119840/1310720  ( 9.1%) 
vertexes             15916/65536      190992/786432   (24.3%) 
nodes                 3415/65536      109280/2097152  ( 5.2%) 
texinfos              2339/12288      168408/884736   (19.0%) 
texdata                 69/2048         2208/65536    ( 3.4%) 
dispinfos               49/0            8624/0        ( 0.0%) 
disp_verts            1673/0           33460/0        ( 0.0%) 
disp_tris             2336/0            4672/0        ( 0.0%) 
disp_lmsamples       74484/0           74484/0        ( 0.0%) 
faces                 8577/65536      480312/3670016  (13.1%) 
hdr faces                0/65536           0/3670016  ( 0.0%) 
origfaces             6524/65536      365344/3670016  (10.0%) 
leaves                3465/65536      110880/2097152  ( 5.3%) 
leaffaces            11121/65536       22242/131072   (17.0%) 
leafbrushes           6314/65536       12628/131072   ( 9.6%) 
areas                    4/256            32/2048     ( 1.6%) 
surfedges            69824/512000     279296/2048000  (13.6%) 
edges                46599/256000     186396/1024000  (18.2%) 
LDR worldlights        580/8192        51040/720896   ( 7.1%) 
HDR worldlights          0/8192            0/720896   ( 0.0%) 
leafwaterdata            0/32768           0/393216   ( 0.0%) 
waterstrips           1121/32768       11210/327680   ( 3.4%) 
waterverts               0/65536           0/786432   ( 0.0%) 
waterindices         24093/65536       48186/131072   (36.8%) 
cubemapsamples           0/1024            0/16384    ( 0.0%) 
overlays                 0/512             0/180224   ( 0.0%) 
LDR lightdata         [variable]     4946456/0        ( 0.0%) 
HDR lightdata         [variable]           0/0        ( 0.0%) 
visdata               [variable]      344899/16777216 ( 2.1%) 
entdata               [variable]      251484/393216   (64.0%) 
LDR ambient table     3465/65536       13860/262144   ( 5.3%) 
HDR ambient table     3465/65536       13860/262144   ( 5.3%) 
LDR leaf ambient     13367/65536      374276/1835008  (20.4%) 
HDR leaf ambient      3465/65536       97020/1835008  ( 5.3%) 
occluders                0/0               0/0        ( 0.0%) 
occluder polygons        0/0               0/0        ( 0.0%) 
occluder vert ind        0/0               0/0        ( 0.0%) 
detail props          [variable]           1/12       ( 8.3%) 
static props          [variable]           1/129718   ( 0.0%) 
pakfile               [variable]      212730/0        ( 0.0%) 
physics               [variable]     1189565/4194304  (28.4%) 
physics terrain       [variable]       10495/1048576  ( 1.0%) 

Level flags = 0

Total triangle count: 26619
Writing c:\program files (x86)\steam\steamapps\sourcemods\open_fortress\custom\open fortress zombies dev\maps\dm_nz_junction.bsp
1 minute, 39 seconds elapsed



materialPath: C:\Program Files (x86)\Steam\steamapps\sourcemods\open_fortress\materials
Loading C:\Program Files (x86)\Steam\steamapps\sourcemods\open_fortress\custom\Open Fortress Zombies Dev\maps\dm_nz_junction.vmf
ConVarRef mat_reduceparticles doesn't point to an existing ConVar
Patching WVT material: maps/dm_nz_junction/nature/blendrockgroundwall003_wvt_patch
Patching WVT material: maps/dm_nz_junction/dev/dev_blendmeasure_wvt_patch
fixing up env_cubemap materials on brush sides...
0...1...2...3...4...5...6...7...8...9...100...1...2...3...4...5...6...7...8...9...10Processing areas...done (0)
Building Faces...done (0)
Chop Details...done (0)
Find Visible Detail Sides...
Merged 322 detail faces...done (0)
Merging details...done (0)
FixTjuncs...
PruneNodes...
WriteBSP...
done (1)
writing C:\Program Files (x86)\Steam\steamapps\sourcemods\open_fortress\custom\Open Fortress Zombies Dev\maps\dm_nz_junction.prt...Building visibility clusters...
done (0)
Creating default LDR cubemaps for env_cubemap using skybox materials:
   skybox/sky_hydro_01*.vmt
 ! Run buildcubemaps in the engine to get the correct cube maps.
Creating default HDR cubemaps for env_cubemap using skybox materials:
   skybox/sky_hydro_01*.vmt
 ! Run buildcubemaps in the engine to get the correct cube maps.
Finding displacement neighbors...
Finding lightmap sample positions...
Displacement Alpha : 0...1...2...3...4...5...6...7...8...9...10
Building Physics collision data...
done (1) (1197827 bytes)
Placing detail props : 0...1...2...3...4...5...6...7...8...9...10
Compacting texture/material tables...
Reduced 2782 texinfos to 2344
Reduced 75 texdatas to 68 (1738 bytes to 1500)
Writing C:\Program Files (x86)\Steam\steamapps\sourcemods\open_fortress\custom\Open Fortress Zombies Dev\maps\dm_nz_junction.bsp
Wrote ZIP buffer, estimated size 213748, actual size 212730
11 seconds elapsed



8 threads
reading c:\program files (x86)\steam\steamapps\sourcemods\open_fortress\custom\open fortress zombies dev\maps\dm_nz_junction.bsp
reading c:\program files (x86)\steam\steamapps\sourcemods\open_fortress\custom\open fortress zombies dev\maps\dm_nz_junction.prt
1242 portalclusters
2963 numportals
0...1...2...3...4...5...6...7...8...9...10Optimized: 103352 visible clusters (13.32%)
Total clusters visible: 776096
Average clusters visible: 624
Building PAS...
Average clusters audible: 1160
visdatasize:346036  compressed from 397440
writing c:\program files (x86)\steam\steamapps\sourcemods\open_fortress\custom\open fortress zombies dev\maps\dm_nz_junction.bsp
0 seconds elapsed



[Reading texlights from 'lights.rad']
[63 texlights parsed from 'lights.rad']

Loading c:\program files (x86)\steam\steamapps\sourcemods\open_fortress\custom\open fortress zombies dev\maps\dm_nz_junction.bsp
Error! Invalid VTX file checksum: -1617083263, expected -2120029711 "models/props_gameplay/sign_gameplay01_witharrow_l.dx80.vtx"
Error! Invalid VTX file checksum: 530131913, expected 100854327 "models/props_gameplay/sign_gameplay01_witharrow_r.dx80.vtx"
Error! Invalid VTX file checksum: 738719307, expected -1544444694 "models/props_trainyard/handrailcorner.dx80.vtx"
Error! Invalid VTX file checksum: 1081199124, expected -1128990133 "models/props_trainyard/handrail480.dx80.vtx"
Error! Invalid VTX file checksum: 880039603, expected 1722165670 "models/props_trainyard/handrail608.dx80.vtx"
Error! Invalid VTX file checksum: 2064509877, expected -899213192 "models/props_trainyard/handrail216.dx80.vtx"
Error! Invalid VTX file checksum: -908872184, expected 365063573 "models/props_trainyard/handrail128.dx80.vtx"
Error! Invalid VTX file checksum: -1080028173, expected 537305316 "models/props_vehicles/train_flatcar_leveltop.dx80.vtx"
Error! Invalid VTX file checksum: -655417169, expected 1589085908 "models/props_gameplay/sign_gameplay01.dx80.vtx"
Error! Invalid VTX file checksum: -117244065, expected 1125649248 "models/props_trainyard/ladder002.dx80.vtx"
Error! Invalid VTX file checksum: 2028513159, expected 25165388 "models/props_trainyard/handrail_stairs01.dx80.vtx"
Error! Invalid VTX file checksum: 327521098, expected 635780459 "models/props_gameplay/bottle001.dx80.vtx"
Error! Unable to load file "models/props_gameplay/security_fence_section128.dx80.vtx"
Error! Unable to load file "models/props_gameplay/security_fence_section64.dx80.vtx"
8584 faces
10 degenerate faces
907050 square feet [130615264.00 square inches]
49 Displacements
26862 Square Feet [3868242.00 Square Inches]
8574 patches before subdivision
8574 patches after subdivision
565 direct lights
0...1...2...3...4...5..
WARNING: Too many light styles on a face at (-432.000000, 2104.000000, -127.000000)
.6...7...8...9...100...1...2...3...4...5...6...7...8...9...10transfers 801201, max 480
transfer lists:   6.1 megs
0...1...2...3...4...5...6...7...8...9...10	Bounce #1 added RGB(27446, 21829, 16822)
0...1...2...3...4...5...6...7...8...9...10	Bounce #2 added RGB(6519, 4429, 2950)
0...1...2...3...4...5...6...7...8...9...10	Bounce #3 added RGB(1674, 992, 573)
0...1...2...3...4...5...6...7...8...9...10	Bounce #4 added RGB(469, 248, 126)
0...1...2...3...4...5...6...7...8...9...10	Bounce #5 added RGB(141, 68, 30)
0...1...2...3...4...5...6...7...8...9...10	Bounce #6 added RGB(45, 20, 8)
0...1...2...3...4...5...6...7...8...9...10	Bounce #7 added RGB(16, 6, 2)
0...1...2...3...4...5...6...7...8...9...10	Bounce #8 added RGB(6, 2, 1)
0...1...2...3...4...5...6...7...8...9...10	Bounce #9 added RGB(2, 1, 0)
0...1...2...3...4...5...6...7...8...9...10	Bounce #10 added RGB(1, 0, 0)
Build Patch/Sample Hash Table(s).....Done<0.0296 sec>
0...1...2...3...4...5...6...7...8...9...10FinalLightFace Done
16 of 111 (14% of) surface lights went in leaf ambient cubes.
0...1...2...3...4...5...6...7...8...9...10Writing leaf ambient...done
Ready to Finish

Object names       Objects/Maxobjs  Memory / Maxmem  Fullness 
------------       ---------------  ---------------  -------- 
models                  54/1024         2592/49152    ( 5.3%) 
brushes               3396/8192        40752/98304    (41.5%) 
brushsides           22442/65536      179536/524288   (34.2%) 
planes                6030/65536      120600/1310720  ( 9.2%) 
vertexes             15936/65536      191232/786432   (24.3%) 
nodes                 3442/65536      110144/2097152  ( 5.3%) 
texinfos              2344/12288      168768/884736   (19.1%) 
texdata                 68/2048         2176/65536    ( 3.3%) 
dispinfos               49/0            8624/0        ( 0.0%) 
disp_verts            1673/0           33460/0        ( 0.0%) 
disp_tris             2336/0            4672/0        ( 0.0%) 
disp_lmsamples       74484/0           74484/0        ( 0.0%) 
faces                 8584/65536      480704/3670016  (13.1%) 
hdr faces                0/65536           0/3670016  ( 0.0%) 
origfaces             6538/65536      366128/3670016  (10.0%) 
leaves                3497/65536      111904/2097152  ( 5.3%) 
leaffaces            11130/65536       22260/131072   (17.0%) 
leafbrushes           6346/65536       12692/131072   ( 9.7%) 
areas                    4/256            32/2048     ( 1.6%) 
surfedges            69924/512000     279696/2048000  (13.7%) 
edges                46669/256000     186676/1024000  (18.2%) 
LDR worldlights        565/8192        49720/720896   ( 6.9%) 
HDR worldlights          0/8192            0/720896   ( 0.0%) 
leafwaterdata            0/32768           0/393216   ( 0.0%) 
waterstrips           1118/32768       11180/327680   ( 3.4%) 
waterverts               0/65536           0/786432   ( 0.0%) 
waterindices         24018/65536       48036/131072   (36.6%) 
cubemapsamples           0/1024            0/16384    ( 0.0%) 
overlays                 0/512             0/180224   ( 0.0%) 
LDR lightdata         [variable]     4922444/0        ( 0.0%) 
HDR lightdata         [variable]           0/0        ( 0.0%) 
visdata               [variable]      346036/16777216 ( 2.1%) 
entdata               [variable]      254515/393216   (64.7%) 
LDR ambient table     3497/65536       13988/262144   ( 5.3%) 
HDR ambient table     3497/65536       13988/262144   ( 5.3%) 
LDR leaf ambient     13692/65536      383376/1835008  (20.9%) 
HDR leaf ambient      3497/65536       97916/1835008  ( 5.3%) 
occluders                0/0               0/0        ( 0.0%) 
occluder polygons        0/0               0/0        ( 0.0%) 
occluder vert ind        0/0               0/0        ( 0.0%) 
detail props          [variable]           1/12       ( 8.3%) 
static props          [variable]           1/127540   ( 0.0%) 
pakfile               [variable]      212730/0        ( 0.0%) 
physics               [variable]     1197827/4194304  (28.6%) 
physics terrain       [variable]       10495/1048576  ( 1.0%) 

Level flags = 0

Total triangle count: 26649
Writing c:\program files (x86)\steam\steamapps\sourcemods\open_fortress\custom\open fortress zombies dev\maps\dm_nz_junction.bsp
1 minute, 40 seconds elapsed



materialPath: C:\Program Files (x86)\Steam\steamapps\sourcemods\open_fortress\materials
Loading C:\Program Files (x86)\Steam\steamapps\sourcemods\open_fortress\custom\Open Fortress Zombies Dev\maps\dm_nz_junction.vmf
ConVarRef mat_reduceparticles doesn't point to an existing ConVar
Patching WVT material: maps/dm_nz_junction/nature/blendrockgroundwall003_wvt_patch
Patching WVT material: maps/dm_nz_junction/dev/dev_blendmeasure_wvt_patch
fixing up env_cubemap materials on brush sides...
0...1...2...3...4...5...6...7...8...9...100...1...2...3...4...5...6...7...8...9...10Processing areas...done (0)
Building Faces...done (0)
Chop Details...done (0)
Find Visible Detail Sides...
Merged 322 detail faces...done (0)
Merging details...done (0)
FixTjuncs...
PruneNodes...
WriteBSP...
done (1)
writing C:\Program Files (x86)\Steam\steamapps\sourcemods\open_fortress\custom\Open Fortress Zombies Dev\maps\dm_nz_junction.prt...Building visibility clusters...
done (0)
Creating default LDR cubemaps for env_cubemap using skybox materials:
   skybox/sky_hydro_01*.vmt
 ! Run buildcubemaps in the engine to get the correct cube maps.
Creating default HDR cubemaps for env_cubemap using skybox materials:
   skybox/sky_hydro_01*.vmt
 ! Run buildcubemaps in the engine to get the correct cube maps.
Finding displacement neighbors...
Finding lightmap sample positions...
Displacement Alpha : 0...1...2...3...4...5...6...7...8...9...10
Building Physics collision data...
done (1) (1203698 bytes)
Placing detail props : 0...1...2...3...4...5...6...7...8...9...10
Compacting texture/material tables...
Reduced 2840 texinfos to 2353
Reduced 75 texdatas to 68 (1738 bytes to 1500)
Writing C:\Program Files (x86)\Steam\steamapps\sourcemods\open_fortress\custom\Open Fortress Zombies Dev\maps\dm_nz_junction.bsp
Wrote ZIP buffer, estimated size 213748, actual size 212730
9 seconds elapsed



8 threads
reading c:\program files (x86)\steam\steamapps\sourcemods\open_fortress\custom\open fortress zombies dev\maps\dm_nz_junction.bsp
reading c:\program files (x86)\steam\steamapps\sourcemods\open_fortress\custom\open fortress zombies dev\maps\dm_nz_junction.prt
1239 portalclusters
2956 numportals
0...1...2...3...4...5...6...7...8...9...10Optimized: 102847 visible clusters (13.31%)
Total clusters visible: 772944
Average clusters visible: 623
Building PAS...
Average clusters audible: 1157
visdatasize:341904  compressed from 396480
writing c:\program files (x86)\steam\steamapps\sourcemods\open_fortress\custom\open fortress zombies dev\maps\dm_nz_junction.bsp
0 seconds elapsed



[Reading texlights from 'lights.rad']
[63 texlights parsed from 'lights.rad']

Loading c:\program files (x86)\steam\steamapps\sourcemods\open_fortress\custom\open fortress zombies dev\maps\dm_nz_junction.bsp
Error! Invalid VTX file checksum: -1617083263, expected -2120029711 "models/props_gameplay/sign_gameplay01_witharrow_l.dx80.vtx"
Error! Invalid VTX file checksum: 530131913, expected 100854327 "models/props_gameplay/sign_gameplay01_witharrow_r.dx80.vtx"
Error! Invalid VTX file checksum: 738719307, expected -1544444694 "models/props_trainyard/handrailcorner.dx80.vtx"
Error! Invalid VTX file checksum: 1081199124, expected -1128990133 "models/props_trainyard/handrail480.dx80.vtx"
Error! Invalid VTX file checksum: 880039603, expected 1722165670 "models/props_trainyard/handrail608.dx80.vtx"
Error! Invalid VTX file checksum: 2064509877, expected -899213192 "models/props_trainyard/handrail216.dx80.vtx"
Error! Invalid VTX file checksum: -908872184, expected 365063573 "models/props_trainyard/handrail128.dx80.vtx"
Error! Invalid VTX file checksum: -1080028173, expected 537305316 "models/props_vehicles/train_flatcar_leveltop.dx80.vtx"
Error! Invalid VTX file checksum: -655417169, expected 1589085908 "models/props_gameplay/sign_gameplay01.dx80.vtx"
Error! Invalid VTX file checksum: -117244065, expected 1125649248 "models/props_trainyard/ladder002.dx80.vtx"
Error! Invalid VTX file checksum: 2028513159, expected 25165388 "models/props_trainyard/handrail_stairs01.dx80.vtx"
Error! Invalid VTX file checksum: 327521098, expected 635780459 "models/props_gameplay/bottle001.dx80.vtx"
Error! Unable to load file "models/props_gameplay/security_fence_section128.dx80.vtx"
Error! Unable to load file "models/props_gameplay/security_fence_section64.dx80.vtx"
8601 faces
10 degenerate faces
914369 square feet [131669152.00 square inches]
49 Displacements
26862 Square Feet [3868242.00 Square Inches]
8591 patches before subdivision
8591 patches after subdivision
565 direct lights
0...1...2...3...4...5..
WARNING: Too many light styles on a face at (-432.000000, 2104.000000, -127.000000)
.6...7...8...9...100...1...2...3...4...5...6...7...8...9...10transfers 798743, max 482
transfer lists:   6.1 megs
0...1...2...3...4...5...6...7...8...9...10	Bounce #1 added RGB(27438, 21821, 16811)
0...1...2...3...4...5...6...7...8...9...10	Bounce #2 added RGB(6517, 4427, 2948)
0...1...2...3...4...5...6...7...8...9...10	Bounce #3 added RGB(1673, 991, 573)
0...1...2...3...4...5...6...7...8...9...10	Bounce #4 added RGB(469, 248, 126)
0...1...2...3...4...5...6...7...8...9...10	Bounce #5 added RGB(141, 68, 30)
0...1...2...3...4...5...6...7...8...9...10	Bounce #6 added RGB(45, 20, 8)
0...1...2...3...4...5...6...7...8...9...10	Bounce #7 added RGB(16, 6, 2)
0...1...2...3...4...5...6...7...8...9...10	Bounce #8 added RGB(6, 2, 1)
0...1...2...3...4...5...6...7...8...9...10	Bounce #9 added RGB(2, 1, 0)
0...1...2...3...4...5...6...7...8...9...10	Bounce #10 added RGB(1, 0, 0)
Build Patch/Sample Hash Table(s).....Done<0.0257 sec>
0...1...2...3...4...5...6...7...8...9...10FinalLightFace Done
16 of 111 (14% of) surface lights went in leaf ambient cubes.
0...1...2...3...4...5...6...7...8...9...10Writing leaf ambient...done
Ready to Finish

Object names       Objects/Maxobjs  Memory / Maxmem  Fullness 
------------       ---------------  ---------------  -------- 
models                  65/1024         3120/49152    ( 6.3%) 
brushes               3406/8192        40872/98304    (41.6%) 
brushsides           22502/65536      180016/524288   (34.3%) 
planes                6074/65536      121480/1310720  ( 9.3%) 
vertexes             15969/65536      191628/786432   (24.4%) 
nodes                 3506/65536      112192/2097152  ( 5.3%) 
texinfos              2353/12288      169416/884736   (19.1%) 
texdata                 68/2048         2176/65536    ( 3.3%) 
dispinfos               49/0            8624/0        ( 0.0%) 
disp_verts            1673/0           33460/0        ( 0.0%) 
disp_tris             2336/0            4672/0        ( 0.0%) 
disp_lmsamples       74484/0           74484/0        ( 0.0%) 
faces                 8601/65536      481656/3670016  (13.1%) 
hdr faces                0/65536           0/3670016  ( 0.0%) 
origfaces             6559/65536      367304/3670016  (10.0%) 
leaves                3572/65536      114304/2097152  ( 5.5%) 
leaffaces            11141/65536       22282/131072   (17.0%) 
leafbrushes           6352/65536       12704/131072   ( 9.7%) 
areas                    4/256            32/2048     ( 1.6%) 
surfedges            70052/512000     280208/2048000  (13.7%) 
edges                46721/256000     186884/1024000  (18.3%) 
LDR worldlights        565/8192        49720/720896   ( 6.9%) 
HDR worldlights          0/8192            0/720896   ( 0.0%) 
leafwaterdata            0/32768           0/393216   ( 0.0%) 
waterstrips           1114/32768       11140/327680   ( 3.4%) 
waterverts               0/65536           0/786432   ( 0.0%) 
waterindices         23886/65536       47772/131072   (36.4%) 
cubemapsamples           0/1024            0/16384    ( 0.0%) 
overlays                 0/512             0/180224   ( 0.0%) 
LDR lightdata         [variable]     4912320/0        ( 0.0%) 
HDR lightdata         [variable]           0/0        ( 0.0%) 
visdata               [variable]      341904/16777216 ( 2.0%) 
entdata               [variable]      268563/393216   (68.3%) 
LDR ambient table     3572/65536       14288/262144   ( 5.5%) 
HDR ambient table     3572/65536       14288/262144   ( 5.5%) 
LDR leaf ambient     14297/65536      400316/1835008  (21.8%) 
HDR leaf ambient      3572/65536      100016/1835008  ( 5.5%) 
occluders                0/0               0/0        ( 0.0%) 
occluder polygons        0/0               0/0        ( 0.0%) 
occluder vert ind        0/0               0/0        ( 0.0%) 
detail props          [variable]           1/12       ( 8.3%) 
static props          [variable]           1/128432   ( 0.0%) 
pakfile               [variable]      212730/0        ( 0.0%) 
physics               [variable]     1203698/4194304  (28.7%) 
physics terrain       [variable]       10495/1048576  ( 1.0%) 

Level flags = 0

Total triangle count: 26659
Writing c:\program files (x86)\steam\steamapps\sourcemods\open_fortress\custom\open fortress zombies dev\maps\dm_nz_junction.bsp
1 minute, 38 seconds elapsed



materialPath: C:\Program Files (x86)\Steam\steamapps\sourcemods\open_fortress\materials
Loading C:\Program Files (x86)\Steam\steamapps\sourcemods\open_fortress\custom\Open Fortress Zombies Dev\maps\dm_nz_junction.vmf
ConVarRef mat_reduceparticles doesn't point to an existing ConVar
Patching WVT material: maps/dm_nz_junction/nature/blendrockgroundwall003_wvt_patch
Patching WVT material: maps/dm_nz_junction/dev/dev_blendmeasure_wvt_patch
fixing up env_cubemap materials on brush sides...
0...1...2...3...4...5...6...7...8...9...100...1...2...3...4...5...6...7...8...9...10Processing areas...done (0)
Building Faces...done (0)
Chop Details...done (0)
Find Visible Detail Sides...
Merged 322 detail faces...done (0)
Merging details...done (0)
FixTjuncs...
PruneNodes...
WriteBSP...
done (0)
writing C:\Program Files (x86)\Steam\steamapps\sourcemods\open_fortress\custom\Open Fortress Zombies Dev\maps\dm_nz_junction.prt...Building visibility clusters...
done (0)
Creating default LDR cubemaps for env_cubemap using skybox materials:
   skybox/sky_hydro_01*.vmt
 ! Run buildcubemaps in the engine to get the correct cube maps.
Creating default HDR cubemaps for env_cubemap using skybox materials:
   skybox/sky_hydro_01*.vmt
 ! Run buildcubemaps in the engine to get the correct cube maps.
Finding displacement neighbors...
Finding lightmap sample positions...
Displacement Alpha : 0...1...2...3...4...5...6...7...8...9...10
Building Physics collision data...
done (0) (1203698 bytes)
Placing detail props : 0...1...2...3...4...5...6...7...8...9...10
Compacting texture/material tables...
Reduced 2840 texinfos to 2353
Reduced 75 texdatas to 68 (1738 bytes to 1500)
Writing C:\Program Files (x86)\Steam\steamapps\sourcemods\open_fortress\custom\Open Fortress Zombies Dev\maps\dm_nz_junction.bsp
Wrote ZIP buffer, estimated size 213748, actual size 212730
10 seconds elapsed



8 threads
reading c:\program files (x86)\steam\steamapps\sourcemods\open_fortress\custom\open fortress zombies dev\maps\dm_nz_junction.bsp
reading c:\program files (x86)\steam\steamapps\sourcemods\open_fortress\custom\open fortress zombies dev\maps\dm_nz_junction.prt
1239 portalclusters
2956 numportals
0...1...2...3...4...5...6...7...8...9...100...1...2...3...4...5...6...7...8...9...10Optimized: 2211 visible clusters (1.13%)
Total clusters visible: 195184
Average clusters visible: 157
Building PAS...
Average clusters audible: 650
visdatasize:240582  compressed from 396480
writing c:\program files (x86)\steam\steamapps\sourcemods\open_fortress\custom\open fortress zombies dev\maps\dm_nz_junction.bsp
9 seconds elapsed



[Reading texlights from 'lights.rad']
[63 texlights parsed from 'lights.rad']

Loading c:\program files (x86)\steam\steamapps\sourcemods\open_fortress\custom\open fortress zombies dev\maps\dm_nz_junction.bsp
Error! Invalid VTX file checksum: -1617083263, expected -2120029711 "models/props_gameplay/sign_gameplay01_witharrow_l.dx80.vtx"
Error! Invalid VTX file checksum: 530131913, expected 100854327 "models/props_gameplay/sign_gameplay01_witharrow_r.dx80.vtx"
Error! Invalid VTX file checksum: 738719307, expected -1544444694 "models/props_trainyard/handrailcorner.dx80.vtx"
Error! Invalid VTX file checksum: 1081199124, expected -1128990133 "models/props_trainyard/handrail480.dx80.vtx"
Error! Invalid VTX file checksum: 880039603, expected 1722165670 "models/props_trainyard/handrail608.dx80.vtx"
Error! Invalid VTX file checksum: 2064509877, expected -899213192 "models/props_trainyard/handrail216.dx80.vtx"
Error! Invalid VTX file checksum: -908872184, expected 365063573 "models/props_trainyard/handrail128.dx80.vtx"
Error! Invalid VTX file checksum: -1080028173, expected 537305316 "models/props_vehicles/train_flatcar_leveltop.dx80.vtx"
Error! Invalid VTX file checksum: -655417169, expected 1589085908 "models/props_gameplay/sign_gameplay01.dx80.vtx"
Error! Invalid VTX file checksum: -117244065, expected 1125649248 "models/props_trainyard/ladder002.dx80.vtx"
Error! Invalid VTX file checksum: 2028513159, expected 25165388 "models/props_trainyard/handrail_stairs01.dx80.vtx"
Error! Invalid VTX file checksum: 327521098, expected 635780459 "models/props_gameplay/bottle001.dx80.vtx"
Error! Unable to load file "models/props_gameplay/security_fence_section128.dx80.vtx"
Error! Unable to load file "models/props_gameplay/security_fence_section64.dx80.vtx"
8601 faces
10 degenerate faces
914369 square feet [131669152.00 square inches]
49 Displacements
26862 Square Feet [3868242.00 Square Inches]
8591 patches before subdivision
101391 patches after subdivision
1000 direct lights
0...1...2...3...4...5...6...7...8...9...100...1...2...3...4...5...6...7...8...9...10transfers 8998696, max 577
transfer lists:  68.7 megs
0...1...2...3...4...5...6...7...8...9...10	Bounce #1 added RGB(186042, 145765, 113263)
0...1...2...3...4...5...6...7...8...9...10	Bounce #2 added RGB(52059, 34899, 23460)
0...1...2...3...4...5...6...7...8...9...10	Bounce #3 added RGB(15017, 8815, 5135)
0...1...2...3...4...5...6...7...8...9...10	Bounce #4 added RGB(4773, 2511, 1282)
0...1...2...3...4...5...6...7...8...9...10	Bounce #5 added RGB(1607, 770, 348)
0...1...2...3...4...5...6...7...8...9...10	Bounce #6 added RGB(577, 255, 102)
0...1...2...3...4...5...6...7...8...9...10	Bounce #7 added RGB(219, 90, 32)
0...1...2...3...4...5...6...7...8...9...10	Bounce #8 added RGB(88, 33, 11)
0...1...2...3...4...5...6...7...8...9...10	Bounce #9 added RGB(37, 13, 4)
0...1...2...3...4...5...6...7...8...9...10	Bounce #10 added RGB(16, 5, 1)
0...1...2...3...4...5...6...7...8...9...10	Bounce #11 added RGB(7, 2, 1)
0...1...2...3...4...5...6...7...8...9...10	Bounce #12 added RGB(3, 1, 0)
0...1...2...3...4...5...6...7...8...9...10	Bounce #13 added RGB(2, 0, 0)
0...1...2...3...4...5...6...7...8...9...10	Bounce #14 added RGB(1, 0, 0)
Build Patch/Sample Hash Table(s).....Done<0.0266 sec>
0...1...2...3...4...5...6...7...8...9...10FinalLightFace Done
512 of 546 (93% of) surface lights went in leaf ambient cubes.
0...1...2...3...4...5...6...7...8...9...10Writing leaf ambient...done
Ready to Finish

Object names       Objects/Maxobjs  Memory / Maxmem  Fullness 
------------       ---------------  ---------------  -------- 
models                  65/1024         3120/49152    ( 6.3%) 
brushes               3406/8192        40872/98304    (41.6%) 
brushsides           22502/65536      180016/524288   (34.3%) 
planes                6074/65536      121480/1310720  ( 9.3%) 
vertexes             15969/65536      191628/786432   (24.4%) 
nodes                 3506/65536      112192/2097152  ( 5.3%) 
texinfos              2353/12288      169416/884736   (19.1%) 
texdata                 68/2048         2176/65536    ( 3.3%) 
dispinfos               49/0            8624/0        ( 0.0%) 
disp_verts            1673/0           33460/0        ( 0.0%) 
disp_tris             2336/0            4672/0        ( 0.0%) 
disp_lmsamples       74484/0           74484/0        ( 0.0%) 
faces                 8601/65536      481656/3670016  (13.1%) 
hdr faces                0/65536           0/3670016  ( 0.0%) 
origfaces             6559/65536      367304/3670016  (10.0%) 
leaves                3572/65536      114304/2097152  ( 5.5%) 
leaffaces            11141/65536       22282/131072   (17.0%) 
leafbrushes           6352/65536       12704/131072   ( 9.7%) 
areas                    4/256            32/2048     ( 1.6%) 
surfedges            70052/512000     280208/2048000  (13.7%) 
edges                46721/256000     186884/1024000  (18.3%) 
LDR worldlights       1000/8192        88000/720896   (12.2%) 
HDR worldlights          0/8192            0/720896   ( 0.0%) 
leafwaterdata            0/32768           0/393216   ( 0.0%) 
waterstrips           1114/32768       11140/327680   ( 3.4%) 
waterverts               0/65536           0/786432   ( 0.0%) 
waterindices         23886/65536       47772/131072   (36.4%) 
cubemapsamples           0/1024            0/16384    ( 0.0%) 
overlays                 0/512             0/180224   ( 0.0%) 
LDR lightdata         [variable]     4783920/0        ( 0.0%) 
HDR lightdata         [variable]           0/0        ( 0.0%) 
visdata               [variable]      240582/16777216 ( 1.4%) 
entdata               [variable]      268563/393216   (68.3%) 
LDR ambient table     3572/65536       14288/262144   ( 5.5%) 
HDR ambient table     3572/65536       14288/262144   ( 5.5%) 
LDR leaf ambient     14464/65536      404992/1835008  (22.1%) 
HDR leaf ambient      3572/65536      100016/1835008  ( 5.5%) 
occluders                0/0               0/0        ( 0.0%) 
occluder polygons        0/0               0/0        ( 0.0%) 
occluder vert ind        0/0               0/0        ( 0.0%) 
detail props          [variable]           1/12       ( 8.3%) 
static props          [variable]           1/128432   ( 0.0%) 
pakfile               [variable]      212730/0        ( 0.0%) 
physics               [variable]     1203698/4194304  (28.7%) 
physics terrain       [variable]       10495/1048576  ( 1.0%) 

Level flags = 0

Total triangle count: 26659
Writing c:\program files (x86)\steam\steamapps\sourcemods\open_fortress\custom\open fortress zombies dev\maps\dm_nz_junction.bsp
1 minute, 18 seconds elapsed



[Reading texlights from 'lights.rad']
[63 texlights parsed from 'lights.rad']

Loading c:\program files (x86)\steam\steamapps\sourcemods\open_fortress\custom\open fortress zombies dev\maps\dm_nz_junction.bsp
Error! Invalid VTX file checksum: -1617083263, expected -2120029711 "models/props_gameplay/sign_gameplay01_witharrow_l.dx80.vtx"
Error! Invalid VTX file checksum: 530131913, expected 100854327 "models/props_gameplay/sign_gameplay01_witharrow_r.dx80.vtx"
Error! Invalid VTX file checksum: 738719307, expected -1544444694 "models/props_trainyard/handrailcorner.dx80.vtx"
Error! Invalid VTX file checksum: 1081199124, expected -1128990133 "models/props_trainyard/handrail480.dx80.vtx"
Error! Invalid VTX file checksum: 880039603, expected 1722165670 "models/props_trainyard/handrail608.dx80.vtx"
Error! Invalid VTX file checksum: 2064509877, expected -899213192 "models/props_trainyard/handrail216.dx80.vtx"
Error! Invalid VTX file checksum: -908872184, expected 365063573 "models/props_trainyard/handrail128.dx80.vtx"
Error! Invalid VTX file checksum: -1080028173, expected 537305316 "models/props_vehicles/train_flatcar_leveltop.dx80.vtx"
Error! Invalid VTX file checksum: -655417169, expected 1589085908 "models/props_gameplay/sign_gameplay01.dx80.vtx"
Error! Invalid VTX file checksum: -117244065, expected 1125649248 "models/props_trainyard/ladder002.dx80.vtx"
Error! Invalid VTX file checksum: 2028513159, expected 25165388 "models/props_trainyard/handrail_stairs01.dx80.vtx"
Error! Invalid VTX file checksum: 327521098, expected 635780459 "models/props_gameplay/bottle001.dx80.vtx"
Error! Unable to load file "models/props_gameplay/security_fence_section128.dx80.vtx"
Error! Unable to load file "models/props_gameplay/security_fence_section64.dx80.vtx"
8601 faces
10 degenerate faces
914369 square feet [131669152.00 square inches]
49 Displacements
26862 Square Feet [3868242.00 Square Inches]
8591 patches before subdivision
101391 patches after subdivision
1000 direct lights
0...1...2...3...4...5...6...7...8...9...100...1...2...3...4...5...6...7...8...9...10transfers 8998696, max 577
transfer lists:  68.7 megs
0...1...2...3...4...5...6...7...8...9...10	Bounce #1 added RGB(186042, 145765, 113263)
0...1...2...3...4...5...6...7...8...9...10	Bounce #2 added RGB(52059, 34899, 23460)
0...1...2...3...4...5...6...7...8...9...10	Bounce #3 added RGB(15017, 8815, 5135)
0...1...2...3...4...5...6...7...8...9...10	Bounce #4 added RGB(4773, 2511, 1282)
0...1...2...3...4...5...6...7...8...9...10	Bounce #5 added RGB(1607, 770, 348)
0...1...2...3...4...5...6...7...8...9...10	Bounce #6 added RGB(577, 255, 102)
0...1...2...3...4...5...6...7...8...9...10	Bounce #7 added RGB(219, 90, 32)
0...1...2...3...4...5...6...7...8...9...10	Bounce #8 added RGB(88, 33, 11)
0...1...2...3...4...5...6...7...8...9...10	Bounce #9 added RGB(37, 13, 4)
0...1...2...3...4...5...6...7...8...9...10	Bounce #10 added RGB(16, 5, 1)
0...1...2...3...4...5...6...7...8...9...10	Bounce #11 added RGB(7, 2, 1)
0...1...2...3...4...5...6...7...8...9...10	Bounce #12 added RGB(3, 1, 0)
0...1...2...3...4...5...6...7...8...9...10	Bounce #13 added RGB(2, 0, 0)
0...1...2...3...4...5...6...7...8...9...10	Bounce #14 added RGB(1, 0, 0)
Build Patch/Sample Hash Table(s).....Done<0.0328 sec>
0...1...2...3...4...5...6...7...8...9...10FinalLightFace Done
512 of 546 (93% of) surface lights went in leaf ambient cubes.
0...1...2...3...4...5...6...7...8...9...10Writing leaf ambient...done
Ready to Finish

Object names       Objects/Maxobjs  Memory / Maxmem  Fullness 
------------       ---------------  ---------------  -------- 
models                  65/1024         3120/49152    ( 6.3%) 
brushes               3406/8192        40872/98304    (41.6%) 
brushsides           22502/65536      180016/524288   (34.3%) 
planes                6074/65536      121480/1310720  ( 9.3%) 
vertexes             15969/65536      191628/786432   (24.4%) 
nodes                 3506/65536      112192/2097152  ( 5.3%) 
texinfos              2353/12288      169416/884736   (19.1%) 
texdata                 68/2048         2176/65536    ( 3.3%) 
dispinfos               49/0            8624/0        ( 0.0%) 
disp_verts            1673/0           33460/0        ( 0.0%) 
disp_tris             2336/0            4672/0        ( 0.0%) 
disp_lmsamples       74484/0           74484/0        ( 0.0%) 
faces                 8601/65536      481656/3670016  (13.1%) 
hdr faces             8601/65536      481656/3670016  (13.1%) 
origfaces             6559/65536      367304/3670016  (10.0%) 
leaves                3572/65536      114304/2097152  ( 5.5%) 
leaffaces            11141/65536       22282/131072   (17.0%) 
leafbrushes           6352/65536       12704/131072   ( 9.7%) 
areas                    4/256            32/2048     ( 1.6%) 
surfedges            70052/512000     280208/2048000  (13.7%) 
edges                46721/256000     186884/1024000  (18.3%) 
LDR worldlights       1000/8192        88000/720896   (12.2%) 
HDR worldlights       1000/8192        88000/720896   (12.2%) 
leafwaterdata            0/32768           0/393216   ( 0.0%) 
waterstrips           1114/32768       11140/327680   ( 3.4%) 
waterverts               0/65536           0/786432   ( 0.0%) 
waterindices         23886/65536       47772/131072   (36.4%) 
cubemapsamples           0/1024            0/16384    ( 0.0%) 
overlays                 0/512             0/180224   ( 0.0%) 
LDR lightdata         [variable]     4783920/0        ( 0.0%) 
HDR lightdata         [variable]     4783920/0        ( 0.0%) 
visdata               [variable]      240582/16777216 ( 1.4%) 
entdata               [variable]      268563/393216   (68.3%) 
LDR ambient table     3572/65536       14288/262144   ( 5.5%) 
HDR ambient table     3572/65536       14288/262144   ( 5.5%) 
LDR leaf ambient     14464/65536      404992/1835008  (22.1%) 
HDR leaf ambient     14464/65536      404992/1835008  (22.1%) 
occluders                0/0               0/0        ( 0.0%) 
occluder polygons        0/0               0/0        ( 0.0%) 
occluder vert ind        0/0               0/0        ( 0.0%) 
detail props          [variable]           1/12       ( 8.3%) 
static props          [variable]           1/128432   ( 0.0%) 
pakfile               [variable]      212730/0        ( 0.0%) 
physics               [variable]     1203698/4194304  (28.7%) 
physics terrain       [variable]       10495/1048576  ( 1.0%) 

Level flags = 0

Total triangle count: 26659
Writing c:\program files (x86)\steam\steamapps\sourcemods\open_fortress\custom\open fortress zombies dev\maps\dm_nz_junction.bsp
1 minute, 18 seconds elapsed
