PRT1
503
1257
4 0 91 (2048 1024 198 ) (2048 1024 1198 ) (2048 1044 1198 ) (2048 1044 198 ) 
4 0 89 (2048 1044 1198 ) (2048 1226 1198 ) (2048 1226 198 ) (2048 1044 198 ) 
4 0 87 (2048 1226 1198 ) (2048 1234 1198 ) (2048 1234 198 ) (2048 1226 198 ) 
4 0 11 (2048 1024 1198 ) (2048 1024 198 ) (2192 1024 198 ) (2192 1024 1198 ) 
4 0 6 (2192 1024 198 ) (2200 1024 198 ) (2200 1024 1198 ) (2192 1024 1198 ) 
4 0 1 (2048 1024 198 ) (2048 1226 198 ) (2192 1226 198 ) (2192 1024 198 ) 
4 1 91 (2048 1024 -8 ) (2048 1024 198 ) (2048 1044 198 ) (2048 1044 -8 ) 
4 1 89 (2048 1044 198 ) (2048 1226 198 ) (2048 1226 -8 ) (2048 1044 -8 ) 
4 1 11 (2048 1024 198 ) (2048 1024 -8 ) (2192 1024 -8 ) (2192 1024 198 ) 
4 2 10 (2200 520 -8 ) (2200 432 -8 ) (2200 432 114 ) (2200 520 114 ) 
4 2 3 (2200 406 -16 ) (2436 406 -16 ) (2436 406 148 ) (2200 406 148 ) 
4 3 4 (2200 66 -16 ) (2436 66 -16 ) (2436 66 148 ) (2200 66 148 ) 
4 4 5 (2200 60 -16 ) (2436 60 -16 ) (2436 60 148 ) (2200 60 148 ) 
4 5 47 (2436 0 -16 ) (2436 0 148 ) (2200 0 148 ) (2200 0 -16 ) 
4 6 11 (2192 794 198 ) (2192 794 1198 ) (2192 1024 1198 ) (2192 1024 198 ) 
4 6 7 (2192 794 1198 ) (2192 794 490 ) (2200 794 490 ) (2200 794 1198 ) 
4 7 12 (2192 786 490 ) (2192 786 1198 ) (2192 794 1198 ) (2192 794 490 ) 
4 7 8 (2192 786 1198 ) (2192 786 490 ) (2200 786 490 ) (2200 786 1198 ) 
4 8 13 (2192 232 1198 ) (2192 786 1198 ) (2192 786 490 ) (2192 232 490 ) 
4 8 9 (2192 232 490 ) (2200 232 490 ) (2200 232 1198 ) (2192 232 1198 ) 
4 9 49 (2200 0 490 ) (2200 0 1198 ) (2192 0 1198 ) (2192 0 490 ) 
4 9 14 (2192 0 490 ) (2192 0 1198 ) (2192 232 1198 ) (2192 232 490 ) 
4 10 39 (2192 510 -8 ) (2192 432 -8 ) (2192 432 114 ) (2192 510 114 ) 
4 10 23 (2192 520 -8 ) (2192 510 -8 ) (2192 510 114 ) (2192 520 114 ) 
4 11 119 (2048 1024 490 ) (2048 1024 -8 ) (2048 794 -8 ) (2048 794 490 ) 
4 11 115 (2048 1024 532 ) (2048 1024 490 ) (2048 794 490 ) (2048 794 532 ) 
4 11 114 (2048 1024 1198 ) (2048 1024 532 ) (2048 794 532 ) (2048 794 1198 ) 
4 11 12 (2192 794 490 ) (2192 794 1198 ) (2048 794 1198 ) (2048 794 490 ) 
4 12 115 (2048 786 490 ) (2048 786 532 ) (2048 794 532 ) (2048 794 490 ) 
4 12 114 (2048 786 532 ) (2048 786 1198 ) (2048 794 1198 ) (2048 794 532 ) 
4 12 13 (2192 786 490 ) (2192 786 1198 ) (2048 786 1198 ) (2048 786 490 ) 
4 13 120 (2048 232 1198 ) (2048 786 1198 ) (2048 786 490 ) (2048 232 490 ) 
4 13 14 (2192 232 490 ) (2192 232 1198 ) (2048 232 1198 ) (2048 232 490 ) 
4 14 124 (2048 0 490 ) (2048 0 1198 ) (2048 232 1198 ) (2048 232 490 ) 
4 14 56 (2048 0 1198 ) (2048 0 490 ) (2192 0 490 ) (2192 0 1198 ) 
4 15 128 (2048 510 482 ) (2048 786 482 ) (2048 786 378 ) (2048 510 378 ) 
4 15 24 (2192 510 378 ) (2192 510 482 ) (2048 510 482 ) (2048 510 378 ) 
4 15 16 (2192 510 378 ) (2048 510 378 ) (2048 786 378 ) (2192 786 378 ) 
4 16 129 (2048 786 378 ) (2048 786 192 ) (2048 510 192 ) (2048 510 378 ) 
4 16 31 (2190 510 248 ) (2098 510 248 ) (2098 510 208 ) (2190 510 208 ) 
4 16 30 (2192 510 208 ) (2192 510 248 ) (2190 510 248 ) (2190 510 208 ) 
4 16 32 (2098 510 248 ) (2048 510 248 ) (2048 510 208 ) (2098 510 208 ) 
4 16 27 (2192 510 248 ) (2192 510 378 ) (2048 510 378 ) (2048 510 248 ) 
4 16 19 (2190 684 192 ) (2190 576 192 ) (2098 576 192 ) (2098 684 192 ) 
4 16 18 (2098 786 192 ) (2190 786 192 ) (2190 684 192 ) (2098 684 192 ) 
4 16 17 (2190 786 192 ) (2192 786 192 ) (2192 576 192 ) (2190 576 192 ) 
4 16 22 (2048 576 192 ) (2048 786 192 ) (2098 786 192 ) (2098 576 192 ) 
4 16 23 (2192 510 192 ) (2048 510 192 ) (2048 576 192 ) (2192 576 192 ) 
4 17 20 (2190 576 132 ) (2190 576 136 ) (2190 684 136 ) (2190 684 132 ) 
4 17 19 (2190 576 136 ) (2190 576 192 ) (2190 684 192 ) (2190 684 136 ) 
4 17 21 (2190 576 -8 ) (2190 576 132 ) (2190 684 132 ) (2190 684 -8 ) 
4 17 18 (2190 684 192 ) (2190 786 192 ) (2190 786 -8 ) (2190 684 -8 ) 
4 17 23 (2190 576 -8 ) (2192 576 -8 ) (2192 576 192 ) (2190 576 192 ) 
4 18 20 (2098 684 136 ) (2098 684 132 ) (2190 684 132 ) (2190 684 136 ) 
4 18 19 (2098 684 192 ) (2098 684 136 ) (2190 684 136 ) (2190 684 192 ) 
4 18 21 (2098 684 132 ) (2098 684 -8 ) (2190 684 -8 ) (2190 684 132 ) 
4 18 22 (2098 684 192 ) (2098 786 192 ) (2098 786 -8 ) (2098 684 -8 ) 
4 19 23 (2190 576 136 ) (2190 576 192 ) (2098 576 192 ) (2098 576 136 ) 
4 19 22 (2098 576 136 ) (2098 576 192 ) (2098 684 192 ) (2098 684 136 ) 
4 19 20 (2098 576 136 ) (2098 684 136 ) (2190 684 136 ) (2190 576 136 ) 
4 20 21 (2098 576 132 ) (2098 684 132 ) (2190 684 132 ) (2190 576 132 ) 
4 20 23 (2190 576 132 ) (2190 576 136 ) (2098 576 136 ) (2098 576 132 ) 
4 20 22 (2098 576 132 ) (2098 576 136 ) (2098 684 136 ) (2098 684 132 ) 
4 21 22 (2098 576 -8 ) (2098 576 132 ) (2098 684 132 ) (2098 684 -8 ) 
4 21 23 (2098 576 -8 ) (2190 576 -8 ) (2190 576 132 ) (2098 576 132 ) 
4 22 130 (2048 786 192 ) (2048 786 -8 ) (2048 576 -8 ) (2048 576 192 ) 
4 22 23 (2048 576 -8 ) (2098 576 -8 ) (2098 576 192 ) (2048 576 192 ) 
4 23 130 (2048 576 -8 ) (2048 510 -8 ) (2048 510 192 ) (2048 576 192 ) 
4 23 39 (2048 510 -8 ) (2192 510 -8 ) (2192 510 192 ) (2048 510 192 ) 
4 24 131 (2048 315.909119 482 ) (2048 510 482 ) (2048 510 378 ) (2048 315.909119 378 ) 
4 24 27 (2048 510 378 ) (2192 510 378 ) (2192 248 378 ) (2048 315.909119 378 ) 
4 24 25 (2048 315.909058 378 ) (2192 248 378 ) (2192 248 482 ) (2048 315.909058 482 ) 
4 25 132 (2048 232 482 ) (2048 315.909119 482 ) (2048 315.909119 378 ) (2048 232 378 ) 
4 25 28 (2192 248 378 ) (2192 232 378 ) (2048 232 378 ) (2048 315.909119 378 ) 
4 25 26 (2048 232 378 ) (2192 232 378 ) (2192 232 482 ) (2048 232 482 ) 
4 26 135 (2048 0 378 ) (2048 0 482 ) (2048 232 482 ) (2048 232 378 ) 
4 26 61 (2048 0 482 ) (2048 0 378 ) (2192 0 378 ) (2192 0 482 ) 
4 26 29 (2192 232 378 ) (2192 0 378 ) (2048 0 378 ) (2048 232 378 ) 
4 27 133 (2048 315.909119 378 ) (2048 510 378 ) (2048 510 248 ) (2048 315.909119 248 ) 
4 27 34 (2048 315.909119 248 ) (2048 508 248 ) (2190 508 248 ) (2190 248.943237 248 ) 
4 27 33 (2190 508 248 ) (2192 508 248 ) (2192 248 248 ) (2190 248.943237 248 ) 
4 27 31 (2098 510 248 ) (2190 510 248 ) (2190 508 248 ) (2098 508 248 ) 
4 27 30 (2190 510 248 ) (2192 510 248 ) (2192 508 248 ) (2190 508 248 ) 
4 27 32 (2048 508 248 ) (2048 510 248 ) (2098 510 248 ) (2098 508 248 ) 
4 27 28 (2048 315.909058 248 ) (2192 248 248 ) (2192 248 378 ) (2048 315.909119 378 ) 
4 28 134 (2048 232 378 ) (2048 315.909119 378 ) (2048 315.909119 248 ) (2048 232 248 ) 
4 28 36 (2048 232 248 ) (2048 315.909119 248 ) (2190 248.943237 248 ) (2190 232 248 ) 
4 28 35 (2190 248.943237 248 ) (2192 248 248 ) (2192 232 248 ) (2190 232 248 ) 
4 28 29 (2048 232 248 ) (2192 232 248 ) (2192 232 378 ) (2048 232 378 ) 
4 29 136 (2048 0 248 ) (2048 0 378 ) (2048 232 378 ) (2048 232 248 ) 
4 29 62 (2048 0 378 ) (2048 0 248 ) (2192 0 248 ) (2192 0 378 ) 
4 29 38 (2048 0 248 ) (2048 232 248 ) (2190 232 248 ) (2190 0 248 ) 
4 29 37 (2190 232 248 ) (2192 232 248 ) (2192 0 248 ) (2190 0 248 ) 
4 30 33 (2190 508 208 ) (2192 508 208 ) (2192 508 248 ) (2190 508 248 ) 
4 30 31 (2190 510 208 ) (2190 508 208 ) (2190 508 248 ) (2190 510 248 ) 
4 31 34 (2098 508 208 ) (2190 508 208 ) (2190 508 248 ) (2098 508 248 ) 
4 31 32 (2098 510 208 ) (2098 508 208 ) (2098 508 248 ) (2098 510 248 ) 
4 32 137 (2048 508 248 ) (2048 510 248 ) (2048 510 208 ) (2048 508 208 ) 
4 32 34 (2048 508 208 ) (2098 508 208 ) (2098 508 248 ) (2048 508 248 ) 
4 33 35 (2190 248.943176 208 ) (2192 248 208 ) (2192 248 248 ) (2190 248.943176 248 ) 
4 33 34 (2190 508 248 ) (2190 508 208 ) (2190 248.941406 208 ) (2190 248.941406 248 ) 
4 34 139 (2048 315.909119 248 ) (2048 414 248 ) (2048 414 208 ) (2048 315.909119 208 ) 
4 34 138 (2048 414 248 ) (2048 508 248 ) (2048 508 208 ) (2048 414 208 ) 
4 34 36 (2048 315.909058 208 ) (2190 248.943176 208 ) (2190 248.943176 248 ) (2048 315.909058 248 ) 
4 35 37 (2190 232 208 ) (2192 232 208 ) (2192 232 248 ) (2190 232 248 ) 
4 35 36 (2190 248.941406 248 ) (2190 248.941406 208 ) (2190 232 208 ) (2190 232 248 ) 
4 36 140 (2048 232 248 ) (2048 315.909119 248 ) (2048 315.909119 208 ) (2048 232 208 ) 
4 36 38 (2048 232 208 ) (2190 232 208 ) (2190 232 248 ) (2048 232 248 ) 
4 37 64 (2190 0 208 ) (2192 0 208 ) (2192 0 248 ) (2190 0 248 ) 
4 37 38 (2190 232 248 ) (2190 232 208 ) (2190 0 208 ) (2190 0 248 ) 
4 38 143 (2048 0 208 ) (2048 0 248 ) (2048 232 248 ) (2048 232 208 ) 
4 38 65 (2089 0 208 ) (2190 0 208 ) (2190 0 248 ) (2089 0 248 ) 
4 38 67 (2048 0 248 ) (2048 0 208 ) (2089 0 208 ) (2089 0 248 ) 
4 39 145 (2048 510 192 ) (2048 510 -8 ) (2048 315.909119 -8 ) (2048 315.909119 192 ) 
4 39 40 (2192 248 -8 ) (2192 248 192 ) (2048 315.908203 192 ) (2048 315.908203 -8 ) 
4 40 146 (2048 315.909119 -8 ) (2048 232 -8 ) (2048 232 192 ) (2048 315.909119 192 ) 
4 40 41 (2048 232 -8 ) (2192 232 -8 ) (2192 232 192 ) (2048 232 192 ) 
4 41 147 (2048 0 -8 ) (2048 0 192 ) (2048 232 192 ) (2048 232 -8 ) 
4 41 68 (2048 0 192 ) (2048 0 -8 ) (2192 0 -8 ) (2192 0 192 ) 
4 42 45 (4096 -1024 -704 ) (4096 -1024 -320 ) (4096 -800 -320 ) (4096 -800 -704 ) 
4 42 43 (4512 -1024 -704 ) (4512 -1024 -320 ) (4096 -1024 -320 ) (4096 -1024 -704 ) 
4 43 81 (4096 -1056 -320 ) (4096 -1024 -320 ) (4096 -1024 -704 ) (4096 -1056 -704 ) 
4 44 82 (4096 -1696 -320 ) (4096 -1440 -320 ) (4096 -1440 -704 ) (4096 -1696 -704 ) 
4 45 81 (4096 -1024 -704 ) (4096 -1024 -320 ) (3072 -1024 -320 ) (3072 -1024 -704 ) 
4 45 46 (3072 -1024 -704 ) (3072 -1024 -320 ) (3072 -800 -320 ) (3072 -800 -704 ) 
4 46 83 (3072 -1024 -704 ) (3072 -1024 -320 ) (2976 -1024 -320 ) (2976 -1024 -704 ) 
4 47 48 (2200 -162 -16 ) (2436 -162 -16 ) (2436 -162 148 ) (2200 -162 148 ) 
4 48 50 (2200 -182 -8 ) (2200 -272 -8 ) (2200 -272 114 ) (2200 -182 114 ) 
4 49 56 (2192 0 1198 ) (2192 0 490 ) (2192 -272 490 ) (2192 -272 1198 ) 
4 49 51 (2200 -272 1198 ) (2192 -272 1198 ) (2192 -272 490 ) (2200 -272 490 ) 
4 50 75 (2192 -182 -8 ) (2192 -272 -8 ) (2192 -272 114 ) (2192 -182 114 ) 
4 51 56 (2192 -458 1198 ) (2192 -272 1198 ) (2192 -272 490 ) (2192 -458 490 ) 
4 51 52 (2192 -458 490 ) (2200 -458 490 ) (2200 -458 1198 ) (2192 -458 1198 ) 
4 52 57 (2192 -618 1198 ) (2192 -458 1198 ) (2192 -458 490 ) (2192 -618 490 ) 
4 52 54 (2192 -618 490 ) (2200 -618 490 ) (2200 -618 532 ) (2192 -618 532 ) 
4 52 53 (2200 -618 532 ) (2200 -618 1198 ) (2192 -618 1198 ) (2192 -618 532 ) 
4 53 58 (2192 -620 1198 ) (2192 -618 1198 ) (2192 -618 532 ) (2192 -620 532 ) 
4 53 55 (2200 -620 532 ) (2200 -620 1198 ) (2192 -620 1198 ) (2192 -620 532 ) 
4 53 54 (2200 -620 532 ) (2192 -620 532 ) (2192 -618 532 ) (2200 -618 532 ) 
4 54 59 (2192 -618 532 ) (2192 -618 490 ) (2192 -620 490 ) (2192 -620 532 ) 
4 54 55 (2192 -620 490 ) (2200 -620 490 ) (2200 -620 532 ) (2192 -620 532 ) 
4 55 78 (2200 -624 490 ) (2200 -624 1198 ) (2192 -624 1198 ) (2192 -624 490 ) 
4 55 60 (2192 -624 490 ) (2192 -624 1198 ) (2192 -620 1198 ) (2192 -620 490 ) 
4 56 302 (2048 0 532 ) (2048 0 490 ) (2048 -458 490 ) (2048 -458 532 ) 
4 56 300 (2048 0 1198 ) (2048 0 532 ) (2048 -458 532 ) (2048 -458 1198 ) 
4 56 57 (2048 -458 490 ) (2192 -458 490 ) (2192 -458 1198 ) (2048 -458 1198 ) 
4 57 303 (2048 -458 490 ) (2048 -618 490 ) (2048 -618 532 ) (2048 -458 532 ) 
4 57 301 (2048 -618 532 ) (2048 -618 1198 ) (2048 -458 1198 ) (2048 -458 532 ) 
4 57 59 (2048 -618 490 ) (2192 -618 490 ) (2192 -618 532 ) (2048 -618 532 ) 
4 57 58 (2192 -618 532 ) (2192 -618 1198 ) (2048 -618 1198 ) (2048 -618 532 ) 
4 58 301 (2048 -620 532 ) (2048 -620 1198 ) (2048 -618 1198 ) (2048 -618 532 ) 
4 58 60 (2192 -620 532 ) (2192 -620 1198 ) (2048 -620 1198 ) (2048 -620 532 ) 
4 58 59 (2192 -620 532 ) (2048 -620 532 ) (2048 -618 532 ) (2192 -618 532 ) 
4 59 304 (2048 -618 490 ) (2048 -620 490 ) (2048 -620 532 ) (2048 -618 532 ) 
4 59 60 (2048 -620 490 ) (2192 -620 490 ) (2192 -620 532 ) (2048 -620 532 ) 
4 60 310 (2048 -620 490 ) (2048 -624 490 ) (2048 -624 532 ) (2048 -620 532 ) 
4 60 301 (2048 -624 532 ) (2048 -624 1198 ) (2048 -620 1198 ) (2048 -620 532 ) 
4 60 78 (2192 -624 490 ) (2192 -624 1198 ) (2048 -624 1198 ) (2048 -624 490 ) 
4 61 315 (2048 0 482 ) (2048 0 378 ) (2048 -114 378 ) (2048 -114 482 ) 
4 61 70 (2192 -114 378 ) (2192 -114 482 ) (2048 -114 482 ) (2048 -114 378 ) 
4 61 62 (2192 -114 378 ) (2048 -114 378 ) (2048 0 378 ) (2192 0 378 ) 
4 62 316 (2048 0 378 ) (2048 0 248 ) (2048 -114 248 ) (2048 -114 378 ) 
4 62 73 (2192 -114 248 ) (2192 -114 378 ) (2048 -114 378 ) (2048 -114 248 ) 
4 62 66 (2190 -114 248 ) (2089 -114 248 ) (2089 -112 248 ) (2190 -112 248 ) 
4 62 65 (2089 -112 248 ) (2089 0 248 ) (2190 0 248 ) (2190 -112 248 ) 
4 62 67 (2089 -114 248 ) (2048 -114 248 ) (2048 0 248 ) (2089 0 248 ) 
4 62 64 (2192 -114 248 ) (2190 -112 248 ) (2190 0 248 ) (2192 0 248 ) 
3 62 63 (2192 -114 248 ) (2190 -114 248 ) (2190 -112 248 ) 
4 63 73 (2192 -114 208 ) (2192 -114 248 ) (2190 -114 248 ) (2190 -114 208 ) 
4 63 66 (2190 -112 208 ) (2190 -114 208 ) (2190 -114 248 ) (2190 -112 248 ) 
4 63 64 (2192 -114 208 ) (2190 -112 208 ) (2190 -112 248 ) (2192 -114 248 ) 
4 64 65 (2190 0 208 ) (2190 -112 208 ) (2190 -112 248 ) (2190 0 248 ) 
4 65 67 (2089 0 208 ) (2089 -112 208 ) (2089 -112 248 ) (2089 0 248 ) 
4 65 66 (2089 -112 248 ) (2089 -112 208 ) (2190 -112 208 ) (2190 -112 248 ) 
4 66 73 (2190 -114 248 ) (2089 -114 248 ) (2089 -114 208 ) (2190 -114 208 ) 
4 66 67 (2089 -112 208 ) (2089 -114 208 ) (2089 -114 248 ) (2089 -112 248 ) 
4 67 319 (2048 -112 208 ) (2048 -114 208 ) (2048 -114 248 ) (2048 -112 248 ) 
4 67 317 (2048 0 248 ) (2048 0 208 ) (2048 -112 208 ) (2048 -112 248 ) 
4 67 73 (2089 -114 248 ) (2048 -114 248 ) (2048 -114 208 ) (2089 -114 208 ) 
4 68 322 (2048 0 192 ) (2048 0 -8 ) (2048 -114 -8 ) (2048 -114 192 ) 
4 68 75 (2048 -114 -8 ) (2192 -114 -8 ) (2192 -114 192 ) (2048 -114 192 ) 
4 69 323 (2048 -458 482 ) (2048 -369.992279 482 ) (2048 -369.992798 378 ) (2048 -458 378 ) 
4 69 72 (2192 -299.373505 378 ) (2192 -458 378 ) (2048 -458 378 ) (2048 -369.992798 378 ) 
4 69 71 (2048 -458 378 ) (2192 -458 378 ) (2192 -458 482 ) (2048 -458 482 ) 
4 69 70 (2192 -299.372589 378 ) (2048 -369.992157 378 ) (2048 -369.991730 482 ) (2192 -299.372131 482 ) 
4 70 324 (2048 -369.992279 482 ) (2048 -114 482 ) (2048 -114 378 ) (2048 -369.992798 378 ) 
4 70 73 (2048 -114 378 ) (2192 -114 378 ) (2192 -299.373505 378 ) (2048 -369.992798 378 ) 
4 71 325 (2048 -624 378 ) (2048 -624 482 ) (2048 -458 482 ) (2048 -458 378 ) 
4 71 76 (2192 -458 378 ) (2192 -624 378 ) (2048 -624 378 ) (2048 -458 378 ) 
4 72 327 (2048 -458 192 ) (2048 -458 378 ) (2048 -369.992798 378 ) (2048 -369.993500 192 ) 
4 72 76 (2192 -458 192 ) (2192 -458 378 ) (2048 -458 378 ) (2048 -458 192 ) 
4 72 74 (2192 -458 192 ) (2048 -458 192 ) (2048 -369.993500 192 ) (2192 -299.374176 192 ) 
4 72 73 (2192 -299.374329 192 ) (2048 -369.993835 192 ) (2048 -369.993286 378 ) (2192 -299.373993 378 ) 
4 73 328 (2048 -369.992798 378 ) (2048 -114 378 ) (2048 -114 192 ) (2048 -369.993500 192 ) 
4 73 75 (2048 -369.993500 192 ) (2048 -114 192 ) (2192 -114 192 ) (2192 -299.374176 192 ) 
4 74 331 (2048 -369.994324 -8 ) (2048 -458 -8 ) (2048 -458 192 ) (2048 -369.993500 192 ) 
4 74 77 (2048 -458 -8 ) (2192 -458 -8 ) (2192 -458 192 ) (2048 -458 192 ) 
4 74 75 (2048 -369.994080 192 ) (2192 -299.374756 192 ) (2192 -299.375580 -8 ) (2048 -369.994904 -8 ) 
4 75 332 (2048 -114 -8 ) (2048 -369.994324 -8 ) (2048 -369.993500 192 ) (2048 -114 192 ) 
4 76 329 (2048 -624 192 ) (2048 -624 378 ) (2048 -458 378 ) (2048 -458 192 ) 
4 76 77 (2048 -458 192 ) (2192 -458 192 ) (2192 -624 192 ) (2048 -624 192 ) 
4 77 333 (2048 -458 -8 ) (2048 -624 -8 ) (2048 -624 192 ) (2048 -458 192 ) 
4 78 310 (2048 -624 532 ) (2048 -624 490 ) (2048 -632 490 ) (2048 -632 532 ) 
4 78 301 (2048 -624 1198 ) (2048 -624 532 ) (2048 -632 532 ) (2048 -632 1198 ) 
4 78 79 (2192 -632 490 ) (2200 -632 490 ) (2200 -632 1198 ) (2192 -632 1198 ) 
4 78 80 (2048 -632 1198 ) (2048 -632 490 ) (2192 -632 490 ) (2192 -632 1198 ) 
4 79 85 (2200 -1024 198 ) (2200 -1024 1198 ) (2192 -1024 1198 ) (2192 -1024 198 ) 
4 79 80 (2192 -1024 1198 ) (2192 -632 1198 ) (2192 -632 198 ) (2192 -1024 198 ) 
4 80 342 (2048 -1024 -8 ) (2048 -1024 490 ) (2048 -632 490 ) (2048 -632 -8 ) 
4 80 310 (2048 -1024 490 ) (2048 -1024 532 ) (2048 -632 532 ) (2048 -632 490 ) 
4 80 301 (2048 -1024 532 ) (2048 -1024 1198 ) (2048 -632 1198 ) (2048 -632 532 ) 
4 80 86 (2048 -1024 198 ) (2048 -1024 -8 ) (2192 -1024 -8 ) (2192 -1024 198 ) 
4 80 85 (2192 -1024 1198 ) (2048 -1024 1198 ) (2048 -1024 198 ) (2192 -1024 198 ) 
4 81 83 (3072 -1056 -320 ) (3072 -1024 -320 ) (3072 -1024 -704 ) (3072 -1056 -704 ) 
4 82 84 (3072 -1696 -320 ) (3072 -1440 -320 ) (3072 -1440 -704 ) (3072 -1696 -704 ) 
4 85 379 (2048 -1604 198 ) (2048 -1612 198 ) (2048 -1612 340 ) (2048 -1604 340 ) 
4 85 372 (2048 -1056 198 ) (2048 -1604 198 ) (2048 -1604 340 ) (2048 -1056 340 ) 
4 85 364 (2048 -1024 340 ) (2048 -1024 198 ) (2048 -1056 198 ) (2048 -1056 340 ) 
4 85 353 (2048 -1612 1198 ) (2048 -1024 1198 ) (2048 -1024 340 ) (2048 -1612 340 ) 
4 85 86 (2048 -1024 198 ) (2192 -1024 198 ) (2192 -1604 198 ) (2048 -1604 198 ) 
4 86 372 (2048 -1604 198 ) (2048 -1056 198 ) (2048 -1056 -8 ) (2048 -1604 -8 ) 
4 86 364 (2048 -1056 198 ) (2048 -1024 198 ) (2048 -1024 -8 ) (2048 -1056 -8 ) 
4 87 89 (2048 1226 198 ) (2048 1226 1198 ) (1392 1226 1198 ) (1392 1226 198 ) 
4 87 88 (1392 1226 198 ) (1392 1226 1198 ) (1392 1234 1198 ) (1392 1234 198 ) 
4 88 90 (1280 1226 1198 ) (1280 1226 198 ) (1392 1226 198 ) (1392 1226 1198 ) 
4 89 91 (1392 1044 -8 ) (2048 1044 -8 ) (2048 1044 1198 ) (1392 1044 1198 ) 
4 89 90 (1392 1226 1198 ) (1392 1226 -8 ) (1392 1044 -8 ) (1392 1044 1198 ) 
4 90 93 (1384 1044 538 ) (1384 1044 1198 ) (1280 1044 1198 ) (1280 1044 538 ) 
4 90 92 (1392 1044 538 ) (1392 1044 1198 ) (1384 1044 1198 ) (1384 1044 538 ) 
4 91 154 (1832 1024 1198 ) (1392 1024 1198 ) (1392 1024 -8 ) (1832 1024 -8 ) 
4 91 119 (2048 1024 -8 ) (2048 1024 490 ) (1832 1024 490 ) (1832 1024 -8 ) 
4 91 116 (1846 1024 532 ) (1844 1024 532 ) (1844 1024 490 ) (1846 1024 490 ) 
4 91 115 (2048 1024 490 ) (2048 1024 532 ) (1846 1024 532 ) (1846 1024 490 ) 
4 91 118 (1844 1024 532 ) (1832 1024 532 ) (1832 1024 490 ) (1844 1024 490 ) 
4 91 114 (2048 1024 532 ) (2048 1024 1198 ) (1832 1024 1198 ) (1832 1024 532 ) 
4 91 92 (1392 1024 1198 ) (1392 1044 1198 ) (1392 1044 538 ) (1392 1024 538 ) 
4 92 182 (1384 1024 878 ) (1384 1024 538 ) (1392 1024 538 ) (1392 1024 878 ) 
4 92 178 (1384 1024 898 ) (1384 1024 878 ) (1392 1024 878 ) (1392 1024 898 ) 
4 92 168 (1392 1024 1198 ) (1384 1024 1198 ) (1384 1024 898 ) (1392 1024 898 ) 
4 92 98 (1384 1030 538 ) (1384 1024 538 ) (1384 1024 1198 ) (1384 1030 1198 ) 
4 92 93 (1384 1044 1198 ) (1384 1044 538 ) (1384 1030 538 ) (1384 1030 1198 ) 
4 93 103 (1024 1030 538 ) (1024 1030 1198 ) (1024 1044 1198 ) (1024 1044 538 ) 
4 93 98 (1024 1030 1198 ) (1024 1030 538 ) (1384 1030 538 ) (1384 1030 1198 ) 
4 94 96 (1030 1044 196 ) (1030 1040 196 ) (1030 1040 290 ) (1030 1044 290 ) 
4 94 95 (1030 1040 290 ) (1030 1040 196 ) (1250 1040 196 ) (1250 1040 290 ) 
4 95 99 (1030 1030 196 ) (1250 1030 196 ) (1250 1030 290 ) (1030 1030 290 ) 
4 95 97 (1030 1040 196 ) (1030 1030 196 ) (1030 1030 290 ) (1030 1040 290 ) 
4 96 104 (1024 1040 290 ) (1024 1044 290 ) (1024 1044 196 ) (1024 1040 196 ) 
4 96 97 (1024 1040 196 ) (1030 1040 196 ) (1030 1040 290 ) (1024 1040 290 ) 
4 97 105 (1024 1030 196 ) (1024 1030 290 ) (1024 1040 290 ) (1024 1040 196 ) 
4 97 100 (1024 1030 290 ) (1024 1030 196 ) (1030 1030 196 ) (1030 1030 290 ) 
4 98 182 (1024 1024 878 ) (1024 1024 538 ) (1384 1024 538 ) (1384 1024 878 ) 
4 98 178 (1024 1024 898 ) (1024 1024 878 ) (1384 1024 878 ) (1384 1024 898 ) 
4 98 168 (1024 1024 1198 ) (1024 1024 898 ) (1384 1024 898 ) (1384 1024 1198 ) 
4 98 106 (1024 1024 538 ) (1024 1024 1198 ) (1024 1030 1198 ) (1024 1030 538 ) 
4 99 101 (1384 1028 4 ) (1384 1028 330 ) (1030 1028 330 ) (1030 1028 4 ) 
4 99 100 (1030 1028 4 ) (1030 1028 330 ) (1030 1030 330 ) (1030 1030 4 ) 
4 100 107 (1024 1028 4 ) (1024 1028 330 ) (1024 1030 330 ) (1024 1030 4 ) 
4 100 102 (1030 1028 4 ) (1030 1028 330 ) (1024 1028 330 ) (1024 1028 4 ) 
4 101 194 (1030 1024 -8 ) (1384 1024 -8 ) (1384 1024 330 ) (1030 1024 330 ) 
4 101 102 (1030 1028 330 ) (1030 1028 -8 ) (1030 1024 -8 ) (1030 1024 330 ) 
4 102 195 (1024 1024 330 ) (1024 1024 -8 ) (1030 1024 -8 ) (1030 1024 330 ) 
4 102 108 (1024 1028 -8 ) (1024 1024 -8 ) (1024 1024 4 ) (1024 1028 4 ) 
4 102 107 (1024 1024 4 ) (1024 1024 330 ) (1024 1028 330 ) (1024 1028 4 ) 
4 103 111 (376 1038 538 ) (376 1030 538 ) (376 1030 580 ) (376 1038 580 ) 
4 103 110 (376 1030 580 ) (376 1030 1198 ) (376 1038 1198 ) (376 1038 580 ) 
4 103 109 (376 1044 1198 ) (376 1044 538 ) (376 1038 538 ) (376 1038 1198 ) 
4 103 106 (376 1030 1198 ) (376 1030 538 ) (1024 1030 538 ) (1024 1030 1198 ) 
4 104 105 (550 1040 290 ) (550 1040 196 ) (1024 1040 196 ) (1024 1040 290 ) 
4 105 107 (550 1030 196 ) (1024 1030 196 ) (1024 1030 290 ) (550 1030 290 ) 
4 106 236 (1000 1024 878 ) (376 1024 878 ) (376 1024 538 ) (1000 1024 538 ) 
4 106 233 (1024 1024 538 ) (1024 1024 878 ) (1000 1024 878 ) (1000 1024 538 ) 
4 106 227 (1024 1024 878 ) (1024 1024 898 ) (376 1024 898 ) (376 1024 878 ) 
4 106 214 (1024 1024 898 ) (1024 1024 1198 ) (376 1024 1198 ) (376 1024 898 ) 
4 106 111 (376 1024 538 ) (376 1024 580 ) (376 1030 580 ) (376 1030 538 ) 
4 106 110 (376 1024 580 ) (376 1024 1198 ) (376 1030 1198 ) (376 1030 580 ) 
4 107 250 (378 1024 330 ) (376 1024 330 ) (376 1024 4 ) (378 1024 4 ) 
4 107 249 (1024 1024 4 ) (1024 1024 330 ) (378 1024 330 ) (378 1024 4 ) 
4 107 108 (378 1028 4 ) (1024 1028 4 ) (1024 1024 4 ) (378 1024 4 ) 
4 108 249 (378 1024 -8 ) (1024 1024 -8 ) (1024 1024 4 ) (378 1024 4 ) 
4 109 111 (374 1038 580 ) (374 1038 538 ) (376 1038 538 ) (376 1038 580 ) 
4 109 110 (374 1038 1198 ) (374 1038 580 ) (376 1038 580 ) (376 1038 1198 ) 
4 109 112 (374 1044 538 ) (374 1038 538 ) (374 1038 1198 ) (374 1044 1198 ) 
4 110 241 (376 1024 580 ) (376 1024 878 ) (374 1024 878 ) (374 1024 580 ) 
4 110 227 (376 1024 878 ) (376 1024 898 ) (374 1024 898 ) (374 1024 878 ) 
4 110 214 (376 1024 898 ) (376 1024 1198 ) (374 1024 1198 ) (374 1024 898 ) 
4 110 112 (374 1024 580 ) (374 1024 1198 ) (374 1038 1198 ) (374 1038 580 ) 
4 110 111 (374 1024 580 ) (374 1038 580 ) (376 1038 580 ) (376 1024 580 ) 
4 111 242 (374 1024 538 ) (376 1024 538 ) (376 1024 580 ) (374 1024 580 ) 
4 111 112 (374 1038 538 ) (374 1024 538 ) (374 1024 580 ) (374 1038 580 ) 
4 112 279 (0 1024 538 ) (0 1024 1198 ) (0 1044 1198 ) (0 1044 538 ) 
4 112 243 (0 1024 878 ) (0 1024 538 ) (374 1024 538 ) (374 1024 878 ) 
4 112 227 (0 1024 898 ) (0 1024 878 ) (374 1024 878 ) (374 1024 898 ) 
4 112 214 (0 1024 1198 ) (0 1024 898 ) (374 1024 898 ) (374 1024 1198 ) 
4 112 113 (0 1024 538 ) (0 1044 538 ) (368 1044 538 ) (368 1024 538 ) 
4 113 279 (0 1024 373 ) (0 1024 538 ) (0 1044 538 ) (0 1044 373 ) 
4 113 254 (0 1024 538 ) (0 1024 373 ) (368 1024 373 ) (368 1024 538 ) 
4 114 155 (1832 786 532 ) (1832 786 1198 ) (1832 1008 1198 ) (1832 1008 532 ) 
4 114 154 (1832 1008 1198 ) (1832 1024 1198 ) (1832 1024 532 ) (1832 1008 532 ) 
4 114 148 (1832 786 1198 ) (1832 786 532 ) (1840 786 532 ) (1840 786 1198 ) 
4 114 121 (1844 786 532 ) (1846 786 532 ) (1846 786 1198 ) (1844 786 1198 ) 
4 114 120 (1846 786 532 ) (2048 786 532 ) (2048 786 1198 ) (1846 786 1198 ) 
4 114 123 (1840 786 532 ) (1844 786 532 ) (1844 786 1198 ) (1840 786 1198 ) 
4 114 117 (1846 786 532 ) (1844 786 532 ) (1844 794 532 ) (1846 794 532 ) 
4 114 116 (1844 794 532 ) (1844 1024 532 ) (1846 1024 532 ) (1846 794 532 ) 
4 114 115 (2048 786 532 ) (1846 786 532 ) (1846 1024 532 ) (2048 1024 532 ) 
4 114 118 (1844 786 532 ) (1832 786 532 ) (1832 1024 532 ) (1844 1024 532 ) 
4 115 120 (1846 786 490 ) (2048 786 490 ) (2048 786 532 ) (1846 786 532 ) 
4 115 119 (1846 794 490 ) (1846 1024 490 ) (2048 1024 490 ) (2048 794 490 ) 
4 115 117 (1846 794 490 ) (1846 786 490 ) (1846 786 532 ) (1846 794 532 ) 
4 115 116 (1846 1024 490 ) (1846 794 490 ) (1846 794 532 ) (1846 1024 532 ) 
4 116 119 (1844 794 490 ) (1844 1024 490 ) (1846 1024 490 ) (1846 794 490 ) 
4 116 118 (1844 1024 490 ) (1844 794 490 ) (1844 794 532 ) (1844 1024 532 ) 
4 116 117 (1844 794 532 ) (1844 794 490 ) (1846 794 490 ) (1846 794 532 ) 
4 117 122 (1844 786 490 ) (1846 786 490 ) (1846 786 532 ) (1844 786 532 ) 
4 117 118 (1844 794 490 ) (1844 786 490 ) (1844 786 532 ) (1844 794 532 ) 
4 118 155 (1832 786 490 ) (1832 786 532 ) (1832 1008 532 ) (1832 1008 490 ) 
4 118 154 (1832 1008 532 ) (1832 1024 532 ) (1832 1024 490 ) (1832 1008 490 ) 
4 118 148 (1832 786 532 ) (1832 786 490 ) (1840 786 490 ) (1840 786 532 ) 
4 118 123 (1840 786 490 ) (1844 786 490 ) (1844 786 532 ) (1840 786 532 ) 
4 118 119 (1832 794 490 ) (1832 1024 490 ) (1844 1024 490 ) (1844 794 490 ) 
4 119 155 (1832 1008 -8 ) (1832 794 -8 ) (1832 794 490 ) (1832 1008 490 ) 
4 119 154 (1832 1024 -8 ) (1832 1008 -8 ) (1832 1008 490 ) (1832 1024 490 ) 
4 120 124 (2048 232 490 ) (2048 232 1198 ) (1846 232 1198 ) (1846 232 490 ) 
4 120 122 (1846 786 490 ) (1846 232 490 ) (1846 232 532 ) (1846 786 532 ) 
4 120 121 (1846 232 532 ) (1846 232 1198 ) (1846 786 1198 ) (1846 786 532 ) 
4 121 125 (1846 232 1198 ) (1844 232 1198 ) (1844 232 532 ) (1846 232 532 ) 
4 121 123 (1844 232 532 ) (1844 232 1198 ) (1844 786 1198 ) (1844 786 532 ) 
4 121 122 (1844 232 532 ) (1844 786 532 ) (1846 786 532 ) (1846 232 532 ) 
4 122 126 (1844 232 532 ) (1844 232 490 ) (1846 232 490 ) (1846 232 532 ) 
4 122 123 (1844 786 490 ) (1844 232 490 ) (1844 232 532 ) (1844 786 532 ) 
4 123 148 (1840 786 1198 ) (1840 786 490 ) (1840 232 490 ) (1840 232 1198 ) 
4 123 127 (1844 232 1198 ) (1840 232 1198 ) (1840 232 490 ) (1844 232 490 ) 
4 124 302 (2048 0 490 ) (2048 0 532 ) (1846 0 532 ) (1846 0 490 ) 
4 124 300 (2048 0 532 ) (2048 0 1198 ) (1846 0 1198 ) (1846 0 532 ) 
4 124 126 (1846 232 532 ) (1846 232 490 ) (1846 0 490 ) (1846 0 532 ) 
4 124 125 (1846 232 1198 ) (1846 232 532 ) (1846 0 532 ) (1846 0 1198 ) 
4 125 300 (1846 0 1198 ) (1844 0 1198 ) (1844 0 532 ) (1846 0 532 ) 
4 125 127 (1844 232 1198 ) (1844 232 532 ) (1844 0 532 ) (1844 0 1198 ) 
4 125 126 (1844 0 532 ) (1844 232 532 ) (1846 232 532 ) (1846 0 532 ) 
4 126 306 (1844 0 532 ) (1844 0 490 ) (1846 0 490 ) (1846 0 532 ) 
4 126 127 (1844 232 532 ) (1844 232 490 ) (1844 0 490 ) (1844 0 532 ) 
4 127 311 (1844 0 1198 ) (1840 0 1198 ) (1840 0 490 ) (1844 0 490 ) 
4 127 149 (1840 0 490 ) (1840 0 1198 ) (1840 232 1198 ) (1840 232 490 ) 
4 128 131 (2048 510 482 ) (1840 510 482 ) (1840 510 378 ) (2048 510 378 ) 
4 128 129 (2048 510 378 ) (1840 510 378 ) (1840 786 378 ) (2048 786 378 ) 
4 129 137 (1840 510 248 ) (1840 510 208 ) (2048 510 208 ) (2048 510 248 ) 
4 129 133 (1840 510 378 ) (1840 510 248 ) (2048 510 248 ) (2048 510 378 ) 
4 129 130 (2048 510 192 ) (1840 510 192 ) (1840 786 192 ) (2048 786 192 ) 
4 130 145 (1840 510 192 ) (1840 510 -8 ) (2048 510 -8 ) (2048 510 192 ) 
4 131 133 (1840 414 378 ) (1840 510 378 ) (2048 510 378 ) (2048 315.909119 378 ) 
4 131 132 (1840 414.001465 378 ) (2048 315.910278 378 ) (2048 315.910278 482 ) (1840 414.001495 482 ) 
4 132 135 (2048 232 378 ) (2048 232 482 ) (1840 232 482 ) (1840 232 378 ) 
4 132 134 (2048 232 378 ) (1840 232 378 ) (1840 414 378 ) (2048 315.909119 378 ) 
4 133 150 (1840 510 312 ) (1840 510 248 ) (1840 508 248 ) (1840 508 312 ) 
4 133 152 (1840 508 248 ) (1840 414 248 ) (1840 414 312 ) (1840 508 312 ) 
3 133 141 (1840 414 248 ) (1842 414 248 ) (1842 413.056885 248 ) 
4 133 139 (1842 414 248 ) (2048 414 248 ) (2048 315.909119 248 ) (1842 413.056885 248 ) 
4 133 138 (1840 414 248 ) (1840 508 248 ) (2048 508 248 ) (2048 414 248 ) 
4 133 137 (1840 508 248 ) (1840 510 248 ) (2048 510 248 ) (2048 508 248 ) 
4 133 134 (1840 414 248 ) (2048 315.908447 248 ) (2048 315.908203 378 ) (1840 414 378 ) 
4 134 142 (1840 232 248 ) (1840 414 248 ) (1842 413.056885 248 ) (1842 232 248 ) 
4 134 140 (1842 413.056885 248 ) (2048 315.909119 248 ) (2048 232 248 ) (1842 232 248 ) 
4 134 136 (1840 232 248 ) (2048 232 248 ) (2048 232 378 ) (1840 232 378 ) 
4 135 315 (2048 0 378 ) (2048 0 482 ) (1840 0 482 ) (1840 0 378 ) 
4 135 136 (1840 0 378 ) (1840 232 378 ) (2048 232 378 ) (2048 0 378 ) 
4 136 316 (2048 0 248 ) (2048 0 378 ) (1840 0 378 ) (1840 0 248 ) 
4 136 144 (1840 0 248 ) (1840 232 248 ) (1842 232 248 ) (1842 0 248 ) 
4 136 143 (1842 232 248 ) (2048 232 248 ) (2048 0 248 ) (1842 0 248 ) 
4 137 151 (1840 508 248 ) (1840 510 248 ) (1840 510 208 ) (1840 508 208 ) 
4 137 138 (1840 508 208 ) (2048 508 208 ) (2048 508 248 ) (1840 508 248 ) 
4 138 152 (1840 414 248 ) (1840 508 248 ) (1840 508 208 ) (1840 414 208 ) 
4 138 141 (1840 414 208 ) (1842 414 208 ) (1842 414 248 ) (1840 414 248 ) 
4 138 139 (1842 414 208 ) (2048 414 208 ) (2048 414 248 ) (1842 414 248 ) 
4 139 141 (1842 414 248 ) (1842 414 208 ) (1842 413.056885 208 ) (1842 413.056885 248 ) 
4 139 140 (1842 413.057617 248 ) (1842 413.057617 208 ) (2048 315.909668 208 ) (2048 315.909668 248 ) 
4 140 143 (1842 232 208 ) (2048 232 208 ) (2048 232 248 ) (1842 232 248 ) 
4 140 142 (1842 413.056885 208 ) (1842 232 208 ) (1842 232 248 ) (1842 413.056885 248 ) 
4 141 142 (1840.001709 414 248 ) (1840.001709 414 208 ) (1842 413.057617 208 ) (1842 413.057617 248 ) 
4 142 144 (1840 232 208 ) (1842 232 208 ) (1842 232 248 ) (1840 232 248 ) 
4 143 317 (2048 0 208 ) (2048 0 248 ) (1842 0 248 ) (1842 0 208 ) 
4 143 144 (1842 232 248 ) (1842 232 208 ) (1842 0 208 ) (1842 0 248 ) 
4 144 318 (1842 0 248 ) (1840 0 248 ) (1840 0 208 ) (1842 0 208 ) 
4 145 146 (2048 315.908203 192 ) (1840 414 192 ) (1840 414 -8 ) (2048 315.908203 -8 ) 
4 146 147 (1840 232 192 ) (1840 232 -8 ) (2048 232 -8 ) (2048 232 192 ) 
4 147 322 (2048 0 -8 ) (2048 0 192 ) (1840 0 192 ) (1840 0 -8 ) 
4 148 161 (1832 232 1198 ) (1832 416 1198 ) (1832 416 490 ) (1832 232 490 ) 
4 148 155 (1832 416 1198 ) (1832 786 1198 ) (1832 786 490 ) (1832 416 490 ) 
4 148 149 (1840 232 490 ) (1840 232 1198 ) (1832 232 1198 ) (1832 232 490 ) 
4 149 311 (1832 0 1198 ) (1832 0 490 ) (1840 0 490 ) (1840 0 1198 ) 
4 149 162 (1832 166 1198 ) (1832 232 1198 ) (1832 232 490 ) (1832 166 490 ) 
4 149 167 (1832 0 490 ) (1832 0 1198 ) (1832 166 1198 ) (1832 166 490 ) 
4 150 152 (1834 508 312 ) (1834 508 248 ) (1840 508 248 ) (1840 508 312 ) 
4 150 153 (1834 510 312 ) (1834 510 248 ) (1834 508 248 ) (1834 508 312 ) 
4 150 151 (1840 508 248 ) (1834 508 248 ) (1834 510 248 ) (1840 510 248 ) 
4 151 152 (1834 508 248 ) (1834 508 208 ) (1840 508 208 ) (1840 508 248 ) 
4 151 153 (1834 510 248 ) (1834 510 208 ) (1834 508 208 ) (1834 508 248 ) 
4 152 153 (1834 508 208 ) (1834 414 208 ) (1834 414 312 ) (1834 508 312 ) 
4 153 161 (1832 414 208 ) (1832 414 312 ) (1832 416 312 ) (1832 416 208 ) 
4 153 155 (1832 416 312 ) (1832 510 312 ) (1832 510 208 ) (1832 416 208 ) 
4 154 182 (1392 1024 878 ) (1392 1024 538 ) (1392 1008 538 ) (1392 1008 878 ) 
4 154 178 (1392 1024 898 ) (1392 1024 878 ) (1392 1008 878 ) (1392 1008 898 ) 
4 154 168 (1392 1024 1198 ) (1392 1024 898 ) (1392 1008 898 ) (1392 1008 1198 ) 
4 154 163 (1404 1008 1198 ) (1392 1008 1198 ) (1392 1008 890 ) (1404 1008 890 ) 
4 154 164 (1392 1008 878 ) (1392 1008 -8 ) (1404 1008 -8 ) (1404 1008 878 ) 
4 154 156 (1765 1008 1198 ) (1657 1008 1198 ) (1657 1008 -8 ) (1765 1008 -8 ) 
4 154 155 (1832 1008 -8 ) (1832 1008 1198 ) (1765 1008 1198 ) (1765 1008 -8 ) 
4 154 160 (1657 1008 1198 ) (1404 1008 1198 ) (1404 1008 -8 ) (1657 1008 -8 ) 
4 155 161 (1765 416 -8 ) (1832 416 -8 ) (1832 416 1198 ) (1765 416 1198 ) 
4 155 158 (1765 416 132 ) (1765 416 136 ) (1765 508 136 ) (1765 508 132 ) 
4 155 157 (1765 416 136 ) (1765 416 1198 ) (1765 508 1198 ) (1765 508 136 ) 
4 155 159 (1765 508 -8 ) (1765 416 -8 ) (1765 416 132 ) (1765 508 132 ) 
4 155 156 (1765 1008 1198 ) (1765 1008 -8 ) (1765 508 -8 ) (1765 508 1198 ) 
4 156 158 (1657 508 136 ) (1657 508 132 ) (1765 508 132 ) (1765 508 136 ) 
4 156 157 (1657 508 1198 ) (1657 508 136 ) (1765 508 136 ) (1765 508 1198 ) 
4 156 159 (1657 508 132 ) (1657 508 -8 ) (1765 508 -8 ) (1765 508 132 ) 
4 156 160 (1657 1008 1198 ) (1657 1008 -8 ) (1657 508 -8 ) (1657 508 1198 ) 
4 157 161 (1765 416 136 ) (1765 416 1198 ) (1657 416 1198 ) (1657 416 136 ) 
4 157 160 (1657 416 136 ) (1657 416 1198 ) (1657 508 1198 ) (1657 508 136 ) 
4 157 158 (1657 416 136 ) (1657 508 136 ) (1765 508 136 ) (1765 416 136 ) 
4 158 161 (1765 416 132 ) (1765 416 136 ) (1657 416 136 ) (1657 416 132 ) 
4 158 159 (1657 416 132 ) (1657 508 132 ) (1765 508 132 ) (1765 416 132 ) 
4 158 160 (1657 416 132 ) (1657 416 136 ) (1657 508 136 ) (1657 508 132 ) 
4 159 161 (1657 416 -8 ) (1765 416 -8 ) (1765 416 132 ) (1657 416 132 ) 
4 159 160 (1657 508 -8 ) (1657 416 -8 ) (1657 416 132 ) (1657 508 132 ) 
4 160 163 (1404 1008 1198 ) (1404 1008 890 ) (1404 416 890 ) (1404 416 1198 ) 
4 160 164 (1404 1008 878 ) (1404 1008 -8 ) (1404 416 -8 ) (1404 416 878 ) 
4 160 161 (1404 416 1198 ) (1404 416 -8 ) (1657 416 -8 ) (1657 416 1198 ) 
4 161 163 (1404 232 890 ) (1404 232 1198 ) (1404 416 1198 ) (1404 416 890 ) 
4 161 164 (1404 416 -8 ) (1404 232 -8 ) (1404 232 878 ) (1404 416 878 ) 
4 161 162 (1404 232 1198 ) (1404 232 -8 ) (1832 232 -8 ) (1832 232 1198 ) 
4 162 165 (1404 166 890 ) (1404 166 1198 ) (1404 232 1198 ) (1404 232 890 ) 
4 162 166 (1404 232 -8 ) (1404 166 -8 ) (1404 166 878 ) (1404 232 878 ) 
4 162 167 (1832 166 -8 ) (1832 166 1198 ) (1404 166 1198 ) (1404 166 -8 ) 
4 163 179 (1392 232 890 ) (1392 232 898 ) (1392 1008 898 ) (1392 1008 890 ) 
4 163 171 (1392 232 898 ) (1392 232 940 ) (1392 748 940 ) (1392 748 898 ) 
4 163 169 (1392 232 940 ) (1392 232 1198 ) (1392 748 1198 ) (1392 748 940 ) 
4 163 168 (1392 748 1198 ) (1392 1008 1198 ) (1392 1008 898 ) (1392 748 898 ) 
4 163 165 (1404 232 890 ) (1404 232 1198 ) (1392 232 1198 ) (1392 232 890 ) 
4 164 193 (1392 496 -8 ) (1392 408 -8 ) (1392 408 96 ) (1392 496 96 ) 
4 164 166 (1404 232 -8 ) (1404 232 878 ) (1392 232 878 ) (1392 232 -8 ) 
4 165 180 (1392 166 890 ) (1392 166 898 ) (1392 232 898 ) (1392 232 890 ) 
4 165 176 (1392 180 940 ) (1392 180 898 ) (1392 178 898 ) (1392 178 940 ) 
4 165 175 (1392 178 1198 ) (1392 180 1198 ) (1392 180 940 ) (1392 178 940 ) 
4 165 177 (1392 166 898 ) (1392 166 1198 ) (1392 178 1198 ) (1392 178 898 ) 
4 165 172 (1392 232 940 ) (1392 232 898 ) (1392 180 898 ) (1392 180 940 ) 
4 165 170 (1392 180 1198 ) (1392 232 1198 ) (1392 232 940 ) (1392 180 940 ) 
4 165 167 (1404 166 1198 ) (1392 166 1198 ) (1392 166 890 ) (1404 166 890 ) 
4 166 212 (1392 232 -8 ) (1392 178 -8 ) (1392 178 330 ) (1392 232 330 ) 
4 166 213 (1392 178 -8 ) (1392 166 -8 ) (1392 166 538 ) (1392 178 538 ) 
4 166 192 (1392 166 538 ) (1392 166 878 ) (1392 178 878 ) (1392 178 538 ) 
4 166 167 (1392 166 878 ) (1392 166 -8 ) (1404 166 -8 ) (1404 166 878 ) 
4 167 336 (1392 0 490 ) (1392 0 -8 ) (1832 0 -8 ) (1832 0 490 ) 
4 167 311 (1392 0 1198 ) (1392 0 490 ) (1832 0 490 ) (1832 0 1198 ) 
4 167 213 (1392 166 -8 ) (1392 0 -8 ) (1392 0 538 ) (1392 166 538 ) 
4 167 192 (1392 0 538 ) (1392 0 878 ) (1392 166 878 ) (1392 166 538 ) 
4 167 181 (1392 0 878 ) (1392 0 898 ) (1392 166 898 ) (1392 166 878 ) 
4 167 177 (1392 0 898 ) (1392 0 1198 ) (1392 166 1198 ) (1392 166 898 ) 
4 168 214 (1024 1024 1198 ) (1024 1024 898 ) (1024 748 898 ) (1024 748 1198 ) 
4 168 179 (1024 748 898 ) (1024 1008 898 ) (1392 1008 898 ) (1392 748 898 ) 
4 168 178 (1024 1008 898 ) (1024 1024 898 ) (1392 1024 898 ) (1392 1008 898 ) 
4 168 173 (1024 748 898 ) (1390 748 898 ) (1390 748 1198 ) (1024 748 1198 ) 
4 168 171 (1390 748 898 ) (1392 748 898 ) (1392 748 940 ) (1390 748 940 ) 
4 168 169 (1392 748 940 ) (1392 748 1198 ) (1390 748 1198 ) (1390 748 940 ) 
4 169 173 (1390 748 1198 ) (1390 748 940 ) (1390 232 940 ) (1390 232 1198 ) 
4 169 171 (1390 232 940 ) (1390 748 940 ) (1392 748 940 ) (1392 232 940 ) 
4 169 170 (1390 232 1198 ) (1390 232 940 ) (1392 232 940 ) (1392 232 1198 ) 
4 170 175 (1392 180 940 ) (1392 180 1198 ) (1390 180 1198 ) (1390 180 940 ) 
4 170 174 (1390 232 940 ) (1390 180 940 ) (1390 180 1198 ) (1390 232 1198 ) 
4 170 172 (1392 180 940 ) (1390 180 940 ) (1390 232 940 ) (1392 232 940 ) 
4 171 179 (1390 748 898 ) (1392 748 898 ) (1392 232 898 ) (1390 232 898 ) 
4 171 173 (1390 748 940 ) (1390 748 898 ) (1390 232 898 ) (1390 232 940 ) 
4 171 172 (1392 232 940 ) (1390 232 940 ) (1390 232 898 ) (1392 232 898 ) 
4 172 180 (1392 232 898 ) (1392 180 898 ) (1390 180 898 ) (1390 232 898 ) 
4 172 176 (1390 180 898 ) (1392 180 898 ) (1392 180 940 ) (1390 180 940 ) 
4 172 174 (1390 232 898 ) (1390 180 898 ) (1390 180 940 ) (1390 232 940 ) 
4 173 215 (1024 748 898 ) (1024 232 898 ) (1024 232 1198 ) (1024 748 1198 ) 
4 173 179 (1024 232 898 ) (1024 748 898 ) (1390 748 898 ) (1390 232 898 ) 
4 173 174 (1024 232 898 ) (1390 232 898 ) (1390 232 1198 ) (1024 232 1198 ) 
4 174 219 (1024 232 898 ) (1024 180 898 ) (1024 180 1198 ) (1024 232 1198 ) 
4 174 180 (1024 180 898 ) (1024 232 898 ) (1390 232 898 ) (1390 180 898 ) 
4 174 176 (1024 180 898 ) (1390 180 898 ) (1390 180 940 ) (1024 180 940 ) 
4 174 175 (1390 180 940 ) (1390 180 1198 ) (1024 180 1198 ) (1024 180 940 ) 
4 175 223 (1024 178 940 ) (1024 178 1198 ) (1024 180 1198 ) (1024 180 940 ) 
4 175 177 (1392 178 940 ) (1392 178 1198 ) (1024 178 1198 ) (1024 178 940 ) 
4 175 176 (1392 178 940 ) (1024 178 940 ) (1024 180 940 ) (1392 180 940 ) 
4 176 224 (1024 180 898 ) (1024 178 898 ) (1024 178 940 ) (1024 180 940 ) 
4 176 180 (1024 178 898 ) (1024 180 898 ) (1392 180 898 ) (1392 178 898 ) 
4 176 177 (1024 178 898 ) (1392 178 898 ) (1392 178 940 ) (1024 178 940 ) 
4 177 313 (1024 0 1198 ) (1024 0 898 ) (1392 0 898 ) (1392 0 1198 ) 
4 177 225 (1024 178 898 ) (1024 0 898 ) (1024 0 1198 ) (1024 178 1198 ) 
4 177 180 (1024 166 898 ) (1024 178 898 ) (1392 178 898 ) (1392 166 898 ) 
4 177 181 (1024 0 898 ) (1024 166 898 ) (1392 166 898 ) (1392 0 898 ) 
4 178 227 (1024 1024 898 ) (1024 1024 878 ) (1024 1008 878 ) (1024 1008 898 ) 
4 178 182 (1024 1008 878 ) (1024 1024 878 ) (1392 1024 878 ) (1392 1008 878 ) 
4 178 179 (1392 1008 890 ) (1392 1008 898 ) (1024 1008 898 ) (1024 1008 890 ) 
4 179 228 (1024 232 890 ) (1024 232 898 ) (1024 1008 898 ) (1024 1008 890 ) 
4 179 180 (1392 232 890 ) (1392 232 898 ) (1024 232 898 ) (1024 232 890 ) 
4 180 230 (1024 166 890 ) (1024 166 898 ) (1024 232 898 ) (1024 232 890 ) 
4 180 181 (1392 166 890 ) (1392 166 898 ) (1024 166 898 ) (1024 166 890 ) 
4 181 313 (1024 0 898 ) (1024 0 878 ) (1392 0 878 ) (1392 0 898 ) 
4 181 232 (1024 166 878 ) (1024 0 878 ) (1024 0 898 ) (1024 166 898 ) 
4 181 192 (1024 0 878 ) (1024 166 878 ) (1392 166 878 ) (1392 0 878 ) 
4 182 233 (1024 1024 878 ) (1024 1024 538 ) (1024 1008 538 ) (1024 1008 878 ) 
4 183 234 (1024 996 538 ) (1024 232 538 ) (1024 232 878 ) (1024 996 878 ) 
4 183 184 (1024 232 538 ) (1380 232 538 ) (1380 232 878 ) (1024 232 878 ) 
4 184 235 (1024 232 538 ) (1024 200 538 ) (1024 200 878 ) (1024 232 878 ) 
4 184 187 (1334 200 576 ) (1334 200 824 ) (1056 200 824 ) (1056 200 576 ) 
4 184 186 (1334 200 824 ) (1334 200 878 ) (1056 200 878 ) (1056 200 824 ) 
4 184 189 (1056 200 538 ) (1334 200 538 ) (1334 200 576 ) (1056 200 576 ) 
4 184 185 (1334 200 538 ) (1380 200 538 ) (1380 200 878 ) (1334 200 878 ) 
4 184 190 (1024 200 538 ) (1056 200 538 ) (1056 200 878 ) (1024 200 878 ) 
4 185 191 (1338 190 828 ) (1334 190 828 ) (1334 190 572 ) (1338 190 572 ) 
4 185 188 (1334 198 576 ) (1334 190 576 ) (1334 190 824 ) (1334 198 824 ) 
4 185 187 (1334 200 824 ) (1334 200 576 ) (1334 198 576 ) (1334 198 824 ) 
4 185 186 (1334 200 878 ) (1334 200 824 ) (1334 190 824 ) (1334 190 878 ) 
4 185 189 (1334 200 576 ) (1334 200 538 ) (1334 190 538 ) (1334 190 576 ) 
4 186 191 (1334 190 824 ) (1334 190 828 ) (1056 190 828 ) (1056 190 824 ) 
4 186 188 (1056 190 824 ) (1056 198 824 ) (1334 198 824 ) (1334 190 824 ) 
4 186 187 (1056 198 824 ) (1056 200 824 ) (1334 200 824 ) (1334 198 824 ) 
4 186 190 (1056 200 878 ) (1056 200 824 ) (1056 190 824 ) (1056 190 878 ) 
4 187 190 (1056 200 824 ) (1056 200 576 ) (1056 198 576 ) (1056 198 824 ) 
4 187 189 (1056 198 576 ) (1056 200 576 ) (1334 200 576 ) (1334 198 576 ) 
4 187 188 (1056 198 576 ) (1334 198 576 ) (1334 198 824 ) (1056 198 824 ) 
4 188 191 (1334 190 576 ) (1334 190 824 ) (1056 190 824 ) (1056 190 576 ) 
4 188 190 (1056 198 576 ) (1056 190 576 ) (1056 190 824 ) (1056 198 824 ) 
4 188 189 (1056 190 576 ) (1056 198 576 ) (1334 198 576 ) (1334 190 576 ) 
4 189 191 (1334 190 572 ) (1334 190 576 ) (1056 190 576 ) (1056 190 572 ) 
4 189 190 (1056 200 576 ) (1056 200 538 ) (1056 190 538 ) (1056 190 576 ) 
4 190 235 (1024 200 538 ) (1024 190 538 ) (1024 190 878 ) (1024 200 878 ) 
4 190 191 (1056 190 572 ) (1056 190 828 ) (1052 190 828 ) (1052 190 572 ) 
4 191 192 (1338 178 828 ) (1052 178 828 ) (1052 178 572 ) (1338 178 572 ) 
4 192 313 (1024 0 878 ) (1024 0 538 ) (1392 0 538 ) (1392 0 878 ) 
4 192 248 (1024 178 538 ) (1024 0 538 ) (1024 0 878 ) (1024 178 878 ) 
4 192 213 (1392 178 538 ) (1392 0 538 ) (1024 0 538 ) (1024 178 538 ) 
4 193 198 (1384 496 -8 ) (1384 408 -8 ) (1384 408 96 ) (1384 496 96 ) 
4 194 196 (1030 664 -8 ) (1384 664 -8 ) (1384 664 330 ) (1030 664 330 ) 
4 194 195 (1030 1024 -8 ) (1030 680 -8 ) (1030 680 330 ) (1030 1024 330 ) 
4 195 249 (1024 1024 330 ) (1024 1024 -8 ) (1024 680 -8 ) (1024 680 330 ) 
4 196 198 (1030 496 -8 ) (1384 496 -8 ) (1384 496 330 ) (1030 496 330 ) 
4 196 197 (1030 664 330 ) (1030 664 -8 ) (1030 496 -8 ) (1030 496 330 ) 
4 197 251 (1024 664 -8 ) (1024 496 -8 ) (1024 496 330 ) (1024 664 330 ) 
4 197 199 (1024 496 -8 ) (1030 496 -8 ) (1030 496 330 ) (1024 496 330 ) 
4 198 200 (1030 408 -8 ) (1384 408 -8 ) (1384 408 330 ) (1030 408 330 ) 
4 198 199 (1030 496 330 ) (1030 496 -8 ) (1030 408 -8 ) (1030 408 330 ) 
4 199 252 (1024 496 -8 ) (1024 408 -8 ) (1024 408 330 ) (1024 496 330 ) 
4 199 201 (1024 408 -8 ) (1030 408 -8 ) (1030 408 330 ) (1024 408 330 ) 
4 200 207 (1182 240 232 ) (1122 240 232 ) (1122 240 38 ) (1182 240 38 ) 
4 200 202 (1308 240 232 ) (1248 240 232 ) (1248 240 38 ) (1308 240 38 ) 
4 200 201 (1030 408 330 ) (1030 408 -8 ) (1030 240 -8 ) (1030 240 330 ) 
4 201 253 (1024 408 -8 ) (1024 240 -8 ) (1024 240 330 ) (1024 408 330 ) 
4 202 203 (1248 239 232 ) (1248 239 38 ) (1308 239 38 ) (1308 239 232 ) 
4 203 204 (1248 237 232 ) (1248 237 38 ) (1308 237 38 ) (1308 237 232 ) 
4 204 205 (1248 236 232 ) (1248 236 38 ) (1308 236 38 ) (1308 236 232 ) 
4 205 206 (1248 234 232 ) (1248 234 38 ) (1308 234 38 ) (1308 234 232 ) 
4 206 212 (1308 232 232 ) (1248 232 232 ) (1248 232 38 ) (1308 232 38 ) 
4 207 208 (1122 239 232 ) (1122 239 38 ) (1182 239 38 ) (1182 239 232 ) 
4 208 209 (1122 237 232 ) (1122 237 38 ) (1182 237 38 ) (1182 237 232 ) 
4 209 210 (1122 236 232 ) (1122 236 38 ) (1182 236 38 ) (1182 236 232 ) 
4 210 211 (1122 234 232 ) (1122 234 38 ) (1182 234 38 ) (1182 234 232 ) 
4 211 212 (1182 232 232 ) (1122 232 232 ) (1122 232 38 ) (1182 232 38 ) 
4 212 272 (1024 232 -8 ) (1024 178 -8 ) (1024 178 330 ) (1024 232 330 ) 
4 212 213 (1024 178 -8 ) (1392 178 -8 ) (1392 178 330 ) (1024 178 330 ) 
4 213 337 (1024 0 490 ) (1024 0 -8 ) (1392 0 -8 ) (1392 0 490 ) 
4 213 313 (1024 0 538 ) (1024 0 490 ) (1392 0 490 ) (1392 0 538 ) 
4 213 271 (1024 0 330 ) (1024 0 538 ) (1024 178 538 ) (1024 178 330 ) 
4 213 272 (1024 178 -8 ) (1024 0 -8 ) (1024 0 330 ) (1024 178 330 ) 
4 214 281 (0 748 1198 ) (0 1024 1198 ) (0 1024 898 ) (0 748 898 ) 
4 214 228 (988 1008 898 ) (1024 1008 898 ) (1024 748 898 ) (988 748 898 ) 
4 214 229 (0 748 898 ) (0 1008 898 ) (988 1008 898 ) (988 748 898 ) 
4 214 227 (0 1008 898 ) (0 1024 898 ) (1024 1024 898 ) (1024 1008 898 ) 
4 214 217 (1000 748 898 ) (1002 748 898 ) (1002 748 940 ) (1000 748 940 ) 
4 214 216 (1002 748 940 ) (1002 748 1198 ) (1000 748 1198 ) (1000 748 940 ) 
4 214 215 (1002 748 898 ) (1024 748 898 ) (1024 748 1198 ) (1002 748 1198 ) 
4 214 218 (0 748 898 ) (1000 748 898 ) (1000 748 1198 ) (0 748 1198 ) 
4 215 228 (1002 748 898 ) (1024 748 898 ) (1024 232 898 ) (1002 232 898 ) 
4 215 219 (1002 232 898 ) (1024 232 898 ) (1024 232 1198 ) (1002 232 1198 ) 
4 215 217 (1002 748 940 ) (1002 748 898 ) (1002 232 898 ) (1002 232 940 ) 
4 215 216 (1002 748 1198 ) (1002 748 940 ) (1002 232 940 ) (1002 232 1198 ) 
4 216 220 (1002 232 940 ) (1002 232 1198 ) (1000 232 1198 ) (1000 232 940 ) 
4 216 218 (1000 748 1198 ) (1000 748 940 ) (1000 232 940 ) (1000 232 1198 ) 
4 216 217 (1000 232 940 ) (1000 748 940 ) (1002 748 940 ) (1002 232 940 ) 
4 217 228 (1000 748 898 ) (1002 748 898 ) (1002 232 898 ) (1000 232 898 ) 
4 217 221 (1000 232 898 ) (1002 232 898 ) (1002 232 940 ) (1000 232 940 ) 
4 217 218 (1000 748 940 ) (1000 748 898 ) (1000 232 898 ) (1000 232 940 ) 
4 218 289 (0 232 1198 ) (0 241 1198 ) (0 241 898 ) (0 232 898 ) 
4 218 286 (0 241 1198 ) (0 243 1198 ) (0 243 898 ) (0 241 898 ) 
4 218 285 (0 243 1198 ) (0 250 1198 ) (0 250 898 ) (0 243 898 ) 
4 218 281 (0 250 1198 ) (0 748 1198 ) (0 748 898 ) (0 250 898 ) 
4 218 228 (988 748 898 ) (1000 748 898 ) (1000 232 898 ) (988 232 898 ) 
4 218 229 (0 232 898 ) (0 748 898 ) (988 748 898 ) (988 232 898 ) 
4 218 222 (0 232 898 ) (1000 232 898 ) (1000 232 1198 ) (0 232 1198 ) 
4 219 230 (1002 232 898 ) (1024 232 898 ) (1024 180 898 ) (1002 180 898 ) 
4 219 224 (1002 180 898 ) (1024 180 898 ) (1024 180 940 ) (1002 180 940 ) 
4 219 223 (1024 180 940 ) (1024 180 1198 ) (1002 180 1198 ) (1002 180 940 ) 
4 219 221 (1002 232 940 ) (1002 232 898 ) (1002 180 898 ) (1002 180 940 ) 
4 219 220 (1002 232 1198 ) (1002 232 940 ) (1002 180 940 ) (1002 180 1198 ) 
4 220 223 (1002 180 940 ) (1002 180 1198 ) (1000 180 1198 ) (1000 180 940 ) 
4 220 222 (1000 232 1198 ) (1000 232 940 ) (1000 180 940 ) (1000 180 1198 ) 
4 220 221 (1000 180 940 ) (1000 232 940 ) (1002 232 940 ) (1002 180 940 ) 
4 221 230 (1000 232 898 ) (1002 232 898 ) (1002 180 898 ) (1000 180 898 ) 
4 221 224 (1000 180 898 ) (1002 180 898 ) (1002 180 940 ) (1000 180 940 ) 
4 221 222 (1000 232 940 ) (1000 232 898 ) (1000 180 898 ) (1000 180 940 ) 
4 222 290 (0 180 1198 ) (0 232 1198 ) (0 232 898 ) (0 180 898 ) 
4 222 230 (988 232 898 ) (1000 232 898 ) (1000 180 898 ) (988 180 898 ) 
4 222 231 (0 180 898 ) (0 232 898 ) (988 232 898 ) (988 180 898 ) 
4 222 226 (0 180 898 ) (1000 180 898 ) (1000 180 1198 ) (0 180 1198 ) 
4 223 225 (1000 178 1198 ) (1000 178 940 ) (1024 178 940 ) (1024 178 1198 ) 
4 223 226 (1000 180 1198 ) (1000 180 940 ) (1000 178 940 ) (1000 178 1198 ) 
4 223 224 (1024 178 940 ) (1000 178 940 ) (1000 180 940 ) (1024 180 940 ) 
4 224 230 (1000 180 898 ) (1024 180 898 ) (1024 178 898 ) (1000 178 898 ) 
4 224 225 (1000 178 940 ) (1000 178 898 ) (1024 178 898 ) (1024 178 940 ) 
4 224 226 (1000 180 940 ) (1000 180 898 ) (1000 178 898 ) (1000 178 940 ) 
4 225 351 (1024 0 898 ) (1024 0 1198 ) (1000 0 1198 ) (1000 0 898 ) 
4 225 230 (1024 178 898 ) (1024 166 898 ) (1000 166 898 ) (1000 178 898 ) 
4 225 232 (1024 166 898 ) (1024 0 898 ) (1000 0 898 ) (1000 166 898 ) 
4 225 226 (1000 178 898 ) (1000 0 898 ) (1000 0 1198 ) (1000 178 1198 ) 
4 226 351 (1000 0 1198 ) (0 0 1198 ) (0 0 898 ) (1000 0 898 ) 
4 226 290 (0 0 898 ) (0 0 1198 ) (0 180 1198 ) (0 180 898 ) 
4 226 230 (988 180 898 ) (1000 180 898 ) (1000 166 898 ) (988 166 898 ) 
4 226 231 (0 166 898 ) (0 180 898 ) (988 180 898 ) (988 166 898 ) 
4 226 232 (0 0 898 ) (0 166 898 ) (1000 166 898 ) (1000 0 898 ) 
4 227 281 (0 1008 898 ) (0 1024 898 ) (0 1024 878 ) (0 1008 878 ) 
4 227 241 (374 1024 878 ) (376 1024 878 ) (376 1008 878 ) (374 1008 878 ) 
4 227 243 (0 1008 878 ) (0 1024 878 ) (374 1024 878 ) (374 1008 878 ) 
4 227 236 (376 1024 878 ) (1000 1024 878 ) (1000 1008 878 ) (376 1008 878 ) 
4 227 233 (1000 1024 878 ) (1024 1024 878 ) (1024 1008 878 ) (1000 1008 878 ) 
4 227 228 (1024 1008 890 ) (1024 1008 898 ) (988 1008 898 ) (988 1008 890 ) 
4 227 229 (0 1008 878 ) (988 1008 878 ) (988 1008 898 ) (0 1008 898 ) 
4 228 230 (1024 232 890 ) (1024 232 898 ) (988 232 898 ) (988 232 890 ) 
4 228 229 (988 1008 898 ) (988 1008 890 ) (988 232 890 ) (988 232 898 ) 
4 229 289 (0 232 898 ) (0 241 898 ) (0 241 878 ) (0 232 878 ) 
4 229 286 (0 241 898 ) (0 243 898 ) (0 243 878 ) (0 241 878 ) 
4 229 285 (0 243 898 ) (0 250 898 ) (0 250 878 ) (0 243 878 ) 
4 229 281 (0 250 898 ) (0 1008 898 ) (0 1008 878 ) (0 250 878 ) 
4 229 241 (374 1008 878 ) (376 1008 878 ) (376 232 878 ) (374 232 878 ) 
4 229 243 (0 232 878 ) (0 1008 878 ) (374 1008 878 ) (374 232 878 ) 
4 229 236 (376 1008 878 ) (988 1008 878 ) (988 232 878 ) (376 232 878 ) 
4 229 231 (0 232 878 ) (988 232 878 ) (988 232 898 ) (0 232 898 ) 
4 230 231 (988 232 898 ) (988 232 890 ) (988 166 890 ) (988 166 898 ) 
4 230 232 (1024 166 890 ) (1024 166 898 ) (988 166 898 ) (988 166 890 ) 
4 231 290 (0 166 898 ) (0 232 898 ) (0 232 878 ) (0 166 878 ) 
4 231 244 (374 232 878 ) (376 232 878 ) (376 184 878 ) (374 184 878 ) 
4 231 246 (0 184 878 ) (0 232 878 ) (374 232 878 ) (374 184 878 ) 
4 231 239 (828 184 878 ) (376 184 878 ) (376 186 878 ) (828 186 878 ) 
4 231 238 (988 186 878 ) (988 184 878 ) (828 184 878 ) (828 186 878 ) 
4 231 237 (376 232 878 ) (988 232 878 ) (988 186 878 ) (376 186 878 ) 
4 231 247 (0 178 878 ) (0 184 878 ) (988 184 878 ) (988 178 878 ) 
4 231 248 (0 166 878 ) (0 178 878 ) (988 178 878 ) (988 166 878 ) 
4 231 232 (0 166 878 ) (988 166 878 ) (988 166 898 ) (0 166 898 ) 
4 232 351 (1024 0 878 ) (1024 0 898 ) (0 0 898 ) (0 0 878 ) 
4 232 290 (0 0 878 ) (0 0 898 ) (0 166 898 ) (0 166 878 ) 
4 232 248 (0 0 878 ) (0 166 878 ) (1024 166 878 ) (1024 0 878 ) 
4 233 236 (1000 1024 538 ) (1000 1008 538 ) (1000 1008 878 ) (1000 1024 878 ) 
4 234 235 (1012 232 538 ) (1024 232 538 ) (1024 232 878 ) (1012 232 878 ) 
4 236 242 (376 1024 538 ) (376 232 538 ) (376 232 580 ) (376 1024 580 ) 
4 236 241 (376 232 580 ) (376 232 878 ) (376 1024 878 ) (376 1024 580 ) 
4 236 237 (376 232 878 ) (376 232 538 ) (1000 232 538 ) (1000 232 878 ) 
4 237 245 (376 232 538 ) (376 186 538 ) (376 186 580 ) (376 232 580 ) 
4 237 244 (376 186 580 ) (376 186 878 ) (376 232 878 ) (376 232 580 ) 
4 237 240 (376 186 580 ) (376 186 538 ) (828 186 538 ) (828 186 580 ) 
4 237 239 (376 186 878 ) (376 186 580 ) (828 186 580 ) (828 186 878 ) 
4 237 238 (828 186 538 ) (1000 186 538 ) (1000 186 878 ) (828 186 878 ) 
4 238 240 (828 186 580 ) (828 186 538 ) (828 184 538 ) (828 184 580 ) 
4 238 239 (828 186 878 ) (828 186 580 ) (828 184 580 ) (828 184 878 ) 
4 238 247 (828 184 538 ) (1000 184 538 ) (1000 184 878 ) (828 184 878 ) 
4 239 244 (376 184 580 ) (376 184 878 ) (376 186 878 ) (376 186 580 ) 
4 239 247 (828 184 580 ) (828 184 878 ) (376 184 878 ) (376 184 580 ) 
4 239 240 (376 184 580 ) (376 186 580 ) (828 186 580 ) (828 184 580 ) 
4 240 245 (376 186 538 ) (376 184 538 ) (376 184 580 ) (376 186 580 ) 
4 240 247 (376 184 538 ) (828 184 538 ) (828 184 580 ) (376 184 580 ) 
4 241 244 (376 232 580 ) (376 232 878 ) (374 232 878 ) (374 232 580 ) 
4 241 243 (374 232 580 ) (374 232 878 ) (374 1024 878 ) (374 1024 580 ) 
4 241 242 (376 232 580 ) (374 232 580 ) (374 1024 580 ) (376 1024 580 ) 
4 242 245 (374 232 538 ) (376 232 538 ) (376 232 580 ) (374 232 580 ) 
4 242 243 (374 1024 538 ) (374 232 538 ) (374 232 580 ) (374 1024 580 ) 
4 243 289 (0 232 878 ) (0 241 878 ) (0 241 538 ) (0 232 538 ) 
4 243 286 (0 241 878 ) (0 243 878 ) (0 243 538 ) (0 241 538 ) 
4 243 285 (0 243 878 ) (0 250 878 ) (0 250 538 ) (0 243 538 ) 
4 243 281 (0 250 878 ) (0 1024 878 ) (0 1024 538 ) (0 250 538 ) 
4 243 273 (0 232 538 ) (0 240 538 ) (368 240 538 ) (368 232 538 ) 
4 243 257 (0 241 538 ) (0 243 538 ) (368 243 538 ) (368 241 538 ) 
4 243 256 (0 243 538 ) (0 250 538 ) (368 250 538 ) (368 243 538 ) 
4 243 259 (0 240 538 ) (0 241 538 ) (368 241 538 ) (368 240 538 ) 
4 243 254 (0 250 538 ) (0 1024 538 ) (368 1024 538 ) (368 250 538 ) 
4 243 246 (0 232 538 ) (374 232 538 ) (374 232 878 ) (0 232 878 ) 
4 244 246 (374 232 878 ) (374 232 580 ) (374 184 580 ) (374 184 878 ) 
4 244 247 (376 184 580 ) (376 184 878 ) (374 184 878 ) (374 184 580 ) 
4 244 245 (374 184 580 ) (374 232 580 ) (376 232 580 ) (376 184 580 ) 
4 245 246 (374 232 580 ) (374 232 538 ) (374 184 538 ) (374 184 580 ) 
4 245 247 (374 184 538 ) (376 184 538 ) (376 184 580 ) (374 184 580 ) 
4 246 290 (0 184 878 ) (0 232 878 ) (0 232 538 ) (0 184 538 ) 
4 246 274 (0 220 538 ) (0 232 538 ) (368 232 538 ) (368 220 538 ) 
4 246 276 (0 184 538 ) (0 220 538 ) (368 220 538 ) (368 184 538 ) 
4 246 247 (0 184 538 ) (374 184 538 ) (374 184 878 ) (0 184 878 ) 
4 247 290 (0 178 878 ) (0 184 878 ) (0 184 538 ) (0 178 538 ) 
4 247 276 (0 178 538 ) (0 184 538 ) (368 184 538 ) (368 178 538 ) 
4 247 248 (0 178 538 ) (1000 178 538 ) (1000 178 878 ) (0 178 878 ) 
4 248 351 (1024 0 538 ) (1024 0 878 ) (0 0 878 ) (0 0 538 ) 
4 248 290 (0 0 538 ) (0 0 878 ) (0 178 878 ) (0 178 538 ) 
4 248 276 (368 0 538 ) (0 0 538 ) (0 178 538 ) (368 178 538 ) 
4 248 271 (1024 0 538 ) (368 0 538 ) (368 178 538 ) (1024 178 538 ) 
4 249 250 (378 680 4 ) (378 680 330 ) (378 1024 330 ) (378 1024 4 ) 
4 251 252 (1024 496 330 ) (376 496 330 ) (376 496 -8 ) (1024 496 -8 ) 
4 252 253 (1024 408 330 ) (376 408 330 ) (376 408 -8 ) (1024 408 -8 ) 
4 253 266 (556 240 272 ) (496 240 272 ) (496 240 78 ) (556 240 78 ) 
4 253 261 (682 240 272 ) (622 240 272 ) (622 240 78 ) (682 240 78 ) 
4 254 281 (0 250 538 ) (0 1024 538 ) (0 1024 373 ) (0 250 373 ) 
4 254 256 (368 250 373 ) (368 250 538 ) (0 250 538 ) (0 250 373 ) 
4 255 282 (0 476 -8 ) (0 250 -8 ) (0 250 156 ) (0 476 156 ) 
4 255 260 (0 250 -8 ) (30 250 -8 ) (30 250 114 ) (0 250 114 ) 
4 256 285 (0 243 538 ) (0 250 538 ) (0 250 373 ) (0 243 373 ) 
4 256 258 (0 243 373 ) (368 243 373 ) (368 243 415 ) (0 243 415 ) 
4 256 257 (368 243 415 ) (368 243 538 ) (0 243 538 ) (0 243 415 ) 
4 257 286 (0 241 538 ) (0 243 538 ) (0 243 415 ) (0 241 415 ) 
4 257 259 (368 241 415 ) (368 241 538 ) (0 241 538 ) (0 241 415 ) 
4 257 258 (368 241 415 ) (0 241 415 ) (0 243 415 ) (368 243 415 ) 
4 258 287 (0 243 415 ) (0 243 373 ) (0 241 373 ) (0 241 415 ) 
4 258 259 (0 241 373 ) (368 241 373 ) (368 241 415 ) (0 241 415 ) 
4 259 289 (0 240 538 ) (0 241 538 ) (0 241 373 ) (0 240 373 ) 
4 259 273 (368 240 373 ) (368 240 538 ) (0 240 538 ) (0 240 373 ) 
4 260 296 (0 250 114 ) (0 250 -8 ) (0 240 -8 ) (0 240 114 ) 
4 260 277 (0 240 -8 ) (30 240 -8 ) (30 240 114 ) (0 240 114 ) 
4 261 262 (622 239 272 ) (622 239 78 ) (682 239 78 ) (682 239 272 ) 
4 262 263 (622 237 272 ) (622 237 78 ) (682 237 78 ) (682 237 272 ) 
4 263 264 (622 236 272 ) (622 236 78 ) (682 236 78 ) (682 236 272 ) 
4 264 265 (622 234 272 ) (622 234 78 ) (682 234 78 ) (682 234 272 ) 
4 265 272 (622 232 78 ) (682 232 78 ) (682 232 272 ) (622 232 272 ) 
4 266 267 (496 239 272 ) (496 239 78 ) (556 239 78 ) (556 239 272 ) 
4 267 268 (496 237 272 ) (496 237 78 ) (556 237 78 ) (556 237 272 ) 
4 268 269 (496 236 272 ) (496 236 78 ) (556 236 78 ) (556 236 272 ) 
4 269 270 (496 234 272 ) (496 234 78 ) (556 234 78 ) (556 234 272 ) 
4 270 272 (496 232 78 ) (556 232 78 ) (556 232 272 ) (496 232 272 ) 
4 271 351 (1024 0 330 ) (1024 0 538 ) (368 0 538 ) (368 0 330 ) 
4 271 276 (368 0 330 ) (368 0 538 ) (368 178 538 ) (368 178 330 ) 
4 271 272 (1024 0 330 ) (368 0 330 ) (368 178 330 ) (1024 178 330 ) 
4 272 351 (1024 0 -8 ) (1024 0 330 ) (368 0 330 ) (368 0 -8 ) 
4 272 278 (368 232 -8 ) (368 0 -8 ) (368 0 114 ) (368 232 114 ) 
4 272 275 (368 220 330 ) (368 232 330 ) (368 232 114 ) (368 220 114 ) 
4 272 276 (368 0 114 ) (368 0 330 ) (368 220 330 ) (368 220 114 ) 
4 273 289 (0 232 538 ) (0 240 538 ) (0 240 373 ) (0 232 373 ) 
4 273 274 (0 232 373 ) (368 232 373 ) (368 232 538 ) (0 232 538 ) 
4 274 290 (0 220 538 ) (0 232 538 ) (0 232 373 ) (0 220 373 ) 
4 274 276 (368 220 373 ) (368 220 538 ) (0 220 538 ) (0 220 373 ) 
4 275 293 (0 232 114 ) (0 220 114 ) (0 220 359.976013 ) (0 232 359.976013 ) 
4 275 278 (0 220 114 ) (0 232 114 ) (368 232 114 ) (368 220 114 ) 
4 275 276 (0 220 114 ) (368 220 114 ) (368 220 359.976013 ) (0 220 359.976013 ) 
4 276 351 (368 0 538 ) (0 0 538 ) (0 0 114 ) (368 0 114 ) 
4 276 294 (0 0 114 ) (0 0 373 ) (0 220 373 ) (0 220 114 ) 
4 276 290 (0 0 373 ) (0 0 538 ) (0 220 538 ) (0 220 373 ) 
4 276 278 (0 0 114 ) (0 220 114 ) (368 220 114 ) (368 0 114 ) 
4 277 296 (0 232 114 ) (0 240 114 ) (0 240 -8 ) (0 232 -8 ) 
4 277 278 (0 232 -8 ) (30 232 -8 ) (30 232 114 ) (0 232 114 ) 
4 278 351 (0 0 114 ) (0 0 -8 ) (368 0 -8 ) (368 0 114 ) 
4 278 297 (0 0 -8 ) (0 0 114 ) (0 232 114 ) (0 232 -8 ) 
4 279 283 (-256 1024 1198 ) (-464 1024 1198 ) (-464 1024 373 ) (-256 1024 373 ) 
4 279 281 (0 1024 373 ) (0 1024 1198 ) (-256 1024 1198 ) (-256 1024 373 ) 
4 279 280 (-464 1044 1198 ) (-464 1044 373 ) (-464 1024 373 ) (-464 1024 1198 ) 
4 280 284 (-464 1024 373 ) (-464 1024 1198 ) (-472 1024 1198 ) (-472 1024 373 ) 
4 281 285 (0 250 1198 ) (-256 250 1198 ) (-256 250 373 ) (0 250 373 ) 
4 281 283 (-256 250 373 ) (-256 250 1198 ) (-256 1024 1198 ) (-256 1024 373 ) 
4 282 296 (-64 250 -8 ) (0 250 -8 ) (0 250 114 ) (-64 250 114 ) 
4 283 285 (-256 250 1198 ) (-452 250 1198 ) (-452 250 373 ) (-256 250 373 ) 
4 283 288 (-452 250 1198 ) (-464 250 1198 ) (-464 250 373 ) (-452 250 373 ) 
4 283 284 (-464 250 373 ) (-464 250 1198 ) (-464 1024 1198 ) (-464 1024 373 ) 
4 284 291 (-464 250 1198 ) (-472 250 1198 ) (-472 250 373 ) (-464 250 373 ) 
4 285 287 (-452 243 415 ) (-452 243 373 ) (0 243 373 ) (0 243 415 ) 
4 285 286 (-452 243 1198 ) (-452 243 415 ) (0 243 415 ) (0 243 1198 ) 
4 285 288 (-452 250 1198 ) (-452 250 373 ) (-452 243 373 ) (-452 243 1198 ) 
4 286 289 (0 241 415 ) (0 241 1198 ) (-452 241 1198 ) (-452 241 415 ) 
4 286 288 (-452 241 415 ) (-452 241 1198 ) (-452 243 1198 ) (-452 243 415 ) 
4 286 287 (0 241 415 ) (-452 241 415 ) (-452 243 415 ) (0 243 415 ) 
4 287 289 (-452 241 373 ) (0 241 373 ) (0 241 415 ) (-452 241 415 ) 
4 287 288 (-452 243 373 ) (-452 241 373 ) (-452 241 415 ) (-452 243 415 ) 
4 288 291 (-464 250 1198 ) (-464 250 373 ) (-464 241 373 ) (-464 241 1198 ) 
4 288 289 (-464 241 1198 ) (-464 241 373 ) (-452 241 373 ) (-452 241 1198 ) 
4 289 291 (-464 241 373 ) (-464 232 373 ) (-464 232 1198 ) (-464 241 1198 ) 
4 289 290 (-464 232 1198 ) (-464 232 373 ) (0 232 373 ) (0 232 1198 ) 
4 290 438 (-452 0 1198 ) (-464 0 1198 ) (-464 0 373 ) (-452 0 373 ) 
4 290 437 (0 0 373 ) (0 0 1198 ) (-452 0 1198 ) (-452 0 373 ) 
4 290 294 (0 220 373 ) (0 0 373 ) (-452 0 373 ) (-452 220 373 ) 
4 290 292 (-464 232 373 ) (-464 0 373 ) (-464 0 1198 ) (-464 232 1198 ) 
4 291 292 (-472 232 373 ) (-464 232 373 ) (-464 232 1198 ) (-472 232 1198 ) 
4 292 444 (-464 0 1198 ) (-472 0 1198 ) (-472 0 373 ) (-464 0 373 ) 
4 293 297 (0 232 114 ) (0 220 114 ) (-464 220 114 ) (-464 232 114 ) 
4 293 295 (-464 220 114 ) (-452 220 114 ) (-452 220 359.976013 ) (-464 220 359.976013 ) 
4 293 294 (-452 220 114 ) (0 220 114 ) (0 220 359.976013 ) (-452 220 359.976013 ) 
4 294 437 (0 0 114 ) (0 0 373 ) (-452 0 373 ) (-452 0 114 ) 
4 294 297 (0 0 114 ) (-452 0 114 ) (-452 220 114 ) (0 220 114 ) 
4 294 295 (-452 220 359.976013 ) (-452 220 114 ) (-452 0 114 ) (-452 0 359.976013 ) 
4 295 439 (-464 0 359.976013 ) (-464 0 114 ) (-452 0 114 ) (-452 0 359.976013 ) 
4 295 297 (-452 0 114 ) (-464 0 114 ) (-464 220 114 ) (-452 220 114 ) 
4 296 297 (-64 232 -8 ) (0 232 -8 ) (0 232 114 ) (-64 232 114 ) 
4 297 439 (-452 0 114 ) (-464 0 114 ) (-464 0 -8 ) (-452 0 -8 ) 
4 297 437 (0 0 -8 ) (0 0 114 ) (-452 0 114 ) (-452 0 -8 ) 
4 298 446 (-708 0 -8 ) (-482 0 -8 ) (-482 0 156 ) (-708 0 156 ) 
4 299 350 (1024 -44 1632 ) (1024 -908 1632 ) (1024 -908 2384 ) (1024 -44 2384 ) 
4 300 311 (1844 -458 1198 ) (1844 0 1198 ) (1844 0 532 ) (1844 -458 532 ) 
4 300 308 (1844 -458 532 ) (1844 -210 532 ) (1846 -210 532 ) (1846 -458 532 ) 
4 300 307 (1844 -210 532 ) (1844 -6 532 ) (1846 -6 532 ) (1846 -210 532 ) 
4 300 306 (1844 -6 532 ) (1844 0 532 ) (1846 0 532 ) (1846 -6 532 ) 
4 300 302 (1846 0 532 ) (2048 0 532 ) (2048 -458 532 ) (1846 -458 532 ) 
4 300 301 (1844 -458 1198 ) (1844 -458 532 ) (2048 -458 532 ) (2048 -458 1198 ) 
4 301 354 (1928 -1024 1198 ) (1844 -1024 1198 ) (1844 -1024 532 ) (1928 -1024 532 ) 
4 301 353 (2048 -1024 532 ) (2048 -1024 1198 ) (1928 -1024 1198 ) (1928 -1024 532 ) 
4 301 312 (1844 -1024 532 ) (1844 -1024 1198 ) (1844 -458 1198 ) (1844 -458 532 ) 
4 301 309 (1844 -620 532 ) (1844 -458 532 ) (1846 -458 532 ) (1846 -620 532 ) 
4 301 305 (1933 -620 532 ) (1846 -620 532 ) (1846 -618 532 ) (1933 -618 532 ) 
4 301 304 (2048 -618 532 ) (2048 -620 532 ) (1933 -620 532 ) (1933 -618 532 ) 
4 301 303 (1846 -458 532 ) (2048 -458 532 ) (2048 -618 532 ) (1846 -618 532 ) 
4 301 310 (2048 -1024 532 ) (1844 -1024 532 ) (1844 -620 532 ) (2048 -620 532 ) 
4 302 308 (1846 -210 490 ) (1846 -458 490 ) (1846 -458 532 ) (1846 -210 532 ) 
4 302 307 (1846 -6 490 ) (1846 -210 490 ) (1846 -210 532 ) (1846 -6 532 ) 
4 302 306 (1846 0 490 ) (1846 -6 490 ) (1846 -6 532 ) (1846 0 532 ) 
4 302 303 (1846 -458 532 ) (1846 -458 490 ) (2048 -458 490 ) (2048 -458 532 ) 
4 303 309 (1846 -458 490 ) (1846 -618 490 ) (1846 -618 532 ) (1846 -458 532 ) 
4 303 305 (1846 -618 532 ) (1846 -618 490 ) (1933 -618 490 ) (1933 -618 532 ) 
4 303 304 (1933 -618 490 ) (2048 -618 490 ) (2048 -618 532 ) (1933 -618 532 ) 
4 304 310 (2048 -620 532 ) (1933 -620 532 ) (1933 -620 490 ) (2048 -620 490 ) 
4 304 305 (1933 -618 532 ) (1933 -618 490 ) (1933 -620 490 ) (1933 -620 532 ) 
4 305 309 (1846 -618 490 ) (1846 -620 490 ) (1846 -620 532 ) (1846 -618 532 ) 
4 305 310 (1933 -620 532 ) (1846 -620 532 ) (1846 -620 490 ) (1933 -620 490 ) 
4 306 311 (1844 0 490 ) (1844 -6 490 ) (1844 -6 532 ) (1844 0 532 ) 
4 306 307 (1846 -6 490 ) (1846 -6 532 ) (1844 -6 532 ) (1844 -6 490 ) 
4 307 311 (1844 -6 490 ) (1844 -210 490 ) (1844 -210 532 ) (1844 -6 532 ) 
4 307 308 (1846 -210 490 ) (1846 -210 532 ) (1844 -210 532 ) (1844 -210 490 ) 
4 308 311 (1844 -210 490 ) (1844 -458 490 ) (1844 -458 532 ) (1844 -210 532 ) 
4 308 309 (1846 -458 490 ) (1846 -458 532 ) (1844 -458 532 ) (1844 -458 490 ) 
4 309 312 (1844 -458 490 ) (1844 -620 490 ) (1844 -620 532 ) (1844 -458 532 ) 
4 309 310 (1846 -620 532 ) (1844 -620 532 ) (1844 -620 490 ) (1846 -620 490 ) 
4 310 354 (1928 -1024 532 ) (1844 -1024 532 ) (1844 -1024 490 ) (1928 -1024 490 ) 
4 310 353 (2048 -1024 490 ) (2048 -1024 532 ) (1928 -1024 532 ) (1928 -1024 490 ) 
4 310 344 (1928 -1024 490 ) (1844 -1024 490 ) (1844 -1018 490 ) (1928 -1018 490 ) 
4 310 343 (1844 -1018 490 ) (1844 -632 490 ) (1928 -632 490 ) (1928 -1018 490 ) 
4 310 342 (2048 -632 490 ) (2048 -1024 490 ) (1928 -1024 490 ) (1928 -632 490 ) 
4 310 312 (1844 -620 490 ) (1844 -1024 490 ) (1844 -1024 532 ) (1844 -620 532 ) 
4 311 336 (1392 0 490 ) (1832 0 490 ) (1832 -458 490 ) (1392 -458 490 ) 
4 311 313 (1392 0 490 ) (1392 -458 490 ) (1392 -458 1198 ) (1392 0 1198 ) 
4 311 312 (1392 -458 1198 ) (1392 -458 490 ) (1844 -458 490 ) (1844 -458 1198 ) 
4 312 359 (1513 -1024 1198 ) (1392 -1024 1198 ) (1392 -1024 490 ) (1513 -1024 490 ) 
4 312 355 (1677 -1024 1198 ) (1513 -1024 1198 ) (1513 -1024 490 ) (1677 -1024 490 ) 
4 312 354 (1844 -1024 1198 ) (1677 -1024 1198 ) (1677 -1024 490 ) (1844 -1024 490 ) 
4 312 344 (1844 -1018 490 ) (1844 -1024 490 ) (1392 -1024 490 ) (1392 -1018 490 ) 
4 312 343 (1844 -632 490 ) (1844 -1018 490 ) (1392 -1018 490 ) (1392 -632 490 ) 
4 312 340 (1832 -632 490 ) (1392 -632 490 ) (1392 -624 490 ) (1832 -624 490 ) 
4 312 338 (1832 -624 490 ) (1392 -624 490 ) (1392 -458 490 ) (1832 -458 490 ) 
4 312 314 (1392 -458 490 ) (1392 -1024 490 ) (1392 -1024 1198 ) (1392 -458 1198 ) 
4 313 351 (1024 0 1198 ) (1024 0 490 ) (1024 -458 490 ) (1024 -458 1198 ) 
4 313 337 (1024 -458 490 ) (1024 0 490 ) (1392 0 490 ) (1392 -458 490 ) 
4 313 314 (1024 -458 490 ) (1392 -458 490 ) (1392 -458 1198 ) (1024 -458 1198 ) 
4 314 385 (1024 -1024 824 ) (1024 -1024 490 ) (1296 -1024 490 ) (1296 -1024 824 ) 
4 314 383 (1296 -1024 1198 ) (1024 -1024 1198 ) (1024 -1024 824 ) (1296 -1024 824 ) 
4 314 361 (1308 -1024 1198 ) (1296 -1024 1198 ) (1296 -1024 490 ) (1308 -1024 490 ) 
4 314 360 (1392 -1024 1198 ) (1308 -1024 1198 ) (1308 -1024 490 ) (1392 -1024 490 ) 
4 314 352 (1024 -458 490 ) (1024 -1024 490 ) (1024 -1024 1198 ) (1024 -458 1198 ) 
4 314 347 (1392 -1018 490 ) (1392 -1024 490 ) (1296 -1024 490 ) (1296 -1018 490 ) 
4 314 346 (1296 -632 490 ) (1392 -632 490 ) (1392 -1018 490 ) (1296 -1018 490 ) 
4 314 349 (1024 -1024 490 ) (1024 -632 490 ) (1296 -632 490 ) (1296 -1024 490 ) 
4 314 341 (1024 -632 490 ) (1024 -624 490 ) (1392 -624 490 ) (1392 -632 490 ) 
4 314 339 (1024 -624 490 ) (1024 -458 490 ) (1392 -458 490 ) (1392 -624 490 ) 
4 315 324 (1840 -114 482 ) (1840 -114 378 ) (2048 -114 378 ) (2048 -114 482 ) 
4 315 316 (2048 -114 378 ) (1840 -114 378 ) (1840 0 378 ) (2048 0 378 ) 
4 316 328 (1840 -114 378 ) (1840 -114 248 ) (2048 -114 248 ) (2048 -114 378 ) 
3 316 321 (1840 -114 248 ) (1840 -112 248 ) (1842 -112 248 ) 
4 316 320 (1943 -114 248 ) (1840 -114 248 ) (1842 -112 248 ) (1943 -112 248 ) 
4 316 319 (2048 -114 248 ) (1943 -114 248 ) (1943 -112 248 ) (2048 -112 248 ) 
4 316 318 (1840 -112 248 ) (1840 0 248 ) (1842 0 248 ) (1842 -112 248 ) 
4 316 317 (1842 0 248 ) (2048 0 248 ) (2048 -112 248 ) (1842 -112 248 ) 
4 317 320 (1842 -112 208 ) (1943 -112 208 ) (1943 -112 248 ) (1842 -112 248 ) 
4 317 319 (1943 -112 208 ) (2048 -112 208 ) (2048 -112 248 ) (1943 -112 248 ) 
4 317 318 (1842 0 208 ) (1842 -112 208 ) (1842 -112 248 ) (1842 0 248 ) 
4 318 321 (1840 -112 208 ) (1842 -112 208 ) (1842 -112 248 ) (1840 -112 248 ) 
4 319 328 (1943 -114 208 ) (2048 -114 208 ) (2048 -114 248 ) (1943 -114 248 ) 
4 319 320 (1943 -112 248 ) (1943 -112 208 ) (1943 -114 208 ) (1943 -114 248 ) 
4 320 328 (1840 -114 248 ) (1840 -114 208 ) (1943 -114 208 ) (1943 -114 248 ) 
4 320 321 (1842 -112 248 ) (1842 -112 208 ) (1840 -114 208 ) (1840 -114 248 ) 
4 322 332 (1840 -114 192 ) (1840 -114 -8 ) (2048 -114 -8 ) (2048 -114 192 ) 
3 323 327 (2048 -369.992798 378 ) (2048 -458 378 ) (1868.544434 -458 378 ) 
4 323 325 (1868.544434 -458 378 ) (2048 -458 378 ) (2048 -458 482 ) (1868.543335 -458 482 ) 
4 323 324 (2048 -369.992188 378 ) (1868.543701 -458 378 ) (1868.542847 -458 482 ) (2048 -369.992096 482 ) 
5 324 328 (1840 -458 378 ) (1840 -114 378 ) (2048 -114 378 ) (2048 -369.992798 378 ) (1868.544434 -458 378 ) 
4 324 326 (1840 -458 378 ) (1868.544434 -458 378 ) (1868.543335 -458 482 ) (1840 -458 482 ) 
5 325 329 (2048 -624 378 ) (1840 -624 378 ) (1840 -471.998535 378 ) (1868.544434 -458 378 ) (2048 -458 378 ) 
4 325 326 (1868.542847 -458 482 ) (1868.543701 -458 378 ) (1840 -471.998169 378 ) (1840 -471.998047 482 ) 
3 326 330 (1840 -471.998535 378 ) (1840 -458 378 ) (1868.544434 -458 378 ) 
3 327 331 (2048 -369.993500 192 ) (2048 -458 192 ) (1868.545776 -458 192 ) 
4 327 329 (1868.545776 -458 192 ) (2048 -458 192 ) (2048 -458 378 ) (1868.544434 -458 378 ) 
4 327 328 (2048 -369.993225 192 ) (1868.545288 -458 192 ) (1868.543701 -458 378 ) (2048 -369.992493 378 ) 
5 328 332 (1840 -458 192 ) (1840 -114 192 ) (2048 -114 192 ) (2048 -369.993500 192 ) (1868.545776 -458 192 ) 
4 328 330 (1840 -458 192 ) (1868.545776 -458 192 ) (1868.544434 -458 378 ) (1840 -458 378 ) 
5 329 333 (2048 -624 192 ) (1840 -624 192 ) (1840 -472 192 ) (1868.545776 -458 192 ) (2048 -458 192 ) 
4 329 330 (1868.543701 -458 378 ) (1868.545288 -458 192 ) (1840 -471.998962 192 ) (1840 -471.998047 378 ) 
3 330 334 (1840 -472 192 ) (1840 -458 192 ) (1868.545776 -458 192 ) 
4 331 333 (2048 -458 192 ) (1868.545776 -458 192 ) (1868.547485 -458 -8 ) (2048 -458 -8 ) 
4 331 332 (1868.546997 -458 -8 ) (1868.545288 -458 192 ) (2048 -369.993286 192 ) (2048 -369.994141 -8 ) 
4 332 334 (1868.545776 -458 192 ) (1840 -458 192 ) (1840 -458 -8 ) (1868.547485 -458 -8 ) 
4 333 335 (1840 -472 -8 ) (1840 -560 -8 ) (1840 -560 96 ) (1840 -472 96 ) 
4 333 334 (1868.545288 -458 192 ) (1868.546997 -458 -8 ) (1840 -472 -8 ) (1840 -472 192 ) 
4 335 338 (1832 -472 -8 ) (1832 -560 -8 ) (1832 -560 96 ) (1832 -472 96 ) 
4 336 338 (1392 -458 -8 ) (1832 -458 -8 ) (1832 -458 490 ) (1392 -458 490 ) 
4 336 337 (1392 0 -8 ) (1392 -458 -8 ) (1392 -458 490 ) (1392 0 490 ) 
4 337 351 (1024 0 490 ) (1024 0 -8 ) (1024 -458 -8 ) (1024 -458 490 ) 
4 337 339 (1024 -458 -8 ) (1392 -458 -8 ) (1392 -458 490 ) (1024 -458 490 ) 
4 338 340 (1392 -624 -8 ) (1832 -624 -8 ) (1832 -624 490 ) (1392 -624 490 ) 
4 338 339 (1392 -458 490 ) (1392 -458 -8 ) (1392 -624 -8 ) (1392 -624 490 ) 
4 339 352 (1024 -458 -8 ) (1024 -624 -8 ) (1024 -624 490 ) (1024 -458 490 ) 
4 339 341 (1024 -624 -8 ) (1392 -624 -8 ) (1392 -624 490 ) (1024 -624 490 ) 
4 340 343 (1392 -632 -8 ) (1832 -632 -8 ) (1832 -632 490 ) (1392 -632 490 ) 
4 340 341 (1392 -624 490 ) (1392 -624 -8 ) (1392 -632 -8 ) (1392 -632 490 ) 
4 341 352 (1024 -624 -8 ) (1024 -632 -8 ) (1024 -632 490 ) (1024 -624 490 ) 
4 341 346 (1296 -632 -8 ) (1392 -632 -8 ) (1392 -632 490 ) (1296 -632 490 ) 
4 341 349 (1024 -632 -8 ) (1296 -632 -8 ) (1296 -632 490 ) (1024 -632 490 ) 
4 342 364 (2048 -1024 -8 ) (2048 -1024 340 ) (1928 -1024 340 ) (1928 -1024 -8 ) 
4 342 353 (2048 -1024 340 ) (2048 -1024 490 ) (1928 -1024 490 ) (1928 -1024 340 ) 
4 342 344 (1928 -1024 352 ) (1928 -1024 490 ) (1928 -1018 490 ) (1928 -1018 352 ) 
4 342 345 (1928 -1018 -8 ) (1928 -1024 -8 ) (1928 -1024 340 ) (1928 -1018 340 ) 
4 342 343 (1928 -632 490 ) (1928 -632 -8 ) (1928 -1018 -8 ) (1928 -1018 490 ) 
4 343 346 (1392 -632 490 ) (1392 -632 -8 ) (1392 -1018 -8 ) (1392 -1018 490 ) 
4 343 344 (1392 -1018 490 ) (1392 -1018 352 ) (1928 -1018 352 ) (1928 -1018 490 ) 
4 343 345 (1392 -1018 340 ) (1392 -1018 -8 ) (1928 -1018 -8 ) (1928 -1018 340 ) 
4 344 359 (1513 -1024 490 ) (1392 -1024 490 ) (1392 -1024 352 ) (1513 -1024 352 ) 
4 344 355 (1677 -1024 490 ) (1513 -1024 490 ) (1513 -1024 352 ) (1677 -1024 352 ) 
4 344 354 (1928 -1024 490 ) (1677 -1024 490 ) (1677 -1024 352 ) (1928 -1024 352 ) 
4 344 347 (1392 -1024 352 ) (1392 -1024 490 ) (1392 -1018 490 ) (1392 -1018 352 ) 
4 345 371 (1738 -1024 -4 ) (1738 -1024 104 ) (1552 -1024 104 ) (1552 -1024 -4 ) 
4 345 368 (1626 -1024 268 ) (1552 -1024 268 ) (1552 -1024 172 ) (1626 -1024 172 ) 
4 345 365 (1738 -1024 172 ) (1738 -1024 268 ) (1664 -1024 268 ) (1664 -1024 172 ) 
4 345 348 (1392 -1018 -8 ) (1392 -1024 -8 ) (1392 -1024 340 ) (1392 -1018 340 ) 
4 346 347 (1296 -1018 490 ) (1296 -1018 352 ) (1392 -1018 352 ) (1392 -1018 490 ) 
4 346 348 (1296 -1018 340 ) (1296 -1018 -8 ) (1392 -1018 -8 ) (1392 -1018 340 ) 
4 346 349 (1296 -632 490 ) (1296 -632 -8 ) (1296 -1018 -8 ) (1296 -1018 490 ) 
4 347 361 (1308 -1024 490 ) (1296 -1024 490 ) (1296 -1024 352 ) (1308 -1024 352 ) 
4 347 360 (1392 -1024 490 ) (1308 -1024 490 ) (1308 -1024 352 ) (1392 -1024 352 ) 
4 347 349 (1296 -1024 352 ) (1296 -1024 490 ) (1296 -1018 490 ) (1296 -1018 352 ) 
4 348 349 (1296 -1018 -8 ) (1296 -1024 -8 ) (1296 -1024 340 ) (1296 -1018 340 ) 
4 349 385 (1296 -1024 490 ) (1024 -1024 490 ) (1024 -1024 -8 ) (1296 -1024 -8 ) 
4 349 352 (1024 -632 -8 ) (1024 -1024 -8 ) (1024 -1024 490 ) (1024 -632 490 ) 
4 351 437 (0 0 1198 ) (0 0 -8 ) (0 -458 -8 ) (0 -458 1198 ) 
4 351 352 (0 -458 -8 ) (1024 -458 -8 ) (1024 -458 1198 ) (0 -458 1198 ) 
4 352 440 (0 -458 -8 ) (0 -470 -8 ) (0 -470 1198 ) (0 -458 1198 ) 
4 352 443 (0 -470 -8 ) (0 -1024 -8 ) (0 -1024 1198 ) (0 -470 1198 ) 
4 352 426 (0 -1024 152 ) (0 -1024 -8 ) (264 -1024 -8 ) (264 -1024 152 ) 
4 352 425 (264 -1024 300 ) (0 -1024 300 ) (0 -1024 152 ) (264 -1024 152 ) 
4 352 424 (480 -1024 300 ) (264 -1024 300 ) (264 -1024 -8 ) (480 -1024 -8 ) 
4 352 423 (488 -1024 300 ) (480 -1024 300 ) (480 -1024 -8 ) (488 -1024 -8 ) 
4 352 422 (496 -1024 300 ) (488 -1024 300 ) (488 -1024 -8 ) (496 -1024 -8 ) 
4 352 418 (1024 -1024 -8 ) (1024 -1024 152 ) (496 -1024 152 ) (496 -1024 -8 ) 
4 352 416 (1024 -1024 152 ) (1024 -1024 300 ) (496 -1024 300 ) (496 -1024 152 ) 
4 352 402 (1024 -1024 300 ) (1024 -1024 824 ) (0 -1024 824 ) (0 -1024 300 ) 
4 352 400 (1024 -1024 824 ) (1024 -1024 836 ) (476 -1024 836 ) (476 -1024 824 ) 
4 352 401 (476 -1024 836 ) (0 -1024 836 ) (0 -1024 824 ) (476 -1024 824 ) 
4 352 399 (1024 -1024 836 ) (1024 -1024 1198 ) (0 -1024 1198 ) (0 -1024 836 ) 
4 353 379 (2048 -1604 340 ) (2048 -1612 340 ) (1928 -1612 340 ) (1928 -1604 340 ) 
4 353 372 (2048 -1056 340 ) (2048 -1604 340 ) (1928 -1604 340 ) (1928 -1056 340 ) 
4 353 364 (1928 -1024 340 ) (2048 -1024 340 ) (2048 -1056 340 ) (1928 -1056 340 ) 
4 353 354 (1928 -1612 352 ) (1928 -1612 1198 ) (1928 -1024 1198 ) (1928 -1024 352 ) 
4 354 357 (1677 -1030 352 ) (1677 -1032 352 ) (1677 -1032 394 ) (1677 -1030 394 ) 
4 354 356 (1677 -1032 394 ) (1677 -1032 1198 ) (1677 -1030 1198 ) (1677 -1030 394 ) 
4 354 355 (1677 -1024 352 ) (1677 -1030 352 ) (1677 -1030 1198 ) (1677 -1024 1198 ) 
4 354 358 (1677 -1032 352 ) (1677 -1616 352 ) (1677 -1616 1198 ) (1677 -1032 1198 ) 
4 355 359 (1513 -1024 352 ) (1513 -1030 352 ) (1513 -1030 1198 ) (1513 -1024 1198 ) 
4 355 357 (1513 -1030 394 ) (1513 -1030 352 ) (1677 -1030 352 ) (1677 -1030 394 ) 
4 355 356 (1513 -1030 1198 ) (1513 -1030 394 ) (1677 -1030 394 ) (1677 -1030 1198 ) 
4 356 359 (1513 -1032 394 ) (1513 -1032 1198 ) (1513 -1030 1198 ) (1513 -1030 394 ) 
4 356 358 (1513 -1032 1198 ) (1513 -1032 394 ) (1677 -1032 394 ) (1677 -1032 1198 ) 
4 356 357 (1677 -1032 394 ) (1513 -1032 394 ) (1513 -1030 394 ) (1677 -1030 394 ) 
4 357 359 (1513 -1030 352 ) (1513 -1032 352 ) (1513 -1032 394 ) (1513 -1030 394 ) 
4 357 358 (1513 -1032 394 ) (1513 -1032 352 ) (1677 -1032 352 ) (1677 -1032 394 ) 
4 358 359 (1513 -1032 352 ) (1513 -1616 352 ) (1513 -1616 1198 ) (1513 -1032 1198 ) 
4 359 360 (1392 -1024 352 ) (1392 -1616 352 ) (1392 -1616 1198 ) (1392 -1024 1198 ) 
4 360 362 (1308 -1616 836 ) (1308 -1616 1198 ) (1308 -1092 1198 ) (1308 -1092 836 ) 
4 360 363 (1308 -1092 352 ) (1308 -1616 352 ) (1308 -1616 824 ) (1308 -1092 824 ) 
4 360 361 (1308 -1024 352 ) (1308 -1092 352 ) (1308 -1092 1198 ) (1308 -1024 1198 ) 
4 361 385 (1296 -1024 824 ) (1296 -1024 352 ) (1296 -1092 352 ) (1296 -1092 824 ) 
4 361 383 (1296 -1024 1198 ) (1296 -1024 824 ) (1296 -1092 824 ) (1296 -1092 1198 ) 
4 361 362 (1308 -1092 836 ) (1308 -1092 1198 ) (1296 -1092 1198 ) (1296 -1092 836 ) 
4 361 363 (1296 -1092 352 ) (1308 -1092 352 ) (1308 -1092 824 ) (1296 -1092 824 ) 
4 362 384 (1296 -1616 836 ) (1296 -1616 1198 ) (1296 -1092 1198 ) (1296 -1092 836 ) 
4 363 392 (1296 -1466 660 ) (1296 -1592 660 ) (1296 -1592 744 ) (1296 -1466 744 ) 
4 363 390 (1296 -1302 660 ) (1296 -1428 660 ) (1296 -1428 744 ) (1296 -1302 744 ) 
4 363 388 (1296 -1142 660 ) (1296 -1268 660 ) (1296 -1268 744 ) (1296 -1142 744 ) 
4 363 385 (1296 -1092 352 ) (1296 -1104 352 ) (1296 -1104 824 ) (1296 -1092 824 ) 
4 364 372 (1928 -1056 -8 ) (2048 -1056 -8 ) (2048 -1056 340 ) (1928 -1056 340 ) 
4 365 366 (1664 -1036 268 ) (1664 -1036 172 ) (1738 -1036 172 ) (1738 -1036 268 ) 
4 366 367 (1664 -1044 268 ) (1664 -1044 172 ) (1738 -1044 172 ) (1738 -1044 268 ) 
4 367 373 (1738 -1056 172 ) (1738 -1056 268 ) (1664 -1056 268 ) (1664 -1056 172 ) 
4 368 369 (1552 -1036 172 ) (1626 -1036 172 ) (1626 -1036 268 ) (1552 -1036 268 ) 
4 369 370 (1552 -1044 172 ) (1626 -1044 172 ) (1626 -1044 268 ) (1552 -1044 268 ) 
4 370 373 (1626 -1056 268 ) (1552 -1056 268 ) (1552 -1056 172 ) (1626 -1056 172 ) 
4 371 375 (1738 -1056 -4 ) (1738 -1056 104 ) (1552 -1056 104 ) (1552 -1056 -4 ) 
4 372 379 (2048 -1604 198 ) (2048 -1604 340 ) (1928 -1604 340 ) (1928 -1604 198 ) 
4 373 375 (1552 -1056 164 ) (1920 -1056 164 ) (1920 -1604 164 ) (1612 -1604 164 ) 
4 373 374 (1552 -1056 340 ) (1552 -1056 164 ) (1612 -1604 164 ) (1612 -1604 340 ) 
4 374 377 (1392 -1056 340 ) (1392 -1056 164 ) (1392 -1604 164 ) (1392 -1604 340 ) 
4 374 376 (1392 -1604 164 ) (1392 -1056 164 ) (1552 -1056 164 ) (1612 -1604 164 ) 
4 375 380 (1612 -1604 -4 ) (1680 -1604 -4 ) (1680 -1604 112 ) (1612 -1604 112 ) 
4 375 376 (1612 -1604 164 ) (1552 -1056 164 ) (1552 -1056 -4 ) (1612 -1604 -4 ) 
4 376 378 (1392 -1056 164 ) (1392 -1056 -4 ) (1392 -1604 -4 ) (1392 -1604 164 ) 
4 377 378 (1304 -1056 164 ) (1392 -1056 164 ) (1392 -1604 164 ) (1304 -1604 164 ) 
4 378 381 (1304 -1352 112 ) (1304 -1352 -4 ) (1304 -1420 -4 ) (1304 -1420 112 ) 
4 380 382 (1680 -1612 -4 ) (1680 -1612 112 ) (1612 -1612 112 ) (1612 -1612 -4 ) 
4 381 397 (1296 -1420 -4 ) (1296 -1420 112 ) (1296 -1352 112 ) (1296 -1352 -4 ) 
4 383 400 (1024 -1024 836 ) (1024 -1024 824 ) (1024 -1092 824 ) (1024 -1092 836 ) 
4 383 399 (1024 -1024 1198 ) (1024 -1024 836 ) (1024 -1092 836 ) (1024 -1092 1198 ) 
4 383 385 (1024 -1092 824 ) (1024 -1024 824 ) (1296 -1024 824 ) (1296 -1092 824 ) 
4 383 384 (1296 -1092 836 ) (1296 -1092 1198 ) (1024 -1092 1198 ) (1024 -1092 836 ) 
4 384 399 (1024 -1616 836 ) (1024 -1616 1198 ) (1024 -1092 1198 ) (1024 -1092 836 ) 
4 385 418 (1024 -1104 -8 ) (1024 -1104 152 ) (1024 -1024 152 ) (1024 -1024 -8 ) 
4 385 416 (1024 -1104 152 ) (1024 -1104 300 ) (1024 -1024 300 ) (1024 -1024 152 ) 
4 385 402 (1024 -1104 300 ) (1024 -1104 824 ) (1024 -1024 824 ) (1024 -1024 300 ) 
4 385 386 (1030 -1104 604 ) (1158 -1104 604 ) (1158 -1104 770 ) (1030 -1104 770 ) 
4 386 387 (1030 -1122 770 ) (1030 -1122 604 ) (1158 -1122 604 ) (1158 -1122 770 ) 
4 387 396 (1030 -1124 604 ) (1158 -1124 604 ) (1158 -1124 660 ) (1030 -1124 660 ) 
4 387 394 (1158 -1124 660 ) (1158 -1124 770 ) (1030 -1124 770 ) (1030 -1124 660 ) 
4 388 389 (1278 -1142 744 ) (1278 -1142 660 ) (1278 -1268 660 ) (1278 -1268 744 ) 
4 389 394 (1276 -1142 660 ) (1276 -1268 660 ) (1276 -1268 744 ) (1276 -1142 744 ) 
4 390 391 (1278 -1302 744 ) (1278 -1302 660 ) (1278 -1428 660 ) (1278 -1428 744 ) 
4 391 394 (1276 -1302 660 ) (1276 -1428 660 ) (1276 -1428 744 ) (1276 -1302 744 ) 
4 392 393 (1278 -1466 744 ) (1278 -1466 660 ) (1278 -1592 660 ) (1278 -1592 744 ) 
4 393 394 (1276 -1466 660 ) (1276 -1592 660 ) (1276 -1592 744 ) (1276 -1466 744 ) 
4 394 409 (1024 -1608 824 ) (1024 -1124 824 ) (1024 -1124 660 ) (1024 -1608 660 ) 
4 394 396 (1024 -1608 660 ) (1024 -1124 660 ) (1276 -1124 660 ) (1276 -1608 660 ) 
4 395 396 (1276 -1124 152 ) (1276 -1608 152 ) (1276 -1608 340 ) (1276 -1124 340 ) 
4 396 420 (1024 -1608 152 ) (1024 -1608 300 ) (1024 -1136 300 ) (1024 -1136 152 ) 
4 396 417 (1024 -1136 300 ) (1024 -1124 300 ) (1024 -1124 152 ) (1024 -1136 152 ) 
4 396 409 (1024 -1608 300 ) (1024 -1608 660 ) (1024 -1124 660 ) (1024 -1124 300 ) 
4 398 421 (1024 -1608 -8 ) (1024 -1608 144 ) (1024 -1136 144 ) (1024 -1136 -8 ) 
4 399 466 (0 -1024 1198 ) (0 -1024 836 ) (0 -1616 836 ) (0 -1616 1198 ) 
4 399 400 (476 -1092 836 ) (476 -1024 836 ) (1024 -1024 836 ) (1024 -1092 836 ) 
4 399 401 (476 -1616 836 ) (0 -1616 836 ) (0 -1024 836 ) (476 -1024 836 ) 
4 400 402 (476 -1024 824 ) (1024 -1024 824 ) (1024 -1092 824 ) (476 -1092 824 ) 
4 400 401 (476 -1024 824 ) (476 -1092 824 ) (476 -1092 836 ) (476 -1024 836 ) 
4 401 466 (0 -1024 836 ) (0 -1024 824 ) (0 -1616 824 ) (0 -1616 836 ) 
4 401 412 (0 -1218 824 ) (0 -1216 824 ) (66 -1216 824 ) (66 -1218 824 ) 
4 401 411 (0 -1216 824 ) (0 -1124 824 ) (66 -1124 824 ) (66 -1216 824 ) 
4 401 414 (66 -1616 824 ) (0 -1616 824 ) (0 -1218 824 ) (66 -1218 824 ) 
4 401 410 (476 -1124 824 ) (476 -1616 824 ) (66 -1616 824 ) (66 -1124 824 ) 
4 401 407 (476 -1104 824 ) (476 -1124 824 ) (0 -1124 824 ) (0 -1104 824 ) 
4 401 402 (0 -1024 824 ) (476 -1024 824 ) (476 -1104 824 ) (0 -1104 824 ) 
4 402 471 (0 -1024 308 ) (0 -1024 300 ) (0 -1104 300 ) (0 -1104 308 ) 
4 402 467 (0 -1024 350 ) (0 -1024 308 ) (0 -1104 308 ) (0 -1104 350 ) 
4 402 466 (0 -1104 824 ) (0 -1024 824 ) (0 -1024 350 ) (0 -1104 350 ) 
4 402 425 (0 -1104 300 ) (0 -1024 300 ) (264 -1024 300 ) (264 -1104 300 ) 
4 402 424 (264 -1024 300 ) (480 -1024 300 ) (480 -1104 300 ) (264 -1104 300 ) 
4 402 423 (480 -1024 300 ) (488 -1024 300 ) (488 -1104 300 ) (480 -1104 300 ) 
4 402 422 (488 -1024 300 ) (496 -1024 300 ) (496 -1104 300 ) (488 -1104 300 ) 
4 402 416 (496 -1024 300 ) (1024 -1024 300 ) (1024 -1104 300 ) (496 -1104 300 ) 
4 402 408 (0 -1104 300 ) (488 -1104 300 ) (488 -1104 604 ) (0 -1104 604 ) 
4 402 407 (488 -1104 824 ) (0 -1104 824 ) (0 -1104 604 ) (488 -1104 604 ) 
4 402 405 (754 -1104 770 ) (626 -1104 770 ) (626 -1104 604 ) (754 -1104 604 ) 
4 402 403 (956 -1104 770 ) (828 -1104 770 ) (828 -1104 604 ) (956 -1104 604 ) 
4 403 404 (828 -1122 770 ) (828 -1122 604 ) (956 -1122 604 ) (956 -1122 770 ) 
4 404 409 (956 -1124 770 ) (828 -1124 770 ) (828 -1124 604 ) (956 -1124 604 ) 
4 405 406 (754 -1122 604 ) (754 -1122 770 ) (626 -1122 770 ) (626 -1122 604 ) 
4 406 409 (754 -1124 770 ) (626 -1124 770 ) (626 -1124 604 ) (754 -1124 604 ) 
4 407 466 (0 -1124 824 ) (0 -1104 824 ) (0 -1104 604 ) (0 -1124 604 ) 
4 407 411 (66 -1124 824 ) (0 -1124 824 ) (0 -1124 604 ) (66 -1124 604 ) 
4 407 410 (488 -1124 824 ) (66 -1124 824 ) (66 -1124 604 ) (488 -1124 604 ) 
4 407 408 (488 -1124 604 ) (0 -1124 604 ) (0 -1104 604 ) (488 -1104 604 ) 
4 408 471 (0 -1104 308 ) (0 -1104 300 ) (0 -1124 300 ) (0 -1124 308 ) 
4 408 467 (0 -1104 350 ) (0 -1104 308 ) (0 -1124 308 ) (0 -1124 350 ) 
4 408 466 (0 -1104 604 ) (0 -1104 350 ) (0 -1124 350 ) (0 -1124 604 ) 
4 408 425 (0 -1124 300 ) (0 -1104 300 ) (264 -1104 300 ) (264 -1124 300 ) 
4 408 424 (264 -1104 300 ) (480 -1104 300 ) (480 -1124 300 ) (264 -1124 300 ) 
4 408 423 (480 -1104 300 ) (488 -1104 300 ) (488 -1124 300 ) (480 -1124 300 ) 
4 408 415 (0 -1124 300 ) (488 -1124 300 ) (488 -1124 308 ) (0 -1124 308 ) 
4 408 411 (66 -1124 604 ) (0 -1124 604 ) (0 -1124 308 ) (66 -1124 308 ) 
4 408 410 (488 -1124 308 ) (488 -1124 604 ) (66 -1124 604 ) (66 -1124 308 ) 
4 409 420 (1024 -1136 300 ) (1024 -1608 300 ) (496 -1608 300 ) (496 -1136 300 ) 
4 409 417 (496 -1124 300 ) (1024 -1124 300 ) (1024 -1136 300 ) (496 -1136 300 ) 
4 410 415 (66 -1124 308 ) (488 -1124 308 ) (488 -1204 308 ) (66 -1204 308 ) 
4 410 413 (66 -1216 308 ) (66 -1218 308 ) (66 -1218 350 ) (66 -1216 350 ) 
4 410 412 (66 -1218 350 ) (66 -1218 824 ) (66 -1216 824 ) (66 -1216 350 ) 
4 410 411 (66 -1124 824 ) (66 -1124 308 ) (66 -1216 308 ) (66 -1216 824 ) 
4 410 414 (66 -1218 308 ) (66 -1616 308 ) (66 -1616 824 ) (66 -1218 824 ) 
4 411 467 (0 -1124 350 ) (0 -1124 308 ) (0 -1216 308 ) (0 -1216 350 ) 
4 411 466 (0 -1216 824 ) (0 -1124 824 ) (0 -1124 350 ) (0 -1216 350 ) 
4 411 415 (0 -1204 308 ) (0 -1124 308 ) (66 -1124 308 ) (66 -1204 308 ) 
4 411 413 (0 -1216 308 ) (66 -1216 308 ) (66 -1216 350 ) (0 -1216 350 ) 
4 411 412 (66 -1216 350 ) (66 -1216 824 ) (0 -1216 824 ) (0 -1216 350 ) 
4 412 466 (0 -1218 824 ) (0 -1216 824 ) (0 -1216 350 ) (0 -1218 350 ) 
4 412 414 (66 -1218 350 ) (66 -1218 824 ) (0 -1218 824 ) (0 -1218 350 ) 
4 412 413 (66 -1218 350 ) (0 -1218 350 ) (0 -1216 350 ) (66 -1216 350 ) 
4 413 468 (0 -1216 350 ) (0 -1216 308 ) (0 -1218 308 ) (0 -1218 350 ) 
4 413 414 (0 -1218 308 ) (66 -1218 308 ) (66 -1218 350 ) (0 -1218 350 ) 
4 414 469 (0 -1218 350 ) (0 -1218 308 ) (0 -1616 308 ) (0 -1616 350 ) 
4 414 466 (0 -1616 824 ) (0 -1218 824 ) (0 -1218 350 ) (0 -1616 350 ) 
4 415 471 (0 -1204 308 ) (0 -1124 308 ) (0 -1124 300 ) (0 -1204 300 ) 
4 415 425 (0 -1204 300 ) (0 -1124 300 ) (264 -1124 300 ) (264 -1204 300 ) 
4 415 424 (264 -1124 300 ) (480 -1124 300 ) (480 -1204 300 ) (264 -1204 300 ) 
4 415 423 (480 -1124 300 ) (488 -1124 300 ) (488 -1204 300 ) (480 -1204 300 ) 
4 416 422 (496 -1104 300 ) (496 -1024 300 ) (496 -1024 152 ) (496 -1104 152 ) 
4 416 418 (496 -1104 152 ) (496 -1024 152 ) (1024 -1024 152 ) (1024 -1104 152 ) 
4 417 420 (496 -1136 300 ) (496 -1136 152 ) (1024 -1136 152 ) (1024 -1136 300 ) 
4 418 422 (496 -1024 -8 ) (496 -1104 -8 ) (496 -1104 152 ) (496 -1024 152 ) 
4 418 419 (810 -1104 120 ) (810 -1104 -8 ) (978 -1104 -8 ) (978 -1104 120 ) 
4 419 421 (810 -1136 -8 ) (978 -1136 -8 ) (978 -1136 120 ) (810 -1136 120 ) 
4 422 423 (488 -1024 -8 ) (488 -1104 -8 ) (488 -1104 300 ) (488 -1024 300 ) 
4 423 424 (480 -1024 -8 ) (480 -1216 -8 ) (480 -1216 300 ) (480 -1024 300 ) 
4 424 426 (264 -1024 -8 ) (264 -1216 -8 ) (264 -1216 152 ) (264 -1024 152 ) 
4 424 425 (264 -1216 152 ) (264 -1216 300 ) (264 -1024 300 ) (264 -1024 152 ) 
4 425 472 (0 -1216 300 ) (0 -1024 300 ) (0 -1024 152 ) (0 -1216 152 ) 
4 425 426 (0 -1024 152 ) (264 -1024 152 ) (264 -1216 152 ) (0 -1216 152 ) 
4 426 473 (0 -1024 152 ) (0 -1024 -8 ) (0 -1236 -8 ) (0 -1236 152 ) 
4 426 427 (0 -1236 -8 ) (264 -1236 -8 ) (264 -1236 152 ) (0 -1236 152 ) 
4 427 474 (0 -1236 -8 ) (0 -1244 -8 ) (0 -1244 152 ) (0 -1236 152 ) 
4 427 428 (0 -1244 -8 ) (264 -1244 -8 ) (264 -1244 152 ) (0 -1244 152 ) 
4 428 475 (0 -1244 -8 ) (0 -1248 -8 ) (0 -1248 152 ) (0 -1244 152 ) 
4 428 430 (0 -1248 -8 ) (264 -1248 -8 ) (264 -1248 152 ) (0 -1248 152 ) 
4 429 431 (264 -1360 -8 ) (480 -1360 -8 ) (480 -1360 300 ) (264 -1360 300 ) 
4 429 430 (264 -1248 300 ) (264 -1248 -8 ) (264 -1360 -8 ) (264 -1360 300 ) 
4 430 477 (0 -1360 300 ) (0 -1248 300 ) (0 -1248 -8 ) (0 -1360 -8 ) 
4 430 432 (0 -1360 -8 ) (264 -1360 -8 ) (264 -1360 300 ) (0 -1360 300 ) 
4 431 432 (264 -1360 300 ) (264 -1360 -8 ) (264 -1808 -8 ) (264 -1808 300 ) 
4 432 479 (0 -1808 300 ) (0 -1360 300 ) (0 -1360 -8 ) (0 -1808 -8 ) 
4 432 436 (0 -1646 -8 ) (0 -1638 -8 ) (252 -1638 -8 ) (252 -1646 -8 ) 
4 432 435 (0 -1638 -8 ) (0 -1420 -8 ) (252 -1420 -8 ) (252 -1638 -8 ) 
4 432 434 (252 -1420 -8 ) (260 -1420 -8 ) (260 -1646 -8 ) (252 -1646 -8 ) 
4 432 433 (0 -1420 -8 ) (0 -1412 -8 ) (260 -1412 -8 ) (260 -1420 -8 ) 
4 433 494 (0 -1420 -8 ) (0 -1412 -8 ) (0 -1412 -16 ) (0 -1420 -16 ) 
4 433 435 (0 -1420 -16 ) (252 -1420 -16 ) (252 -1420 -8 ) (0 -1420 -8 ) 
4 433 434 (252 -1420 -16 ) (260 -1420 -16 ) (260 -1420 -8 ) (252 -1420 -8 ) 
4 434 436 (252 -1638 -16 ) (252 -1646 -16 ) (252 -1646 -8 ) (252 -1638 -8 ) 
4 434 435 (252 -1420 -8 ) (252 -1420 -16 ) (252 -1638 -16 ) (252 -1638 -8 ) 
4 435 495 (0 -1638 -8 ) (0 -1420 -8 ) (0 -1420 -16 ) (0 -1638 -16 ) 
4 435 436 (0 -1638 -16 ) (252 -1638 -16 ) (252 -1638 -8 ) (0 -1638 -8 ) 
4 436 496 (0 -1646 -8 ) (0 -1638 -8 ) (0 -1638 -16 ) (0 -1646 -16 ) 
4 437 440 (-452 -458 -8 ) (0 -458 -8 ) (0 -458 1198 ) (-452 -458 1198 ) 
4 437 438 (-452 -458 373 ) (-452 -458 1198 ) (-452 0 1198 ) (-452 0 373 ) 
4 437 439 (-452 0 -8 ) (-452 -458 -8 ) (-452 -458 359.976013 ) (-452 0 359.976013 ) 
4 438 450 (-464 -458 373 ) (-464 -458 1198 ) (-464 -450 1198 ) (-464 -450 373 ) 
4 438 448 (-464 -450 1198 ) (-464 -441 1198 ) (-464 -441 373 ) (-464 -450 373 ) 
4 438 444 (-464 -441 1198 ) (-464 0 1198 ) (-464 0 373 ) (-464 -441 373 ) 
4 438 441 (-464 -458 1198 ) (-464 -458 373 ) (-452 -458 373 ) (-452 -458 1198 ) 
4 439 445 (-464 -232 -8 ) (-464 -320 -8 ) (-464 -320 114 ) (-464 -232 114 ) 
4 439 442 (-464 -458 359.976013 ) (-464 -458 -8 ) (-452 -458 -8 ) (-452 -458 359.976013 ) 
4 440 441 (-452 -458 1198 ) (-452 -458 373 ) (-452 -470 373 ) (-452 -470 1198 ) 
4 440 442 (-452 -458 359.976013 ) (-452 -458 -8 ) (-452 -470 -8 ) (-452 -470 359.976013 ) 
4 440 443 (-452 -470 -8 ) (0 -470 -8 ) (0 -470 1198 ) (-452 -470 1198 ) 
4 441 452 (-464 -470 373 ) (-464 -470 1198 ) (-464 -458 1198 ) (-464 -458 373 ) 
4 441 443 (-464 -470 1198 ) (-464 -470 373 ) (-452 -470 373 ) (-452 -470 1198 ) 
4 442 453 (-464 -458 -8 ) (-464 -470 -8 ) (-464 -470 359.976013 ) (-464 -458 359.976013 ) 
4 442 443 (-464 -470 359.976013 ) (-464 -470 -8 ) (-452 -470 -8 ) (-452 -470 359.976013 ) 
4 443 489 (-464 -1024 152 ) (-464 -1024 -8 ) (-352 -1024 -8 ) (-352 -1024 152 ) 
4 443 488 (-352 -1024 -8 ) (-280 -1024 -8 ) (-280 -1024 152 ) (-352 -1024 152 ) 
4 443 484 (-352 -1024 1198 ) (-464 -1024 1198 ) (-464 -1024 152 ) (-352 -1024 152 ) 
4 443 482 (-280 -1024 1198 ) (-352 -1024 1198 ) (-352 -1024 152 ) (-280 -1024 152 ) 
4 443 481 (-272 -1024 300 ) (-280 -1024 300 ) (-280 -1024 -8 ) (-272 -1024 -8 ) 
4 443 476 (-56 -1024 300 ) (-272 -1024 300 ) (-272 -1024 -8 ) (-56 -1024 -8 ) 
4 443 473 (0 -1024 -8 ) (0 -1024 152 ) (-56 -1024 152 ) (-56 -1024 -8 ) 
4 443 472 (0 -1024 152 ) (0 -1024 300 ) (-56 -1024 300 ) (-56 -1024 152 ) 
4 443 471 (0 -1024 300 ) (0 -1024 308 ) (-280 -1024 308 ) (-280 -1024 300 ) 
4 443 467 (0 -1024 308 ) (0 -1024 350 ) (-242 -1024 350 ) (-242 -1024 308 ) 
4 443 470 (-242 -1024 350 ) (-280 -1024 350 ) (-280 -1024 308 ) (-242 -1024 308 ) 
4 443 466 (0 -1024 350 ) (0 -1024 1198 ) (-280 -1024 1198 ) (-280 -1024 350 ) 
4 443 454 (-464 -470 -8 ) (-464 -1024 -8 ) (-464 -1024 1198 ) (-464 -470 1198 ) 
4 444 448 (-464 -441 373 ) (-464 -441 1198 ) (-472 -441 1198 ) (-472 -441 373 ) 
4 445 446 (-482 -232 -8 ) (-482 -320 -8 ) (-482 -320 114 ) (-482 -232 114 ) 
4 447 455 (-1024 -214 -8 ) (-1024 -441 -8 ) (-1024 -441 156 ) (-1024 -214 156 ) 
4 447 449 (-1014 -441 -8 ) (-928 -441 -8 ) (-928 -441 114 ) (-1014 -441 114 ) 
4 448 450 (-464 -450 373 ) (-464 -450 1198 ) (-472 -450 1198 ) (-472 -450 373 ) 
4 449 451 (-1014 -450 -8 ) (-928 -450 -8 ) (-928 -450 114 ) (-1014 -450 114 ) 
4 450 456 (-1024 -458 373.024017 ) (-1024 -458 1198 ) (-1024 -450 1198 ) (-1024 -450 373.024017 ) 
4 450 452 (-464 -458 373.024017 ) (-464 -458 1198 ) (-1024 -458 1198 ) (-1024 -458 373.024017 ) 
4 451 453 (-1014 -458 -8 ) (-928 -458 -8 ) (-928 -458 114 ) (-1014 -458 114 ) 
4 452 457 (-1024 -470 373.024017 ) (-1024 -470 1198 ) (-1024 -458 1198 ) (-1024 -458 373.024017 ) 
4 452 454 (-464 -470 373.024017 ) (-464 -470 1198 ) (-1024 -470 1198 ) (-1024 -470 373.024017 ) 
4 453 458 (-1024 -458 -8 ) (-1024 -470 -8 ) (-1024 -470 359.976013 ) (-1024 -458 359.976013 ) 
4 453 454 (-1024 -470 -8 ) (-464 -470 -8 ) (-464 -470 359.976013 ) (-1024 -470 359.976013 ) 
4 454 493 (-1024 -1024 152 ) (-1024 -1024 -8 ) (-960 -1024 -8 ) (-960 -1024 152 ) 
4 454 491 (-960 -1024 -8 ) (-640 -1024 -8 ) (-640 -1024 152 ) (-960 -1024 152 ) 
4 454 490 (-640 -1024 -8 ) (-464 -1024 -8 ) (-464 -1024 152 ) (-640 -1024 152 ) 
4 454 485 (-464 -1024 1198 ) (-1024 -1024 1198 ) (-1024 -1024 152 ) (-464 -1024 152 ) 
4 454 459 (-1024 -470 -8 ) (-1024 -1024 -8 ) (-1024 -1024 1198 ) (-1024 -470 1198 ) 
4 456 457 (-1024 -458 373.024017 ) (-1024 -458 1198 ) (-1192 -458 1198 ) (-1192 -458 373.024017 ) 
4 457 462 (-1184 -470 1198 ) (-1192 -470 1198 ) (-1192 -470 373.024017 ) (-1184 -470 373.024017 ) 
4 457 460 (-1172 -470 1198 ) (-1184 -470 1198 ) (-1184 -470 373.024017 ) (-1172 -470 373.024017 ) 
4 457 459 (-1024 -470 1198 ) (-1172 -470 1198 ) (-1172 -470 373.024017 ) (-1024 -470 373.024017 ) 
4 458 461 (-1184 -470 -8 ) (-1172 -470 -8 ) (-1172 -470 360 ) (-1184 -470 360 ) 
4 458 459 (-1172 -470 -8 ) (-1024 -470 -8 ) (-1024 -470 360 ) (-1172 -470 360 ) 
4 459 498 (-1024 -1024 -8 ) (-1024 -1024 1198 ) (-1172 -1024 1198 ) (-1172 -1024 -8 ) 
4 459 460 (-1172 -470 1198 ) (-1172 -470 373 ) (-1172 -1024 373 ) (-1172 -1024 1198 ) 
4 459 461 (-1172 -470 359.976013 ) (-1172 -470 -8 ) (-1172 -1024 -8 ) (-1172 -1024 359.976013 ) 
4 460 499 (-1172 -1024 1198 ) (-1184 -1024 1198 ) (-1184 -1024 373 ) (-1172 -1024 373 ) 
4 460 462 (-1184 -470 1198 ) (-1184 -470 373 ) (-1184 -1024 373 ) (-1184 -1024 1198 ) 
4 461 500 (-1184 -1024 359.976013 ) (-1184 -1024 -8 ) (-1172 -1024 -8 ) (-1172 -1024 359.976013 ) 
4 461 463 (-1184 -652 -8 ) (-1184 -1022 -8 ) (-1184 -1022 196 ) (-1184 -652 196 ) 
4 462 499 (-1184 -1024 1198 ) (-1192 -1024 1198 ) (-1192 -1024 373 ) (-1184 -1024 373 ) 
4 463 464 (-1192 -652 -8 ) (-1192 -1022 -8 ) (-1192 -1022 196 ) (-1192 -652 196 ) 
4 464 465 (-1644 -652 -8 ) (-1644 -1022 -8 ) (-1644 -1022 196 ) (-1644 -652 196 ) 
4 465 501 (-1984 -1024 360 ) (-1984 -1024 -8 ) (-1644 -1024 -8 ) (-1644 -1024 360 ) 
4 466 483 (-280 -1608 350 ) (-280 -1616 350 ) (-280 -1616 1198 ) (-280 -1608 1198 ) 
4 466 482 (-280 -1024 1198 ) (-280 -1024 350 ) (-280 -1608 350 ) (-280 -1608 1198 ) 
4 466 468 (-242 -1218 350 ) (-242 -1216 350 ) (0 -1216 350 ) (0 -1218 350 ) 
4 466 467 (-242 -1216 350 ) (-242 -1024 350 ) (0 -1024 350 ) (0 -1216 350 ) 
4 466 469 (0 -1616 350 ) (-242 -1616 350 ) (-242 -1218 350 ) (0 -1218 350 ) 
4 466 470 (-242 -1616 350 ) (-280 -1616 350 ) (-280 -1024 350 ) (-242 -1024 350 ) 
4 467 471 (-242 -1024 308 ) (0 -1024 308 ) (0 -1204 308 ) (-242 -1204 308 ) 
4 467 470 (-242 -1024 308 ) (-242 -1216 308 ) (-242 -1216 350 ) (-242 -1024 350 ) 
4 467 468 (-242 -1216 350 ) (-242 -1216 308 ) (0 -1216 308 ) (0 -1216 350 ) 
4 468 469 (-242 -1218 350 ) (-242 -1218 308 ) (0 -1218 308 ) (0 -1218 350 ) 
4 468 470 (-242 -1216 308 ) (-242 -1218 308 ) (-242 -1218 350 ) (-242 -1216 350 ) 
4 469 470 (-242 -1218 308 ) (-242 -1616 308 ) (-242 -1616 350 ) (-242 -1218 350 ) 
4 470 483 (-280 -1608 308 ) (-280 -1616 308 ) (-280 -1616 350 ) (-280 -1608 350 ) 
4 470 482 (-280 -1024 350 ) (-280 -1024 308 ) (-280 -1608 308 ) (-280 -1608 350 ) 
4 470 471 (-280 -1204 308 ) (-280 -1024 308 ) (-242 -1024 308 ) (-242 -1204 308 ) 
4 471 482 (-280 -1204 308 ) (-280 -1024 308 ) (-280 -1024 300 ) (-280 -1204 300 ) 
4 471 481 (-280 -1204 300 ) (-280 -1024 300 ) (-272 -1024 300 ) (-272 -1204 300 ) 
4 471 476 (-272 -1024 300 ) (-56 -1024 300 ) (-56 -1204 300 ) (-272 -1204 300 ) 
4 471 472 (-56 -1024 300 ) (0 -1024 300 ) (0 -1204 300 ) (-56 -1204 300 ) 
4 472 476 (-56 -1216 300 ) (-56 -1024 300 ) (-56 -1024 152 ) (-56 -1216 152 ) 
4 472 473 (-56 -1216 152 ) (-56 -1024 152 ) (0 -1024 152 ) (0 -1216 152 ) 
4 473 476 (-56 -1024 -8 ) (-56 -1216 -8 ) (-56 -1216 152 ) (-56 -1024 152 ) 
4 473 474 (0 -1236 152 ) (-56 -1236 152 ) (-56 -1236 -8 ) (0 -1236 -8 ) 
4 474 475 (0 -1244 152 ) (-56 -1244 152 ) (-56 -1244 -8 ) (0 -1244 -8 ) 
4 475 477 (-56 -1248 -8 ) (0 -1248 -8 ) (0 -1248 152 ) (-56 -1248 152 ) 
4 476 481 (-272 -1024 -8 ) (-272 -1216 -8 ) (-272 -1216 300 ) (-272 -1024 300 ) 
4 477 479 (-56 -1360 -8 ) (0 -1360 -8 ) (0 -1360 300 ) (-56 -1360 300 ) 
4 477 478 (-56 -1248 300 ) (-56 -1248 -8 ) (-56 -1360 -8 ) (-56 -1360 300 ) 
4 478 480 (-272 -1360 300 ) (-272 -1360 -8 ) (-56 -1360 -8 ) (-56 -1360 300 ) 
4 479 496 (0 -1638 -8 ) (0 -1646 -8 ) (-44 -1646 -8 ) (-44 -1638 -8 ) 
4 479 495 (0 -1420 -8 ) (0 -1638 -8 ) (-44 -1638 -8 ) (-44 -1420 -8 ) 
4 479 497 (-44 -1646 -8 ) (-52 -1646 -8 ) (-52 -1420 -8 ) (-44 -1420 -8 ) 
4 479 494 (0 -1412 -8 ) (0 -1420 -8 ) (-52 -1420 -8 ) (-52 -1412 -8 ) 
4 479 480 (-56 -1360 300 ) (-56 -1360 -8 ) (-56 -1808 -8 ) (-56 -1808 300 ) 
4 481 488 (-280 -1024 -8 ) (-280 -1216 -8 ) (-280 -1216 152 ) (-280 -1024 152 ) 
4 481 482 (-280 -1216 152 ) (-280 -1216 300 ) (-280 -1024 300 ) (-280 -1024 152 ) 
4 482 488 (-352 -1608 152 ) (-352 -1024 152 ) (-280 -1024 152 ) (-280 -1608 152 ) 
4 482 486 (-352 -1608 520 ) (-352 -1608 1198 ) (-352 -1216 1198 ) (-352 -1216 520 ) 
4 482 484 (-352 -1024 152 ) (-352 -1216 152 ) (-352 -1216 1198 ) (-352 -1024 1198 ) 
4 482 483 (-352 -1608 1198 ) (-352 -1608 308 ) (-280 -1608 308 ) (-280 -1608 1198 ) 
4 483 486 (-352 -1616 520 ) (-352 -1616 1198 ) (-352 -1608 1198 ) (-352 -1608 520 ) 
4 484 489 (-464 -1024 152 ) (-352 -1024 152 ) (-352 -1216 152 ) (-464 -1216 152 ) 
4 484 486 (-352 -1216 520 ) (-352 -1216 1198 ) (-464 -1216 1198 ) (-464 -1216 520 ) 
4 484 485 (-464 -1024 152 ) (-464 -1216 152 ) (-464 -1216 1198 ) (-464 -1024 1198 ) 
4 485 498 (-1024 -1024 1198 ) (-1024 -1024 152 ) (-1024 -1216 152 ) (-1024 -1216 1198 ) 
4 485 493 (-1024 -1216 152 ) (-1024 -1024 152 ) (-960 -1024 152 ) (-960 -1216 152 ) 
4 485 491 (-960 -1024 152 ) (-640 -1024 152 ) (-640 -1216 152 ) (-960 -1216 152 ) 
4 485 490 (-640 -1024 152 ) (-464 -1024 152 ) (-464 -1216 152 ) (-640 -1216 152 ) 
4 485 487 (-464 -1216 520 ) (-464 -1216 1198 ) (-1024 -1216 1198 ) (-1024 -1216 520 ) 
4 486 487 (-464 -1216 1198 ) (-464 -1216 520 ) (-464 -1616 520 ) (-464 -1616 1198 ) 
4 487 502 (-1024 -1616 520 ) (-1024 -1616 1198 ) (-1024 -1216 1198 ) (-1024 -1216 520 ) 
4 488 489 (-352 -1024 -8 ) (-352 -1216 -8 ) (-352 -1216 152 ) (-352 -1024 152 ) 
4 489 490 (-464 -1024 -8 ) (-464 -1216 -8 ) (-464 -1216 152 ) (-464 -1024 152 ) 
4 490 491 (-640 -1024 -8 ) (-640 -1216 -8 ) (-640 -1216 152 ) (-640 -1024 152 ) 
4 491 493 (-960 -1024 -8 ) (-960 -1216 -8 ) (-960 -1216 152 ) (-960 -1024 152 ) 
4 491 492 (-960 -1430 152 ) (-960 -1430 -8 ) (-640 -1238 -8 ) (-640 -1238 152 ) 
4 493 498 (-1024 -1024 152 ) (-1024 -1024 -8 ) (-1024 -1216 -8 ) (-1024 -1216 152 ) 
4 494 495 (-44 -1420 -16 ) (0 -1420 -16 ) (0 -1420 -8 ) (-44 -1420 -8 ) 
4 494 497 (-52 -1420 -8 ) (-52 -1420 -16 ) (-44 -1420 -16 ) (-44 -1420 -8 ) 
4 495 497 (-44 -1420 -8 ) (-44 -1420 -16 ) (-44 -1638 -16 ) (-44 -1638 -8 ) 
4 495 496 (-44 -1638 -8 ) (-44 -1638 -16 ) (0 -1638 -16 ) (0 -1638 -8 ) 
4 496 497 (-44 -1638 -16 ) (-44 -1646 -16 ) (-44 -1646 -8 ) (-44 -1638 -8 ) 
4 498 502 (-1024 -1216 520 ) (-1024 -1216 1198 ) (-1172 -1216 1198 ) (-1172 -1216 520 ) 
4 498 500 (-1172 -1024 -8 ) (-1172 -1216 -8 ) (-1172 -1216 359.976013 ) (-1172 -1024 359.976013 ) 
4 498 499 (-1172 -1216 373 ) (-1172 -1216 1198 ) (-1172 -1024 1198 ) (-1172 -1024 373 ) 
4 499 502 (-1172 -1216 1198 ) (-1192 -1216 1198 ) (-1192 -1216 520 ) (-1172 -1216 520 ) 
