PRT1
140
353
4 0 7 (1536 1024 -64 ) (1536 1024 -48 ) (1024 1024 -48 ) (1024 1024 -64 ) 
4 0 6 (1536 1024 -48 ) (1536 1024 512 ) (1024 1024 512 ) (1024 1024 -48 ) 
4 0 1 (1024 1024 -64 ) (1024 1024 512 ) (1024 1792 512 ) (1024 1792 -64 ) 
4 1 64 (0 1024 -64 ) (0 1024 512 ) (0 1792 512 ) (0 1792 -64 ) 
4 1 38 (144 1024 -48 ) (0 1024 -48 ) (0 1024 -64 ) (144 1024 -64 ) 
4 1 37 (320 1024 -48 ) (144 1024 -48 ) (144 1024 -64 ) (320 1024 -64 ) 
4 1 36 (384 1024 -48 ) (320 1024 -48 ) (320 1024 -64 ) (384 1024 -64 ) 
4 1 34 (1024 1024 -64 ) (1024 1024 -48 ) (384 1024 -48 ) (384 1024 -64 ) 
4 1 33 (0 1024 0 ) (0 1024 -48 ) (144 1024 -48 ) (144 1024 0 ) 
4 1 30 (0 1024 160 ) (0 1024 0 ) (128 1024 0 ) (128 1024 160 ) 
4 1 27 (128 1024 0 ) (144 1024 0 ) (144 1024 160 ) (128 1024 160 ) 
4 1 26 (0 1024 192 ) (0 1024 160 ) (144 1024 160 ) (144 1024 192 ) 
4 1 25 (144 1024 512 ) (0 1024 512 ) (0 1024 192 ) (144 1024 192 ) 
4 1 24 (320 1024 -32 ) (144 1024 -32 ) (144 1024 -48 ) (320 1024 -48 ) 
4 1 23 (1024 1024 -48 ) (1024 1024 -32 ) (320 1024 -32 ) (320 1024 -48 ) 
4 1 22 (256 1024 0 ) (144 1024 0 ) (144 1024 -32 ) (256 1024 -32 ) 
4 1 20 (288 1024 0 ) (256 1024 0 ) (256 1024 -32 ) (288 1024 -32 ) 
4 1 19 (1024 1024 -32 ) (1024 1024 0 ) (288 1024 0 ) (288 1024 -32 ) 
4 1 10 (288 1024 512 ) (144 1024 512 ) (144 1024 0 ) (288 1024 0 ) 
4 1 9 (1024 1024 0 ) (1024 1024 512 ) (288 1024 512 ) (288 1024 0 ) 
4 2 4 (3072 768 -632 ) (3072 512 -632 ) (3072 512 -248 ) (3072 768 -248 ) 
4 3 5 (3072 256 -632 ) (3072 0 -632 ) (3072 0 -248 ) (3072 256 -248 ) 
4 6 39 (1536 0 512 ) (1024 0 512 ) (1024 0 -48 ) (1536 0 -48 ) 
4 6 23 (1024 1024 -32 ) (1024 1024 -48 ) (1024 0 -48 ) (1024 0 -32 ) 
4 6 19 (1024 1024 0 ) (1024 1024 -32 ) (1024 0 -32 ) (1024 0 0 ) 
4 6 9 (1024 1024 512 ) (1024 1024 0 ) (1024 0 0 ) (1024 0 512 ) 
4 6 8 (1536 0 -48 ) (1024 0 -48 ) (1024 640 -48 ) (1536 640 -48 ) 
4 6 7 (1024 640 -48 ) (1024 1024 -48 ) (1536 1024 -48 ) (1536 640 -48 ) 
4 7 34 (1024 1024 -48 ) (1024 1024 -64 ) (1024 640 -64 ) (1024 640 -48 ) 
4 7 8 (1024 640 -64 ) (1536 640 -64 ) (1536 640 -48 ) (1024 640 -48 ) 
4 8 40 (1536 0 -48 ) (1024 0 -48 ) (1024 0 -64 ) (1536 0 -64 ) 
4 8 35 (1024 640 -64 ) (1024 0 -64 ) (1024 0 -48 ) (1024 640 -48 ) 
4 9 42 (1024 0 0 ) (1024 0 512 ) (288 0 512 ) (288 0 0 ) 
4 9 19 (288 1024 0 ) (1024 1024 0 ) (1024 0 0 ) (288 0 0 ) 
4 9 12 (288 0 112 ) (288 0 512 ) (288 384 512 ) (288 384 112 ) 
4 9 11 (288 384 0 ) (288 0 0 ) (288 0 96 ) (288 384 96 ) 
4 9 10 (288 1024 0 ) (288 384 0 ) (288 384 512 ) (288 1024 512 ) 
4 10 27 (144 1024 160 ) (144 1024 0 ) (144 784 0 ) (144 784 160 ) 
4 10 26 (144 1024 192 ) (144 1024 160 ) (144 784 160 ) (144 784 192 ) 
4 10 25 (144 1024 512 ) (144 1024 192 ) (144 384 192 ) (144 384 512 ) 
4 10 22 (144 384 0 ) (144 1024 0 ) (256 1024 0 ) (256 384 0 ) 
4 10 20 (256 1024 0 ) (288 1024 0 ) (288 384 0 ) (256 384 0 ) 
4 10 18 (232 384 136.888885 ) (232 384 512 ) (144 384 512 ) (144 384 176 ) 
4 10 17 (144 384 0 ) (232 384 0 ) (232 384 120.888878 ) (144 384 160 ) 
4 10 14 (232 384 0 ) (240 384 0 ) (240 384 117.333328 ) (232 384 120.888885 ) 
4 10 13 (240 384 133.333328 ) (240 384 512 ) (232 384 512 ) (232 384 136.888885 ) 
4 10 12 (288 384 112 ) (288 384 512 ) (240 384 512 ) (240 384 133.333344 ) 
4 10 11 (240 384 0 ) (288 384 0 ) (288 384 96 ) (240 384 117.333344 ) 
4 11 42 (240 0 117.333344 ) (240 0 0 ) (288 0 0 ) (288 0 96 ) 
4 11 21 (256 384 0 ) (288 384 0 ) (288 0 0 ) (256 0 0 ) 
4 11 16 (240 16 0 ) (240 0 0 ) (240 0 117.333336 ) (240 16 117.333336 ) 
4 11 15 (240 360 0 ) (240 24 0 ) (240 24 117.333336 ) (240 360 117.333344 ) 
4 11 14 (240 384 117.333344 ) (240 384 0 ) (240 368 0 ) (240 368 117.333344 ) 
4 12 42 (288 0 512 ) (240 0 512 ) (240 0 133.333344 ) (288 0 112 ) 
4 12 13 (240 384 512 ) (240 384 133.333344 ) (240 0 133.333344 ) (240 0 512 ) 
4 13 42 (240 0 512 ) (232 0 512 ) (232 0 136.888885 ) (240 0 133.333328 ) 
4 13 18 (232 384 512 ) (232 384 136.888885 ) (232 0 136.888885 ) (232 0 512 ) 
4 14 17 (232 384 120.888885 ) (232 384 0 ) (232 368 0 ) (232 368 120.888878 ) 
4 15 17 (232 360 0 ) (232 24 0 ) (232 24 120.888878 ) (232 360 120.888885 ) 
4 16 42 (232 0 120.888885 ) (232 0 0 ) (240 0 0 ) (240 0 117.333328 ) 
4 16 17 (232 16 0 ) (232 0 0 ) (232 0 120.888878 ) (232 16 120.888885 ) 
4 17 42 (144 0 160 ) (144 0 0 ) (232 0 0 ) (232 0 120.888878 ) 
4 17 28 (144 284 0 ) (144 212 0 ) (144 212 108 ) (144 284 108 ) 
4 18 42 (232 0 512 ) (144 0 512 ) (144 0 176 ) (232 0 136.888885 ) 
4 18 25 (144 0 192 ) (144 0 512 ) (144 384 512 ) (144 384 192 ) 
4 19 42 (1024 0 -32 ) (1024 0 0 ) (288 0 0 ) (288 0 -32 ) 
4 19 24 (288 384 -32 ) (288 1024 -32 ) (320 1024 -32 ) (320 384 -32 ) 
4 19 23 (1024 0 -32 ) (320 0 -32 ) (320 1024 -32 ) (1024 1024 -32 ) 
4 19 21 (288 0 -16 ) (288 0 0 ) (288 384 0 ) (288 384 -16 ) 
4 19 20 (288 1024 -32 ) (288 384 -32 ) (288 384 0 ) (288 1024 0 ) 
4 20 24 (256 384 -32 ) (256 1024 -32 ) (288 1024 -32 ) (288 384 -32 ) 
4 20 22 (256 1024 -32 ) (256 384 -32 ) (256 384 0 ) (256 1024 0 ) 
4 20 21 (256 384 0 ) (256 384 -16 ) (288 384 -16 ) (288 384 0 ) 
4 21 42 (288 0 0 ) (256 0 0 ) (256 0 -16 ) (288 0 -16 ) 
4 22 33 (144 1024 0 ) (144 1024 -32 ) (144 784 -32 ) (144 784 0 ) 
4 22 24 (144 384 -32 ) (144 1024 -32 ) (256 1024 -32 ) (256 384 -32 ) 
4 23 42 (1024 0 -48 ) (1024 0 -32 ) (320 0 -32 ) (320 0 -48 ) 
4 23 36 (384 0 -48 ) (320 0 -48 ) (320 1024 -48 ) (384 1024 -48 ) 
4 23 35 (1024 640 -48 ) (1024 0 -48 ) (384 0 -48 ) (384 640 -48 ) 
4 23 34 (1024 1024 -48 ) (1024 640 -48 ) (384 640 -48 ) (384 1024 -48 ) 
4 23 24 (320 1024 -48 ) (320 384 -48 ) (320 384 -32 ) (320 1024 -32 ) 
4 24 37 (144 384 -48 ) (144 1024 -48 ) (320 1024 -48 ) (320 384 -48 ) 
4 24 33 (144 1024 -32 ) (144 1024 -48 ) (144 784 -48 ) (144 784 -32 ) 
4 25 87 (0 0 192 ) (0 0 512 ) (0 496 512 ) (0 496 192 ) 
4 25 78 (0 496 512 ) (0 768 512 ) (0 768 192 ) (0 496 192 ) 
4 25 69 (0 768 512 ) (0 784 512 ) (0 784 192 ) (0 768 192 ) 
4 25 68 (0 784 512 ) (0 1024 512 ) (0 1024 192 ) (0 784 192 ) 
4 25 52 (0 0 512 ) (0 0 192 ) (128 0 192 ) (128 0 512 ) 
4 25 43 (128 0 192 ) (144 0 192 ) (144 0 512 ) (128 0 512 ) 
4 25 26 (144 1024 192 ) (144 784 192 ) (0 784 192 ) (0 1024 192 ) 
4 26 68 (0 784 192 ) (0 1024 192 ) (0 1024 160 ) (0 784 160 ) 
4 26 30 (0 784 160 ) (0 1024 160 ) (128 1024 160 ) (128 784 160 ) 
4 26 27 (128 1024 160 ) (144 1024 160 ) (144 784 160 ) (128 784 160 ) 
4 27 33 (144 1024 0 ) (144 784 0 ) (128 784 0 ) (128 1024 0 ) 
4 27 30 (128 1024 0 ) (128 784 0 ) (128 784 160 ) (128 1024 160 ) 
4 28 29 (136 284 108 ) (136 284 0 ) (136 212 0 ) (136 212 108 ) 
4 29 32 (128 284 0 ) (128 212 0 ) (128 212 108 ) (128 284 108 ) 
4 30 68 (0 784 160 ) (0 1024 160 ) (0 1024 0 ) (0 784 0 ) 
4 30 33 (0 784 0 ) (0 1024 0 ) (128 1024 0 ) (128 784 0 ) 
4 31 81 (0 512 160 ) (0 768 160 ) (0 768 0 ) (0 512 0 ) 
4 32 88 (0 0 0 ) (0 0 160 ) (0 320 160 ) (0 320 0 ) 
4 32 54 (0 0 160 ) (0 0 0 ) (128 0 0 ) (128 0 160 ) 
4 33 94 (0 784 0 ) (0 1024 0 ) (0 1024 -48 ) (0 784 -48 ) 
4 33 38 (0 784 -48 ) (0 1024 -48 ) (144 1024 -48 ) (144 784 -48 ) 
4 34 36 (384 1024 -64 ) (384 640 -64 ) (384 640 -48 ) (384 1024 -48 ) 
4 34 35 (384 640 -48 ) (384 640 -64 ) (1024 640 -64 ) (1024 640 -48 ) 
4 35 58 (1024 0 -64 ) (1024 0 -48 ) (384 0 -48 ) (384 0 -64 ) 
4 35 36 (384 640 -64 ) (384 0 -64 ) (384 0 -48 ) (384 640 -48 ) 
4 36 60 (384 0 -48 ) (320 0 -48 ) (320 0 -64 ) (384 0 -64 ) 
4 36 37 (320 1024 -64 ) (320 384 -64 ) (320 384 -48 ) (320 1024 -48 ) 
4 37 38 (144 1024 -64 ) (144 784 -64 ) (144 784 -48 ) (144 1024 -48 ) 
4 38 94 (0 784 -48 ) (0 1024 -48 ) (0 1024 -64 ) (0 784 -64 ) 
4 39 62 (1536 -1024 512 ) (1024 -1024 512 ) (1024 -1024 -48 ) (1536 -1024 -48 ) 
4 39 42 (1024 0 512 ) (1024 0 -48 ) (1024 -1024 -48 ) (1024 -1024 512 ) 
4 39 41 (1536 -256 -48 ) (1536 -1024 -48 ) (1024 -1024 -48 ) (1024 -256 -48 ) 
4 39 40 (1024 0 -48 ) (1536 0 -48 ) (1536 -256 -48 ) (1024 -256 -48 ) 
4 40 58 (1024 0 -48 ) (1024 0 -64 ) (1024 -256 -64 ) (1024 -256 -48 ) 
4 40 41 (1024 -256 -64 ) (1536 -256 -64 ) (1536 -256 -48 ) (1024 -256 -48 ) 
4 41 62 (1536 -1024 -48 ) (1024 -1024 -48 ) (1024 -1024 -64 ) (1536 -1024 -64 ) 
4 41 59 (1024 -256 -64 ) (1024 -1024 -64 ) (1024 -1024 -48 ) (1024 -256 -48 ) 
4 42 63 (1024 -1024 -48 ) (1024 -1024 512 ) (144 -1024 512 ) (144 -1024 -48 ) 
4 42 60 (384 -1024 -48 ) (144 -1024 -48 ) (144 0 -48 ) (384 0 -48 ) 
4 42 59 (1024 -256 -48 ) (1024 -1024 -48 ) (384 -1024 -48 ) (384 -256 -48 ) 
4 42 58 (1024 0 -48 ) (1024 -256 -48 ) (384 -256 -48 ) (384 0 -48 ) 
4 42 57 (144 -400 -48 ) (144 -1024 -48 ) (144 -1024 0 ) (144 -400 0 ) 
4 42 51 (144 -400 0 ) (144 -1024 0 ) (144 -1024 52 ) (144 -400 52 ) 
4 42 50 (144 -400 52 ) (144 -1024 52 ) (144 -1024 92 ) (144 -400 92 ) 
4 42 48 (144 -308 52 ) (144 -332 52 ) (144 -332 92 ) (144 -308 92 ) 
4 42 46 (144 -180 52 ) (144 -204 52 ) (144 -204 92 ) (144 -180 92 ) 
4 42 45 (144 -400 92 ) (144 -1024 92 ) (144 -1024 160 ) (144 -400 160 ) 
4 42 44 (144 -400 160 ) (144 -1024 160 ) (144 -1024 192 ) (144 -400 192 ) 
4 42 43 (144 0 512 ) (144 0 192 ) (144 -1024 192 ) (144 -1024 512 ) 
4 43 63 (128 -1024 512 ) (128 -1024 192 ) (144 -1024 192 ) (144 -1024 512 ) 
4 43 52 (128 0 512 ) (128 0 192 ) (128 -400 192 ) (128 -400 512 ) 
4 43 53 (128 -400 192 ) (128 -1024 192 ) (128 -1024 512 ) (128 -400 512 ) 
4 43 44 (128 -1024 192 ) (128 -400 192 ) (144 -400 192 ) (144 -1024 192 ) 
4 44 63 (128 -1024 192 ) (128 -1024 160 ) (144 -1024 160 ) (144 -1024 192 ) 
4 44 53 (128 -400 160 ) (128 -1024 160 ) (128 -1024 192 ) (128 -400 192 ) 
4 44 45 (128 -1024 160 ) (128 -400 160 ) (144 -400 160 ) (144 -1024 160 ) 
4 45 63 (128 -1024 160 ) (128 -1024 92 ) (144 -1024 92 ) (144 -1024 160 ) 
4 45 56 (128 -400 92 ) (128 -1024 92 ) (128 -1024 160 ) (128 -400 160 ) 
4 45 50 (128 -1024 92 ) (128 -400 92 ) (144 -400 92 ) (144 -1024 92 ) 
4 46 47 (136 -180 92 ) (136 -180 52 ) (136 -204 52 ) (136 -204 92 ) 
4 47 55 (128 -180 52 ) (128 -204 52 ) (128 -204 92 ) (128 -180 92 ) 
4 48 49 (136 -308 92 ) (136 -308 52 ) (136 -332 52 ) (136 -332 92 ) 
4 49 55 (128 -308 52 ) (128 -332 52 ) (128 -332 92 ) (128 -308 92 ) 
4 50 63 (128 -1024 92 ) (128 -1024 52 ) (144 -1024 52 ) (144 -1024 92 ) 
4 50 56 (128 -400 52 ) (128 -1024 52 ) (128 -1024 92 ) (128 -400 92 ) 
4 50 51 (128 -1024 52 ) (128 -400 52 ) (144 -400 52 ) (144 -1024 52 ) 
4 51 63 (128 -1024 52 ) (128 -1024 0 ) (144 -1024 0 ) (144 -1024 52 ) 
4 51 57 (144 -400 0 ) (144 -1024 0 ) (128 -1024 0 ) (128 -400 0 ) 
4 51 56 (128 -400 0 ) (128 -1024 0 ) (128 -1024 52 ) (128 -400 52 ) 
4 52 116 (0 -400 512 ) (0 -384 512 ) (0 -384 192 ) (0 -400 192 ) 
4 52 103 (0 -384 512 ) (0 0 512 ) (0 0 192 ) (0 -384 192 ) 
4 52 53 (128 -400 192 ) (128 -400 512 ) (0 -400 512 ) (0 -400 192 ) 
4 53 124 (0 -1024 160 ) (0 -1024 512 ) (0 -400 512 ) (0 -400 160 ) 
4 53 63 (0 -1024 512 ) (0 -1024 160 ) (128 -1024 160 ) (128 -1024 512 ) 
4 53 56 (128 -400 160 ) (128 -1024 160 ) (0 -1024 160 ) (0 -400 160 ) 
4 54 104 (0 -128 160 ) (0 0 160 ) (0 0 0 ) (0 -128 0 ) 
4 54 55 (0 -128 0 ) (128 -128 0 ) (128 -128 160 ) (0 -128 160 ) 
4 55 107 (0 -384 160 ) (0 -152 160 ) (0 -152 0 ) (0 -384 0 ) 
4 55 106 (0 -152 160 ) (0 -128 160 ) (0 -128 0 ) (0 -152 0 ) 
4 56 124 (0 -1024 0 ) (0 -1024 160 ) (0 -400 160 ) (0 -400 0 ) 
4 56 63 (0 -1024 160 ) (0 -1024 0 ) (128 -1024 0 ) (128 -1024 160 ) 
4 56 57 (128 -1024 0 ) (0 -1024 0 ) (0 -400 0 ) (128 -400 0 ) 
4 57 131 (0 -1024 -48 ) (0 -1024 -32 ) (0 -400 -32 ) (0 -400 -48 ) 
4 57 126 (0 -1024 -32 ) (0 -1024 0 ) (0 -512 0 ) (0 -512 -32 ) 
4 57 125 (0 -512 0 ) (0 -400 0 ) (0 -400 -32 ) (0 -512 -32 ) 
4 57 63 (0 -1024 0 ) (0 -1024 -48 ) (144 -1024 -48 ) (144 -1024 0 ) 
4 57 61 (144 -1024 -48 ) (0 -1024 -48 ) (0 -400 -48 ) (144 -400 -48 ) 
4 58 60 (384 0 -64 ) (384 -256 -64 ) (384 -256 -48 ) (384 0 -48 ) 
4 58 59 (384 -256 -48 ) (384 -256 -64 ) (1024 -256 -64 ) (1024 -256 -48 ) 
4 59 63 (1024 -1024 -64 ) (1024 -1024 -48 ) (384 -1024 -48 ) (384 -1024 -64 ) 
4 59 60 (384 -256 -64 ) (384 -1024 -64 ) (384 -1024 -48 ) (384 -256 -48 ) 
4 60 63 (384 -1024 -48 ) (144 -1024 -48 ) (144 -1024 -64 ) (384 -1024 -64 ) 
4 60 61 (144 -400 -64 ) (144 -1024 -64 ) (144 -1024 -48 ) (144 -400 -48 ) 
4 61 131 (0 -1024 -64 ) (0 -1024 -48 ) (0 -400 -48 ) (0 -400 -64 ) 
4 61 63 (144 -1024 -48 ) (0 -1024 -48 ) (0 -1024 -64 ) (144 -1024 -64 ) 
4 62 63 (1024 -1024 512 ) (1024 -1024 -64 ) (1024 -1536 -64 ) (1024 -1536 512 ) 
4 63 135 (0 -1536 -64 ) (0 -1536 512 ) (0 -1024 512 ) (0 -1024 -64 ) 
4 64 94 (0 1024 -64 ) (0 1024 0 ) (-1024 1024 0 ) (-1024 1024 -64 ) 
4 64 68 (0 1024 0 ) (0 1024 512 ) (-1024 1024 512 ) (-1024 1024 0 ) 
4 64 65 (-1024 1024 -64 ) (-1024 1024 512 ) (-1024 1792 512 ) (-1024 1792 -64 ) 
4 65 99 (-1088 1024 -40 ) (-1920 1024 -40 ) (-1920 1024 -64 ) (-1088 1024 -64 ) 
4 65 98 (-1024 1024 -64 ) (-1024 1024 -40 ) (-1088 1024 -40 ) (-1088 1024 -64 ) 
4 65 102 (-1920 1024 -40 ) (-2048 1024 -40 ) (-2048 1024 -64 ) (-1920 1024 -64 ) 
4 65 97 (-1024 1024 -40 ) (-1024 1024 512 ) (-2048 1024 512 ) (-2048 1024 -40 ) 
4 65 67 (-2048 1024 -64 ) (-2048 1024 512 ) (-2048 1792 512 ) (-2048 1792 -64 ) 
4 67 137 (-2048 1024 -64 ) (-2048 1024 512 ) (-2176 1024 512 ) (-2176 1024 -64 ) 
4 68 97 (-1024 1024 512 ) (-1024 1024 0 ) (-1024 784 0 ) (-1024 784 512 ) 
4 68 94 (-1024 784 0 ) (-1024 1024 0 ) (0 1024 0 ) (0 784 0 ) 
4 68 77 (-1024 784 0 ) (-656 784 0 ) (-656 784 52 ) (-1024 784 52 ) 
4 68 76 (-656 784 92 ) (-1024 784 92 ) (-1024 784 52 ) (-656 784 52 ) 
4 68 74 (-308 784 92 ) (-332 784 92 ) (-332 784 52 ) (-308 784 52 ) 
4 68 72 (-52 784 92 ) (-76 784 92 ) (-76 784 52 ) (-52 784 52 ) 
4 68 71 (-656 784 160 ) (-1024 784 160 ) (-1024 784 92 ) (-656 784 92 ) 
4 68 70 (-656 784 192 ) (-1024 784 192 ) (-1024 784 160 ) (-656 784 160 ) 
4 68 69 (0 784 192 ) (0 784 512 ) (-1024 784 512 ) (-1024 784 192 ) 
4 69 97 (-1024 784 512 ) (-1024 784 192 ) (-1024 768 192 ) (-1024 768 512 ) 
4 69 86 (-1024 768 512 ) (-1024 768 192 ) (-656 768 192 ) (-656 768 512 ) 
4 69 83 (-656 768 192 ) (-640 768 192 ) (-640 768 512 ) (-656 768 512 ) 
4 69 78 (-640 768 192 ) (0 768 192 ) (0 768 512 ) (-640 768 512 ) 
4 69 70 (-656 768 192 ) (-1024 768 192 ) (-1024 784 192 ) (-656 784 192 ) 
4 70 97 (-1024 784 192 ) (-1024 784 160 ) (-1024 768 160 ) (-1024 768 192 ) 
4 70 86 (-1024 768 192 ) (-1024 768 160 ) (-656 768 160 ) (-656 768 192 ) 
4 70 71 (-656 768 160 ) (-1024 768 160 ) (-1024 784 160 ) (-656 784 160 ) 
4 71 97 (-1024 784 160 ) (-1024 784 92 ) (-1024 768 92 ) (-1024 768 160 ) 
4 71 86 (-1024 768 160 ) (-1024 768 92 ) (-656 768 92 ) (-656 768 160 ) 
4 71 76 (-656 768 92 ) (-1024 768 92 ) (-1024 784 92 ) (-656 784 92 ) 
4 72 73 (-76 776 92 ) (-76 776 52 ) (-52 776 52 ) (-52 776 92 ) 
4 73 79 (-76 768 52 ) (-52 768 52 ) (-52 768 92 ) (-76 768 92 ) 
4 74 75 (-332 776 92 ) (-332 776 52 ) (-308 776 52 ) (-308 776 92 ) 
4 75 79 (-332 768 52 ) (-308 768 52 ) (-308 768 92 ) (-332 768 92 ) 
4 76 97 (-1024 784 92 ) (-1024 784 52 ) (-1024 768 52 ) (-1024 768 92 ) 
4 76 86 (-1024 768 92 ) (-1024 768 52 ) (-656 768 52 ) (-656 768 92 ) 
4 76 77 (-656 768 52 ) (-1024 768 52 ) (-1024 784 52 ) (-656 784 52 ) 
4 77 97 (-1024 784 52 ) (-1024 784 0 ) (-1024 768 0 ) (-1024 768 52 ) 
4 77 95 (-1024 768 0 ) (-1024 784 0 ) (-864 784 0 ) (-864 768 0 ) 
4 77 86 (-1024 768 52 ) (-1024 768 0 ) (-656 768 0 ) (-656 768 52 ) 
4 78 93 (-528 496 512 ) (-640 496 512 ) (-640 496 192 ) (-528 496 192 ) 
4 78 90 (-512 496 512 ) (-528 496 512 ) (-528 496 192 ) (-512 496 192 ) 
4 78 87 (0 496 192 ) (0 496 512 ) (-512 496 512 ) (-512 496 192 ) 
4 78 83 (-640 768 512 ) (-640 768 192 ) (-640 496 192 ) (-640 496 512 ) 
4 79 82 (-480 512 112 ) (-480 512 0 ) (-288 512 0 ) (-288 512 112 ) 
4 79 81 (-288 512 160 ) (-288 512 0 ) (0 768 0 ) (0 768 160 ) 
4 79 80 (-479.998779 512 0 ) (-479.998779 512 160 ) (-639.998779 768 160 ) (-639.998779 768 0 ) 
4 80 84 (-640 732 0 ) (-640 660 0 ) (-640 660 108 ) (-640 732 108 ) 
4 82 89 (-480 496 0 ) (-288 496 0 ) (-288 496 112 ) (-480 496 112 ) 
4 83 93 (-640 496 192 ) (-640 496 512 ) (-656 496 512 ) (-656 496 192 ) 
4 83 86 (-656 768 512 ) (-656 768 192 ) (-656 496 192 ) (-656 496 512 ) 
4 84 85 (-648 732 108 ) (-648 732 0 ) (-648 660 0 ) (-648 660 108 ) 
4 85 86 (-656 732 0 ) (-656 660 0 ) (-656 660 108 ) (-656 732 108 ) 
4 86 97 (-1024 768 512 ) (-1024 768 0 ) (-1024 496 0 ) (-1024 496 512 ) 
4 86 95 (-1024 496 0 ) (-1024 768 0 ) (-864 768 0 ) (-864 496 0 ) 
4 86 93 (-1024 496 0 ) (-656 496 0 ) (-656 496 512 ) (-1024 496 512 ) 
4 87 103 (0 0 192 ) (0 0 512 ) (-512 0 512 ) (-512 0 192 ) 
4 87 90 (-512 496 512 ) (-512 496 192 ) (-512 0 192 ) (-512 0 512 ) 
4 88 104 (0 0 0 ) (0 0 160 ) (-171.428574 0 160 ) (-171.428558 0 0 ) 
4 88 89 (-171.430084 0 160 ) (0 320.002869 160 ) (0 320.002869 0 ) (-171.430115 0 0 ) 
4 89 110 (-272 0 160 ) (-512 0 160 ) (-512 0 0 ) (-272 0 0 ) 
4 89 105 (-171.428574 0 160 ) (-272 0 160 ) (-272 0 0 ) (-171.428558 0 0 ) 
4 89 91 (-512 348 52 ) (-512 292 52 ) (-512 292 108 ) (-512 348 108 ) 
4 90 112 (-528 0 512 ) (-528 0 192 ) (-512 0 192 ) (-512 0 512 ) 
4 90 93 (-528 496 512 ) (-528 496 192 ) (-528 0 192 ) (-528 0 512 ) 
4 91 92 (-520 348 108 ) (-520 348 52 ) (-520 292 52 ) (-520 292 108 ) 
4 92 93 (-528 348 52 ) (-528 292 52 ) (-528 292 108 ) (-528 348 108 ) 
4 93 115 (-1024 0 512 ) (-1024 0 0 ) (-528 0 0 ) (-528 0 512 ) 
4 93 97 (-1024 0 0 ) (-1024 0 512 ) (-1024 496 512 ) (-1024 496 0 ) 
4 93 96 (-528 0 0 ) (-1024 0 0 ) (-1024 496 0 ) (-528 496 0 ) 
4 94 98 (-1024 784 -64 ) (-1024 784 -40 ) (-1024 1024 -40 ) (-1024 1024 -64 ) 
4 94 97 (-1024 784 -40 ) (-1024 784 0 ) (-1024 1024 0 ) (-1024 1024 -40 ) 
3 94 95 (-864 784 0 ) (-1024 784 0 ) (-1024 784 -32 ) 
4 95 97 (-1024 496 -32 ) (-1024 496 0 ) (-1024 784 0 ) (-1024 784 -32 ) 
3 95 96 (-864 496 0 ) (-1024 496 0 ) (-1024 496 -32 ) 
4 96 130 (-1024 0 -32 ) (-1024 0 -64 ) (-528 0 -64 ) (-528 0 -32 ) 
4 96 129 (-528 0 0 ) (-1024 0 0 ) (-1024 0 -32 ) (-528 0 -32 ) 
4 96 98 (-1024 0 -64 ) (-1024 0 -40 ) (-1024 496 -40 ) (-1024 496 -64 ) 
4 96 97 (-1024 0 -40 ) (-1024 0 0 ) (-1024 496 0 ) (-1024 496 -40 ) 
4 97 137 (-2048 1024 512 ) (-2048 1024 -40 ) (-2048 0 -40 ) (-2048 0 512 ) 
4 97 134 (-2048 0 512 ) (-2048 0 -40 ) (-1024 0 -40 ) (-1024 0 512 ) 
4 97 100 (-1920 384 -40 ) (-1920 960 -40 ) (-1088 960 -40 ) (-1088 384 -40 ) 
4 97 99 (-1920 960 -40 ) (-1920 1024 -40 ) (-1088 1024 -40 ) (-1088 960 -40 ) 
4 97 101 (-1088 0 -40 ) (-1920 0 -40 ) (-1920 384 -40 ) (-1088 384 -40 ) 
4 97 98 (-1024 1024 -40 ) (-1024 0 -40 ) (-1088 0 -40 ) (-1088 1024 -40 ) 
4 97 102 (-1920 0 -40 ) (-2048 0 -40 ) (-2048 1024 -40 ) (-1920 1024 -40 ) 
4 98 134 (-1088 0 -64 ) (-1024 0 -64 ) (-1024 0 -40 ) (-1088 0 -40 ) 
4 98 100 (-1088 960 -64 ) (-1088 384 -64 ) (-1088 384 -40 ) (-1088 960 -40 ) 
4 98 99 (-1088 1024 -64 ) (-1088 960 -64 ) (-1088 960 -40 ) (-1088 1024 -40 ) 
4 98 101 (-1088 384 -64 ) (-1088 0 -64 ) (-1088 0 -40 ) (-1088 384 -40 ) 
4 99 102 (-1920 1024 -64 ) (-1920 960 -64 ) (-1920 960 -40 ) (-1920 1024 -40 ) 
4 99 100 (-1920 960 -40 ) (-1920 960 -64 ) (-1088 960 -64 ) (-1088 960 -40 ) 
4 100 101 (-1920 384 -40 ) (-1920 384 -64 ) (-1088 384 -64 ) (-1088 384 -40 ) 
4 100 102 (-1920 960 -64 ) (-1920 384 -64 ) (-1920 384 -40 ) (-1920 960 -40 ) 
4 101 134 (-1920 0 -64 ) (-1088 0 -64 ) (-1088 0 -40 ) (-1920 0 -40 ) 
4 101 102 (-1920 384 -64 ) (-1920 0 -64 ) (-1920 0 -40 ) (-1920 384 -40 ) 
4 102 137 (-2048 1024 -40 ) (-2048 1024 -64 ) (-2048 0 -64 ) (-2048 0 -40 ) 
4 102 134 (-2048 0 -40 ) (-2048 0 -64 ) (-1920 0 -64 ) (-1920 0 -40 ) 
4 103 116 (0 -384 192 ) (0 -384 512 ) (-512 -384 512 ) (-512 -384 192 ) 
4 103 112 (-512 -384 192 ) (-512 -384 512 ) (-512 0 512 ) (-512 0 192 ) 
4 104 106 (-240 -128 0 ) (0 -128 0 ) (0 -128 160 ) (-240 -128 160 ) 
4 104 105 (-171.428574 0 0 ) (-240 -128 0 ) (-240 -128 160 ) (-171.428574 0 160 ) 
4 105 110 (-272 0 0 ) (-272 -128 0 ) (-272 -128 160 ) (-272 0 160 ) 
4 106 108 (-240 -152 160 ) (-240 -152 44 ) (-208 -152 44 ) (-208 -152 160 ) 
4 106 107 (-208 -152 0 ) (0 -152 0 ) (0 -152 160 ) (-208 -152 160 ) 
4 107 119 (-4 -384 108 ) (-124 -384 108 ) (-124 -384 52 ) (-4 -384 52 ) 
4 107 108 (-208 -152 160 ) (-208 -152 44 ) (-208 -384 44 ) (-208 -384 160 ) 
4 108 109 (-240 -176 112 ) (-240 -176 48 ) (-240 -336 48 ) (-240 -336 112 ) 
4 109 111 (-272 -336 48 ) (-272 -336 112 ) (-272 -176 112 ) (-272 -176 48 ) 
4 110 113 (-512 -92 108 ) (-512 -36 108 ) (-512 -36 52 ) (-512 -92 52 ) 
4 110 111 (-272 -128 0 ) (-272 -128 160 ) (-512 -128 160 ) (-512 -128 0 ) 
4 111 121 (-476 -384 0 ) (-404 -384 0 ) (-404 -384 108 ) (-476 -384 108 ) 
4 112 116 (-512 -384 192 ) (-512 -384 512 ) (-528 -384 512 ) (-528 -384 192 ) 
4 112 115 (-528 0 512 ) (-528 0 192 ) (-528 -384 192 ) (-528 -384 512 ) 
4 113 114 (-520 -36 108 ) (-520 -36 52 ) (-520 -92 52 ) (-520 -92 108 ) 
4 114 115 (-528 -36 52 ) (-528 -92 52 ) (-528 -92 108 ) (-528 -36 108 ) 
4 115 134 (-1024 0 512 ) (-1024 0 0 ) (-1024 -384 0 ) (-1024 -384 512 ) 
4 115 129 (-1024 0 0 ) (-528 0 0 ) (-528 -384 0 ) (-1024 -384 0 ) 
4 115 123 (-1024 -384 108 ) (-1024 -384 0 ) (-528 -384 0 ) (-528 -384 108 ) 
4 115 118 (-1024 -384 160 ) (-1024 -384 108 ) (-528 -384 108 ) (-528 -384 160 ) 
4 115 117 (-1024 -384 192 ) (-1024 -384 160 ) (-528 -384 160 ) (-528 -384 192 ) 
4 115 116 (-1024 -384 512 ) (-1024 -384 192 ) (-528 -384 192 ) (-528 -384 512 ) 
4 116 134 (-1024 -400 192 ) (-1024 -400 512 ) (-1024 -384 512 ) (-1024 -384 192 ) 
4 116 124 (0 -400 192 ) (0 -400 512 ) (-1024 -400 512 ) (-1024 -400 192 ) 
4 116 117 (-528 -400 192 ) (-1024 -400 192 ) (-1024 -384 192 ) (-528 -384 192 ) 
4 117 134 (-1024 -400 160 ) (-1024 -400 192 ) (-1024 -384 192 ) (-1024 -384 160 ) 
4 117 124 (-528 -400 192 ) (-1024 -400 192 ) (-1024 -400 160 ) (-528 -400 160 ) 
4 117 118 (-528 -400 160 ) (-1024 -400 160 ) (-1024 -384 160 ) (-528 -384 160 ) 
4 118 134 (-1024 -400 108 ) (-1024 -400 160 ) (-1024 -384 160 ) (-1024 -384 108 ) 
4 118 124 (-528 -400 160 ) (-1024 -400 160 ) (-1024 -400 108 ) (-528 -400 108 ) 
4 118 123 (-528 -400 108 ) (-1024 -400 108 ) (-1024 -384 108 ) (-528 -384 108 ) 
4 119 120 (-124 -392 108 ) (-124 -392 52 ) (-4 -392 52 ) (-4 -392 108 ) 
4 120 124 (-4 -400 108 ) (-124 -400 108 ) (-124 -400 52 ) (-4 -400 52 ) 
4 121 122 (-476 -392 108 ) (-476 -392 0 ) (-404 -392 0 ) (-404 -392 108 ) 
4 122 124 (-476 -400 0 ) (-404 -400 0 ) (-404 -400 108 ) (-476 -400 108 ) 
4 123 134 (-1024 -384 0 ) (-1024 -400 0 ) (-1024 -400 108 ) (-1024 -384 108 ) 
4 123 129 (-528 -400 0 ) (-1024 -400 0 ) (-1024 -384 0 ) (-528 -384 0 ) 
4 123 124 (-1024 -400 0 ) (-528 -400 0 ) (-528 -400 108 ) (-1024 -400 108 ) 
4 124 135 (0 -1024 0 ) (0 -1024 512 ) (-1024 -1024 512 ) (-1024 -1024 0 ) 
4 124 134 (-1024 -400 0 ) (-1024 -1024 0 ) (-1024 -1024 512 ) (-1024 -400 512 ) 
4 124 127 (-528 -544 0 ) (-528 -512 0 ) (-256 -512 0 ) (-256 -544 0 ) 
4 124 128 (-256 -1024 0 ) (-528 -1024 0 ) (-528 -544 0 ) (-256 -544 0 ) 
4 124 126 (0 -512 0 ) (0 -1024 0 ) (-256 -1024 0 ) (-256 -512 0 ) 
4 124 125 (0 -400 0 ) (0 -512 0 ) (-256 -512 0 ) (-256 -400 0 ) 
4 124 129 (-528 -1024 0 ) (-1024 -1024 0 ) (-1024 -400 0 ) (-528 -400 0 ) 
4 125 131 (-256 -400 -32 ) (0 -400 -32 ) (0 -512 -32 ) (-256 -512 -32 ) 
4 125 126 (-256 -512 -32 ) (0 -512 -32 ) (0 -512 0 ) (-256 -512 0 ) 
4 126 135 (0 -1024 -32 ) (0 -1024 0 ) (-256 -1024 0 ) (-256 -1024 -32 ) 
4 126 131 (0 -1024 -32 ) (-256 -1024 -32 ) (-256 -512 -32 ) (0 -512 -32 ) 
4 126 127 (-256 -512 0 ) (-256 -512 -16 ) (-256 -544 -16 ) (-256 -544 0 ) 
4 126 128 (-256 -544 -32 ) (-256 -1024 -32 ) (-256 -1024 0 ) (-256 -544 0 ) 
4 127 128 (-528 -544 0 ) (-528 -544 -16 ) (-256 -544 -16 ) (-256 -544 0 ) 
4 127 129 (-528 -544 -16 ) (-528 -544 0 ) (-528 -512 0 ) (-528 -512 -16 ) 
4 128 135 (-256 -1024 0 ) (-528 -1024 0 ) (-528 -1024 -32 ) (-256 -1024 -32 ) 
4 128 132 (-256 -1024 -32 ) (-528 -1024 -32 ) (-528 -576 -32 ) (-256 -576 -32 ) 
4 128 129 (-528 -544 -32 ) (-528 -1024 -32 ) (-528 -1024 0 ) (-528 -544 0 ) 
4 129 135 (-528 -1024 0 ) (-1024 -1024 0 ) (-1024 -1024 -32 ) (-528 -1024 -32 ) 
4 129 134 (-1024 0 0 ) (-1024 0 -32 ) (-1024 -1024 -32 ) (-1024 -1024 0 ) 
4 129 133 (-528 -1024 -32 ) (-1024 -1024 -32 ) (-1024 -400 -32 ) (-528 -400 -32 ) 
4 129 130 (-1024 -400 -32 ) (-1024 0 -32 ) (-528 0 -32 ) (-528 -400 -32 ) 
4 130 134 (-1024 0 -32 ) (-1024 0 -64 ) (-1024 -400 -64 ) (-1024 -400 -32 ) 
4 130 133 (-1024 -400 -64 ) (-528 -400 -64 ) (-528 -400 -32 ) (-1024 -400 -32 ) 
4 131 135 (0 -1024 -64 ) (0 -1024 -32 ) (-256 -1024 -32 ) (-256 -1024 -64 ) 
4 131 132 (-256 -576 -64 ) (-256 -1024 -64 ) (-256 -1024 -32 ) (-256 -576 -32 ) 
4 132 135 (-256 -1024 -32 ) (-528 -1024 -32 ) (-528 -1024 -64 ) (-256 -1024 -64 ) 
4 132 133 (-528 -576 -64 ) (-528 -1024 -64 ) (-528 -1024 -32 ) (-528 -576 -32 ) 
4 133 135 (-528 -1024 -32 ) (-1024 -1024 -32 ) (-1024 -1024 -64 ) (-528 -1024 -64 ) 
4 133 134 (-1024 -400 -64 ) (-1024 -1024 -64 ) (-1024 -1024 -32 ) (-1024 -400 -32 ) 
4 134 138 (-2048 -1024 -64 ) (-2048 -1024 512 ) (-2048 0 512 ) (-2048 0 -64 ) 
4 134 136 (-1024 -1024 -64 ) (-1024 -1024 512 ) (-2048 -1024 512 ) (-2048 -1024 -64 ) 
4 135 136 (-1024 -1536 -64 ) (-1024 -1536 512 ) (-1024 -1024 512 ) (-1024 -1024 -64 ) 
4 136 139 (-2048 -1536 -64 ) (-2048 -1536 512 ) (-2048 -1024 512 ) (-2048 -1024 -64 ) 
4 137 138 (-2048 0 -64 ) (-2048 0 512 ) (-2176 0 512 ) (-2176 0 -64 ) 
4 138 139 (-2048 -1024 -64 ) (-2048 -1024 512 ) (-2176 -1024 512 ) (-2176 -1024 -64 ) 
