PRT1
124
337
4 0 1 (2048 0 -1024 ) (2048 0 -640 ) (2048 256 -640 ) (2048 256 -1024 ) 
4 2 25 (1024 0 128.480011 ) (1024 0 384 ) (1024 1024 384 ) (1024 1024 128.480011 ) 
4 2 12 (1280 0 128.480011 ) (1280 0 384 ) (1024 0 384 ) (1024 0 128.480011 ) 
4 2 10 (1216 0 128.480011 ) (1024 0 128.480011 ) (1024 16 128.480011 ) (1216 16 128.480011 ) 
4 2 9 (1280 16 128.480011 ) (1280 0 128.480011 ) (1216 0 128.480011 ) (1216 16 128.480011 ) 
4 2 5 (1136 416 128.480011 ) (1136 1024 128.480011 ) (1152 1024 128.480011 ) (1152 416 128.480011 ) 
4 2 4 (1152 32 128.480011 ) (1152 400 128.480011 ) (1264 400 128.480011 ) (1264 32 128.480011 ) 
4 2 3 (1280 1024 128.480011 ) (1280 416 128.480011 ) (1152 416 128.480011 ) (1152 1024 128.480011 ) 
4 2 7 (1136 16 128.480011 ) (1024 16 128.480011 ) (1024 1024 128.480011 ) (1136 1024 128.480011 ) 
4 3 8 (1152 416 0.480434 ) (1152 1024 0.480434 ) (1280 1024 0.480434 ) (1280 416 0.480434 ) 
4 3 5 (1152 1024 0.480434 ) (1152 416 0.480434 ) (1152 416 128.480011 ) (1152 1024 128.480011 ) 
4 4 8 (1152 32 0.480434 ) (1152 400 0.480434 ) (1264 400 0.480434 ) (1264 32 0.480434 ) 
4 4 6 (1152 128 0.480434 ) (1152 64 0.480434 ) (1152 64 96.480400 ) (1152 128 96.480400 ) 
4 5 8 (1136 416 0.480434 ) (1136 1024 0.480434 ) (1152 1024 0.480434 ) (1152 416 0.480434 ) 
4 5 7 (1136 1024 0.480434 ) (1136 416 0.480434 ) (1136 416 128.480011 ) (1136 1024 128.480011 ) 
4 6 8 (1136 64 0.480434 ) (1136 128 0.480434 ) (1152 128 0.480434 ) (1152 64 0.480434 ) 
4 6 7 (1136 128 0.480434 ) (1136 64 0.480434 ) (1136 64 96.480400 ) (1136 128 96.480400 ) 
4 7 30 (1024 16 0.480434 ) (1024 16 128 ) (1024 128 128 ) (1024 128 0.480434 ) 
4 7 27 (1024 128 128 ) (1024 640 128 ) (1024 640 0.480434 ) (1024 128 0.480434 ) 
4 7 26 (1024 640 128 ) (1024 896 128 ) (1024 640.960876 0.480434 ) (1024 640 0.480434 ) 
4 7 25 (1024 16 128 ) (1024 16 128.480011 ) (1024 1024 128.480011 ) (1024 1024 128 ) 
4 7 10 (1136 16 128.480011 ) (1024 16 128.480011 ) (1024 16 128 ) (1136 16 128 ) 
4 7 8 (1136 16 0.480434 ) (1024 16 0.480434 ) (1024 1024 0.480434 ) (1136 1024 0.480434 ) 
4 8 30 (1024 16 0 ) (1024 16 0.480434 ) (1024 128 0.480434 ) (1024 128 0 ) 
4 8 27 (1024 128 0.480434 ) (1024 640 0.480434 ) (1024 640 0 ) (1024 128 0 ) 
3 8 26 (1024 640 0.480434 ) (1024 640.960876 0.480434 ) (1024 640 0 ) 
4 9 12 (1280 0 128 ) (1280 0 128.480011 ) (1216 0 128.480011 ) (1216 0 128 ) 
4 9 10 (1216 16 128.480011 ) (1216 16 128 ) (1216 0 128 ) (1216 0 128.480011 ) 
4 10 25 (1024 0 128 ) (1024 0 128.480011 ) (1024 16 128.480011 ) (1024 16 128 ) 
4 10 12 (1216 0 128.480011 ) (1024 0 128.480011 ) (1024 0 128 ) (1216 0 128 ) 
4 11 24 (2048 -384 -1024 ) (2048 -640 -1024 ) (2048 -640 -640 ) (2048 -384 -640 ) 
4 12 65 (1024 0 208 ) (1024 0 128 ) (1024 -368 128 ) (1024 -368 208 ) 
4 12 64 (1024 0 384 ) (1024 0 208 ) (1024 -368 208 ) (1024 -368 384 ) 
4 12 20 (1024 -368 176 ) (1024 -368 128 ) (1136 -368 128 ) (1136 -368 176 ) 
4 12 19 (1024 -368 384 ) (1024 -368 176 ) (1152 -368 176 ) (1152 -368 384 ) 
4 12 18 (1152 -368 128 ) (1160 -368 128 ) (1160 -368 384 ) (1152 -368 384 ) 
4 12 16 (1160 -368 128 ) (1208 -368 128 ) (1208 -368 384 ) (1160 -368 384 ) 
4 12 15 (1208 -368 128 ) (1216 -368 128 ) (1216 -368 384 ) (1208 -368 384 ) 
4 12 14 (1216 -368 128 ) (1280 -368 128 ) (1280 -368 384 ) (1216 -368 384 ) 
4 12 13 (1216 -368 128 ) (1024 -368 128 ) (1024 0 128 ) (1216 0 128 ) 
4 13 73 (1024 0 128 ) (1024 0 0 ) (1024 -368 0 ) (1024 -368 128 ) 
4 13 21 (1024 -368 16 ) (1024 -368 0 ) (1136 -368 0 ) (1136 -368 16 ) 
4 13 20 (1024 -368 128 ) (1024 -368 16 ) (1136 -368 16 ) (1136 -368 128 ) 
4 13 18 (1160 -368 96 ) (1160 -368 128 ) (1152 -368 128 ) (1152 -368 96 ) 
4 13 17 (1160 -368 16 ) (1208 -368 16 ) (1208 -368 88 ) (1160 -368 88 ) 
4 13 16 (1208 -368 96 ) (1208 -368 128 ) (1160 -368 128 ) (1160 -368 96 ) 
4 13 15 (1216 -368 96 ) (1216 -368 128 ) (1208 -368 128 ) (1208 -368 96 ) 
4 14 22 (1280 -400 128 ) (1280 -400 384 ) (1216 -400 384 ) (1216 -400 128 ) 
4 14 15 (1216 -368 384 ) (1216 -368 128 ) (1216 -400 128 ) (1216 -400 384 ) 
4 15 23 (1208 -400 128 ) (1208 -400 96 ) (1216 -400 96 ) (1216 -400 128 ) 
4 15 22 (1208 -400 384 ) (1208 -400 128 ) (1216 -400 128 ) (1216 -400 384 ) 
4 15 16 (1208 -368 384 ) (1208 -368 96 ) (1208 -400 96 ) (1208 -400 384 ) 
4 16 23 (1160 -400 128 ) (1160 -400 96 ) (1208 -400 96 ) (1208 -400 128 ) 
4 16 22 (1160 -400 384 ) (1160 -400 128 ) (1208 -400 128 ) (1208 -400 384 ) 
4 16 18 (1160 -368 384 ) (1160 -368 96 ) (1160 -400 96 ) (1160 -400 384 ) 
4 18 23 (1152 -400 128 ) (1152 -400 96 ) (1160 -400 96 ) (1160 -400 128 ) 
4 18 22 (1152 -400 384 ) (1152 -400 128 ) (1160 -400 128 ) (1160 -400 384 ) 
4 18 19 (1152 -368 384 ) (1152 -368 176 ) (1152 -400 176 ) (1152 -400 384 ) 
4 19 65 (1024 -368 208 ) (1024 -368 176 ) (1024 -400 176 ) (1024 -400 208 ) 
4 19 64 (1024 -368 384 ) (1024 -368 208 ) (1024 -400 208 ) (1024 -400 384 ) 
4 19 22 (1024 -400 384 ) (1024 -400 176 ) (1152 -400 176 ) (1152 -400 384 ) 
4 19 20 (1024 -368 176 ) (1136 -368 176 ) (1136 -400 176 ) (1024 -400 176 ) 
4 20 73 (1024 -368 128 ) (1024 -368 16 ) (1024 -400 16 ) (1024 -400 128 ) 
4 20 65 (1024 -368 176 ) (1024 -368 128 ) (1024 -400 128 ) (1024 -400 176 ) 
4 20 23 (1024 -400 128 ) (1024 -400 16 ) (1136 -400 16 ) (1136 -400 128 ) 
4 20 22 (1024 -400 176 ) (1024 -400 128 ) (1136 -400 128 ) (1136 -400 176 ) 
4 20 21 (1136 -400 16 ) (1024 -400 16 ) (1024 -368 16 ) (1136 -368 16 ) 
4 21 73 (1024 -368 16 ) (1024 -368 0 ) (1024 -400 0 ) (1024 -400 16 ) 
4 21 23 (1024 -400 0 ) (1136 -400 0 ) (1136 -400 16 ) (1024 -400 16 ) 
4 22 65 (1024 -1024 128 ) (1024 -1024 208 ) (1024 -400 208 ) (1024 -400 128 ) 
4 22 64 (1024 -1024 208 ) (1024 -1024 384 ) (1024 -400 384 ) (1024 -400 208 ) 
4 22 23 (1024 -752 128 ) (1024 -400 128 ) (1216 -400 128 ) (1216 -752 128 ) 
4 23 73 (1024 -752 128 ) (1024 -400 128 ) (1024 -400 0 ) (1024 -752 0 ) 
4 25 70 (384 0 208 ) (368 0 208 ) (368 0 128 ) (384 0 128 ) 
4 25 72 (368 0 208 ) (0 0 208 ) (0 0 128 ) (368 0 128 ) 
4 25 66 (912 0 208 ) (896 0 208 ) (896 0 128 ) (912 0 128 ) 
4 25 65 (1024 0 128 ) (1024 0 208 ) (912 0 208 ) (912 0 128 ) 
4 25 69 (896 0 208 ) (384 0 208 ) (384 0 128 ) (896 0 128 ) 
4 25 64 (1024 0 208 ) (1024 0 384 ) (0 0 384 ) (0 0 208 ) 
4 25 33 (0 0 128 ) (0 0 384 ) (0 1024 384 ) (0 1024 128 ) 
4 25 32 (0 32 128 ) (0 128 128 ) (32 128 128 ) (32 32 128 ) 
4 25 31 (368 0 128 ) (32 0 128 ) (32 128 128 ) (368 128 128 ) 
4 25 30 (384 16 128 ) (384 128 128 ) (1024 128 128 ) (1024 16 128 ) 
4 25 28 (0 416 128 ) (0 640 128 ) (896 640 128 ) (896 416 128 ) 
4 25 29 (0 128 128 ) (0 400 128 ) (896 400 128 ) (896 128 128 ) 
4 25 27 (896 640 128 ) (1024 640 128 ) (1024 128 128 ) (896 128 128 ) 
4 25 26 (1024 896 128 ) (1024 640 128 ) (896 640 128 ) (896 896 128 ) 
4 26 27 (896 640 0 ) (1024 640 0 ) (1024 640 128 ) (896 640 128 ) 
4 27 30 (896 128 0 ) (1024 128 0 ) (1024 128 128 ) (896 128 128 ) 
4 27 28 (896 640 128 ) (896 640 0 ) (896 416 0 ) (896 416 128 ) 
4 27 29 (896 400 0 ) (896 128 0 ) (896 128 128 ) (896 400 128 ) 
4 28 34 (0 416 128 ) (0 640 128 ) (0 640 0 ) (0 416 0 ) 
4 29 34 (0 128 128 ) (0 400 128 ) (0 400 0 ) (0 128 0 ) 
4 29 32 (0 128 0 ) (32 128 0 ) (32 128 128 ) (0 128 128 ) 
4 29 31 (32 128 0 ) (368 128 0 ) (368 128 128 ) (32 128 128 ) 
4 29 30 (384 128 0 ) (896 128 0 ) (896 128 128 ) (384 128 128 ) 
4 31 82 (368 0 128 ) (32 0 128 ) (32 0 0 ) (368 0 0 ) 
4 31 32 (32 128 128 ) (32 128 0 ) (32 32 0 ) (32 32 128 ) 
4 32 34 (0 32 128 ) (0 128 128 ) (0 128 0 ) (0 32 0 ) 
4 33 88 (-496 0 208 ) (-496 0 128 ) (-368 0 128 ) (-368 0 208 ) 
4 33 87 (-368 0 384 ) (-496 0 384 ) (-496 0 208 ) (-368 0 208 ) 
4 33 84 (0 0 128 ) (0 0 384 ) (-368 0 384 ) (-368 0 128 ) 
4 33 48 (-496 0 128 ) (-496 0 384 ) (-496 256 384 ) (-496 256 128 ) 
4 33 43 (-496 256 384 ) (-496 880 384 ) (-496 880 128 ) (-496 256 128 ) 
4 33 39 (-496 1024 128.480011 ) (-496 1024 128 ) (-496 1008 128 ) (-496 1008 128.480011 ) 
4 33 38 (-496 880 384 ) (-496 1024 384 ) (-496 1024 128.480011 ) (-496 880 128.480011 ) 
4 33 37 (-496 0 128 ) (-496 32 128 ) (-160 32 128 ) (-160 0 128 ) 
4 33 35 (-496 512 128 ) (-496 1008 128 ) (-256 1008 128 ) (-256 512 128 ) 
4 33 36 (-496 32 128 ) (-496 384 128 ) (-256 384 128 ) (-256 32 128 ) 
4 33 34 (-256 1008 128 ) (0 1008 128 ) (0 32 128 ) (-256 32 128 ) 
4 34 37 (-160 32 128 ) (-256 32 128 ) (-256 32 0 ) (-160 32 0 ) 
4 34 35 (-256 1008 128 ) (-256 1008 0 ) (-256 512 0 ) (-256 512 128 ) 
4 34 36 (-256 384 0 ) (-256 32 0 ) (-256 32 128 ) (-256 384 128 ) 
4 35 44 (-496 880 0 ) (-496 640 0 ) (-496 640 128 ) (-496 880 128 ) 
4 35 40 (-496 1008 0 ) (-496 880 0 ) (-496 880 0.480434 ) (-496 1008 0.480434 ) 
4 36 49 (-496 96 0 ) (-496 32 0 ) (-496 32 96 ) (-496 96 96 ) 
4 36 37 (-256 32 128 ) (-496 32 128 ) (-496 32 0 ) (-256 32 0 ) 
4 37 90 (-368 0 128 ) (-496 0 128 ) (-496 0 0 ) (-368 0 0 ) 
4 37 85 (-160 0 128 ) (-368 0 128 ) (-368 0 0 ) (-160 0 0 ) 
4 38 52 (-1024 1024 384 ) (-1024 1024 128.480011 ) (-1024 880 128.480011 ) (-1024 880 384 ) 
4 38 43 (-496 880 128.480011 ) (-496 880 384 ) (-1024 880 384 ) (-1024 880 128.480011 ) 
4 38 41 (-1024 896 128.480011 ) (-1024 1008 128.480011 ) (-896 1008 128.480011 ) (-896 896 128.480011 ) 
4 38 39 (-1024 1008 128.480011 ) (-1024 1024 128.480011 ) (-496 1024 128.480011 ) (-496 1008 128.480011 ) 
4 39 53 (-1024 1024 128.480011 ) (-1024 1024 128 ) (-1024 1008 128 ) (-1024 1008 128.480011 ) 
4 39 41 (-896 1008 128.480011 ) (-1024 1008 128.480011 ) (-1024 1008 128 ) (-896 1008 128 ) 
4 40 45 (-768 880 0 ) (-640 880 0 ) (-640 880 0.480434 ) (-768 880 0.480434 ) 
4 40 46 (-896 880 0 ) (-768 880 0 ) (-768 880 0.480434 ) (-896 880 0.480434 ) 
4 40 44 (-640 880 0 ) (-496 880 0 ) (-496 880 0.480434 ) (-640 880 0.480434 ) 
4 40 42 (-896 896 0 ) (-896 880 0 ) (-896 880 0.480434 ) (-896 896 0.480434 ) 
4 40 41 (-896 1008 0.480434 ) (-896 1008 0 ) (-896 896 0 ) (-896 896 0.480434 ) 
4 41 54 (-1024 896 0.480434 ) (-1024 896 128.480011 ) (-1024 1008 128.480011 ) (-1024 1008 0.480434 ) 
4 41 61 (-1024 1008 0 ) (-1024 896 0 ) (-1024 896 0.480434 ) (-1024 1008 0.480434 ) 
4 41 42 (-1024 896 0 ) (-896 896 0 ) (-896 896 0.480434 ) (-1024 896 0.480434 ) 
4 42 61 (-1024 896 0 ) (-1024 880 0 ) (-1024 880 0.480434 ) (-1024 896 0.480434 ) 
4 42 47 (-1024 880 0 ) (-1008 880 0 ) (-1008 880 0.480434 ) (-1024 880 0.480434 ) 
4 42 46 (-1008 880 0 ) (-896 880 0 ) (-896 880 0.480434 ) (-1008 880 0.480434 ) 
4 43 55 (-1024 880 128.480011 ) (-1024 880 128 ) (-1024 640 128 ) (-1024 640 128.480011 ) 
4 43 62 (-1024 640 128 ) (-1024 256 128 ) (-1024 256 128.480011 ) (-1024 640 128.480011 ) 
4 43 52 (-1024 880 384 ) (-1024 880 128.480011 ) (-1024 256 128.480011 ) (-1024 256 384 ) 
4 43 48 (-1024 256 384 ) (-1024 256 128 ) (-496 256 128 ) (-496 256 384 ) 
4 43 47 (-1024 384 128 ) (-1024 880 128 ) (-1008 880 128 ) (-1008 384 128 ) 
4 43 45 (-768 640 128 ) (-768 880 128 ) (-640 880 128 ) (-640 640 128 ) 
4 43 46 (-768 256 128 ) (-1008 256 128 ) (-1008 880 128 ) (-768 880 128 ) 
4 43 44 (-640 640 128 ) (-640 880 128 ) (-496 880 128 ) (-496 640 128 ) 
4 44 45 (-640 640 128 ) (-640 880 128 ) (-640 880 0 ) (-640 640 0 ) 
4 45 46 (-768 640 128 ) (-768 880 128 ) (-768 880 0 ) (-768 640 0 ) 
4 46 51 (-1008 256 0 ) (-768 256 0 ) (-768 256 128 ) (-1008 256 128 ) 
4 46 47 (-1008 384 128 ) (-1008 880 128 ) (-1008 880 0 ) (-1008 384 0 ) 
4 47 55 (-1024 880 128 ) (-1024 880 0.480434 ) (-1024 640 0.480434 ) (-1024 640 128 ) 
4 47 61 (-1024 880 0.480434 ) (-1024 880 0 ) (-1024 640 0 ) (-1024 640 0.480434 ) 
4 47 62 (-1024 640 0 ) (-1024 384 0 ) (-1024 384 128 ) (-1024 640 128 ) 
4 48 112 (-1024 0 128.480011 ) (-1024 0 128 ) (-1008 0 128 ) (-1008 0 128.480011 ) 
4 48 111 (-1024 0 384 ) (-1024 0 128.480011 ) (-1008 0 128.480011 ) (-1008 0 384 ) 
4 48 105 (-1008 0 128 ) (-512 0 128 ) (-512 0 384 ) (-1008 0 384 ) 
4 48 89 (-512 0 128 ) (-496 0 128 ) (-496 0 208 ) (-512 0 208 ) 
4 48 87 (-496 0 208 ) (-496 0 384 ) (-512 0 384 ) (-512 0 208 ) 
4 48 62 (-1024 0 128 ) (-1024 0 128.480011 ) (-1024 256 128.480011 ) (-1024 256 128 ) 
4 48 52 (-1024 0 128.480011 ) (-1024 0 384 ) (-1024 256 384 ) (-1024 256 128.480011 ) 
4 48 50 (-512 128 128 ) (-512 0 128 ) (-624 0 128 ) (-624 128 128 ) 
4 48 51 (-1008 256 128 ) (-640 256 128 ) (-640 0 128 ) (-1008 0 128 ) 
4 49 50 (-512 96 96 ) (-512 96 0 ) (-512 32 0 ) (-512 32 96 ) 
4 51 110 (-1008 0 0 ) (-768 0 0 ) (-768 0 128 ) (-1008 0 128 ) 
4 51 108 (-768 0 0 ) (-752 0 0 ) (-752 0 128 ) (-768 0 128 ) 
4 51 106 (-752 0 0 ) (-640 0 0 ) (-640 0 128 ) (-752 0 128 ) 
4 52 116 (-1024 0 128.480011 ) (-1024 0 384 ) (-1264 0 384 ) (-1264 0 128.480011 ) 
4 52 63 (-1264 0 128.480011 ) (-1264 0 384 ) (-1264 1024 384 ) (-1264 1024 128.480011 ) 
4 52 60 (-1248 1008 128.480011 ) (-1216 1008 128.480011 ) (-1216 656 128.480011 ) (-1248 656 128.480011 ) 
4 52 58 (-1216 1008 128.480011 ) (-1152 1008 128.480011 ) (-1152 656 128.480011 ) (-1216 656 128.480011 ) 
4 52 57 (-1152 1008 128.480011 ) (-1120 1008 128.480011 ) (-1120 656 128.480011 ) (-1152 656 128.480011 ) 
4 52 56 (-1120 1008 128.480011 ) (-1104 1008 128.480011 ) (-1104 896 128.480011 ) (-1120 896 128.480011 ) 
4 52 54 (-1104 1008 128.480011 ) (-1024 1008 128.480011 ) (-1024 896 128.480011 ) (-1104 896 128.480011 ) 
4 52 55 (-1024 880 128.480011 ) (-1024 640 128.480011 ) (-1104 640 128.480011 ) (-1104 880 128.480011 ) 
4 52 53 (-1264 1008 128.480011 ) (-1264 1024 128.480011 ) (-1024 1024 128.480011 ) (-1024 1008 128.480011 ) 
4 52 62 (-1024 0 128.480011 ) (-1264 0 128.480011 ) (-1264 640 128.480011 ) (-1024 640 128.480011 ) 
4 53 63 (-1264 1008 128 ) (-1264 1008 128.480011 ) (-1264 1024 128.480011 ) (-1264 1024 128 ) 
4 53 60 (-1216 1008 128.480011 ) (-1248 1008 128.480011 ) (-1248 1008 128 ) (-1216 1008 128 ) 
4 53 58 (-1152 1008 128.480011 ) (-1216 1008 128.480011 ) (-1216 1008 128 ) (-1152 1008 128 ) 
4 53 57 (-1120 1008 128.480011 ) (-1152 1008 128.480011 ) (-1152 1008 128 ) (-1120 1008 128 ) 
4 53 56 (-1104 1008 128.480011 ) (-1120 1008 128.480011 ) (-1120 1008 128 ) (-1104 1008 128 ) 
4 53 54 (-1024 1008 128.480011 ) (-1104 1008 128.480011 ) (-1104 1008 128 ) (-1024 1008 128 ) 
4 54 56 (-1104 1008 128.480011 ) (-1104 1008 0.480434 ) (-1104 896 0.480434 ) (-1104 896 128.480011 ) 
4 54 61 (-1104 896 0.480434 ) (-1104 1008 0.480434 ) (-1024 1008 0.480434 ) (-1024 896 0.480434 ) 
4 55 62 (-1024 640 128.480011 ) (-1104 640 128.480011 ) (-1104 640 0.480434 ) (-1024 640 0.480434 ) 
4 55 61 (-1024 640 0.480434 ) (-1104 640 0.480434 ) (-1104 880 0.480434 ) (-1024 880 0.480434 ) 
4 56 57 (-1120 1008 128.480011 ) (-1120 1008 0.480434 ) (-1120 896 0.480434 ) (-1120 896 128.480011 ) 
4 56 61 (-1120 896 0.480434 ) (-1120 1008 0.480434 ) (-1104 1008 0.480434 ) (-1104 896 0.480434 ) 
4 57 58 (-1152 1008 128.480011 ) (-1152 1008 0.480434 ) (-1152 656 0.480434 ) (-1152 656 128.480011 ) 
4 57 61 (-1152 656 0.480434 ) (-1152 1008 0.480434 ) (-1120 1008 0.480434 ) (-1120 656 0.480434 ) 
4 58 60 (-1216 1008 128.480011 ) (-1216 1008 0.480434 ) (-1216 656 0.480434 ) (-1216 656 128.480011 ) 
4 58 59 (-1216 656 96.480400 ) (-1216 656 0.480434 ) (-1152 656 0.480434 ) (-1152 656 96.480400 ) 
4 58 61 (-1216 656 0.480434 ) (-1216 1008 0.480434 ) (-1152 1008 0.480434 ) (-1152 656 0.480434 ) 
4 59 62 (-1216 640 96.480400 ) (-1216 640 0.480434 ) (-1152 640 0.480434 ) (-1152 640 96.480400 ) 
4 59 61 (-1152 640 0.480434 ) (-1216 640 0.480434 ) (-1216 656 0.480434 ) (-1152 656 0.480434 ) 
4 60 61 (-1248 656 0.480434 ) (-1248 1008 0.480434 ) (-1216 1008 0.480434 ) (-1216 656 0.480434 ) 
4 61 62 (-1264 640 0.480434 ) (-1264 640 0 ) (-1024 640 0 ) (-1024 640 0.480434 ) 
4 62 116 (-1024 0 0 ) (-1024 0 128.480011 ) (-1264 0 128.480011 ) (-1264 0 0 ) 
4 62 63 (-1264 0 128 ) (-1264 0 128.480011 ) (-1264 640 128.480011 ) (-1264 640 128 ) 
4 63 123 (-1280 0 384 ) (-1280 0 128 ) (-1264 0 128 ) (-1264 0 384 ) 
4 64 84 (0 0 384 ) (0 0 208 ) (0 -1024 208 ) (0 -1024 384 ) 
4 64 71 (384 -1024 208 ) (368 -1024 208 ) (368 -512 208 ) (384 -512 208 ) 
4 64 70 (368 -256 208 ) (368 0 208 ) (384 0 208 ) (384 -256 208 ) 
4 64 72 (368 -1024 208 ) (0 -1024 208 ) (0 0 208 ) (368 0 208 ) 
4 64 67 (896 -400 208 ) (896 -368 208 ) (912 -368 208 ) (912 -400 208 ) 
4 64 66 (896 -368 208 ) (896 0 208 ) (912 0 208 ) (912 -368 208 ) 
4 64 68 (912 -1024 208 ) (896 -1024 208 ) (896 -400 208 ) (912 -400 208 ) 
4 64 65 (1024 -1024 208 ) (912 -1024 208 ) (912 0 208 ) (1024 0 208 ) 
4 64 69 (896 -1024 208 ) (384 -1024 208 ) (384 0 208 ) (896 0 208 ) 
4 65 73 (912 0 128 ) (1024 0 128 ) (1024 -752 128 ) (912 -752 128 ) 
4 65 67 (912 -400 176 ) (912 -400 208 ) (912 -368 208 ) (912 -368 176 ) 
4 65 66 (912 0 128 ) (912 -368 128 ) (912 -368 208 ) (912 0 208 ) 
4 65 68 (912 -400 128 ) (912 -1024 128 ) (912 -1024 208 ) (912 -400 208 ) 
4 66 74 (896 0 128 ) (912 0 128 ) (912 -368 128 ) (896 -368 128 ) 
4 66 67 (896 -368 208 ) (896 -368 176 ) (912 -368 176 ) (912 -368 208 ) 
4 66 69 (896 0 128 ) (896 -368 128 ) (896 -368 208 ) (896 0 208 ) 
4 67 69 (896 -400 176 ) (896 -400 208 ) (896 -368 208 ) (896 -368 176 ) 
4 67 68 (896 -400 208 ) (896 -400 176 ) (912 -400 176 ) (912 -400 208 ) 
4 68 75 (912 -400 128 ) (912 -752 128 ) (896 -752 128 ) (896 -400 128 ) 
4 68 69 (896 -400 128 ) (896 -1024 128 ) (896 -1024 208 ) (896 -400 208 ) 
4 69 79 (496 -896 128 ) (384 -896 128 ) (384 -768 128 ) (496 -768 128 ) 
4 69 76 (640 0 128 ) (896 0 128 ) (896 -256 128 ) (640 -256 128 ) 
4 69 77 (896 -512 128 ) (896 -752 128 ) (640 -752 128 ) (640 -512 128 ) 
4 69 78 (384 0 128 ) (640 0 128 ) (640 -752 128 ) (384 -752 128 ) 
4 69 71 (384 -640 128 ) (384 -1024 128 ) (384 -1024 208 ) (384 -512 208 ) 
4 69 70 (384 0 128 ) (384 -128 128 ) (384 -256 208 ) (384 0 208 ) 
4 70 72 (368 0 128 ) (368 -128 128 ) (368 -256 208 ) (368 0 208 ) 
4 71 72 (368 -640 128 ) (368 -1024 128 ) (368 -1024 208 ) (368 -512 208 ) 
4 72 84 (0 0 208 ) (0 0 128 ) (0 -1024 128 ) (0 -1024 208 ) 
4 72 83 (0 -1008 128 ) (0 -160 128 ) (368 -160 128 ) (368 -1008 128 ) 
4 72 82 (32 0 128 ) (368 0 128 ) (368 -160 128 ) (32 -160 128 ) 
4 73 74 (912 0 0 ) (912 -368 0 ) (912 -368 128 ) (912 0 128 ) 
4 73 75 (912 -400 0 ) (912 -752 0 ) (912 -752 128 ) (912 -400 128 ) 
4 74 76 (896 0 0 ) (896 -256 0 ) (896 -256 128 ) (896 0 128 ) 
4 75 77 (896 -512 0 ) (896 -752 0 ) (896 -752 128 ) (896 -512 128 ) 
4 76 78 (640 0 0 ) (640 -256 0 ) (640 -256 128 ) (640 0 128 ) 
4 77 78 (640 -512 0 ) (640 -752 0 ) (640 -752 128 ) (640 -512 128 ) 
4 78 80 (384 -256 0 ) (384 -512 0 ) (384 -512 112 ) (384 -256 112 ) 
4 79 81 (384 -800 0 ) (384 -864 0 ) (384 -864 96 ) (384 -800 96 ) 
4 80 83 (368 -256 0 ) (368 -512 0 ) (368 -512 112 ) (368 -256 112 ) 
4 81 83 (368 -800 0 ) (368 -864 0 ) (368 -864 96 ) (368 -800 96 ) 
4 82 83 (32 -160 0 ) (368 -160 0 ) (368 -160 128 ) (32 -160 128 ) 
4 83 86 (0 -160 0 ) (0 -1008 0 ) (0 -1008 128 ) (0 -160 128 ) 
4 84 104 (-368 -912 128 ) (-368 -1024 128 ) (-368 -1024 128.480011 ) (-368 -912 128.480011 ) 
4 84 97 (-368 -1024 128.480011 ) (-368 -1024 384 ) (-368 -768 384 ) (-368 -768 128.480011 ) 
4 84 95 (-368 -768 128.480011 ) (-368 -768 384 ) (-368 -752 384 ) (-368 -752 128.480011 ) 
4 84 92 (-368 -512 128 ) (-368 -752 128 ) (-368 -752 384 ) (-368 -512 384 ) 
4 84 88 (-368 0 208 ) (-368 0 128 ) (-368 -512 128 ) (-368 -512 208 ) 
4 84 87 (-368 0 384 ) (-368 0 208 ) (-368 -512 208 ) (-368 -512 384 ) 
4 84 86 (-368 -1008 128 ) (-368 -160 128 ) (0 -160 128 ) (0 -1008 128 ) 
4 84 85 (-368 -160 128 ) (-368 0 128 ) (-160 0 128 ) (-160 -160 128 ) 
4 85 90 (-368 0 128 ) (-368 0 0 ) (-368 -160 0 ) (-368 -160 128 ) 
4 85 86 (-160 -160 128 ) (-368 -160 128 ) (-368 -160 0 ) (-160 -160 0 ) 
4 86 103 (-368 -896 0 ) (-368 -912 0 ) (-368 -912 0.480434 ) (-368 -896 0.480434 ) 
4 86 100 (-368 -864 0 ) (-368 -896 0 ) (-368 -896 0.480434 ) (-368 -864 0.480434 ) 
4 86 99 (-368 -800 0 ) (-368 -864 0 ) (-368 -864 96.480400 ) (-368 -800 96.480400 ) 
4 86 98 (-368 -768 0 ) (-368 -800 0 ) (-368 -800 0.480434 ) (-368 -768 0.480434 ) 
4 86 96 (-368 -752 0 ) (-368 -768 0 ) (-368 -768 0.480434 ) (-368 -752 0.480434 ) 
4 86 94 (-368 -512 0 ) (-368 -752 0 ) (-368 -752 128 ) (-368 -512 128 ) 
4 86 90 (-368 -160 0 ) (-368 -512 0 ) (-368 -512 128 ) (-368 -160 128 ) 
4 87 105 (-512 -512 208 ) (-512 -512 384 ) (-512 0 384 ) (-512 0 208 ) 
4 87 93 (-512 -512 384 ) (-512 -512 208 ) (-496 -512 208 ) (-496 -512 384 ) 
4 87 92 (-496 -512 208 ) (-368 -512 208 ) (-368 -512 384 ) (-496 -512 384 ) 
4 87 89 (-512 -256 208 ) (-512 0 208 ) (-496 0 208 ) (-496 -256 208 ) 
4 87 88 (-368 -512 208 ) (-496 -512 208 ) (-496 0 208 ) (-368 0 208 ) 
4 88 92 (-496 -512 128 ) (-368 -512 128 ) (-368 -512 208 ) (-496 -512 208 ) 
4 88 90 (-368 -512 128 ) (-496 -512 128 ) (-496 0 128 ) (-368 0 128 ) 
4 88 89 (-496 0 128 ) (-496 -128 128 ) (-496 -256 208 ) (-496 0 208 ) 
4 89 105 (-512 -256 208 ) (-512 0 208 ) (-512 0 128 ) (-512 -128 128 ) 
4 90 94 (-496 -512 0 ) (-368 -512 0 ) (-368 -512 128 ) (-496 -512 128 ) 
4 90 91 (-496 -256 0 ) (-496 -512 0 ) (-496 -512 112 ) (-496 -256 112 ) 
4 91 107 (-512 -256 0 ) (-512 -512 0 ) (-512 -512 112 ) (-512 -256 112 ) 
4 92 95 (-368 -752 128.480011 ) (-368 -752 384 ) (-496 -752 384 ) (-496 -752 128.480011 ) 
4 92 94 (-368 -752 128 ) (-496 -752 128 ) (-496 -512 128 ) (-368 -512 128 ) 
5 92 93 (-496 -640 128 ) (-496 -752 128 ) (-496 -752 384 ) (-496 -512 384 ) (-496 -512 208 ) 
5 93 105 (-512 -752 128 ) (-512 -752 384 ) (-512 -512 384 ) (-512 -512 208 ) (-512 -640 128 ) 
4 93 95 (-512 -752 384 ) (-512 -752 128.480011 ) (-496 -752 128.480011 ) (-496 -752 384 ) 
4 94 96 (-496 -752 0 ) (-368 -752 0 ) (-368 -752 0.480434 ) (-496 -752 0.480434 ) 
4 95 105 (-512 -768 128.480011 ) (-512 -768 384 ) (-512 -752 384 ) (-512 -752 128.480011 ) 
4 95 97 (-512 -768 384 ) (-512 -768 128.480011 ) (-368 -768 128.480011 ) (-368 -768 384 ) 
4 96 107 (-512 -752 0 ) (-512 -768 0 ) (-512 -768 0.480434 ) (-512 -752 0.480434 ) 
4 96 102 (-512 -768 0.480434 ) (-512 -768 0 ) (-496 -768 0 ) (-496 -768 0.480434 ) 
4 96 101 (-496 -768 0 ) (-384 -768 0 ) (-384 -768 0.480434 ) (-496 -768 0.480434 ) 
4 96 98 (-384 -768 0 ) (-368 -768 0 ) (-368 -768 0.480434 ) (-384 -768 0.480434 ) 
4 97 105 (-512 -1024 128.480011 ) (-512 -1024 384 ) (-512 -768 384 ) (-512 -768 128.480011 ) 
4 97 104 (-512 -1024 128.480011 ) (-512 -912 128.480011 ) (-368 -912 128.480011 ) (-368 -1024 128.480011 ) 
4 97 101 (-496 -768 128.480011 ) (-384 -768 128.480011 ) (-384 -896 128.480011 ) (-496 -896 128.480011 ) 
4 98 101 (-384 -768 0.480434 ) (-384 -768 0 ) (-384 -800 0 ) (-384 -800 0.480434 ) 
4 98 99 (-384 -800 0.480434 ) (-384 -800 0 ) (-368 -800 0 ) (-368 -800 0.480434 ) 
4 99 101 (-384 -800 96.480400 ) (-384 -800 0 ) (-384 -864 0 ) (-384 -864 96.480400 ) 
4 99 100 (-384 -864 0.480434 ) (-384 -864 0 ) (-368 -864 0 ) (-368 -864 0.480434 ) 
4 100 103 (-368 -896 0 ) (-368 -896 0.480434 ) (-384 -896 0.480434 ) (-384 -896 0 ) 
4 100 101 (-384 -896 0 ) (-384 -896 0.480434 ) (-384 -864 0.480434 ) (-384 -864 0 ) 
4 101 103 (-496 -896 0.480434 ) (-496 -896 0 ) (-384 -896 0 ) (-384 -896 0.480434 ) 
4 101 102 (-496 -896 0 ) (-496 -896 0.480434 ) (-496 -768 0.480434 ) (-496 -768 0 ) 
4 102 103 (-512 -896 0.480434 ) (-512 -896 0 ) (-496 -896 0 ) (-496 -896 0.480434 ) 
4 104 105 (-512 -1024 128 ) (-512 -1024 128.480011 ) (-512 -912 128.480011 ) (-512 -912 128 ) 
4 105 115 (-1008 -912 128 ) (-1008 -1024 128 ) (-1008 -1024 384 ) (-1008 -912 384 ) 
4 105 113 (-1008 -640 128 ) (-1008 -768 128 ) (-1008 -768 128.480011 ) (-1008 -640 128.480011 ) 
4 105 112 (-1008 0 128.480011 ) (-1008 0 128 ) (-1008 -640 128 ) (-1008 -640 128.480011 ) 
4 105 111 (-1008 0 384 ) (-1008 0 128.480011 ) (-1008 -912 128.480011 ) (-1008 -912 384 ) 
4 105 110 (-1008 -768 128 ) (-1008 0 128 ) (-768 0 128 ) (-768 -768 128 ) 
4 105 109 (-752 -640 128 ) (-752 -768 128 ) (-768 -768 128 ) (-768 -640 128 ) 
4 105 108 (-768 0 128 ) (-752 0 128 ) (-752 -256 128 ) (-768 -256 128 ) 
4 105 107 (-512 -16 128 ) (-512 -768 128 ) (-752 -768 128 ) (-752 -16 128 ) 
4 105 106 (-752 0 128 ) (-640 0 128 ) (-640 -16 128 ) (-752 -16 128 ) 
4 106 108 (-752 0 0 ) (-752 -16 0 ) (-752 -16 128 ) (-752 0 128 ) 
4 106 107 (-752 -16 128 ) (-752 -16 0 ) (-640 -16 0 ) (-640 -16 128 ) 
4 107 109 (-752 -640 0 ) (-752 -768 0 ) (-752 -768 128 ) (-752 -640 128 ) 
4 107 108 (-752 -16 0 ) (-752 -256 0 ) (-752 -256 128 ) (-752 -16 128 ) 
4 108 110 (-768 0 0 ) (-768 -256 0 ) (-768 -256 128 ) (-768 0 128 ) 
4 109 110 (-768 -640 0 ) (-768 -768 0 ) (-768 -768 128 ) (-768 -640 128 ) 
4 110 113 (-1008 -640 0 ) (-1008 -768 0 ) (-1008 -768 128 ) (-1008 -640 128 ) 
4 111 117 (-1024 -768 128.480011 ) (-1024 -912 128.480011 ) (-1024 -912 384 ) (-1024 -768 384 ) 
4 111 116 (-1024 0 384 ) (-1024 0 128.480011 ) (-1024 -768 128.480011 ) (-1024 -768 384 ) 
4 111 115 (-1008 -912 128.480011 ) (-1008 -912 384 ) (-1024 -912 384 ) (-1024 -912 128.480011 ) 
4 111 113 (-1024 -768 128.480011 ) (-1024 -640 128.480011 ) (-1008 -640 128.480011 ) (-1008 -768 128.480011 ) 
4 111 112 (-1024 -640 128.480011 ) (-1024 0 128.480011 ) (-1008 0 128.480011 ) (-1008 -640 128.480011 ) 
4 112 116 (-1024 0 128.480011 ) (-1024 0 128 ) (-1024 -640 128 ) (-1024 -640 128.480011 ) 
4 112 113 (-1008 -640 128 ) (-1008 -640 128.480011 ) (-1024 -640 128.480011 ) (-1024 -640 128 ) 
4 113 116 (-1024 -640 0 ) (-1024 -768 0 ) (-1024 -768 128.480011 ) (-1024 -640 128.480011 ) 
4 113 114 (-1024 -768 0 ) (-1008 -768 0 ) (-1008 -768 0.480434 ) (-1024 -768 0.480434 ) 
4 114 120 (-1024 -768 0 ) (-1024 -912 0 ) (-1024 -912 0.480434 ) (-1024 -768 0.480434 ) 
4 115 121 (-1024 -1024 128 ) (-1024 -1024 128.480011 ) (-1024 -912 128.480011 ) (-1024 -912 128 ) 
4 115 117 (-1024 -1024 128.480011 ) (-1024 -1024 384 ) (-1024 -912 384 ) (-1024 -912 128.480011 ) 
4 116 123 (-1264 0 384 ) (-1264 0 128 ) (-1264 -768 128 ) (-1264 -768 384 ) 
4 116 122 (-1264 -768 128.480011 ) (-1264 -768 128 ) (-1168 -768 128 ) (-1168 -768 128.480011 ) 
4 116 118 (-1120 -768 96.480400 ) (-1120 -768 0.480434 ) (-1056 -768 0.480434 ) (-1056 -768 96.480400 ) 
4 116 120 (-1168 -768 0 ) (-1024 -768 0 ) (-1024 -768 0.480434 ) (-1168 -768 0.480434 ) 
4 116 117 (-1264 -768 384 ) (-1264 -768 128.480011 ) (-1024 -768 128.480011 ) (-1024 -768 384 ) 
4 117 123 (-1264 -1024 128.480011 ) (-1264 -1024 384 ) (-1264 -768 384 ) (-1264 -768 128.480011 ) 
4 117 122 (-1264 -1024 128.480011 ) (-1264 -768 128.480011 ) (-1168 -768 128.480011 ) (-1168 -1024 128.480011 ) 
4 117 121 (-1024 -912 128.480011 ) (-1024 -1024 128.480011 ) (-1168 -1024 128.480011 ) (-1168 -912 128.480011 ) 
4 117 119 (-1024 -784 128.480011 ) (-1024 -896 128.480011 ) (-1152 -896 128.480011 ) (-1152 -784 128.480011 ) 
4 118 119 (-1120 -784 0.480434 ) (-1056 -784 0.480434 ) (-1056 -784 96.480400 ) (-1120 -784 96.480400 ) 
4 118 120 (-1120 -768 0.480434 ) (-1056 -768 0.480434 ) (-1056 -784 0.480434 ) (-1120 -784 0.480434 ) 
4 119 120 (-1152 -896 0.480434 ) (-1152 -784 0.480434 ) (-1024 -784 0.480434 ) (-1024 -896 0.480434 ) 
4 121 122 (-1168 -1024 128.480011 ) (-1168 -912 128.480011 ) (-1168 -912 128 ) (-1168 -1024 128 ) 
4 122 123 (-1264 -1024 128 ) (-1264 -1024 128.480011 ) (-1264 -768 128.480011 ) (-1264 -768 128 ) 
