


materialPath: C:\Program Files (x86)\Steam\steamapps\sourcemods\open_fortress\materials
Loading c:\program files (x86)\steam\steamapps\sourcemods\open_fortress_zombies\maps\mercvm_example1.vmf
ConVarRef mat_reduceparticles doesn't point to an existing ConVar
fixing up env_cubemap materials on brush sides...
0...1...2...3...4...5...6...7...8...9...100...1...2...3...4...5...6...7...8...9...10Processing areas...done (0)
Building Faces...done (0)
Chop Details...done (0)
Find Visible Detail Sides...done (0)
Merging details...done (0)
FixTjuncs...
PruneNodes...
WriteBSP...
done (0)
writing c:\program files (x86)\steam\steamapps\sourcemods\open_fortress_zombies\maps\mercvm_example1.prt...Building visibility clusters...
done (0)
Creating default LDR cubemaps for env_cubemap using skybox materials:
   skybox/sky_badlands_01*.vmt
 ! Run buildcubemaps in the engine to get the correct cube maps.
Creating default HDR cubemaps for env_cubemap using skybox materials:
   skybox/sky_badlands_01*.vmt
 ! Run buildcubemaps in the engine to get the correct cube maps.
Finding displacement neighbors...
Finding lightmap sample positions...
Displacement Alpha : 0...1...2...3...4...5...6...7...8...9...10
Building Physics collision data...
done (0) (41021 bytes)
Error! To use model "models/weapons/w_models/w_shotgun.mdl"
      with prop_static, it must be compiled with $staticprop!
Error loading studio model "models/weapons/w_models/w_shotgun.mdl"!
Placing detail props : 0...1...2...3...4...5...6...7...8...9...10
Compacting texture/material tables...
Reduced 323 texinfos to 143
Reduced 12 texdatas to 10 (269 bytes to 225)
Writing c:\program files (x86)\steam\steamapps\sourcemods\open_fortress_zombies\maps\mercvm_example1.bsp
MSG_FILEWRITE - Filesystem was asked to write to 'c:\program files (x86)\steam\steamapps\sourcemods\open_fortress_zombies\maps\mercvm_example1.bsp', but we don't own that location. Allowing.
Wrote ZIP buffer, estimated size 212284, actual size 211668
0 seconds elapsed



16 threads
reading c:\program files (x86)\steam\steamapps\sourcemods\open_fortress_zombies\maps\mercvm_example1.bsp
reading c:\program files (x86)\steam\steamapps\sourcemods\open_fortress_zombies\maps\mercvm_example1.prt
  66 portalclusters
 148 numportals
0...1...2...3...4...5...6...7...8...9...100...1...2...3...4...5...6...7...8...9...10Optimized: 0 visible clusters (0.00%)
Total clusters visible: 3764
Average clusters visible: 57
Building PAS...
Average clusters audible: 66
visdatasize:1724  compressed from 2112
writing c:\program files (x86)\steam\steamapps\sourcemods\open_fortress_zombies\maps\mercvm_example1.bsp
MSG_FILEWRITE - Filesystem was asked to write to 'c:\program files (x86)\steam\steamapps\sourcemods\open_fortress_zombies\maps\mercvm_example1.bsp', but we don't own that location. Allowing.
0 seconds elapsed



[Reading texlights from 'lights.rad']
[63 texlights parsed from 'lights.rad']

Loading c:\program files (x86)\steam\steamapps\sourcemods\open_fortress_zombies\maps\mercvm_example1.bsp
460 faces
436423 square feet [62844972.00 square inches]
0 Displacements
0 Square Feet [0.00 Square Inches]
460 patches before subdivision
16870 patches after subdivision
11 direct lights
0...1...2...3...4...5...6...7...8...9...100...1...2...3...4...5...6...7...8...9...10transfers 928407, max 297
transfer lists:   7.1 megs
0...1...2...3...4...5...6...7...8...9...10	Bounce #1 added RGB(72888, 61425, 52833)
0...1...2...3...4...5...6...7...8...9...10	Bounce #2 added RGB(5205, 4387, 3774)
0...1...2...3...4...5...6...7...8...9...10	Bounce #3 added RGB(420, 353, 303)
0...1...2...3...4...5...6...7...8...9...10	Bounce #4 added RGB(37, 31, 27)
0...1...2...3...4...5...6...7...8...9...10	Bounce #5 added RGB(4, 3, 3)
0...1...2...3...4...5...6...7...8...9...10	Bounce #6 added RGB(0, 0, 0)
Build Patch/Sample Hash Table(s).....Done<0.0025 sec>
0...1...2...3...4...5...6...7...8...9...10FinalLightFace Done
0 of 0 (0% of) surface lights went in leaf ambient cubes.
0...1...2...3...4...5...6...7...8...9...10Writing leaf ambient...done
Ready to Finish

Object names       Objects/Maxobjs  Memory / Maxmem  Fullness 
------------       ---------------  ---------------  -------- 
models                  22/1024         1056/49152    ( 2.1%) 
brushes                 99/8192         1188/98304    ( 1.2%) 
brushsides             633/65536        5064/524288   ( 1.0%) 
planes                 470/65536        9400/1310720  ( 0.7%) 
vertexes               771/65536        9252/786432   ( 1.2%) 
nodes                  325/65536       10400/2097152  ( 0.5%) 
texinfos               143/12288       10296/884736   ( 1.2%) 
texdata                 10/2048          320/65536    ( 0.5%) 
dispinfos                0/0               0/0        ( 0.0%) 
disp_verts               0/0               0/0        ( 0.0%) 
disp_tris                0/0               0/0        ( 0.0%) 
disp_lmsamples           0/0               0/0        ( 0.0%) 
faces                  460/65536       25760/3670016  ( 0.7%) 
hdr faces                0/65536           0/3670016  ( 0.0%) 
origfaces              251/65536       14056/3670016  ( 0.4%) 
leaves                 348/65536       11136/2097152  ( 0.5%) 
leaffaces              526/65536        1052/131072   ( 0.8%) 
leafbrushes            223/65536         446/131072   ( 0.3%) 
areas                    2/256            16/2048     ( 0.8%) 
surfedges             3143/512000      12572/2048000  ( 0.6%) 
edges                 1799/256000       7196/1024000  ( 0.7%) 
LDR worldlights         11/8192          968/720896   ( 0.1%) 
HDR worldlights          0/8192            0/720896   ( 0.0%) 
leafwaterdata            0/32768           0/393216   ( 0.0%) 
waterstrips             37/32768         370/327680   ( 0.1%) 
waterverts               0/65536           0/786432   ( 0.0%) 
waterindices           543/65536        1086/131072   ( 0.8%) 
cubemapsamples           1/1024           16/16384    ( 0.1%) 
overlays                 0/512             0/180224   ( 0.0%) 
LDR lightdata         [variable]      346964/0        ( 0.0%) 
HDR lightdata         [variable]           0/0        ( 0.0%) 
visdata               [variable]        1724/16777216 ( 0.0%) 
entdata               [variable]       37586/393216   ( 9.6%) 
LDR ambient table      348/65536        1392/262144   ( 0.5%) 
HDR ambient table      348/65536        1392/262144   ( 0.5%) 
LDR leaf ambient      1380/65536       38640/1835008  ( 2.1%) 
HDR leaf ambient       348/65536        9744/1835008  ( 0.5%) 
occluders                0/0               0/0        ( 0.0%) 
occluder polygons        0/0               0/0        ( 0.0%) 
occluder vert ind        0/0               0/0        ( 0.0%) 
detail props          [variable]           1/12       ( 8.3%) 
static props          [variable]           1/2044     ( 0.0%) 
pakfile               [variable]      211668/0        ( 0.0%) 
physics               [variable]       41021/4194304  ( 1.0%) 
physics terrain       [variable]           2/1048576  ( 0.0%) 

Level flags = 0

Total triangle count: 1205
Writing c:\program files (x86)\steam\steamapps\sourcemods\open_fortress_zombies\maps\mercvm_example1.bsp
1 second elapsed



[Reading texlights from 'lights.rad']
[63 texlights parsed from 'lights.rad']

Loading c:\program files (x86)\steam\steamapps\sourcemods\open_fortress_zombies\maps\mercvm_example1.bsp
460 faces
436423 square feet [62844972.00 square inches]
0 Displacements
0 Square Feet [0.00 Square Inches]
460 patches before subdivision
16870 patches after subdivision
11 direct lights
0...1...2...3...4...5...6...7...8...9...100...1...2...3...4...5...6...7...8...9...10transfers 928407, max 297
transfer lists:   7.1 megs
0...1...2...3...4...5...6...7...8...9...10	Bounce #1 added RGB(90471, 76869, 66584)
0...1...2...3...4...5...6...7...8...9...10	Bounce #2 added RGB(6435, 5467, 4734)
0...1...2...3...4...5...6...7...8...9...10	Bounce #3 added RGB(517, 437, 377)
0...1...2...3...4...5...6...7...8...9...10	Bounce #4 added RGB(46, 39, 33)
0...1...2...3...4...5...6...7...8...9...10	Bounce #5 added RGB(4, 4, 3)
0...1...2...3...4...5...6...7...8...9...10	Bounce #6 added RGB(0, 0, 0)
Build Patch/Sample Hash Table(s).....Done<0.0027 sec>
0...1...2...3...4...5...6...7...8...9...10FinalLightFace Done
0 of 0 (0% of) surface lights went in leaf ambient cubes.
0...1...2...3...4...5...6...7...8...9...10Writing leaf ambient...done
Ready to Finish

Object names       Objects/Maxobjs  Memory / Maxmem  Fullness 
------------       ---------------  ---------------  -------- 
models                  22/1024         1056/49152    ( 2.1%) 
brushes                 99/8192         1188/98304    ( 1.2%) 
brushsides             633/65536        5064/524288   ( 1.0%) 
planes                 470/65536        9400/1310720  ( 0.7%) 
vertexes               771/65536        9252/786432   ( 1.2%) 
nodes                  325/65536       10400/2097152  ( 0.5%) 
texinfos               143/12288       10296/884736   ( 1.2%) 
texdata                 10/2048          320/65536    ( 0.5%) 
dispinfos                0/0               0/0        ( 0.0%) 
disp_verts               0/0               0/0        ( 0.0%) 
disp_tris                0/0               0/0        ( 0.0%) 
disp_lmsamples           0/0               0/0        ( 0.0%) 
faces                  460/65536       25760/3670016  ( 0.7%) 
hdr faces              460/65536       25760/3670016  ( 0.7%) 
origfaces              251/65536       14056/3670016  ( 0.4%) 
leaves                 348/65536       11136/2097152  ( 0.5%) 
leaffaces              526/65536        1052/131072   ( 0.8%) 
leafbrushes            223/65536         446/131072   ( 0.3%) 
areas                    2/256            16/2048     ( 0.8%) 
surfedges             3143/512000      12572/2048000  ( 0.6%) 
edges                 1799/256000       7196/1024000  ( 0.7%) 
LDR worldlights         11/8192          968/720896   ( 0.1%) 
HDR worldlights         11/8192          968/720896   ( 0.1%) 
leafwaterdata            0/32768           0/393216   ( 0.0%) 
waterstrips             37/32768         370/327680   ( 0.1%) 
waterverts               0/65536           0/786432   ( 0.0%) 
waterindices           543/65536        1086/131072   ( 0.8%) 
cubemapsamples           1/1024           16/16384    ( 0.1%) 
overlays                 0/512             0/180224   ( 0.0%) 
LDR lightdata         [variable]      346964/0        ( 0.0%) 
HDR lightdata         [variable]      346964/0        ( 0.0%) 
visdata               [variable]        1724/16777216 ( 0.0%) 
entdata               [variable]       37586/393216   ( 9.6%) 
LDR ambient table      348/65536        1392/262144   ( 0.5%) 
HDR ambient table      348/65536        1392/262144   ( 0.5%) 
LDR leaf ambient      1380/65536       38640/1835008  ( 2.1%) 
HDR leaf ambient      1426/65536       39928/1835008  ( 2.2%) 
occluders                0/0               0/0        ( 0.0%) 
occluder polygons        0/0               0/0        ( 0.0%) 
occluder vert ind        0/0               0/0        ( 0.0%) 
detail props          [variable]           1/12       ( 8.3%) 
static props          [variable]           1/2044     ( 0.0%) 
pakfile               [variable]      211668/0        ( 0.0%) 
physics               [variable]       41021/4194304  ( 1.0%) 
physics terrain       [variable]           2/1048576  ( 0.0%) 

Level flags = 0

Total triangle count: 1205
Writing c:\program files (x86)\steam\steamapps\sourcemods\open_fortress_zombies\maps\mercvm_example1.bsp
1 second elapsed



materialPath: C:\Program Files (x86)\Steam\steamapps\sourcemods\open_fortress\materials
Loading c:\program files (x86)\steam\steamapps\sourcemods\open_fortress_zombies\maps\mercvm_example1.vmf
ConVarRef mat_reduceparticles doesn't point to an existing ConVar
fixing up env_cubemap materials on brush sides...
0...1...2...3...4...5...6...7...8...9...100...1...2...3...4...5...6...7...8...9...10Processing areas...done (0)
Building Faces...done (0)
Chop Details...done (0)
Find Visible Detail Sides...done (0)
Merging details...done (0)
FixTjuncs...
PruneNodes...
WriteBSP...
done (0)
writing c:\program files (x86)\steam\steamapps\sourcemods\open_fortress_zombies\maps\mercvm_example1.prt...Building visibility clusters...
done (0)
Creating default LDR cubemaps for env_cubemap using skybox materials:
   skybox/sky_badlands_01*.vmt
 ! Run buildcubemaps in the engine to get the correct cube maps.
Creating default HDR cubemaps for env_cubemap using skybox materials:
   skybox/sky_badlands_01*.vmt
 ! Run buildcubemaps in the engine to get the correct cube maps.
Finding displacement neighbors...
Finding lightmap sample positions...
Displacement Alpha : 0...1...2...3...4...5...6...7...8...9...10
Building Physics collision data...
done (0) (41021 bytes)
Error! To use model "models/weapons/w_models/w_shotgun.mdl"
      with prop_static, it must be compiled with $staticprop!
Error loading studio model "models/weapons/w_models/w_shotgun.mdl"!
Placing detail props : 0...1...2...3...4...5...6...7...8...9...10
Compacting texture/material tables...
Reduced 323 texinfos to 143
Reduced 12 texdatas to 10 (269 bytes to 225)
Writing c:\program files (x86)\steam\steamapps\sourcemods\open_fortress_zombies\maps\mercvm_example1.bsp
MSG_FILEWRITE - Filesystem was asked to write to 'c:\program files (x86)\steam\steamapps\sourcemods\open_fortress_zombies\maps\mercvm_example1.bsp', but we don't own that location. Allowing.
Wrote ZIP buffer, estimated size 212284, actual size 211668
0 seconds elapsed



16 threads
reading c:\program files (x86)\steam\steamapps\sourcemods\open_fortress_zombies\maps\mercvm_example1.bsp
reading c:\program files (x86)\steam\steamapps\sourcemods\open_fortress_zombies\maps\mercvm_example1.prt
  66 portalclusters
 148 numportals
0...1...2...3...4...5...6...7...8...9...100...1...2...3...4...5...6...7...8...9...10Optimized: 0 visible clusters (0.00%)
Total clusters visible: 3764
Average clusters visible: 57
Building PAS...
Average clusters audible: 66
visdatasize:1724  compressed from 2112
writing c:\program files (x86)\steam\steamapps\sourcemods\open_fortress_zombies\maps\mercvm_example1.bsp
MSG_FILEWRITE - Filesystem was asked to write to 'c:\program files (x86)\steam\steamapps\sourcemods\open_fortress_zombies\maps\mercvm_example1.bsp', but we don't own that location. Allowing.
0 seconds elapsed



[Reading texlights from 'lights.rad']
[63 texlights parsed from 'lights.rad']

Loading c:\program files (x86)\steam\steamapps\sourcemods\open_fortress_zombies\maps\mercvm_example1.bsp
460 faces
436423 square feet [62844972.00 square inches]
0 Displacements
0 Square Feet [0.00 Square Inches]
460 patches before subdivision
16870 patches after subdivision
11 direct lights
0...1...2...3...4...5...6...7...8...9...100...1...2...3...4...5...6...7...8...9...10transfers 928407, max 297
transfer lists:   7.1 megs
0...1...2...3...4...5...6...7...8...9...10	Bounce #1 added RGB(72888, 61425, 52833)
0...1...2...3...4...5...6...7...8...9...10	Bounce #2 added RGB(5205, 4387, 3774)
0...1...2...3...4...5...6...7...8...9...10	Bounce #3 added RGB(420, 353, 303)
0...1...2...3...4...5...6...7...8...9...10	Bounce #4 added RGB(37, 31, 27)
0...1...2...3...4...5...6...7...8...9...10	Bounce #5 added RGB(4, 3, 3)
0...1...2...3...4...5...6...7...8...9...10	Bounce #6 added RGB(0, 0, 0)
Build Patch/Sample Hash Table(s).....Done<0.0043 sec>
0...1...2...3...4...5...6...7...8...9...10FinalLightFace Done
0 of 0 (0% of) surface lights went in leaf ambient cubes.
0...1...2...3...4...5...6...7...8...9...10Writing leaf ambient...done
Ready to Finish

Object names       Objects/Maxobjs  Memory / Maxmem  Fullness 
------------       ---------------  ---------------  -------- 
models                  22/1024         1056/49152    ( 2.1%) 
brushes                 99/8192         1188/98304    ( 1.2%) 
brushsides             633/65536        5064/524288   ( 1.0%) 
planes                 470/65536        9400/1310720  ( 0.7%) 
vertexes               771/65536        9252/786432   ( 1.2%) 
nodes                  325/65536       10400/2097152  ( 0.5%) 
texinfos               143/12288       10296/884736   ( 1.2%) 
texdata                 10/2048          320/65536    ( 0.5%) 
dispinfos                0/0               0/0        ( 0.0%) 
disp_verts               0/0               0/0        ( 0.0%) 
disp_tris                0/0               0/0        ( 0.0%) 
disp_lmsamples           0/0               0/0        ( 0.0%) 
faces                  460/65536       25760/3670016  ( 0.7%) 
hdr faces                0/65536           0/3670016  ( 0.0%) 
origfaces              251/65536       14056/3670016  ( 0.4%) 
leaves                 348/65536       11136/2097152  ( 0.5%) 
leaffaces              526/65536        1052/131072   ( 0.8%) 
leafbrushes            223/65536         446/131072   ( 0.3%) 
areas                    2/256            16/2048     ( 0.8%) 
surfedges             3143/512000      12572/2048000  ( 0.6%) 
edges                 1799/256000       7196/1024000  ( 0.7%) 
LDR worldlights         11/8192          968/720896   ( 0.1%) 
HDR worldlights          0/8192            0/720896   ( 0.0%) 
leafwaterdata            0/32768           0/393216   ( 0.0%) 
waterstrips             37/32768         370/327680   ( 0.1%) 
waterverts               0/65536           0/786432   ( 0.0%) 
waterindices           543/65536        1086/131072   ( 0.8%) 
cubemapsamples           1/1024           16/16384    ( 0.1%) 
overlays                 0/512             0/180224   ( 0.0%) 
LDR lightdata         [variable]      346964/0        ( 0.0%) 
HDR lightdata         [variable]           0/0        ( 0.0%) 
visdata               [variable]        1724/16777216 ( 0.0%) 
entdata               [variable]       37264/393216   ( 9.5%) 
LDR ambient table      348/65536        1392/262144   ( 0.5%) 
HDR ambient table      348/65536        1392/262144   ( 0.5%) 
LDR leaf ambient      1380/65536       38640/1835008  ( 2.1%) 
HDR leaf ambient       348/65536        9744/1835008  ( 0.5%) 
occluders                0/0               0/0        ( 0.0%) 
occluder polygons        0/0               0/0        ( 0.0%) 
occluder vert ind        0/0               0/0        ( 0.0%) 
detail props          [variable]           1/12       ( 8.3%) 
static props          [variable]           1/2044     ( 0.0%) 
pakfile               [variable]      211668/0        ( 0.0%) 
physics               [variable]       41021/4194304  ( 1.0%) 
physics terrain       [variable]           2/1048576  ( 0.0%) 

Level flags = 0

Total triangle count: 1205
Writing c:\program files (x86)\steam\steamapps\sourcemods\open_fortress_zombies\maps\mercvm_example1.bsp
2 seconds elapsed



[Reading texlights from 'lights.rad']
[63 texlights parsed from 'lights.rad']

Loading c:\program files (x86)\steam\steamapps\sourcemods\open_fortress_zombies\maps\mercvm_example1.bsp
460 faces
436423 square feet [62844972.00 square inches]
0 Displacements
0 Square Feet [0.00 Square Inches]
460 patches before subdivision
16870 patches after subdivision
11 direct lights
0...1...2...3...4...5...6...7...8...9...100...1...2...3...4...5...6...7...8...9...10transfers 928407, max 297
transfer lists:   7.1 megs
0...1...2...3...4...5...6...7...8...9...10	Bounce #1 added RGB(90471, 76869, 66584)
0...1...2...3...4...5...6...7...8...9...10	Bounce #2 added RGB(6435, 5467, 4734)
0...1...2...3...4...5...6...7...8...9...10	Bounce #3 added RGB(517, 437, 377)
0...1...2...3...4...5...6...7...8...9...10	Bounce #4 added RGB(46, 39, 33)
0...1...2...3...4...5...6...7...8...9...10	Bounce #5 added RGB(4, 4, 3)
0...1...2...3...4...5...6...7...8...9...10	Bounce #6 added RGB(0, 0, 0)
Build Patch/Sample Hash Table(s).....Done<0.0037 sec>
0...1...2...3...4...5...6...7...8...9...10FinalLightFace Done
0 of 0 (0% of) surface lights went in leaf ambient cubes.
0...1...2...3...4...5...6...7...8...9...10Writing leaf ambient...done
Ready to Finish

Object names       Objects/Maxobjs  Memory / Maxmem  Fullness 
------------       ---------------  ---------------  -------- 
models                  22/1024         1056/49152    ( 2.1%) 
brushes                 99/8192         1188/98304    ( 1.2%) 
brushsides             633/65536        5064/524288   ( 1.0%) 
planes                 470/65536        9400/1310720  ( 0.7%) 
vertexes               771/65536        9252/786432   ( 1.2%) 
nodes                  325/65536       10400/2097152  ( 0.5%) 
texinfos               143/12288       10296/884736   ( 1.2%) 
texdata                 10/2048          320/65536    ( 0.5%) 
dispinfos                0/0               0/0        ( 0.0%) 
disp_verts               0/0               0/0        ( 0.0%) 
disp_tris                0/0               0/0        ( 0.0%) 
disp_lmsamples           0/0               0/0        ( 0.0%) 
faces                  460/65536       25760/3670016  ( 0.7%) 
hdr faces              460/65536       25760/3670016  ( 0.7%) 
origfaces              251/65536       14056/3670016  ( 0.4%) 
leaves                 348/65536       11136/2097152  ( 0.5%) 
leaffaces              526/65536        1052/131072   ( 0.8%) 
leafbrushes            223/65536         446/131072   ( 0.3%) 
areas                    2/256            16/2048     ( 0.8%) 
surfedges             3143/512000      12572/2048000  ( 0.6%) 
edges                 1799/256000       7196/1024000  ( 0.7%) 
LDR worldlights         11/8192          968/720896   ( 0.1%) 
HDR worldlights         11/8192          968/720896   ( 0.1%) 
leafwaterdata            0/32768           0/393216   ( 0.0%) 
waterstrips             37/32768         370/327680   ( 0.1%) 
waterverts               0/65536           0/786432   ( 0.0%) 
waterindices           543/65536        1086/131072   ( 0.8%) 
cubemapsamples           1/1024           16/16384    ( 0.1%) 
overlays                 0/512             0/180224   ( 0.0%) 
LDR lightdata         [variable]      346964/0        ( 0.0%) 
HDR lightdata         [variable]      346964/0        ( 0.0%) 
visdata               [variable]        1724/16777216 ( 0.0%) 
entdata               [variable]       37264/393216   ( 9.5%) 
LDR ambient table      348/65536        1392/262144   ( 0.5%) 
HDR ambient table      348/65536        1392/262144   ( 0.5%) 
LDR leaf ambient      1380/65536       38640/1835008  ( 2.1%) 
HDR leaf ambient      1427/65536       39956/1835008  ( 2.2%) 
occluders                0/0               0/0        ( 0.0%) 
occluder polygons        0/0               0/0        ( 0.0%) 
occluder vert ind        0/0               0/0        ( 0.0%) 
detail props          [variable]           1/12       ( 8.3%) 
static props          [variable]           1/2044     ( 0.0%) 
pakfile               [variable]      211668/0        ( 0.0%) 
physics               [variable]       41021/4194304  ( 1.0%) 
physics terrain       [variable]           2/1048576  ( 0.0%) 

Level flags = 0

Total triangle count: 1205
Writing c:\program files (x86)\steam\steamapps\sourcemods\open_fortress_zombies\maps\mercvm_example1.bsp
2 seconds elapsed



materialPath: C:\Program Files (x86)\Steam\steamapps\sourcemods\open_fortress\materials
Loading c:\program files (x86)\steam\steamapps\sourcemods\open_fortress_zombies\maps\mercvm_example1.vmf
ConVarRef mat_reduceparticles doesn't point to an existing ConVar
fixing up env_cubemap materials on brush sides...
0...1...2...3...4...5...6...7...8...9...100...1...2...3...4...5...6...7...8...9...10Processing areas...done (0)
Building Faces...done (0)
Chop Details...done (0)
Find Visible Detail Sides...done (0)
Merging details...done (0)
FixTjuncs...
PruneNodes...
WriteBSP...
done (0)
writing c:\program files (x86)\steam\steamapps\sourcemods\open_fortress_zombies\maps\mercvm_example1.prt...Building visibility clusters...
done (0)
Creating default LDR cubemaps for env_cubemap using skybox materials:
   skybox/sky_badlands_01*.vmt
 ! Run buildcubemaps in the engine to get the correct cube maps.
Creating default HDR cubemaps for env_cubemap using skybox materials:
   skybox/sky_badlands_01*.vmt
 ! Run buildcubemaps in the engine to get the correct cube maps.
Finding displacement neighbors...
Finding lightmap sample positions...
Displacement Alpha : 0...1...2...3...4...5...6...7...8...9...10
Building Physics collision data...
done (0) (41021 bytes)
Error! To use model "models/weapons/w_models/w_shotgun.mdl"
      with prop_static, it must be compiled with $staticprop!
Error loading studio model "models/weapons/w_models/w_shotgun.mdl"!
Placing detail props : 0...1...2...3...4...5...6...7...8...9...10
Compacting texture/material tables...
Reduced 323 texinfos to 143
Reduced 12 texdatas to 10 (269 bytes to 225)
Writing c:\program files (x86)\steam\steamapps\sourcemods\open_fortress_zombies\maps\mercvm_example1.bsp
MSG_FILEWRITE - Filesystem was asked to write to 'c:\program files (x86)\steam\steamapps\sourcemods\open_fortress_zombies\maps\mercvm_example1.bsp', but we don't own that location. Allowing.
Wrote ZIP buffer, estimated size 212284, actual size 211668
0 seconds elapsed



16 threads
reading c:\program files (x86)\steam\steamapps\sourcemods\open_fortress_zombies\maps\mercvm_example1.bsp
reading c:\program files (x86)\steam\steamapps\sourcemods\open_fortress_zombies\maps\mercvm_example1.prt
  66 portalclusters
 148 numportals
0...1...2...3...4...5...6...7...8...9...100...1...2...3...4...5...6...7...8...9...10Optimized: 0 visible clusters (0.00%)
Total clusters visible: 3764
Average clusters visible: 57
Building PAS...
Average clusters audible: 66
visdatasize:1724  compressed from 2112
writing c:\program files (x86)\steam\steamapps\sourcemods\open_fortress_zombies\maps\mercvm_example1.bsp
MSG_FILEWRITE - Filesystem was asked to write to 'c:\program files (x86)\steam\steamapps\sourcemods\open_fortress_zombies\maps\mercvm_example1.bsp', but we don't own that location. Allowing.
0 seconds elapsed



[Reading texlights from 'lights.rad']
[63 texlights parsed from 'lights.rad']

Loading c:\program files (x86)\steam\steamapps\sourcemods\open_fortress_zombies\maps\mercvm_example1.bsp
460 faces
436423 square feet [62844972.00 square inches]
0 Displacements
0 Square Feet [0.00 Square Inches]
460 patches before subdivision
16870 patches after subdivision
11 direct lights
0...1...2...3...4...5...6...7...8...9...100...1...2...3...4...5...6...7...8...9...10transfers 928407, max 297
transfer lists:   7.1 megs
0...1...2...3...4...5...6...7...8...9...10	Bounce #1 added RGB(72888, 61425, 52833)
0...1...2...3...4...5...6...7...8...9...10	Bounce #2 added RGB(5205, 4387, 3774)
0...1...2...3...4...5...6...7...8...9...10	Bounce #3 added RGB(420, 353, 303)
0...1...2...3...4...5...6...7...8...9...10	Bounce #4 added RGB(37, 31, 27)
0...1...2...3...4...5...6...7...8...9...10	Bounce #5 added RGB(4, 3, 3)
0...1...2...3...4...5...6...7...8...9...10	Bounce #6 added RGB(0, 0, 0)
Build Patch/Sample Hash Table(s).....Done<0.0058 sec>
0...1...2...3...4...5...6...7...8...9...10FinalLightFace Done
0 of 0 (0% of) surface lights went in leaf ambient cubes.
0...1...2...3...4...5...6...7...8...9...10Writing leaf ambient...done
Ready to Finish

Object names       Objects/Maxobjs  Memory / Maxmem  Fullness 
------------       ---------------  ---------------  -------- 
models                  22/1024         1056/49152    ( 2.1%) 
brushes                 99/8192         1188/98304    ( 1.2%) 
brushsides             633/65536        5064/524288   ( 1.0%) 
planes                 470/65536        9400/1310720  ( 0.7%) 
vertexes               771/65536        9252/786432   ( 1.2%) 
nodes                  325/65536       10400/2097152  ( 0.5%) 
texinfos               143/12288       10296/884736   ( 1.2%) 
texdata                 10/2048          320/65536    ( 0.5%) 
dispinfos                0/0               0/0        ( 0.0%) 
disp_verts               0/0               0/0        ( 0.0%) 
disp_tris                0/0               0/0        ( 0.0%) 
disp_lmsamples           0/0               0/0        ( 0.0%) 
faces                  460/65536       25760/3670016  ( 0.7%) 
hdr faces                0/65536           0/3670016  ( 0.0%) 
origfaces              251/65536       14056/3670016  ( 0.4%) 
leaves                 348/65536       11136/2097152  ( 0.5%) 
leaffaces              526/65536        1052/131072   ( 0.8%) 
leafbrushes            223/65536         446/131072   ( 0.3%) 
areas                    2/256            16/2048     ( 0.8%) 
surfedges             3143/512000      12572/2048000  ( 0.6%) 
edges                 1799/256000       7196/1024000  ( 0.7%) 
LDR worldlights         11/8192          968/720896   ( 0.1%) 
HDR worldlights          0/8192            0/720896   ( 0.0%) 
leafwaterdata            0/32768           0/393216   ( 0.0%) 
waterstrips             37/32768         370/327680   ( 0.1%) 
waterverts               0/65536           0/786432   ( 0.0%) 
waterindices           543/65536        1086/131072   ( 0.8%) 
cubemapsamples           1/1024           16/16384    ( 0.1%) 
overlays                 0/512             0/180224   ( 0.0%) 
LDR lightdata         [variable]      346964/0        ( 0.0%) 
HDR lightdata         [variable]           0/0        ( 0.0%) 
visdata               [variable]        1724/16777216 ( 0.0%) 
entdata               [variable]       37311/393216   ( 9.5%) 
LDR ambient table      348/65536        1392/262144   ( 0.5%) 
HDR ambient table      348/65536        1392/262144   ( 0.5%) 
LDR leaf ambient      1380/65536       38640/1835008  ( 2.1%) 
HDR leaf ambient       348/65536        9744/1835008  ( 0.5%) 
occluders                0/0               0/0        ( 0.0%) 
occluder polygons        0/0               0/0        ( 0.0%) 
occluder vert ind        0/0               0/0        ( 0.0%) 
detail props          [variable]           1/12       ( 8.3%) 
static props          [variable]           1/2044     ( 0.0%) 
pakfile               [variable]      211668/0        ( 0.0%) 
physics               [variable]       41021/4194304  ( 1.0%) 
physics terrain       [variable]           2/1048576  ( 0.0%) 

Level flags = 0

Total triangle count: 1205
Writing c:\program files (x86)\steam\steamapps\sourcemods\open_fortress_zombies\maps\mercvm_example1.bsp
2 seconds elapsed



materialPath: C:\Program Files (x86)\Steam\steamapps\sourcemods\open_fortress\materials
Loading c:\program files (x86)\steam\steamapps\sourcemods\open_fortress_zombies\maps\mercvm_example1.vmf
ConVarRef mat_reduceparticles doesn't point to an existing ConVar
fixing up env_cubemap materials on brush sides...
0...1...2...3...4...5...6...7...8...9...100...1...2...3...4...5...6...7...8...9...10Processing areas...done (0)
Building Faces...done (0)
Chop Details...done (0)
Find Visible Detail Sides...done (0)
Merging details...done (0)
FixTjuncs...
PruneNodes...
WriteBSP...
done (0)
writing c:\program files (x86)\steam\steamapps\sourcemods\open_fortress_zombies\maps\mercvm_example1.prt...Building visibility clusters...
done (0)
Creating default LDR cubemaps for env_cubemap using skybox materials:
   skybox/sky_badlands_01*.vmt
 ! Run buildcubemaps in the engine to get the correct cube maps.
Creating default HDR cubemaps for env_cubemap using skybox materials:
   skybox/sky_badlands_01*.vmt
 ! Run buildcubemaps in the engine to get the correct cube maps.
Finding displacement neighbors...
Finding lightmap sample positions...
Displacement Alpha : 0...1...2...3...4...5...6...7...8...9...10
Building Physics collision data...
done (0) (41021 bytes)
Error! To use model "models/weapons/w_models/w_shotgun.mdl"
      with prop_static, it must be compiled with $staticprop!
Error loading studio model "models/weapons/w_models/w_shotgun.mdl"!
Placing detail props : 0...1...2...3...4...5...6...7...8...9...10
Compacting texture/material tables...
Reduced 323 texinfos to 143
Reduced 12 texdatas to 10 (269 bytes to 225)
Writing c:\program files (x86)\steam\steamapps\sourcemods\open_fortress_zombies\maps\mercvm_example1.bsp
MSG_FILEWRITE - Filesystem was asked to write to 'c:\program files (x86)\steam\steamapps\sourcemods\open_fortress_zombies\maps\mercvm_example1.bsp', but we don't own that location. Allowing.
Wrote ZIP buffer, estimated size 212284, actual size 211668
0 seconds elapsed



16 threads
reading c:\program files (x86)\steam\steamapps\sourcemods\open_fortress_zombies\maps\mercvm_example1.bsp
reading c:\program files (x86)\steam\steamapps\sourcemods\open_fortress_zombies\maps\mercvm_example1.prt
  66 portalclusters
 148 numportals
0...1...2...3...4...5...6...7...8...9...100...1...2...3...4...5...6...7...8...9...10Optimized: 0 visible clusters (0.00%)
Total clusters visible: 3764
Average clusters visible: 57
Building PAS...
Average clusters audible: 66
visdatasize:1724  compressed from 2112
writing c:\program files (x86)\steam\steamapps\sourcemods\open_fortress_zombies\maps\mercvm_example1.bsp
MSG_FILEWRITE - Filesystem was asked to write to 'c:\program files (x86)\steam\steamapps\sourcemods\open_fortress_zombies\maps\mercvm_example1.bsp', but we don't own that location. Allowing.
0 seconds elapsed



[Reading texlights from 'lights.rad']
[63 texlights parsed from 'lights.rad']

Loading c:\program files (x86)\steam\steamapps\sourcemods\open_fortress_zombies\maps\mercvm_example1.bsp
460 faces
436423 square feet [62844972.00 square inches]
0 Displacements
0 Square Feet [0.00 Square Inches]
460 patches before subdivision
16870 patches after subdivision
11 direct lights
0...1...2...3...4...5...6...7...8...9...100...1...2...3...4...5...6...7...8...9...10transfers 928407, max 297
transfer lists:   7.1 megs
0...1...2...3...4...5...6...7...8...9...10	Bounce #1 added RGB(72888, 61425, 52833)
0...1...2...3...4...5...6...7...8...9...10	Bounce #2 added RGB(5205, 4387, 3774)
0...1...2...3...4...5...6...7...8...9...10	Bounce #3 added RGB(420, 353, 303)
0...1...2...3...4...5...6...7...8...9...10	Bounce #4 added RGB(37, 31, 27)
0...1...2...3...4...5...6...7...8...9...10	Bounce #5 added RGB(4, 3, 3)
0...1...2...3...4...5...6...7...8...9...10	Bounce #6 added RGB(0, 0, 0)
Build Patch/Sample Hash Table(s).....Done<0.0040 sec>
0...1...2...3...4...5...6...7...8...9...10FinalLightFace Done
0 of 0 (0% of) surface lights went in leaf ambient cubes.
0...1...2...3...4...5...6...7...8...9...10Writing leaf ambient...done
Ready to Finish

Object names       Objects/Maxobjs  Memory / Maxmem  Fullness 
------------       ---------------  ---------------  -------- 
models                  22/1024         1056/49152    ( 2.1%) 
brushes                 99/8192         1188/98304    ( 1.2%) 
brushsides             633/65536        5064/524288   ( 1.0%) 
planes                 470/65536        9400/1310720  ( 0.7%) 
vertexes               771/65536        9252/786432   ( 1.2%) 
nodes                  325/65536       10400/2097152  ( 0.5%) 
texinfos               143/12288       10296/884736   ( 1.2%) 
texdata                 10/2048          320/65536    ( 0.5%) 
dispinfos                0/0               0/0        ( 0.0%) 
disp_verts               0/0               0/0        ( 0.0%) 
disp_tris                0/0               0/0        ( 0.0%) 
disp_lmsamples           0/0               0/0        ( 0.0%) 
faces                  460/65536       25760/3670016  ( 0.7%) 
hdr faces                0/65536           0/3670016  ( 0.0%) 
origfaces              251/65536       14056/3670016  ( 0.4%) 
leaves                 348/65536       11136/2097152  ( 0.5%) 
leaffaces              526/65536        1052/131072   ( 0.8%) 
leafbrushes            223/65536         446/131072   ( 0.3%) 
areas                    2/256            16/2048     ( 0.8%) 
surfedges             3143/512000      12572/2048000  ( 0.6%) 
edges                 1799/256000       7196/1024000  ( 0.7%) 
LDR worldlights         11/8192          968/720896   ( 0.1%) 
HDR worldlights          0/8192            0/720896   ( 0.0%) 
leafwaterdata            0/32768           0/393216   ( 0.0%) 
waterstrips             37/32768         370/327680   ( 0.1%) 
waterverts               0/65536           0/786432   ( 0.0%) 
waterindices           543/65536        1086/131072   ( 0.8%) 
cubemapsamples           1/1024           16/16384    ( 0.1%) 
overlays                 0/512             0/180224   ( 0.0%) 
LDR lightdata         [variable]      346964/0        ( 0.0%) 
HDR lightdata         [variable]           0/0        ( 0.0%) 
visdata               [variable]        1724/16777216 ( 0.0%) 
entdata               [variable]       37337/393216   ( 9.5%) 
LDR ambient table      348/65536        1392/262144   ( 0.5%) 
HDR ambient table      348/65536        1392/262144   ( 0.5%) 
LDR leaf ambient      1380/65536       38640/1835008  ( 2.1%) 
HDR leaf ambient       348/65536        9744/1835008  ( 0.5%) 
occluders                0/0               0/0        ( 0.0%) 
occluder polygons        0/0               0/0        ( 0.0%) 
occluder vert ind        0/0               0/0        ( 0.0%) 
detail props          [variable]           1/12       ( 8.3%) 
static props          [variable]           1/2044     ( 0.0%) 
pakfile               [variable]      211668/0        ( 0.0%) 
physics               [variable]       41021/4194304  ( 1.0%) 
physics terrain       [variable]           2/1048576  ( 0.0%) 

Level flags = 0

Total triangle count: 1205
Writing c:\program files (x86)\steam\steamapps\sourcemods\open_fortress_zombies\maps\mercvm_example1.bsp
3 seconds elapsed



materialPath: C:\Program Files (x86)\Steam\steamapps\sourcemods\open_fortress\materials
Loading c:\program files (x86)\steam\steamapps\sourcemods\open_fortress_zombies\maps\mercvm_example1.vmf
ConVarRef mat_reduceparticles doesn't point to an existing ConVar
fixing up env_cubemap materials on brush sides...
0...1...2...3...4...5...6...7...8...9...100...1...2...3...4...5...6...7...8...9...10Processing areas...done (0)
Building Faces...done (0)
Chop Details...done (0)
Find Visible Detail Sides...done (0)
Merging details...done (0)
FixTjuncs...
PruneNodes...
WriteBSP...
done (0)
writing c:\program files (x86)\steam\steamapps\sourcemods\open_fortress_zombies\maps\mercvm_example1.prt...Building visibility clusters...
done (0)
Creating default LDR cubemaps for env_cubemap using skybox materials:
   skybox/sky_badlands_01*.vmt
 ! Run buildcubemaps in the engine to get the correct cube maps.
Creating default HDR cubemaps for env_cubemap using skybox materials:
   skybox/sky_badlands_01*.vmt
 ! Run buildcubemaps in the engine to get the correct cube maps.
Finding displacement neighbors...
Finding lightmap sample positions...
Displacement Alpha : 0...1...2...3...4...5...6...7...8...9...10
Building Physics collision data...
done (0) (41021 bytes)
Error! To use model "models/weapons/w_models/w_shotgun.mdl"
      with prop_static, it must be compiled with $staticprop!
Error loading studio model "models/weapons/w_models/w_shotgun.mdl"!
Placing detail props : 0...1...2...3...4...5...6...7...8...9...10
Compacting texture/material tables...
Reduced 323 texinfos to 143
Reduced 12 texdatas to 10 (269 bytes to 225)
Writing c:\program files (x86)\steam\steamapps\sourcemods\open_fortress_zombies\maps\mercvm_example1.bsp
MSG_FILEWRITE - Filesystem was asked to write to 'c:\program files (x86)\steam\steamapps\sourcemods\open_fortress_zombies\maps\mercvm_example1.bsp', but we don't own that location. Allowing.
Wrote ZIP buffer, estimated size 212284, actual size 211668
0 seconds elapsed



16 threads
reading c:\program files (x86)\steam\steamapps\sourcemods\open_fortress_zombies\maps\mercvm_example1.bsp
reading c:\program files (x86)\steam\steamapps\sourcemods\open_fortress_zombies\maps\mercvm_example1.prt
  66 portalclusters
 148 numportals
0...1...2...3...4...5...6...7...8...9...100...1...2...3...4...5...6...7...8...9...10Optimized: 0 visible clusters (0.00%)
Total clusters visible: 3764
Average clusters visible: 57
Building PAS...
Average clusters audible: 66
visdatasize:1724  compressed from 2112
writing c:\program files (x86)\steam\steamapps\sourcemods\open_fortress_zombies\maps\mercvm_example1.bsp
MSG_FILEWRITE - Filesystem was asked to write to 'c:\program files (x86)\steam\steamapps\sourcemods\open_fortress_zombies\maps\mercvm_example1.bsp', but we don't own that location. Allowing.
0 seconds elapsed



[Reading texlights from 'lights.rad']
[63 texlights parsed from 'lights.rad']

Loading c:\program files (x86)\steam\steamapps\sourcemods\open_fortress_zombies\maps\mercvm_example1.bsp
460 faces
436423 square feet [62844972.00 square inches]
0 Displacements
0 Square Feet [0.00 Square Inches]
460 patches before subdivision
16870 patches after subdivision
11 direct lights
0...1...2...3...4...5...6...7...8...9...100...1...2...3...4...5...6...7...8...9...10transfers 928407, max 297
transfer lists:   7.1 megs
0...1...2...3...4...5...6...7...8...9...10	Bounce #1 added RGB(72888, 61425, 52833)
0...1...2...3...4...5...6...7...8...9...10	Bounce #2 added RGB(5205, 4387, 3774)
0...1...2...3...4...5...6...7...8...9...10	Bounce #3 added RGB(420, 353, 303)
0...1...2...3...4...5...6...7...8...9...10	Bounce #4 added RGB(37, 31, 27)
0...1...2...3...4...5...6...7...8...9...10	Bounce #5 added RGB(4, 3, 3)
0...1...2...3...4...5...6...7...8...9...10	Bounce #6 added RGB(0, 0, 0)
Build Patch/Sample Hash Table(s).....Done<0.0042 sec>
0...1...2...3...4...5...6...7...8...9...10FinalLightFace Done
0 of 0 (0% of) surface lights went in leaf ambient cubes.
0...1...2...3...4...5...6...7...8...9...10Writing leaf ambient...done
Ready to Finish

Object names       Objects/Maxobjs  Memory / Maxmem  Fullness 
------------       ---------------  ---------------  -------- 
models                  22/1024         1056/49152    ( 2.1%) 
brushes                 99/8192         1188/98304    ( 1.2%) 
brushsides             633/65536        5064/524288   ( 1.0%) 
planes                 470/65536        9400/1310720  ( 0.7%) 
vertexes               771/65536        9252/786432   ( 1.2%) 
nodes                  325/65536       10400/2097152  ( 0.5%) 
texinfos               143/12288       10296/884736   ( 1.2%) 
texdata                 10/2048          320/65536    ( 0.5%) 
dispinfos                0/0               0/0        ( 0.0%) 
disp_verts               0/0               0/0        ( 0.0%) 
disp_tris                0/0               0/0        ( 0.0%) 
disp_lmsamples           0/0               0/0        ( 0.0%) 
faces                  460/65536       25760/3670016  ( 0.7%) 
hdr faces                0/65536           0/3670016  ( 0.0%) 
origfaces              251/65536       14056/3670016  ( 0.4%) 
leaves                 348/65536       11136/2097152  ( 0.5%) 
leaffaces              526/65536        1052/131072   ( 0.8%) 
leafbrushes            223/65536         446/131072   ( 0.3%) 
areas                    2/256            16/2048     ( 0.8%) 
surfedges             3143/512000      12572/2048000  ( 0.6%) 
edges                 1799/256000       7196/1024000  ( 0.7%) 
LDR worldlights         11/8192          968/720896   ( 0.1%) 
HDR worldlights          0/8192            0/720896   ( 0.0%) 
leafwaterdata            0/32768           0/393216   ( 0.0%) 
waterstrips             37/32768         370/327680   ( 0.1%) 
waterverts               0/65536           0/786432   ( 0.0%) 
waterindices           543/65536        1086/131072   ( 0.8%) 
cubemapsamples           1/1024           16/16384    ( 0.1%) 
overlays                 0/512             0/180224   ( 0.0%) 
LDR lightdata         [variable]      346964/0        ( 0.0%) 
HDR lightdata         [variable]           0/0        ( 0.0%) 
visdata               [variable]        1724/16777216 ( 0.0%) 
entdata               [variable]       37312/393216   ( 9.5%) 
LDR ambient table      348/65536        1392/262144   ( 0.5%) 
HDR ambient table      348/65536        1392/262144   ( 0.5%) 
LDR leaf ambient      1380/65536       38640/1835008  ( 2.1%) 
HDR leaf ambient       348/65536        9744/1835008  ( 0.5%) 
occluders                0/0               0/0        ( 0.0%) 
occluder polygons        0/0               0/0        ( 0.0%) 
occluder vert ind        0/0               0/0        ( 0.0%) 
detail props          [variable]           1/12       ( 8.3%) 
static props          [variable]           1/2044     ( 0.0%) 
pakfile               [variable]      211668/0        ( 0.0%) 
physics               [variable]       41021/4194304  ( 1.0%) 
physics terrain       [variable]           2/1048576  ( 0.0%) 

Level flags = 0

Total triangle count: 1205
Writing c:\program files (x86)\steam\steamapps\sourcemods\open_fortress_zombies\maps\mercvm_example1.bsp
3 seconds elapsed



materialPath: C:\Program Files (x86)\Steam\steamapps\sourcemods\open_fortress\materials
Loading c:\program files (x86)\steam\steamapps\sourcemods\open_fortress_zombies\maps\mercvm_example1.vmf
ConVarRef mat_reduceparticles doesn't point to an existing ConVar
fixing up env_cubemap materials on brush sides...
0...1...2...3...4...5...6...7...8...9...100...1...2...3...4...5...6...7...8...9...10Processing areas...done (0)
Building Faces...done (0)
Chop Details...done (0)
Find Visible Detail Sides...done (0)
Merging details...done (0)
FixTjuncs...
PruneNodes...
WriteBSP...
done (0)
writing c:\program files (x86)\steam\steamapps\sourcemods\open_fortress_zombies\maps\mercvm_example1.prt...Building visibility clusters...
done (0)
Creating default LDR cubemaps for env_cubemap using skybox materials:
   skybox/sky_badlands_01*.vmt
 ! Run buildcubemaps in the engine to get the correct cube maps.
Creating default HDR cubemaps for env_cubemap using skybox materials:
   skybox/sky_badlands_01*.vmt
 ! Run buildcubemaps in the engine to get the correct cube maps.
Finding displacement neighbors...
Finding lightmap sample positions...
Displacement Alpha : 0...1...2...3...4...5...6...7...8...9...10
Building Physics collision data...
done (0) (41021 bytes)
Error! To use model "models/weapons/w_models/w_shotgun.mdl"
      with prop_static, it must be compiled with $staticprop!
Error loading studio model "models/weapons/w_models/w_shotgun.mdl"!
Placing detail props : 0...1...2...3...4...5...6...7...8...9...10
Compacting texture/material tables...
Reduced 323 texinfos to 143
Reduced 12 texdatas to 10 (269 bytes to 225)
Writing c:\program files (x86)\steam\steamapps\sourcemods\open_fortress_zombies\maps\mercvm_example1.bsp
MSG_FILEWRITE - Filesystem was asked to write to 'c:\program files (x86)\steam\steamapps\sourcemods\open_fortress_zombies\maps\mercvm_example1.bsp', but we don't own that location. Allowing.
Wrote ZIP buffer, estimated size 212284, actual size 211668
0 seconds elapsed



16 threads
reading c:\program files (x86)\steam\steamapps\sourcemods\open_fortress_zombies\maps\mercvm_example1.bsp
reading c:\program files (x86)\steam\steamapps\sourcemods\open_fortress_zombies\maps\mercvm_example1.prt
  66 portalclusters
 148 numportals
0...1...2...3...4...5...6...7...8...9...100...1...2...3...4...5...6...7...8...9...10Optimized: 0 visible clusters (0.00%)
Total clusters visible: 3764
Average clusters visible: 57
Building PAS...
Average clusters audible: 66
visdatasize:1724  compressed from 2112
writing c:\program files (x86)\steam\steamapps\sourcemods\open_fortress_zombies\maps\mercvm_example1.bsp
MSG_FILEWRITE - Filesystem was asked to write to 'c:\program files (x86)\steam\steamapps\sourcemods\open_fortress_zombies\maps\mercvm_example1.bsp', but we don't own that location. Allowing.
0 seconds elapsed



[Reading texlights from 'lights.rad']
[63 texlights parsed from 'lights.rad']

Loading c:\program files (x86)\steam\steamapps\sourcemods\open_fortress_zombies\maps\mercvm_example1.bsp
460 faces
436423 square feet [62844972.00 square inches]
0 Displacements
0 Square Feet [0.00 Square Inches]
460 patches before subdivision
16870 patches after subdivision
11 direct lights
0...1...2...3...4...5...6...7...8...9...100...1...2...3...4...5...6...7...8...9...10transfers 928407, max 297
transfer lists:   7.1 megs
0...1...2...3...4...5...6...7...8...9...10	Bounce #1 added RGB(72888, 61425, 52833)
0...1...2...3...4...5...6...7...8...9...10	Bounce #2 added RGB(5205, 4387, 3774)
0...1...2...3...4...5...6...7...8...9...10	Bounce #3 added RGB(420, 353, 303)
0...1...2...3...4...5...6...7...8...9...10	Bounce #4 added RGB(37, 31, 27)
0...1...2...3...4...5...6...7...8...9...10	Bounce #5 added RGB(4, 3, 3)
0...1...2...3...4...5...6...7...8...9...10	Bounce #6 added RGB(0, 0, 0)
Build Patch/Sample Hash Table(s).....Done<0.0034 sec>
0...1...2...3...4...5...6...7...8...9...10FinalLightFace Done
0 of 0 (0% of) surface lights went in leaf ambient cubes.
0...1...2...3...4...5...6...7...8...9...10Writing leaf ambient...done
Ready to Finish

Object names       Objects/Maxobjs  Memory / Maxmem  Fullness 
------------       ---------------  ---------------  -------- 
models                  22/1024         1056/49152    ( 2.1%) 
brushes                 99/8192         1188/98304    ( 1.2%) 
brushsides             633/65536        5064/524288   ( 1.0%) 
planes                 470/65536        9400/1310720  ( 0.7%) 
vertexes               771/65536        9252/786432   ( 1.2%) 
nodes                  325/65536       10400/2097152  ( 0.5%) 
texinfos               143/12288       10296/884736   ( 1.2%) 
texdata                 10/2048          320/65536    ( 0.5%) 
dispinfos                0/0               0/0        ( 0.0%) 
disp_verts               0/0               0/0        ( 0.0%) 
disp_tris                0/0               0/0        ( 0.0%) 
disp_lmsamples           0/0               0/0        ( 0.0%) 
faces                  460/65536       25760/3670016  ( 0.7%) 
hdr faces                0/65536           0/3670016  ( 0.0%) 
origfaces              251/65536       14056/3670016  ( 0.4%) 
leaves                 348/65536       11136/2097152  ( 0.5%) 
leaffaces              526/65536        1052/131072   ( 0.8%) 
leafbrushes            223/65536         446/131072   ( 0.3%) 
areas                    2/256            16/2048     ( 0.8%) 
surfedges             3143/512000      12572/2048000  ( 0.6%) 
edges                 1799/256000       7196/1024000  ( 0.7%) 
LDR worldlights         11/8192          968/720896   ( 0.1%) 
HDR worldlights          0/8192            0/720896   ( 0.0%) 
leafwaterdata            0/32768           0/393216   ( 0.0%) 
waterstrips             37/32768         370/327680   ( 0.1%) 
waterverts               0/65536           0/786432   ( 0.0%) 
waterindices           543/65536        1086/131072   ( 0.8%) 
cubemapsamples           1/1024           16/16384    ( 0.1%) 
overlays                 0/512             0/180224   ( 0.0%) 
LDR lightdata         [variable]      346964/0        ( 0.0%) 
HDR lightdata         [variable]           0/0        ( 0.0%) 
visdata               [variable]        1724/16777216 ( 0.0%) 
entdata               [variable]       37679/393216   ( 9.6%) 
LDR ambient table      348/65536        1392/262144   ( 0.5%) 
HDR ambient table      348/65536        1392/262144   ( 0.5%) 
LDR leaf ambient      1380/65536       38640/1835008  ( 2.1%) 
HDR leaf ambient       348/65536        9744/1835008  ( 0.5%) 
occluders                0/0               0/0        ( 0.0%) 
occluder polygons        0/0               0/0        ( 0.0%) 
occluder vert ind        0/0               0/0        ( 0.0%) 
detail props          [variable]           1/12       ( 8.3%) 
static props          [variable]           1/2044     ( 0.0%) 
pakfile               [variable]      211668/0        ( 0.0%) 
physics               [variable]       41021/4194304  ( 1.0%) 
physics terrain       [variable]           2/1048576  ( 0.0%) 

Level flags = 0

Total triangle count: 1205
Writing c:\program files (x86)\steam\steamapps\sourcemods\open_fortress_zombies\maps\mercvm_example1.bsp
2 seconds elapsed



16 threads
reading c:\program files (x86)\steam\steamapps\sourcemods\open_fortress_zombies\maps\mercvm_example1.bsp
reading c:\program files (x86)\steam\steamapps\sourcemods\open_fortress_zombies\maps\mercvm_example1.prt
  66 portalclusters
 148 numportals
0...1...2...3...4...5...6...7...8...9...100...1...2...3...4...5...6...7...8...9...10Optimized: 0 visible clusters (0.00%)
Total clusters visible: 3764
Average clusters visible: 57
Building PAS...
Average clusters audible: 66
visdatasize:1724  compressed from 2112
writing c:\program files (x86)\steam\steamapps\sourcemods\open_fortress_zombies\maps\mercvm_example1.bsp
MSG_FILEWRITE - Filesystem was asked to write to 'c:\program files (x86)\steam\steamapps\sourcemods\open_fortress_zombies\maps\mercvm_example1.bsp', but we don't own that location. Allowing.
0 seconds elapsed



[Reading texlights from 'lights.rad']
[63 texlights parsed from 'lights.rad']

Loading c:\program files (x86)\steam\steamapps\sourcemods\open_fortress_zombies\maps\mercvm_example1.bsp
460 faces
436423 square feet [62844972.00 square inches]
0 Displacements
0 Square Feet [0.00 Square Inches]
460 patches before subdivision
16870 patches after subdivision
11 direct lights
0...1...2...3...4...5...6...7...8...9...100...1...2...3...4...5...6...7...8...9...10transfers 928407, max 297
transfer lists:   7.1 megs
0...1...2...3...4...5...6...7...8...9...10	Bounce #1 added RGB(72888, 61425, 52833)
0...1...2...3...4...5...6...7...8...9...10	Bounce #2 added RGB(5205, 4387, 3774)
0...1...2...3...4...5...6...7...8...9...10	Bounce #3 added RGB(420, 353, 303)
0...1...2...3...4...5...6...7...8...9...10	Bounce #4 added RGB(37, 31, 27)
0...1...2...3...4...5...6...7...8...9...10	Bounce #5 added RGB(4, 3, 3)
0...1...2...3...4...5...6...7...8...9...10	Bounce #6 added RGB(0, 0, 0)
Build Patch/Sample Hash Table(s).....Done<0.0023 sec>
0...1...2...3...4...5...6...7...8...9...10FinalLightFace Done
0 of 0 (0% of) surface lights went in leaf ambient cubes.
0...1...2...3...4...5...6...7...8...9...10Writing leaf ambient...done
Ready to Finish

Object names       Objects/Maxobjs  Memory / Maxmem  Fullness 
------------       ---------------  ---------------  -------- 
models                  22/1024         1056/49152    ( 2.1%) 
brushes                 99/8192         1188/98304    ( 1.2%) 
brushsides             633/65536        5064/524288   ( 1.0%) 
planes                 470/65536        9400/1310720  ( 0.7%) 
vertexes               771/65536        9252/786432   ( 1.2%) 
nodes                  325/65536       10400/2097152  ( 0.5%) 
texinfos               143/12288       10296/884736   ( 1.2%) 
texdata                 10/2048          320/65536    ( 0.5%) 
dispinfos                0/0               0/0        ( 0.0%) 
disp_verts               0/0               0/0        ( 0.0%) 
disp_tris                0/0               0/0        ( 0.0%) 
disp_lmsamples           0/0               0/0        ( 0.0%) 
faces                  460/65536       25760/3670016  ( 0.7%) 
hdr faces                0/65536           0/3670016  ( 0.0%) 
origfaces              251/65536       14056/3670016  ( 0.4%) 
leaves                 348/65536       11136/2097152  ( 0.5%) 
leaffaces              526/65536        1052/131072   ( 0.8%) 
leafbrushes            223/65536         446/131072   ( 0.3%) 
areas                    2/256            16/2048     ( 0.8%) 
surfedges             3143/512000      12572/2048000  ( 0.6%) 
edges                 1799/256000       7196/1024000  ( 0.7%) 
LDR worldlights         11/8192          968/720896   ( 0.1%) 
HDR worldlights          0/8192            0/720896   ( 0.0%) 
leafwaterdata            0/32768           0/393216   ( 0.0%) 
waterstrips             37/32768         370/327680   ( 0.1%) 
waterverts               0/65536           0/786432   ( 0.0%) 
waterindices           543/65536        1086/131072   ( 0.8%) 
cubemapsamples           1/1024           16/16384    ( 0.1%) 
overlays                 0/512             0/180224   ( 0.0%) 
LDR lightdata         [variable]      346964/0        ( 0.0%) 
HDR lightdata         [variable]           0/0        ( 0.0%) 
visdata               [variable]        1724/16777216 ( 0.0%) 
entdata               [variable]       37679/393216   ( 9.6%) 
LDR ambient table      348/65536        1392/262144   ( 0.5%) 
HDR ambient table      348/65536        1392/262144   ( 0.5%) 
LDR leaf ambient      1380/65536       38640/1835008  ( 2.1%) 
HDR leaf ambient       348/65536        9744/1835008  ( 0.5%) 
occluders                0/0               0/0        ( 0.0%) 
occluder polygons        0/0               0/0        ( 0.0%) 
occluder vert ind        0/0               0/0        ( 0.0%) 
detail props          [variable]           1/12       ( 8.3%) 
static props          [variable]           1/2044     ( 0.0%) 
pakfile               [variable]      211668/0        ( 0.0%) 
physics               [variable]       41021/4194304  ( 1.0%) 
physics terrain       [variable]           2/1048576  ( 0.0%) 

Level flags = 0

Total triangle count: 1205
Writing c:\program files (x86)\steam\steamapps\sourcemods\open_fortress_zombies\maps\mercvm_example1.bsp
1 second elapsed



materialPath: C:\Program Files (x86)\Steam\steamapps\sourcemods\open_fortress\materials
Loading c:\program files (x86)\steam\steamapps\sourcemods\open_fortress_zombies\maps\mercvm_example1.vmf
ConVarRef mat_reduceparticles doesn't point to an existing ConVar
fixing up env_cubemap materials on brush sides...
0...1...2...3...4...5...6...7...8...9...100...1...2...3...4...5...6...7...8...9...10Processing areas...done (0)
Building Faces...done (0)
Chop Details...done (0)
Find Visible Detail Sides...done (0)
Merging details...done (0)
FixTjuncs...
PruneNodes...
WriteBSP...
done (0)
writing c:\program files (x86)\steam\steamapps\sourcemods\open_fortress_zombies\maps\mercvm_example1.prt...Building visibility clusters...
done (0)
Creating default LDR cubemaps for env_cubemap using skybox materials:
   skybox/sky_badlands_01*.vmt
 ! Run buildcubemaps in the engine to get the correct cube maps.
Creating default HDR cubemaps for env_cubemap using skybox materials:
   skybox/sky_badlands_01*.vmt
 ! Run buildcubemaps in the engine to get the correct cube maps.
Finding displacement neighbors...
Finding lightmap sample positions...
Displacement Alpha : 0...1...2...3...4...5...6...7...8...9...10
Building Physics collision data...
done (0) (41021 bytes)
Error! To use model "models/weapons/w_models/w_shotgun.mdl"
      with prop_static, it must be compiled with $staticprop!
Error loading studio model "models/weapons/w_models/w_shotgun.mdl"!
Placing detail props : 0...1...2...3...4...5...6...7...8...9...10
Compacting texture/material tables...
Reduced 323 texinfos to 143
Reduced 12 texdatas to 10 (269 bytes to 225)
Writing c:\program files (x86)\steam\steamapps\sourcemods\open_fortress_zombies\maps\mercvm_example1.bsp
MSG_FILEWRITE - Filesystem was asked to write to 'c:\program files (x86)\steam\steamapps\sourcemods\open_fortress_zombies\maps\mercvm_example1.bsp', but we don't own that location. Allowing.
Wrote ZIP buffer, estimated size 212284, actual size 211668
0 seconds elapsed



16 threads
reading c:\program files (x86)\steam\steamapps\sourcemods\open_fortress_zombies\maps\mercvm_example1.bsp
reading c:\program files (x86)\steam\steamapps\sourcemods\open_fortress_zombies\maps\mercvm_example1.prt
  66 portalclusters
 148 numportals
0...1...2...3...4...5...6...7...8...9...100...1...2...3...4...5...6...7...8...9...10Optimized: 0 visible clusters (0.00%)
Total clusters visible: 3764
Average clusters visible: 57
Building PAS...
Average clusters audible: 66
visdatasize:1724  compressed from 2112
writing c:\program files (x86)\steam\steamapps\sourcemods\open_fortress_zombies\maps\mercvm_example1.bsp
MSG_FILEWRITE - Filesystem was asked to write to 'c:\program files (x86)\steam\steamapps\sourcemods\open_fortress_zombies\maps\mercvm_example1.bsp', but we don't own that location. Allowing.
0 seconds elapsed



[Reading texlights from 'lights.rad']
[63 texlights parsed from 'lights.rad']

Loading c:\program files (x86)\steam\steamapps\sourcemods\open_fortress_zombies\maps\mercvm_example1.bsp
460 faces
436423 square feet [62844972.00 square inches]
0 Displacements
0 Square Feet [0.00 Square Inches]
460 patches before subdivision
16870 patches after subdivision
11 direct lights
0...1...2...3...4...5...6...7...8...9...100...1...2...3...4...5...6...7...8...9...10transfers 928407, max 297
transfer lists:   7.1 megs
0...1...2...3...4...5...6...7...8...9...10	Bounce #1 added RGB(72888, 61425, 52833)
0...1...2...3...4...5...6...7...8...9...10	Bounce #2 added RGB(5205, 4387, 3774)
0...1...2...3...4...5...6...7...8...9...10	Bounce #3 added RGB(420, 353, 303)
0...1...2...3...4...5...6...7...8...9...10	Bounce #4 added RGB(37, 31, 27)
0...1...2...3...4...5...6...7...8...9...10	Bounce #5 added RGB(4, 3, 3)
0...1...2...3...4...5...6...7...8...9...10	Bounce #6 added RGB(0, 0, 0)
Build Patch/Sample Hash Table(s).....Done<0.0027 sec>
0...1...2...3...4...5...6...7...8...9...10FinalLightFace Done
0 of 0 (0% of) surface lights went in leaf ambient cubes.
0...1...2...3...4...5...6...7...8...9...10Writing leaf ambient...done
Ready to Finish

Object names       Objects/Maxobjs  Memory / Maxmem  Fullness 
------------       ---------------  ---------------  -------- 
models                  22/1024         1056/49152    ( 2.1%) 
brushes                 99/8192         1188/98304    ( 1.2%) 
brushsides             633/65536        5064/524288   ( 1.0%) 
planes                 470/65536        9400/1310720  ( 0.7%) 
vertexes               771/65536        9252/786432   ( 1.2%) 
nodes                  325/65536       10400/2097152  ( 0.5%) 
texinfos               143/12288       10296/884736   ( 1.2%) 
texdata                 10/2048          320/65536    ( 0.5%) 
dispinfos                0/0               0/0        ( 0.0%) 
disp_verts               0/0               0/0        ( 0.0%) 
disp_tris                0/0               0/0        ( 0.0%) 
disp_lmsamples           0/0               0/0        ( 0.0%) 
faces                  460/65536       25760/3670016  ( 0.7%) 
hdr faces                0/65536           0/3670016  ( 0.0%) 
origfaces              251/65536       14056/3670016  ( 0.4%) 
leaves                 348/65536       11136/2097152  ( 0.5%) 
leaffaces              526/65536        1052/131072   ( 0.8%) 
leafbrushes            223/65536         446/131072   ( 0.3%) 
areas                    2/256            16/2048     ( 0.8%) 
surfedges             3143/512000      12572/2048000  ( 0.6%) 
edges                 1799/256000       7196/1024000  ( 0.7%) 
LDR worldlights         11/8192          968/720896   ( 0.1%) 
HDR worldlights          0/8192            0/720896   ( 0.0%) 
leafwaterdata            0/32768           0/393216   ( 0.0%) 
waterstrips             37/32768         370/327680   ( 0.1%) 
waterverts               0/65536           0/786432   ( 0.0%) 
waterindices           543/65536        1086/131072   ( 0.8%) 
cubemapsamples           1/1024           16/16384    ( 0.1%) 
overlays                 0/512             0/180224   ( 0.0%) 
LDR lightdata         [variable]      346964/0        ( 0.0%) 
HDR lightdata         [variable]           0/0        ( 0.0%) 
visdata               [variable]        1724/16777216 ( 0.0%) 
entdata               [variable]       37681/393216   ( 9.6%) 
LDR ambient table      348/65536        1392/262144   ( 0.5%) 
HDR ambient table      348/65536        1392/262144   ( 0.5%) 
LDR leaf ambient      1380/65536       38640/1835008  ( 2.1%) 
HDR leaf ambient       348/65536        9744/1835008  ( 0.5%) 
occluders                0/0               0/0        ( 0.0%) 
occluder polygons        0/0               0/0        ( 0.0%) 
occluder vert ind        0/0               0/0        ( 0.0%) 
detail props          [variable]           1/12       ( 8.3%) 
static props          [variable]           1/2044     ( 0.0%) 
pakfile               [variable]      211668/0        ( 0.0%) 
physics               [variable]       41021/4194304  ( 1.0%) 
physics terrain       [variable]           2/1048576  ( 0.0%) 

Level flags = 0

Total triangle count: 1205
Writing c:\program files (x86)\steam\steamapps\sourcemods\open_fortress_zombies\maps\mercvm_example1.bsp
2 seconds elapsed



materialPath: C:\Program Files (x86)\Steam\steamapps\sourcemods\open_fortress\materials
Loading c:\program files (x86)\steam\steamapps\sourcemods\open_fortress_zombies\maps\mercvm_example1.vmf
ConVarRef mat_reduceparticles doesn't point to an existing ConVar
fixing up env_cubemap materials on brush sides...
0...1...2...3...4...5...6...7...8...9...100...1...2...3...4...5...6...7...8...9...10Processing areas...done (0)
Building Faces...done (0)
Chop Details...done (0)
Find Visible Detail Sides...done (0)
Merging details...done (0)
FixTjuncs...
PruneNodes...
WriteBSP...
done (0)
writing c:\program files (x86)\steam\steamapps\sourcemods\open_fortress_zombies\maps\mercvm_example1.prt...Building visibility clusters...
done (0)
Creating default LDR cubemaps for env_cubemap using skybox materials:
   skybox/sky_badlands_01*.vmt
 ! Run buildcubemaps in the engine to get the correct cube maps.
Creating default HDR cubemaps for env_cubemap using skybox materials:
   skybox/sky_badlands_01*.vmt
 ! Run buildcubemaps in the engine to get the correct cube maps.
Finding displacement neighbors...
Finding lightmap sample positions...
Displacement Alpha : 0...1...2...3...4...5...6...7...8...9...10
Building Physics collision data...
done (0) (41021 bytes)
Error! To use model "models/weapons/w_models/w_shotgun.mdl"
      with prop_static, it must be compiled with $staticprop!
Error loading studio model "models/weapons/w_models/w_shotgun.mdl"!
Placing detail props : 0...1...2...3...4...5...6...7...8...9...10
Compacting texture/material tables...
Reduced 323 texinfos to 143
Reduced 12 texdatas to 10 (269 bytes to 225)
Writing c:\program files (x86)\steam\steamapps\sourcemods\open_fortress_zombies\maps\mercvm_example1.bsp
MSG_FILEWRITE - Filesystem was asked to write to 'c:\program files (x86)\steam\steamapps\sourcemods\open_fortress_zombies\maps\mercvm_example1.bsp', but we don't own that location. Allowing.
Wrote ZIP buffer, estimated size 212284, actual size 211668
0 seconds elapsed



16 threads
reading c:\program files (x86)\steam\steamapps\sourcemods\open_fortress_zombies\maps\mercvm_example1.bsp
reading c:\program files (x86)\steam\steamapps\sourcemods\open_fortress_zombies\maps\mercvm_example1.prt
  66 portalclusters
 148 numportals
0...1...2...3...4...5...6...7...8...9...100...1...2...3...4...5...6...7...8...9...10Optimized: 0 visible clusters (0.00%)
Total clusters visible: 3764
Average clusters visible: 57
Building PAS...
Average clusters audible: 66
visdatasize:1724  compressed from 2112
writing c:\program files (x86)\steam\steamapps\sourcemods\open_fortress_zombies\maps\mercvm_example1.bsp
MSG_FILEWRITE - Filesystem was asked to write to 'c:\program files (x86)\steam\steamapps\sourcemods\open_fortress_zombies\maps\mercvm_example1.bsp', but we don't own that location. Allowing.
0 seconds elapsed



[Reading texlights from 'lights.rad']
[63 texlights parsed from 'lights.rad']

Loading c:\program files (x86)\steam\steamapps\sourcemods\open_fortress_zombies\maps\mercvm_example1.bsp
460 faces
436423 square feet [62844972.00 square inches]
0 Displacements
0 Square Feet [0.00 Square Inches]
460 patches before subdivision
16870 patches after subdivision
11 direct lights
0...1...2...3...4...5...6...7...8...9...100...1...2...3...4...5...6...7...8...9...10transfers 928407, max 297
transfer lists:   7.1 megs
0...1...2...3...4...5...6...7...8...9...10	Bounce #1 added RGB(72888, 61425, 52833)
0...1...2...3...4...5...6...7...8...9...10	Bounce #2 added RGB(5205, 4387, 3774)
0...1...2...3...4...5...6...7...8...9...10	Bounce #3 added RGB(420, 353, 303)
0...1...2...3...4...5...6...7...8...9...10	Bounce #4 added RGB(37, 31, 27)
0...1...2...3...4...5...6...7...8...9...10	Bounce #5 added RGB(4, 3, 3)
0...1...2...3...4...5...6...7...8...9...10	Bounce #6 added RGB(0, 0, 0)
Build Patch/Sample Hash Table(s).....Done<0.0044 sec>
0...1...2...3...4...5...6...7...8...9...10FinalLightFace Done
0 of 0 (0% of) surface lights went in leaf ambient cubes.
0...1...2...3...4...5...6...7...8...9...10Writing leaf ambient...done
Ready to Finish

Object names       Objects/Maxobjs  Memory / Maxmem  Fullness 
------------       ---------------  ---------------  -------- 
models                  22/1024         1056/49152    ( 2.1%) 
brushes                 99/8192         1188/98304    ( 1.2%) 
brushsides             633/65536        5064/524288   ( 1.0%) 
planes                 470/65536        9400/1310720  ( 0.7%) 
vertexes               771/65536        9252/786432   ( 1.2%) 
nodes                  325/65536       10400/2097152  ( 0.5%) 
texinfos               143/12288       10296/884736   ( 1.2%) 
texdata                 10/2048          320/65536    ( 0.5%) 
dispinfos                0/0               0/0        ( 0.0%) 
disp_verts               0/0               0/0        ( 0.0%) 
disp_tris                0/0               0/0        ( 0.0%) 
disp_lmsamples           0/0               0/0        ( 0.0%) 
faces                  460/65536       25760/3670016  ( 0.7%) 
hdr faces                0/65536           0/3670016  ( 0.0%) 
origfaces              251/65536       14056/3670016  ( 0.4%) 
leaves                 348/65536       11136/2097152  ( 0.5%) 
leaffaces              526/65536        1052/131072   ( 0.8%) 
leafbrushes            223/65536         446/131072   ( 0.3%) 
areas                    2/256            16/2048     ( 0.8%) 
surfedges             3143/512000      12572/2048000  ( 0.6%) 
edges                 1799/256000       7196/1024000  ( 0.7%) 
LDR worldlights         11/8192          968/720896   ( 0.1%) 
HDR worldlights          0/8192            0/720896   ( 0.0%) 
leafwaterdata            0/32768           0/393216   ( 0.0%) 
waterstrips             37/32768         370/327680   ( 0.1%) 
waterverts               0/65536           0/786432   ( 0.0%) 
waterindices           543/65536        1086/131072   ( 0.8%) 
cubemapsamples           1/1024           16/16384    ( 0.1%) 
overlays                 0/512             0/180224   ( 0.0%) 
LDR lightdata         [variable]      346964/0        ( 0.0%) 
HDR lightdata         [variable]           0/0        ( 0.0%) 
visdata               [variable]        1724/16777216 ( 0.0%) 
entdata               [variable]       37681/393216   ( 9.6%) 
LDR ambient table      348/65536        1392/262144   ( 0.5%) 
HDR ambient table      348/65536        1392/262144   ( 0.5%) 
LDR leaf ambient      1380/65536       38640/1835008  ( 2.1%) 
HDR leaf ambient       348/65536        9744/1835008  ( 0.5%) 
occluders                0/0               0/0        ( 0.0%) 
occluder polygons        0/0               0/0        ( 0.0%) 
occluder vert ind        0/0               0/0        ( 0.0%) 
detail props          [variable]           1/12       ( 8.3%) 
static props          [variable]           1/2044     ( 0.0%) 
pakfile               [variable]      211668/0        ( 0.0%) 
physics               [variable]       41021/4194304  ( 1.0%) 
physics terrain       [variable]           2/1048576  ( 0.0%) 

Level flags = 0

Total triangle count: 1205
Writing c:\program files (x86)\steam\steamapps\sourcemods\open_fortress_zombies\maps\mercvm_example1.bsp
2 seconds elapsed



materialPath: C:\Program Files (x86)\Steam\steamapps\sourcemods\open_fortress\materials
Loading c:\program files (x86)\steam\steamapps\sourcemods\open_fortress_zombies\maps\mercvm_example1.vmf
ConVarRef mat_reduceparticles doesn't point to an existing ConVar
fixing up env_cubemap materials on brush sides...
0...1...2...3...4...5...6...7...8...9...100...1...2...3...4...5...6...7...8...9...10Processing areas...done (0)
Building Faces...done (0)
Chop Details...done (0)
Find Visible Detail Sides...done (0)
Merging details...done (0)
FixTjuncs...
PruneNodes...
WriteBSP...
done (0)
writing c:\program files (x86)\steam\steamapps\sourcemods\open_fortress_zombies\maps\mercvm_example1.prt...Building visibility clusters...
done (0)
Creating default LDR cubemaps for env_cubemap using skybox materials:
   skybox/sky_badlands_01*.vmt
 ! Run buildcubemaps in the engine to get the correct cube maps.
Creating default HDR cubemaps for env_cubemap using skybox materials:
   skybox/sky_badlands_01*.vmt
 ! Run buildcubemaps in the engine to get the correct cube maps.
Finding displacement neighbors...
Finding lightmap sample positions...
Displacement Alpha : 0...1...2...3...4...5...6...7...8...9...10
Building Physics collision data...
done (0) (40464 bytes)
Error! To use model "models/weapons/w_models/w_shotgun.mdl"
      with prop_static, it must be compiled with $staticprop!
Error loading studio model "models/weapons/w_models/w_shotgun.mdl"!
Placing detail props : 0...1...2...3...4...5...6...7...8...9...10
Compacting texture/material tables...
Reduced 315 texinfos to 138
Reduced 12 texdatas to 10 (269 bytes to 225)
Writing c:\program files (x86)\steam\steamapps\sourcemods\open_fortress_zombies\maps\mercvm_example1.bsp
MSG_FILEWRITE - Filesystem was asked to write to 'c:\program files (x86)\steam\steamapps\sourcemods\open_fortress_zombies\maps\mercvm_example1.bsp', but we don't own that location. Allowing.
Wrote ZIP buffer, estimated size 212284, actual size 211668
0 seconds elapsed



16 threads
reading c:\program files (x86)\steam\steamapps\sourcemods\open_fortress_zombies\maps\mercvm_example1.bsp
reading c:\program files (x86)\steam\steamapps\sourcemods\open_fortress_zombies\maps\mercvm_example1.prt
  66 portalclusters
 148 numportals
0...1...2...3...4...5...6...7...8...9...100...1...2...3...4...5...6...7...8...9...10Optimized: 0 visible clusters (0.00%)
Total clusters visible: 3764
Average clusters visible: 57
Building PAS...
Average clusters audible: 66
visdatasize:1724  compressed from 2112
writing c:\program files (x86)\steam\steamapps\sourcemods\open_fortress_zombies\maps\mercvm_example1.bsp
MSG_FILEWRITE - Filesystem was asked to write to 'c:\program files (x86)\steam\steamapps\sourcemods\open_fortress_zombies\maps\mercvm_example1.bsp', but we don't own that location. Allowing.
0 seconds elapsed



[Reading texlights from 'lights.rad']
[63 texlights parsed from 'lights.rad']

Loading c:\program files (x86)\steam\steamapps\sourcemods\open_fortress_zombies\maps\mercvm_example1.bsp
454 faces
412586 square feet [59412524.00 square inches]
0 Displacements
0 Square Feet [0.00 Square Inches]
454 patches before subdivision
16864 patches after subdivision
11 direct lights
0...1...2...3...4...5...6...7...8...9...100...1...2...3...4...5...6...7...8...9...10transfers 928202, max 297
transfer lists:   7.1 megs
0...1...2...3...4...5...6...7...8...9...10	Bounce #1 added RGB(72868, 61409, 52819)
0...1...2...3...4...5...6...7...8...9...10	Bounce #2 added RGB(5204, 4387, 3773)
0...1...2...3...4...5...6...7...8...9...10	Bounce #3 added RGB(420, 353, 302)
0...1...2...3...4...5...6...7...8...9...10	Bounce #4 added RGB(37, 31, 27)
0...1...2...3...4...5...6...7...8...9...10	Bounce #5 added RGB(4, 3, 3)
0...1...2...3...4...5...6...7...8...9...10	Bounce #6 added RGB(0, 0, 0)
Build Patch/Sample Hash Table(s).....Done<0.0046 sec>
0...1...2...3...4...5...6...7...8...9...10FinalLightFace Done
0 of 0 (0% of) surface lights went in leaf ambient cubes.
0...1...2...3...4...5...6...7...8...9...10Writing leaf ambient...done
Ready to Finish

Object names       Objects/Maxobjs  Memory / Maxmem  Fullness 
------------       ---------------  ---------------  -------- 
models                  21/1024         1008/49152    ( 2.1%) 
brushes                 98/8192         1176/98304    ( 1.2%) 
brushsides             627/65536        5016/524288   ( 1.0%) 
planes                 466/65536        9320/1310720  ( 0.7%) 
vertexes               763/65536        9156/786432   ( 1.2%) 
nodes                  319/65536       10208/2097152  ( 0.5%) 
texinfos               138/12288        9936/884736   ( 1.1%) 
texdata                 10/2048          320/65536    ( 0.5%) 
dispinfos                0/0               0/0        ( 0.0%) 
disp_verts               0/0               0/0        ( 0.0%) 
disp_tris                0/0               0/0        ( 0.0%) 
disp_lmsamples           0/0               0/0        ( 0.0%) 
faces                  454/65536       25424/3670016  ( 0.7%) 
hdr faces                0/65536           0/3670016  ( 0.0%) 
origfaces              245/65536       13720/3670016  ( 0.4%) 
leaves                 341/65536       10912/2097152  ( 0.5%) 
leaffaces              520/65536        1040/131072   ( 0.8%) 
leafbrushes            222/65536         444/131072   ( 0.3%) 
areas                    2/256            16/2048     ( 0.8%) 
surfedges             3095/512000      12380/2048000  ( 0.6%) 
edges                 1775/256000       7100/1024000  ( 0.7%) 
LDR worldlights         11/8192          968/720896   ( 0.1%) 
HDR worldlights          0/8192            0/720896   ( 0.0%) 
leafwaterdata            0/32768           0/393216   ( 0.0%) 
waterstrips             37/32768         370/327680   ( 0.1%) 
waterverts               0/65536           0/786432   ( 0.0%) 
waterindices           543/65536        1086/131072   ( 0.8%) 
cubemapsamples           1/1024           16/16384    ( 0.1%) 
overlays                 0/512             0/180224   ( 0.0%) 
LDR lightdata         [variable]      346964/0        ( 0.0%) 
HDR lightdata         [variable]           0/0        ( 0.0%) 
visdata               [variable]        1724/16777216 ( 0.0%) 
entdata               [variable]       37508/393216   ( 9.5%) 
LDR ambient table      341/65536        1364/262144   ( 0.5%) 
HDR ambient table      341/65536        1364/262144   ( 0.5%) 
LDR leaf ambient      1344/65536       37632/1835008  ( 2.1%) 
HDR leaf ambient       341/65536        9548/1835008  ( 0.5%) 
occluders                0/0               0/0        ( 0.0%) 
occluder polygons        0/0               0/0        ( 0.0%) 
occluder vert ind        0/0               0/0        ( 0.0%) 
detail props          [variable]           1/12       ( 8.3%) 
static props          [variable]           1/2044     ( 0.0%) 
pakfile               [variable]      211668/0        ( 0.0%) 
physics               [variable]       40464/4194304  ( 1.0%) 
physics terrain       [variable]           2/1048576  ( 0.0%) 

Level flags = 0

Total triangle count: 1193
Writing c:\program files (x86)\steam\steamapps\sourcemods\open_fortress_zombies\maps\mercvm_example1.bsp
3 seconds elapsed



materialPath: C:\Program Files (x86)\Steam\steamapps\sourcemods\open_fortress\materials
Loading c:\program files (x86)\steam\steamapps\sourcemods\open_fortress_zombies\maps\mercvm_example1.vmf
ConVarRef mat_reduceparticles doesn't point to an existing ConVar
fixing up env_cubemap materials on brush sides...
0...1...2...3...4...5...6...7...8...9...100...1...2...3...4...5...6...7...8...9...10Processing areas...done (0)
Building Faces...done (0)
Chop Details...done (0)
Find Visible Detail Sides...done (0)
Merging details...done (0)
FixTjuncs...
PruneNodes...
WriteBSP...
done (0)
writing c:\program files (x86)\steam\steamapps\sourcemods\open_fortress_zombies\maps\mercvm_example1.prt...Building visibility clusters...
done (0)
Creating default LDR cubemaps for env_cubemap using skybox materials:
   skybox/sky_badlands_01*.vmt
 ! Run buildcubemaps in the engine to get the correct cube maps.
Creating default HDR cubemaps for env_cubemap using skybox materials:
   skybox/sky_badlands_01*.vmt
 ! Run buildcubemaps in the engine to get the correct cube maps.
Finding displacement neighbors...
Finding lightmap sample positions...
Displacement Alpha : 0...1...2...3...4...5...6...7...8...9...10
Building Physics collision data...
done (0) (40464 bytes)
Error! To use model "models/weapons/w_models/w_shotgun.mdl"
      with prop_static, it must be compiled with $staticprop!
Error loading studio model "models/weapons/w_models/w_shotgun.mdl"!
Placing detail props : 0...1...2...3...4...5...6...7...8...9...10
Compacting texture/material tables...
Reduced 315 texinfos to 138
Reduced 12 texdatas to 10 (269 bytes to 225)
Writing c:\program files (x86)\steam\steamapps\sourcemods\open_fortress_zombies\maps\mercvm_example1.bsp
MSG_FILEWRITE - Filesystem was asked to write to 'c:\program files (x86)\steam\steamapps\sourcemods\open_fortress_zombies\maps\mercvm_example1.bsp', but we don't own that location. Allowing.
Wrote ZIP buffer, estimated size 212284, actual size 211668
0 seconds elapsed



16 threads
reading c:\program files (x86)\steam\steamapps\sourcemods\open_fortress_zombies\maps\mercvm_example1.bsp
reading c:\program files (x86)\steam\steamapps\sourcemods\open_fortress_zombies\maps\mercvm_example1.prt
  66 portalclusters
 148 numportals
0...1...2...3...4...5...6...7...8...9...100...1...2...3...4...5...6...7...8...9...10Optimized: 0 visible clusters (0.00%)
Total clusters visible: 3764
Average clusters visible: 57
Building PAS...
Average clusters audible: 66
visdatasize:1724  compressed from 2112
writing c:\program files (x86)\steam\steamapps\sourcemods\open_fortress_zombies\maps\mercvm_example1.bsp
MSG_FILEWRITE - Filesystem was asked to write to 'c:\program files (x86)\steam\steamapps\sourcemods\open_fortress_zombies\maps\mercvm_example1.bsp', but we don't own that location. Allowing.
0 seconds elapsed



[Reading texlights from 'lights.rad']
[63 texlights parsed from 'lights.rad']

Loading c:\program files (x86)\steam\steamapps\sourcemods\open_fortress_zombies\maps\mercvm_example1.bsp
454 faces
412586 square feet [59412524.00 square inches]
0 Displacements
0 Square Feet [0.00 Square Inches]
454 patches before subdivision
16864 patches after subdivision
11 direct lights
0...1...2...3...4...5...6...7...8...9...100...1...2...3...4...5...6...7...8...9...10transfers 928202, max 297
transfer lists:   7.1 megs
0...1...2...3...4...5...6...7...8...9...10	Bounce #1 added RGB(72868, 61409, 52819)
0...1...2...3...4...5...6...7...8...9...10	Bounce #2 added RGB(5204, 4387, 3773)
0...1...2...3...4...5...6...7...8...9...10	Bounce #3 added RGB(420, 353, 302)
0...1...2...3...4...5...6...7...8...9...10	Bounce #4 added RGB(37, 31, 27)
0...1...2...3...4...5...6...7...8...9...10	Bounce #5 added RGB(4, 3, 3)
0...1...2...3...4...5...6...7...8...9...10	Bounce #6 added RGB(0, 0, 0)
Build Patch/Sample Hash Table(s).....Done<0.0046 sec>
0...1...2...3...4...5...6...7...8...9...10FinalLightFace Done
0 of 0 (0% of) surface lights went in leaf ambient cubes.
0...1...2...3...4...5...6...7...8...9...10Writing leaf ambient...done
Ready to Finish

Object names       Objects/Maxobjs  Memory / Maxmem  Fullness 
------------       ---------------  ---------------  -------- 
models                  21/1024         1008/49152    ( 2.1%) 
brushes                 98/8192         1176/98304    ( 1.2%) 
brushsides             627/65536        5016/524288   ( 1.0%) 
planes                 466/65536        9320/1310720  ( 0.7%) 
vertexes               763/65536        9156/786432   ( 1.2%) 
nodes                  319/65536       10208/2097152  ( 0.5%) 
texinfos               138/12288        9936/884736   ( 1.1%) 
texdata                 10/2048          320/65536    ( 0.5%) 
dispinfos                0/0               0/0        ( 0.0%) 
disp_verts               0/0               0/0        ( 0.0%) 
disp_tris                0/0               0/0        ( 0.0%) 
disp_lmsamples           0/0               0/0        ( 0.0%) 
faces                  454/65536       25424/3670016  ( 0.7%) 
hdr faces                0/65536           0/3670016  ( 0.0%) 
origfaces              245/65536       13720/3670016  ( 0.4%) 
leaves                 341/65536       10912/2097152  ( 0.5%) 
leaffaces              520/65536        1040/131072   ( 0.8%) 
leafbrushes            222/65536         444/131072   ( 0.3%) 
areas                    2/256            16/2048     ( 0.8%) 
surfedges             3095/512000      12380/2048000  ( 0.6%) 
edges                 1775/256000       7100/1024000  ( 0.7%) 
LDR worldlights         11/8192          968/720896   ( 0.1%) 
HDR worldlights          0/8192            0/720896   ( 0.0%) 
leafwaterdata            0/32768           0/393216   ( 0.0%) 
waterstrips             37/32768         370/327680   ( 0.1%) 
waterverts               0/65536           0/786432   ( 0.0%) 
waterindices           543/65536        1086/131072   ( 0.8%) 
cubemapsamples           1/1024           16/16384    ( 0.1%) 
overlays                 0/512             0/180224   ( 0.0%) 
LDR lightdata         [variable]      346964/0        ( 0.0%) 
HDR lightdata         [variable]           0/0        ( 0.0%) 
visdata               [variable]        1724/16777216 ( 0.0%) 
entdata               [variable]       37521/393216   ( 9.5%) 
LDR ambient table      341/65536        1364/262144   ( 0.5%) 
HDR ambient table      341/65536        1364/262144   ( 0.5%) 
LDR leaf ambient      1344/65536       37632/1835008  ( 2.1%) 
HDR leaf ambient       341/65536        9548/1835008  ( 0.5%) 
occluders                0/0               0/0        ( 0.0%) 
occluder polygons        0/0               0/0        ( 0.0%) 
occluder vert ind        0/0               0/0        ( 0.0%) 
detail props          [variable]           1/12       ( 8.3%) 
static props          [variable]           1/2044     ( 0.0%) 
pakfile               [variable]      211668/0        ( 0.0%) 
physics               [variable]       40464/4194304  ( 1.0%) 
physics terrain       [variable]           2/1048576  ( 0.0%) 

Level flags = 0

Total triangle count: 1193
Writing c:\program files (x86)\steam\steamapps\sourcemods\open_fortress_zombies\maps\mercvm_example1.bsp
3 seconds elapsed



materialPath: C:\Program Files (x86)\Steam\steamapps\sourcemods\open_fortress\materials
Loading c:\program files (x86)\steam\steamapps\sourcemods\open_fortress_zombies\maps\mercvm_example1.vmf
ConVarRef mat_reduceparticles doesn't point to an existing ConVar
fixing up env_cubemap materials on brush sides...
0...1...2...3...4...5...6...7...8...9...100...1...2...3...4...5...6...7...8...9...10Processing areas...done (0)
Building Faces...done (0)
Chop Details...done (0)
Find Visible Detail Sides...done (0)
Merging details...done (0)
FixTjuncs...
PruneNodes...
WriteBSP...
done (0)
writing c:\program files (x86)\steam\steamapps\sourcemods\open_fortress_zombies\maps\mercvm_example1.prt...Building visibility clusters...
done (0)
Creating default LDR cubemaps for env_cubemap using skybox materials:
   skybox/sky_badlands_01*.vmt
 ! Run buildcubemaps in the engine to get the correct cube maps.
Creating default HDR cubemaps for env_cubemap using skybox materials:
   skybox/sky_badlands_01*.vmt
 ! Run buildcubemaps in the engine to get the correct cube maps.
Finding displacement neighbors...
Finding lightmap sample positions...
Displacement Alpha : 0...1...2...3...4...5...6...7...8...9...10
Building Physics collision data...
done (0) (40464 bytes)
Error! To use model "models/weapons/w_models/w_shotgun.mdl"
      with prop_static, it must be compiled with $staticprop!
Error loading studio model "models/weapons/w_models/w_shotgun.mdl"!
Placing detail props : 0...1...2...3...4...5...6...7...8...9...10
Compacting texture/material tables...
Reduced 315 texinfos to 138
Reduced 12 texdatas to 10 (269 bytes to 225)
Writing c:\program files (x86)\steam\steamapps\sourcemods\open_fortress_zombies\maps\mercvm_example1.bsp
MSG_FILEWRITE - Filesystem was asked to write to 'c:\program files (x86)\steam\steamapps\sourcemods\open_fortress_zombies\maps\mercvm_example1.bsp', but we don't own that location. Allowing.
Wrote ZIP buffer, estimated size 212284, actual size 211668
0 seconds elapsed



16 threads
reading c:\program files (x86)\steam\steamapps\sourcemods\open_fortress_zombies\maps\mercvm_example1.bsp
reading c:\program files (x86)\steam\steamapps\sourcemods\open_fortress_zombies\maps\mercvm_example1.prt
  66 portalclusters
 148 numportals
0...1...2...3...4...5...6...7...8...9...100...1...2...3...4...5...6...7...8...9...10Optimized: 0 visible clusters (0.00%)
Total clusters visible: 3764
Average clusters visible: 57
Building PAS...
Average clusters audible: 66
visdatasize:1724  compressed from 2112
writing c:\program files (x86)\steam\steamapps\sourcemods\open_fortress_zombies\maps\mercvm_example1.bsp
MSG_FILEWRITE - Filesystem was asked to write to 'c:\program files (x86)\steam\steamapps\sourcemods\open_fortress_zombies\maps\mercvm_example1.bsp', but we don't own that location. Allowing.
0 seconds elapsed



[Reading texlights from 'lights.rad']
[63 texlights parsed from 'lights.rad']

Loading c:\program files (x86)\steam\steamapps\sourcemods\open_fortress_zombies\maps\mercvm_example1.bsp
454 faces
412586 square feet [59412524.00 square inches]
0 Displacements
0 Square Feet [0.00 Square Inches]
454 patches before subdivision
16864 patches after subdivision
11 direct lights
0...1...2...3...4...5...6...7...8...9...100...1...2...3...4...5...6...7...8...9...10transfers 928202, max 297
transfer lists:   7.1 megs
0...1...2...3...4...5...6...7...8...9...10	Bounce #1 added RGB(72868, 61409, 52819)
0...1...2...3...4...5...6...7...8...9...10	Bounce #2 added RGB(5204, 4387, 3773)
0...1...2...3...4...5...6...7...8...9...10	Bounce #3 added RGB(420, 353, 302)
0...1...2...3...4...5...6...7...8...9...10	Bounce #4 added RGB(37, 31, 27)
0...1...2...3...4...5...6...7...8...9...10	Bounce #5 added RGB(4, 3, 3)
0...1...2...3...4...5...6...7...8...9...10	Bounce #6 added RGB(0, 0, 0)
Build Patch/Sample Hash Table(s).....Done<0.0031 sec>
0...1...2...3...4...5...6...7...8...9...10FinalLightFace Done
0 of 0 (0% of) surface lights went in leaf ambient cubes.
0...1...2...3...4...5...6...7...8...9...10Writing leaf ambient...done
Ready to Finish

Object names       Objects/Maxobjs  Memory / Maxmem  Fullness 
------------       ---------------  ---------------  -------- 
models                  21/1024         1008/49152    ( 2.1%) 
brushes                 98/8192         1176/98304    ( 1.2%) 
brushsides             627/65536        5016/524288   ( 1.0%) 
planes                 466/65536        9320/1310720  ( 0.7%) 
vertexes               763/65536        9156/786432   ( 1.2%) 
nodes                  319/65536       10208/2097152  ( 0.5%) 
texinfos               138/12288        9936/884736   ( 1.1%) 
texdata                 10/2048          320/65536    ( 0.5%) 
dispinfos                0/0               0/0        ( 0.0%) 
disp_verts               0/0               0/0        ( 0.0%) 
disp_tris                0/0               0/0        ( 0.0%) 
disp_lmsamples           0/0               0/0        ( 0.0%) 
faces                  454/65536       25424/3670016  ( 0.7%) 
hdr faces                0/65536           0/3670016  ( 0.0%) 
origfaces              245/65536       13720/3670016  ( 0.4%) 
leaves                 341/65536       10912/2097152  ( 0.5%) 
leaffaces              520/65536        1040/131072   ( 0.8%) 
leafbrushes            222/65536         444/131072   ( 0.3%) 
areas                    2/256            16/2048     ( 0.8%) 
surfedges             3095/512000      12380/2048000  ( 0.6%) 
edges                 1775/256000       7100/1024000  ( 0.7%) 
LDR worldlights         11/8192          968/720896   ( 0.1%) 
HDR worldlights          0/8192            0/720896   ( 0.0%) 
leafwaterdata            0/32768           0/393216   ( 0.0%) 
waterstrips             37/32768         370/327680   ( 0.1%) 
waterverts               0/65536           0/786432   ( 0.0%) 
waterindices           543/65536        1086/131072   ( 0.8%) 
cubemapsamples           1/1024           16/16384    ( 0.1%) 
overlays                 0/512             0/180224   ( 0.0%) 
LDR lightdata         [variable]      346964/0        ( 0.0%) 
HDR lightdata         [variable]           0/0        ( 0.0%) 
visdata               [variable]        1724/16777216 ( 0.0%) 
entdata               [variable]       38475/393216   ( 9.8%) 
LDR ambient table      341/65536        1364/262144   ( 0.5%) 
HDR ambient table      341/65536        1364/262144   ( 0.5%) 
LDR leaf ambient      1344/65536       37632/1835008  ( 2.1%) 
HDR leaf ambient       341/65536        9548/1835008  ( 0.5%) 
occluders                0/0               0/0        ( 0.0%) 
occluder polygons        0/0               0/0        ( 0.0%) 
occluder vert ind        0/0               0/0        ( 0.0%) 
detail props          [variable]           1/12       ( 8.3%) 
static props          [variable]           1/2044     ( 0.0%) 
pakfile               [variable]      211668/0        ( 0.0%) 
physics               [variable]       40464/4194304  ( 1.0%) 
physics terrain       [variable]           2/1048576  ( 0.0%) 

Level flags = 0

Total triangle count: 1193
Writing c:\program files (x86)\steam\steamapps\sourcemods\open_fortress_zombies\maps\mercvm_example1.bsp
3 seconds elapsed
