PRT1
66
148
4 0 14 (2048 1024 384 ) (2048 1024 1024 ) (2048 1088 1024 ) (2048 1088 384 ) 
4 0 3 (2048 1024 1024 ) (2048 1024 384 ) (2912 1024 384 ) (2912 1024 1024 ) 
4 0 1 (2432 1024 384 ) (2048 1024 384 ) (2048 1088 384 ) (2432 1088 384 ) 
4 1 14 (2048 1024 192 ) (2048 1024 384 ) (2048 1088 384 ) (2048 1088 192 ) 
4 1 8 (2288 1024 192 ) (2304 1024 192 ) (2304 1024 384 ) (2288 1024 384 ) 
4 1 9 (2048 1024 384 ) (2048 1024 192 ) (2288 1024 192 ) (2288 1024 384 ) 
4 1 4 (2304 1024 192 ) (2432 1024 192 ) (2432 1024 384 ) (2304 1024 384 ) 
4 2 12 (2080 1024 -192 ) (2272 1024 -192 ) (2272 1024 0 ) (2080 1024 0 ) 
4 3 20 (2912 0 1024 ) (2048 0 1024 ) (2048 0 384 ) (2912 0 384 ) 
4 3 16 (2048 832 1024 ) (2048 1024 1024 ) (2048 1024 384 ) (2048 832 384 ) 
4 3 17 (2048 0 384 ) (2048 0 1024 ) (2048 832 1024 ) (2048 832 384 ) 
4 3 11 (2288 0 384 ) (2048 0 384 ) (2048 96 384 ) (2288 96 384 ) 
4 3 8 (2288 1024 384 ) (2304 1024 384 ) (2304 208 384 ) (2288 208 384 ) 
4 3 9 (2048 1024 384 ) (2288 1024 384 ) (2288 96 384 ) (2048 96 384 ) 
4 3 7 (2824 0 384 ) (2304 0 384 ) (2304 132 384 ) (2824 132 384 ) 
4 3 5 (2824 132 384 ) (2304 132 384 ) (2304 192 384 ) (2824 192 384 ) 
4 3 4 (2304 1024 384 ) (2432 1024 384 ) (2432 208 384 ) (2304 208 384 ) 
4 4 8 (2304 1024 192 ) (2304 208 192 ) (2304 208 384 ) (2304 1024 384 ) 
4 5 7 (2304 132 384 ) (2304 132 192 ) (2824 132 192 ) (2824 132 384 ) 
4 6 21 (2824 0 352 ) (2824 0 192 ) (2880 0 192 ) (2880 0 352 ) 
4 6 7 (2824 132 352 ) (2824 132 192 ) (2824 0 192 ) (2824 0 352 ) 
4 7 22 (2824 0 384 ) (2304 0 384 ) (2304 0 192 ) (2824 0 192 ) 
4 7 10 (2304 96 192 ) (2304 0 192 ) (2304 0 320 ) (2304 96 320 ) 
4 8 9 (2288 1024 192 ) (2288 208 192 ) (2288 208 384 ) (2288 1024 384 ) 
4 9 16 (2048 832 384 ) (2048 1024 384 ) (2048 1024 192 ) (2048 832 192 ) 
4 9 17 (2048 96 384 ) (2048 832 384 ) (2048 832 192 ) (2048 96 192 ) 
4 9 11 (2048 96 192 ) (2288 96 192 ) (2288 96 384 ) (2048 96 384 ) 
4 10 25 (2288 0 320 ) (2288 0 192 ) (2304 0 192 ) (2304 0 320 ) 
4 10 11 (2288 96 320 ) (2288 96 192 ) (2288 0 192 ) (2288 0 320 ) 
4 11 26 (2288 0 384 ) (2048 0 384 ) (2048 0 192 ) (2288 0 192 ) 
4 11 17 (2048 0 192 ) (2048 0 384 ) (2048 96 384 ) (2048 96 192 ) 
4 12 13 (2080 640 -192 ) (2080 512 -192 ) (2080 512 0 ) (2080 640 0 ) 
4 13 17 (2048 640 -192 ) (2048 512 -192 ) (2048 512 0 ) (2048 640 0 ) 
5 14 16 (2048 1024 192 ) (2048 1024 1024 ) (1024 1024 1024 ) (1024 1024 -192 ) (1280 1024 -192 ) 
4 14 15 (1024 1088 -192 ) (1024 1024 -192 ) (1024 1024 1024 ) (1024 1088 1024 ) 
4 15 40 (0 1024 -192 ) (0 1024 1024 ) (0 1088 1024 ) (0 1088 -192 ) 
4 15 19 (0 1024 1024 ) (0 1024 -192 ) (1024 1024 -192 ) (1024 1024 1024 ) 
4 16 19 (1024 1024 1024 ) (1024 1024 -192 ) (1024 832 -192 ) (1024 832 1024 ) 
5 16 17 (1024 832 -192 ) (1280 832 -192 ) (2048 832 192 ) (2048 832 1024 ) (1024 832 1024 ) 
4 17 34 (2048 0 -192 ) (2048 0 1024 ) (1024 0 1024 ) (1024 0 -192 ) 
4 17 19 (1024 832 -192 ) (1024 0 -192 ) (1024 0 1024 ) (1024 832 1024 ) 
4 17 18 (1832 0 -192 ) (1544 0 -192 ) (1544 128 -192 ) (1832 128 -192 ) 
4 18 36 (1832 0 -192 ) (1544 0 -192 ) (1544 0 -544 ) (1832 0 -544 ) 
4 19 45 (0 0 -192 ) (0 0 1024 ) (0 1024 1024 ) (0 1024 -192 ) 
4 19 37 (1024 0 -192 ) (1024 0 1024 ) (0 0 1024 ) (0 0 -192 ) 
4 20 35 (2048 -832 384 ) (2048 -1024 384 ) (2048 -1024 1024 ) (2048 -832 1024 ) 
4 20 34 (2048 0 1024 ) (2048 0 384 ) (2048 -832 384 ) (2048 -832 1024 ) 
4 20 31 (2912 -1024 1024 ) (2048 -1024 1024 ) (2048 -1024 384 ) (2912 -1024 384 ) 
4 20 27 (2304 -208 384 ) (2304 -1024 384 ) (2288 -1024 384 ) (2288 -208 384 ) 
4 20 28 (2048 -1024 384 ) (2048 -96 384 ) (2288 -96 384 ) (2288 -1024 384 ) 
4 20 26 (2048 -96 384 ) (2048 0 384 ) (2288 0 384 ) (2288 -96 384 ) 
4 20 24 (2432 -1024 384 ) (2304 -1024 384 ) (2304 -208 384 ) (2432 -208 384 ) 
4 20 23 (2824 -192 384 ) (2304 -192 384 ) (2304 -132 384 ) (2824 -132 384 ) 
4 20 22 (2304 0 384 ) (2824 0 384 ) (2824 -132 384 ) (2304 -132 384 ) 
4 21 22 (2824 0 192 ) (2824 -132 192 ) (2824 -132 352 ) (2824 0 352 ) 
4 22 25 (2304 0 192 ) (2304 -96 192 ) (2304 -96 320 ) (2304 0 320 ) 
4 22 23 (2304 -132 384 ) (2304 -132 192 ) (2824 -132 192 ) (2824 -132 384 ) 
4 24 32 (2432 -1024 384 ) (2304 -1024 384 ) (2304 -1024 192 ) (2432 -1024 192 ) 
4 24 27 (2304 -208 192 ) (2304 -1024 192 ) (2304 -1024 384 ) (2304 -208 384 ) 
4 25 26 (2288 0 192 ) (2288 -96 192 ) (2288 -96 320 ) (2288 0 320 ) 
4 26 34 (2048 0 384 ) (2048 0 192 ) (2048 -96 192 ) (2048 -96 384 ) 
4 26 28 (2048 -96 192 ) (2288 -96 192 ) (2288 -96 384 ) (2048 -96 384 ) 
4 27 32 (2304 -1024 384 ) (2288 -1024 384 ) (2288 -1024 192 ) (2304 -1024 192 ) 
4 27 28 (2288 -208 192 ) (2288 -1024 192 ) (2288 -1024 384 ) (2288 -208 384 ) 
4 28 35 (2048 -832 192 ) (2048 -1024 192 ) (2048 -1024 384 ) (2048 -832 384 ) 
4 28 34 (2048 -96 192 ) (2048 -832 192 ) (2048 -832 384 ) (2048 -96 384 ) 
4 28 32 (2288 -1024 384 ) (2048 -1024 384 ) (2048 -1024 192 ) (2288 -1024 192 ) 
4 29 33 (2272 -1024 0 ) (2080 -1024 0 ) (2080 -1024 -192 ) (2272 -1024 -192 ) 
4 29 30 (2080 -640 0 ) (2080 -512 0 ) (2080 -512 -192 ) (2080 -640 -192 ) 
4 30 34 (2048 -512 -192 ) (2048 -640 -192 ) (2048 -640 0 ) (2048 -512 0 ) 
4 31 38 (2048 -1088 384 ) (2048 -1088 1024 ) (2048 -1024 1024 ) (2048 -1024 384 ) 
4 31 32 (2432 -1088 384 ) (2048 -1088 384 ) (2048 -1024 384 ) (2432 -1024 384 ) 
4 32 38 (2048 -1088 192 ) (2048 -1088 384 ) (2048 -1024 384 ) (2048 -1024 192 ) 
4 34 37 (1024 0 1024 ) (1024 0 -192 ) (1024 -832 -192 ) (1024 -832 1024 ) 
4 34 36 (1544 0 -192 ) (1832 0 -192 ) (1832 -128 -192 ) (1544 -128 -192 ) 
5 34 35 (1024 -832 -192 ) (1280 -832 -192 ) (2048 -832 192 ) (2048 -832 1024 ) (1024 -832 1024 ) 
5 35 38 (2048 -1024 192 ) (2048 -1024 1024 ) (1024 -1024 1024 ) (1024 -1024 -192 ) (1280 -1024 -192 ) 
4 35 37 (1024 -832 -192 ) (1024 -1024 -192 ) (1024 -1024 1024 ) (1024 -832 1024 ) 
4 37 53 (0 -1024 -192 ) (0 -1024 1024 ) (0 0 1024 ) (0 0 -192 ) 
4 37 39 (1024 -1024 -192 ) (1024 -1024 1024 ) (0 -1024 1024 ) (0 -1024 -192 ) 
4 38 39 (1024 -1088 1024 ) (1024 -1024 1024 ) (1024 -1024 -192 ) (1024 -1088 -192 ) 
4 39 61 (0 -1088 1024 ) (0 -1024 1024 ) (0 -1024 -192 ) (0 -1088 -192 ) 
4 40 45 (0 1024 -192 ) (0 1024 1024 ) (-1024 1024 1024 ) (-1024 1024 -192 ) 
4 40 44 (-1024 1088 -192 ) (-1024 1024 -192 ) (-1024 1024 64 ) (-1024 1088 64 ) 
4 40 42 (-1024 1024 64 ) (-1024 1024 288 ) (-1024 1088 288 ) (-1024 1088 64 ) 
4 40 41 (-1024 1024 288 ) (-1024 1024 1024 ) (-1024 1088 1024 ) (-1024 1088 288 ) 
4 41 46 (-2048 1024 1024 ) (-2048 1024 288 ) (-1024 1024 288 ) (-1024 1024 1024 ) 
4 41 43 (-1536 1056 288 ) (-1536 1024 288 ) (-2016 1024 288 ) (-2016 1056 288 ) 
4 41 42 (-1536 1088 288 ) (-1024 1088 288 ) (-1024 1024 288 ) (-1536 1024 288 ) 
4 42 47 (-1536 1024 64 ) (-1024 1024 64 ) (-1024 1024 288 ) (-1536 1024 288 ) 
4 42 44 (-1024 1024 64 ) (-1536 1024 64 ) (-1536 1088 64 ) (-1024 1088 64 ) 
4 42 43 (-1536 1056 64 ) (-1536 1024 64 ) (-1536 1024 288 ) (-1536 1056 288 ) 
4 43 47 (-2016 1024 64 ) (-1536 1024 64 ) (-1536 1024 288 ) (-2016 1024 288 ) 
4 44 49 (-1536 1024 -192 ) (-1024 1024 -192 ) (-1024 1024 64 ) (-1536 1024 64 ) 
4 45 53 (0 0 -192 ) (0 0 1024 ) (-1024 0 1024 ) (-1024 0 -192 ) 
4 45 52 (-1024 64 -192 ) (-1024 0 -192 ) (-1024 0 64 ) (-1024 64 64 ) 
4 45 51 (-1024 320 -192 ) (-1024 64 -192 ) (-1024 64 32 ) (-1024 320 32 ) 
4 45 50 (-1024 64 32 ) (-1024 64 64 ) (-1024 320 64 ) (-1024 320 32 ) 
4 45 49 (-1024 1024 64 ) (-1024 1024 -192 ) (-1024 320 -192 ) (-1024 320 64 ) 
4 45 48 (-1024 384 64 ) (-1024 0 64 ) (-1024 0 288 ) (-1024 384 288 ) 
4 45 47 (-1024 1024 288 ) (-1024 1024 64 ) (-1024 384 64 ) (-1024 384 288 ) 
4 45 46 (-1024 1024 1024 ) (-1024 1024 288 ) (-1024 0 288 ) (-1024 0 1024 ) 
4 46 54 (-1024 0 288 ) (-1024 0 1024 ) (-2048 0 1024 ) (-2048 0 288 ) 
4 46 48 (-1024 0 288 ) (-1536 0 288 ) (-1536 384 288 ) (-1024 384 288 ) 
4 46 47 (-2016 1024 288 ) (-1024 1024 288 ) (-1024 384 288 ) (-2016 384 288 ) 
4 47 49 (-1536 1024 64 ) (-1024 1024 64 ) (-1024 384 64 ) (-1536 384 64 ) 
4 47 48 (-1536 384 64 ) (-1024 384 64 ) (-1024 384 288 ) (-1536 384 288 ) 
4 48 55 (-1024 0 64 ) (-1024 0 288 ) (-1536 0 288 ) (-1536 0 64 ) 
4 48 52 (-1024 64 64 ) (-1024 0 64 ) (-1536 0 64 ) (-1536 64 64 ) 
4 48 50 (-1024 320 64 ) (-1024 64 64 ) (-1536 64 64 ) (-1536 320 64 ) 
4 48 49 (-1536 384 64 ) (-1024 384 64 ) (-1024 320 64 ) (-1536 320 64 ) 
4 49 51 (-1536 320 -192 ) (-1024 320 -192 ) (-1024 320 32 ) (-1536 320 32 ) 
4 49 50 (-1024 320 32 ) (-1024 320 64 ) (-1536 320 64 ) (-1536 320 32 ) 
4 50 52 (-1024 64 32 ) (-1024 64 64 ) (-1536 64 64 ) (-1536 64 32 ) 
4 50 51 (-1024 64 32 ) (-1536 64 32 ) (-1536 320 32 ) (-1024 320 32 ) 
4 51 52 (-1536 64 -192 ) (-1024 64 -192 ) (-1024 64 32 ) (-1536 64 32 ) 
4 52 57 (-1024 0 -192 ) (-1024 0 64 ) (-1536 0 64 ) (-1536 0 -192 ) 
4 53 61 (0 -1024 -192 ) (0 -1024 1024 ) (-1024 -1024 1024 ) (-1024 -1024 -192 ) 
4 53 60 (-1024 -320 -192 ) (-1024 -1024 -192 ) (-1024 -1024 64 ) (-1024 -320 64 ) 
4 53 59 (-1024 -64 -192 ) (-1024 -320 -192 ) (-1024 -320 32 ) (-1024 -64 32 ) 
4 53 58 (-1024 -320 32 ) (-1024 -320 64 ) (-1024 -64 64 ) (-1024 -64 32 ) 
4 53 57 (-1024 0 64 ) (-1024 0 -192 ) (-1024 -64 -192 ) (-1024 -64 64 ) 
4 53 56 (-1024 -384 64 ) (-1024 -1024 64 ) (-1024 -1024 288 ) (-1024 -384 288 ) 
4 53 55 (-1024 0 288 ) (-1024 0 64 ) (-1024 -384 64 ) (-1024 -384 288 ) 
4 53 54 (-1024 0 1024 ) (-1024 0 288 ) (-1024 -1024 288 ) (-1024 -1024 1024 ) 
4 54 62 (-1024 -1024 288 ) (-1024 -1024 1024 ) (-2048 -1024 1024 ) (-2048 -1024 288 ) 
4 54 56 (-1024 -1024 288 ) (-2016 -1024 288 ) (-2016 -384 288 ) (-1024 -384 288 ) 
4 54 55 (-1536 0 288 ) (-1024 0 288 ) (-1024 -384 288 ) (-1536 -384 288 ) 
4 55 60 (-1024 -320 64 ) (-1024 -384 64 ) (-1536 -384 64 ) (-1536 -320 64 ) 
4 55 58 (-1024 -64 64 ) (-1024 -320 64 ) (-1536 -320 64 ) (-1536 -64 64 ) 
4 55 57 (-1536 0 64 ) (-1024 0 64 ) (-1024 -64 64 ) (-1536 -64 64 ) 
4 55 56 (-1536 -384 64 ) (-1024 -384 64 ) (-1024 -384 288 ) (-1536 -384 288 ) 
4 56 64 (-1536 -1024 288 ) (-2016 -1024 288 ) (-2016 -1024 64 ) (-1536 -1024 64 ) 
4 56 63 (-1024 -1024 64 ) (-1024 -1024 288 ) (-1536 -1024 288 ) (-1536 -1024 64 ) 
4 56 60 (-1024 -384 64 ) (-1024 -1024 64 ) (-1536 -1024 64 ) (-1536 -384 64 ) 
4 57 59 (-1536 -64 -192 ) (-1024 -64 -192 ) (-1024 -64 32 ) (-1536 -64 32 ) 
4 57 58 (-1024 -64 32 ) (-1024 -64 64 ) (-1536 -64 64 ) (-1536 -64 32 ) 
4 58 60 (-1024 -320 32 ) (-1024 -320 64 ) (-1536 -320 64 ) (-1536 -320 32 ) 
4 58 59 (-1024 -320 32 ) (-1536 -320 32 ) (-1536 -64 32 ) (-1024 -64 32 ) 
4 59 60 (-1536 -320 -192 ) (-1024 -320 -192 ) (-1024 -320 32 ) (-1536 -320 32 ) 
4 60 65 (-1024 -1024 -192 ) (-1024 -1024 64 ) (-1536 -1024 64 ) (-1536 -1024 -192 ) 
4 61 65 (-1024 -1024 64 ) (-1024 -1024 -192 ) (-1024 -1088 -192 ) (-1024 -1088 64 ) 
4 61 63 (-1024 -1024 288 ) (-1024 -1024 64 ) (-1024 -1088 64 ) (-1024 -1088 288 ) 
4 61 62 (-1024 -1088 1024 ) (-1024 -1024 1024 ) (-1024 -1024 288 ) (-1024 -1088 288 ) 
4 62 64 (-2016 -1056 288 ) (-2016 -1024 288 ) (-1536 -1024 288 ) (-1536 -1056 288 ) 
4 62 63 (-1024 -1088 288 ) (-1536 -1088 288 ) (-1536 -1024 288 ) (-1024 -1024 288 ) 
4 63 65 (-1024 -1088 64 ) (-1536 -1088 64 ) (-1536 -1024 64 ) (-1024 -1024 64 ) 
4 63 64 (-1536 -1024 64 ) (-1536 -1056 64 ) (-1536 -1056 288 ) (-1536 -1024 288 ) 
