PRT1
130
344
4 0 7 (1536 1024 -64 ) (1536 1024 -48 ) (1024 1024 -48 ) (1024 1024 -64 ) 
4 0 6 (1536 1024 -48 ) (1536 1024 512 ) (1024 1024 512 ) (1024 1024 -48 ) 
4 0 1 (1024 1024 -64 ) (1024 1024 512 ) (1024 1792 512 ) (1024 1792 -64 ) 
4 1 41 (144 1024 -48 ) (0 1024 -48 ) (0 1024 -64 ) (144 1024 -64 ) 
4 1 40 (320 1024 -48 ) (144 1024 -48 ) (144 1024 -64 ) (320 1024 -64 ) 
4 1 39 (384 1024 -48 ) (320 1024 -48 ) (320 1024 -64 ) (384 1024 -64 ) 
4 1 37 (1024 1024 -64 ) (1024 1024 -48 ) (384 1024 -48 ) (384 1024 -64 ) 
4 1 36 (0 1024 0 ) (0 1024 -48 ) (144 1024 -48 ) (144 1024 0 ) 
4 1 33 (0 1024 160 ) (0 1024 0 ) (128 1024 0 ) (128 1024 160 ) 
4 1 30 (128 1024 0 ) (144 1024 0 ) (144 1024 160 ) (128 1024 160 ) 
4 1 29 (0 1024 192 ) (0 1024 160 ) (144 1024 160 ) (144 1024 192 ) 
4 1 28 (144 1024 512 ) (0 1024 512 ) (0 1024 192 ) (144 1024 192 ) 
4 1 27 (320 1024 -32 ) (144 1024 -32 ) (144 1024 -48 ) (320 1024 -48 ) 
4 1 26 (1024 1024 -48 ) (1024 1024 -32 ) (320 1024 -32 ) (320 1024 -48 ) 
4 1 25 (256 1024 0 ) (144 1024 0 ) (144 1024 -32 ) (256 1024 -32 ) 
4 1 23 (288 1024 0 ) (256 1024 0 ) (256 1024 -32 ) (288 1024 -32 ) 
4 1 22 (1024 1024 -32 ) (1024 1024 0 ) (288 1024 0 ) (288 1024 -32 ) 
4 1 13 (288 1024 512 ) (144 1024 512 ) (144 1024 0 ) (288 1024 0 ) 
4 1 12 (1024 1024 0 ) (1024 1024 512 ) (288 1024 512 ) (288 1024 0 ) 
4 1 2 (0 1024 -64 ) (0 1024 512 ) (0 1792 512 ) (0 1792 -64 ) 
4 2 65 (0 1024 -64 ) (0 1024 0 ) (-1024 1024 0 ) (-1024 1024 -64 ) 
4 2 42 (0 1024 0 ) (0 1024 512 ) (-1024 1024 512 ) (-1024 1024 0 ) 
4 2 4 (-1024 1024 -64 ) (-1024 1024 512 ) (-1024 1792 512 ) (-1024 1792 -64 ) 
4 4 121 (-1088 1024 -40 ) (-1920 1024 -40 ) (-1920 1024 -64 ) (-1088 1024 -64 ) 
4 4 120 (-1024 1024 -64 ) (-1024 1024 -40 ) (-1088 1024 -40 ) (-1088 1024 -64 ) 
4 4 124 (-1920 1024 -40 ) (-2048 1024 -40 ) (-2048 1024 -64 ) (-1920 1024 -64 ) 
4 4 119 (-1024 1024 -40 ) (-1024 1024 512 ) (-2048 1024 512 ) (-2048 1024 -40 ) 
4 4 5 (-2048 1024 -64 ) (-2048 1024 512 ) (-2048 1792 512 ) (-2048 1792 -64 ) 
4 5 125 (-2048 1024 -64 ) (-2048 1024 512 ) (-2176 1024 512 ) (-2176 1024 -64 ) 
4 6 26 (1024 1024 -32 ) (1024 1024 -48 ) (1024 0 -48 ) (1024 0 -32 ) 
4 6 22 (1024 1024 0 ) (1024 1024 -32 ) (1024 0 -32 ) (1024 0 0 ) 
4 6 12 (1024 1024 512 ) (1024 1024 0 ) (1024 0 0 ) (1024 0 512 ) 
4 6 9 (1536 0 512 ) (1024 0 512 ) (1024 0 -48 ) (1536 0 -48 ) 
4 6 8 (1536 0 -48 ) (1024 0 -48 ) (1024 640 -48 ) (1536 640 -48 ) 
4 6 7 (1024 640 -48 ) (1024 1024 -48 ) (1536 1024 -48 ) (1536 640 -48 ) 
4 7 37 (1024 1024 -48 ) (1024 1024 -64 ) (1024 640 -64 ) (1024 640 -48 ) 
4 7 8 (1024 640 -64 ) (1536 640 -64 ) (1536 640 -48 ) (1024 640 -48 ) 
4 8 38 (1024 640 -64 ) (1024 0 -64 ) (1024 0 -48 ) (1024 640 -48 ) 
4 8 10 (1536 0 -48 ) (1024 0 -48 ) (1024 0 -64 ) (1536 0 -64 ) 
4 9 116 (1536 -1024 512 ) (1024 -1024 512 ) (1024 -1024 -48 ) (1536 -1024 -48 ) 
4 9 68 (1024 -1024 -48 ) (1024 -1024 512 ) (1024 0 512 ) (1024 0 -48 ) 
4 9 11 (1536 -1024 -48 ) (1024 -1024 -48 ) (1024 -256 -48 ) (1536 -256 -48 ) 
4 9 10 (1024 -256 -48 ) (1024 0 -48 ) (1536 0 -48 ) (1536 -256 -48 ) 
4 10 83 (1024 -256 -48 ) (1024 0 -48 ) (1024 0 -64 ) (1024 -256 -64 ) 
4 10 11 (1024 -256 -64 ) (1536 -256 -64 ) (1536 -256 -48 ) (1024 -256 -48 ) 
4 11 116 (1536 -1024 -48 ) (1024 -1024 -48 ) (1024 -1024 -64 ) (1536 -1024 -64 ) 
4 11 84 (1024 -1024 -64 ) (1024 -1024 -48 ) (1024 -256 -48 ) (1024 -256 -64 ) 
4 12 68 (1024 0 0 ) (1024 0 512 ) (288 0 512 ) (288 0 0 ) 
4 12 22 (1024 0 0 ) (288 0 0 ) (288 1024 0 ) (1024 1024 0 ) 
4 12 15 (288 0 112 ) (288 0 512 ) (288 384 512 ) (288 384 112 ) 
4 12 14 (288 384 0 ) (288 0 0 ) (288 0 96 ) (288 384 96 ) 
4 12 13 (288 1024 0 ) (288 384 0 ) (288 384 512 ) (288 1024 512 ) 
4 13 30 (144 1024 160 ) (144 1024 0 ) (144 784 0 ) (144 784 160 ) 
4 13 29 (144 1024 192 ) (144 1024 160 ) (144 784 160 ) (144 784 192 ) 
4 13 28 (144 1024 512 ) (144 1024 192 ) (144 384 192 ) (144 384 512 ) 
4 13 25 (144 384 0 ) (144 1024 0 ) (256 1024 0 ) (256 384 0 ) 
4 13 23 (256 1024 0 ) (288 1024 0 ) (288 384 0 ) (256 384 0 ) 
4 13 21 (232 384 136.888885 ) (232 384 512 ) (144 384 512 ) (144 384 176 ) 
4 13 20 (144 384 0 ) (232 384 0 ) (232 384 120.888878 ) (144 384 160 ) 
4 13 17 (232 384 0 ) (240 384 0 ) (240 384 117.333328 ) (232 384 120.888885 ) 
4 13 16 (240 384 133.333328 ) (240 384 512 ) (232 384 512 ) (232 384 136.888885 ) 
4 13 15 (288 384 112 ) (288 384 512 ) (240 384 512 ) (240 384 133.333344 ) 
4 13 14 (240 384 0 ) (288 384 0 ) (288 384 96 ) (240 384 117.333344 ) 
4 14 68 (240 0 117.333344 ) (240 0 0 ) (288 0 0 ) (288 0 96 ) 
4 14 24 (288 0 0 ) (256 0 0 ) (256 384 0 ) (288 384 0 ) 
4 14 19 (240 16 0 ) (240 0 0 ) (240 0 117.333336 ) (240 16 117.333336 ) 
4 14 18 (240 360 0 ) (240 24 0 ) (240 24 117.333336 ) (240 360 117.333344 ) 
4 14 17 (240 384 117.333344 ) (240 384 0 ) (240 368 0 ) (240 368 117.333344 ) 
4 15 68 (288 0 512 ) (240 0 512 ) (240 0 133.333344 ) (288 0 112 ) 
4 15 16 (240 384 512 ) (240 384 133.333344 ) (240 0 133.333344 ) (240 0 512 ) 
4 16 68 (240 0 512 ) (232 0 512 ) (232 0 136.888885 ) (240 0 133.333328 ) 
4 16 21 (232 384 512 ) (232 384 136.888885 ) (232 0 136.888885 ) (232 0 512 ) 
4 17 20 (232 384 120.888885 ) (232 384 0 ) (232 368 0 ) (232 368 120.888878 ) 
4 18 20 (232 360 0 ) (232 24 0 ) (232 24 120.888878 ) (232 360 120.888885 ) 
4 19 68 (232 0 120.888885 ) (232 0 0 ) (240 0 0 ) (240 0 117.333328 ) 
4 19 20 (232 16 0 ) (232 0 0 ) (232 0 120.888878 ) (232 16 120.888885 ) 
4 20 68 (144 0 160 ) (144 0 0 ) (232 0 0 ) (232 0 120.888878 ) 
4 20 31 (144 284 0 ) (144 212 0 ) (144 212 108 ) (144 284 108 ) 
4 21 68 (232 0 512 ) (144 0 512 ) (144 0 176 ) (232 0 136.888885 ) 
4 21 28 (144 0 192 ) (144 0 512 ) (144 384 512 ) (144 384 192 ) 
4 22 68 (1024 0 -32 ) (1024 0 0 ) (288 0 0 ) (288 0 -32 ) 
4 22 27 (288 1024 -32 ) (320 1024 -32 ) (320 384 -32 ) (288 384 -32 ) 
4 22 26 (320 1024 -32 ) (1024 1024 -32 ) (1024 0 -32 ) (320 0 -32 ) 
4 22 24 (288 0 -16 ) (288 0 0 ) (288 384 0 ) (288 384 -16 ) 
4 22 23 (288 1024 -32 ) (288 384 -32 ) (288 384 0 ) (288 1024 0 ) 
4 23 27 (256 1024 -32 ) (288 1024 -32 ) (288 384 -32 ) (256 384 -32 ) 
4 23 25 (256 1024 -32 ) (256 384 -32 ) (256 384 0 ) (256 1024 0 ) 
4 23 24 (256 384 0 ) (256 384 -16 ) (288 384 -16 ) (288 384 0 ) 
4 24 68 (288 0 0 ) (256 0 0 ) (256 0 -16 ) (288 0 -16 ) 
4 25 36 (144 1024 0 ) (144 1024 -32 ) (144 784 -32 ) (144 784 0 ) 
4 25 27 (144 384 -32 ) (144 1024 -32 ) (256 1024 -32 ) (256 384 -32 ) 
4 26 68 (1024 0 -48 ) (1024 0 -32 ) (320 0 -32 ) (320 0 -48 ) 
4 26 39 (384 0 -48 ) (320 0 -48 ) (320 1024 -48 ) (384 1024 -48 ) 
4 26 38 (1024 0 -48 ) (384 0 -48 ) (384 640 -48 ) (1024 640 -48 ) 
4 26 37 (384 640 -48 ) (384 1024 -48 ) (1024 1024 -48 ) (1024 640 -48 ) 
4 26 27 (320 1024 -48 ) (320 384 -48 ) (320 384 -32 ) (320 1024 -32 ) 
4 27 40 (144 384 -48 ) (144 1024 -48 ) (320 1024 -48 ) (320 384 -48 ) 
4 27 36 (144 1024 -32 ) (144 1024 -48 ) (144 784 -48 ) (144 784 -32 ) 
4 28 78 (0 0 512 ) (0 0 192 ) (128 0 192 ) (128 0 512 ) 
4 28 69 (128 0 192 ) (144 0 192 ) (144 0 512 ) (128 0 512 ) 
4 28 59 (0 496 192 ) (0 0 192 ) (0 0 512 ) (0 496 512 ) 
4 28 52 (0 768 192 ) (0 496 192 ) (0 496 512 ) (0 768 512 ) 
4 28 43 (0 784 192 ) (0 768 192 ) (0 768 512 ) (0 784 512 ) 
4 28 42 (0 1024 512 ) (0 1024 192 ) (0 784 192 ) (0 784 512 ) 
4 28 29 (0 1024 192 ) (144 1024 192 ) (144 784 192 ) (0 784 192 ) 
4 29 42 (0 1024 192 ) (0 1024 160 ) (0 784 160 ) (0 784 192 ) 
4 29 33 (0 784 160 ) (0 1024 160 ) (128 1024 160 ) (128 784 160 ) 
4 29 30 (128 1024 160 ) (144 1024 160 ) (144 784 160 ) (128 784 160 ) 
4 30 36 (128 1024 0 ) (144 1024 0 ) (144 784 0 ) (128 784 0 ) 
4 30 33 (128 1024 0 ) (128 784 0 ) (128 784 160 ) (128 1024 160 ) 
4 31 32 (136 284 108 ) (136 284 0 ) (136 212 0 ) (136 212 108 ) 
4 32 35 (128 284 0 ) (128 212 0 ) (128 212 108 ) (128 284 108 ) 
4 33 42 (0 1024 160 ) (0 1024 0 ) (0 784 0 ) (0 784 160 ) 
4 33 36 (0 1024 0 ) (128 1024 0 ) (128 784 0 ) (0 784 0 ) 
4 34 53 (0 768 0 ) (0 512 0 ) (0 512 160 ) (0 768 160 ) 
4 35 80 (0 0 160 ) (0 0 0 ) (128 0 0 ) (128 0 160 ) 
4 35 60 (0 320 0 ) (0 0 0 ) (0 0 160 ) (0 320 160 ) 
4 36 65 (0 1024 0 ) (0 1024 -48 ) (0 784 -48 ) (0 784 0 ) 
4 36 41 (0 784 -48 ) (0 1024 -48 ) (144 1024 -48 ) (144 784 -48 ) 
4 37 39 (384 1024 -64 ) (384 640 -64 ) (384 640 -48 ) (384 1024 -48 ) 
4 37 38 (384 640 -48 ) (384 640 -64 ) (1024 640 -64 ) (1024 640 -48 ) 
4 38 83 (1024 0 -64 ) (1024 0 -48 ) (384 0 -48 ) (384 0 -64 ) 
4 38 39 (384 640 -64 ) (384 0 -64 ) (384 0 -48 ) (384 640 -48 ) 
4 39 85 (384 0 -48 ) (320 0 -48 ) (320 0 -64 ) (384 0 -64 ) 
4 39 40 (320 1024 -64 ) (320 384 -64 ) (320 384 -48 ) (320 1024 -48 ) 
4 40 41 (144 1024 -64 ) (144 784 -64 ) (144 784 -48 ) (144 1024 -48 ) 
4 41 65 (0 1024 -48 ) (0 1024 -64 ) (0 784 -64 ) (0 784 -48 ) 
4 42 119 (-1024 1024 512 ) (-1024 1024 0 ) (-1024 784 0 ) (-1024 784 512 ) 
4 42 65 (-1024 1024 0 ) (0 1024 0 ) (0 784 0 ) (-1024 784 0 ) 
4 42 51 (-1024 784 52 ) (-1024 784 0 ) (-656 784 0 ) (-656 784 52 ) 
4 42 50 (-1024 784 92 ) (-1024 784 52 ) (-656 784 52 ) (-656 784 92 ) 
4 42 48 (-332 784 52 ) (-308 784 52 ) (-308 784 92 ) (-332 784 92 ) 
4 42 46 (-76 784 52 ) (-52 784 52 ) (-52 784 92 ) (-76 784 92 ) 
4 42 45 (-1024 784 160 ) (-1024 784 92 ) (-656 784 92 ) (-656 784 160 ) 
4 42 44 (-1024 784 192 ) (-1024 784 160 ) (-656 784 160 ) (-656 784 192 ) 
4 42 43 (-1024 784 512 ) (-1024 784 192 ) (0 784 192 ) (0 784 512 ) 
4 43 119 (-1024 768 192 ) (-1024 768 512 ) (-1024 784 512 ) (-1024 784 192 ) 
4 43 58 (-656 768 512 ) (-1024 768 512 ) (-1024 768 192 ) (-656 768 192 ) 
4 43 55 (-640 768 512 ) (-656 768 512 ) (-656 768 192 ) (-640 768 192 ) 
4 43 52 (0 768 192 ) (0 768 512 ) (-640 768 512 ) (-640 768 192 ) 
4 43 44 (-656 768 192 ) (-1024 768 192 ) (-1024 784 192 ) (-656 784 192 ) 
4 44 119 (-1024 768 160 ) (-1024 768 192 ) (-1024 784 192 ) (-1024 784 160 ) 
4 44 58 (-656 768 192 ) (-1024 768 192 ) (-1024 768 160 ) (-656 768 160 ) 
4 44 45 (-656 768 160 ) (-1024 768 160 ) (-1024 784 160 ) (-656 784 160 ) 
4 45 119 (-1024 768 92 ) (-1024 768 160 ) (-1024 784 160 ) (-1024 784 92 ) 
4 45 58 (-656 768 160 ) (-1024 768 160 ) (-1024 768 92 ) (-656 768 92 ) 
4 45 50 (-656 768 92 ) (-1024 768 92 ) (-1024 784 92 ) (-656 784 92 ) 
4 46 47 (-76 776 92 ) (-76 776 52 ) (-52 776 52 ) (-52 776 92 ) 
4 47 53 (-52 768 92 ) (-76 768 92 ) (-76 768 52 ) (-52 768 52 ) 
4 48 49 (-332 776 92 ) (-332 776 52 ) (-308 776 52 ) (-308 776 92 ) 
4 49 53 (-308 768 92 ) (-332 768 92 ) (-332 768 52 ) (-308 768 52 ) 
4 50 119 (-1024 768 52 ) (-1024 768 92 ) (-1024 784 92 ) (-1024 784 52 ) 
4 50 58 (-656 768 92 ) (-1024 768 92 ) (-1024 768 52 ) (-656 768 52 ) 
4 50 51 (-656 768 52 ) (-1024 768 52 ) (-1024 784 52 ) (-656 784 52 ) 
4 51 119 (-1024 784 0 ) (-1024 768 0 ) (-1024 768 52 ) (-1024 784 52 ) 
4 51 66 (-864 768 0 ) (-1024 768 0 ) (-1024 784 0 ) (-864 784 0 ) 
4 51 58 (-1024 768 0 ) (-656 768 0 ) (-656 768 52 ) (-1024 768 52 ) 
4 52 64 (-528 496 512 ) (-640 496 512 ) (-640 496 192 ) (-528 496 192 ) 
4 52 61 (-512 496 512 ) (-528 496 512 ) (-528 496 192 ) (-512 496 192 ) 
4 52 59 (0 496 192 ) (0 496 512 ) (-512 496 512 ) (-512 496 192 ) 
4 52 55 (-640 768 512 ) (-640 768 192 ) (-640 496 192 ) (-640 496 512 ) 
4 53 56 (-640 732 0 ) (-640 660 0 ) (-640 660 108 ) (-640 732 108 ) 
4 53 54 (-480 512 112 ) (-480 512 0 ) (-288 512 0 ) (-288 512 112 ) 
4 54 60 (-480 496 0 ) (-288 496 0 ) (-288 496 112 ) (-480 496 112 ) 
4 55 64 (-640 496 192 ) (-640 496 512 ) (-656 496 512 ) (-656 496 192 ) 
4 55 58 (-656 768 512 ) (-656 768 192 ) (-656 496 192 ) (-656 496 512 ) 
4 56 57 (-648 732 108 ) (-648 732 0 ) (-648 660 0 ) (-648 660 108 ) 
4 57 58 (-656 732 0 ) (-656 660 0 ) (-656 660 108 ) (-656 732 108 ) 
4 58 119 (-1024 768 0 ) (-1024 496 0 ) (-1024 496 512 ) (-1024 768 512 ) 
4 58 66 (-864 496 0 ) (-1024 496 0 ) (-1024 768 0 ) (-864 768 0 ) 
4 58 64 (-1024 496 512 ) (-1024 496 0 ) (-656 496 0 ) (-656 496 512 ) 
4 59 87 (0 0 192 ) (0 0 512 ) (-512 0 512 ) (-512 0 192 ) 
4 59 61 (-512 496 512 ) (-512 496 192 ) (-512 0 192 ) (-512 0 512 ) 
4 60 91 (-240 0 160 ) (-272 0 160 ) (-272 0 0 ) (-240 0 0 ) 
4 60 93 (-272 0 160 ) (-512 0 160 ) (-512 0 0 ) (-272 0 0 ) 
4 60 89 (-208 0 160 ) (-240 0 160 ) (-240 0 0 ) (-208 0 0 ) 
4 60 88 (0 0 0 ) (0 0 160 ) (-208 0 160 ) (-208 0 0 ) 
4 60 62 (-512 348 52 ) (-512 292 52 ) (-512 292 108 ) (-512 348 108 ) 
4 61 94 (-528 0 512 ) (-528 0 192 ) (-512 0 192 ) (-512 0 512 ) 
4 61 64 (-528 496 512 ) (-528 496 192 ) (-528 0 192 ) (-528 0 512 ) 
4 62 63 (-520 348 108 ) (-520 348 52 ) (-520 292 52 ) (-520 292 108 ) 
4 63 64 (-528 348 52 ) (-528 292 52 ) (-528 292 108 ) (-528 348 108 ) 
4 64 119 (-1024 496 0 ) (-1024 0 0 ) (-1024 0 512 ) (-1024 496 512 ) 
4 64 97 (-1024 0 512 ) (-1024 0 0 ) (-528 0 0 ) (-528 0 512 ) 
4 64 67 (-528 0 0 ) (-1024 0 0 ) (-1024 496 0 ) (-528 496 0 ) 
4 65 120 (-1024 1024 -40 ) (-1024 1024 -64 ) (-1024 784 -64 ) (-1024 784 -40 ) 
4 65 119 (-1024 1024 0 ) (-1024 1024 -40 ) (-1024 784 -40 ) (-1024 784 0 ) 
3 65 66 (-864 784 0 ) (-1024 784 0 ) (-1024 784 -32 ) 
4 66 119 (-1024 496 -32 ) (-1024 496 0 ) (-1024 784 0 ) (-1024 784 -32 ) 
3 66 67 (-864 496 0 ) (-1024 496 0 ) (-1024 496 -32 ) 
4 67 120 (-1024 0 -64 ) (-1024 0 -40 ) (-1024 496 -40 ) (-1024 496 -64 ) 
4 67 119 (-1024 0 -40 ) (-1024 0 0 ) (-1024 496 0 ) (-1024 496 -40 ) 
4 67 112 (-1024 0 -32 ) (-1024 0 -64 ) (-528 0 -64 ) (-528 0 -32 ) 
4 67 111 (-528 0 0 ) (-1024 0 0 ) (-1024 0 -32 ) (-528 0 -32 ) 
4 68 117 (1024 -1024 -48 ) (1024 -1024 512 ) (144 -1024 512 ) (144 -1024 -48 ) 
4 68 85 (144 0 -48 ) (384 0 -48 ) (384 -1024 -48 ) (144 -1024 -48 ) 
4 68 84 (1024 -256 -48 ) (1024 -1024 -48 ) (384 -1024 -48 ) (384 -256 -48 ) 
4 68 83 (384 0 -48 ) (1024 0 -48 ) (1024 -256 -48 ) (384 -256 -48 ) 
4 68 82 (144 -400 -48 ) (144 -1024 -48 ) (144 -1024 0 ) (144 -400 0 ) 
4 68 77 (144 -400 0 ) (144 -1024 0 ) (144 -1024 52 ) (144 -400 52 ) 
4 68 76 (144 -400 52 ) (144 -1024 52 ) (144 -1024 92 ) (144 -400 92 ) 
4 68 74 (144 -308 52 ) (144 -332 52 ) (144 -332 92 ) (144 -308 92 ) 
4 68 72 (144 -180 52 ) (144 -204 52 ) (144 -204 92 ) (144 -180 92 ) 
4 68 71 (144 -400 92 ) (144 -1024 92 ) (144 -1024 160 ) (144 -400 160 ) 
4 68 70 (144 -400 160 ) (144 -1024 160 ) (144 -1024 192 ) (144 -400 192 ) 
4 68 69 (144 0 512 ) (144 0 192 ) (144 -1024 192 ) (144 -1024 512 ) 
4 69 117 (128 -1024 512 ) (128 -1024 192 ) (144 -1024 192 ) (144 -1024 512 ) 
4 69 78 (128 0 512 ) (128 0 192 ) (128 -400 192 ) (128 -400 512 ) 
4 69 79 (128 -400 192 ) (128 -1024 192 ) (128 -1024 512 ) (128 -400 512 ) 
4 69 70 (128 -1024 192 ) (128 -400 192 ) (144 -400 192 ) (144 -1024 192 ) 
4 70 117 (128 -1024 192 ) (128 -1024 160 ) (144 -1024 160 ) (144 -1024 192 ) 
4 70 79 (128 -400 160 ) (128 -1024 160 ) (128 -1024 192 ) (128 -400 192 ) 
4 70 71 (128 -1024 160 ) (128 -400 160 ) (144 -400 160 ) (144 -1024 160 ) 
4 71 117 (128 -1024 160 ) (128 -1024 92 ) (144 -1024 92 ) (144 -1024 160 ) 
4 71 81 (128 -400 92 ) (128 -1024 92 ) (128 -1024 160 ) (128 -400 160 ) 
4 71 76 (128 -1024 92 ) (128 -400 92 ) (144 -400 92 ) (144 -1024 92 ) 
4 72 73 (136 -180 92 ) (136 -180 52 ) (136 -204 52 ) (136 -204 92 ) 
4 73 80 (128 -180 52 ) (128 -204 52 ) (128 -204 92 ) (128 -180 92 ) 
4 74 75 (136 -308 92 ) (136 -308 52 ) (136 -332 52 ) (136 -332 92 ) 
4 75 80 (128 -308 52 ) (128 -332 52 ) (128 -332 92 ) (128 -308 92 ) 
4 76 117 (128 -1024 92 ) (128 -1024 52 ) (144 -1024 52 ) (144 -1024 92 ) 
4 76 81 (128 -400 52 ) (128 -1024 52 ) (128 -1024 92 ) (128 -400 92 ) 
4 76 77 (128 -1024 52 ) (128 -400 52 ) (144 -400 52 ) (144 -1024 52 ) 
4 77 117 (128 -1024 52 ) (128 -1024 0 ) (144 -1024 0 ) (144 -1024 52 ) 
4 77 82 (144 -400 0 ) (144 -1024 0 ) (128 -1024 0 ) (128 -400 0 ) 
4 77 81 (128 -400 0 ) (128 -1024 0 ) (128 -1024 52 ) (128 -400 52 ) 
4 78 98 (0 -384 192 ) (0 -400 192 ) (0 -400 512 ) (0 -384 512 ) 
4 78 87 (0 0 512 ) (0 0 192 ) (0 -384 192 ) (0 -384 512 ) 
4 78 79 (128 -400 192 ) (128 -400 512 ) (0 -400 512 ) (0 -400 192 ) 
4 79 117 (0 -1024 512 ) (0 -1024 160 ) (128 -1024 160 ) (128 -1024 512 ) 
4 79 106 (0 -400 160 ) (0 -1024 160 ) (0 -1024 512 ) (0 -400 512 ) 
4 79 81 (128 -400 160 ) (128 -1024 160 ) (0 -1024 160 ) (0 -400 160 ) 
4 80 88 (0 0 160 ) (0 0 0 ) (0 -384 0 ) (0 -384 160 ) 
4 81 117 (0 -1024 160 ) (0 -1024 0 ) (128 -1024 0 ) (128 -1024 160 ) 
4 81 106 (0 -400 0 ) (0 -1024 0 ) (0 -1024 160 ) (0 -400 160 ) 
4 81 82 (128 -400 0 ) (128 -1024 0 ) (0 -1024 0 ) (0 -400 0 ) 
4 82 117 (0 -1024 0 ) (0 -1024 -48 ) (144 -1024 -48 ) (144 -1024 0 ) 
4 82 113 (0 -400 -48 ) (0 -1024 -48 ) (0 -1024 -32 ) (0 -400 -32 ) 
4 82 108 (0 -1024 -32 ) (0 -1024 0 ) (0 -512 0 ) (0 -512 -32 ) 
4 82 107 (0 -512 0 ) (0 -400 0 ) (0 -400 -32 ) (0 -512 -32 ) 
4 82 86 (144 -400 -48 ) (144 -1024 -48 ) (0 -1024 -48 ) (0 -400 -48 ) 
4 83 85 (384 0 -64 ) (384 -256 -64 ) (384 -256 -48 ) (384 0 -48 ) 
4 83 84 (384 -256 -48 ) (384 -256 -64 ) (1024 -256 -64 ) (1024 -256 -48 ) 
4 84 117 (1024 -1024 -64 ) (1024 -1024 -48 ) (384 -1024 -48 ) (384 -1024 -64 ) 
4 84 85 (384 -256 -64 ) (384 -1024 -64 ) (384 -1024 -48 ) (384 -256 -48 ) 
4 85 117 (384 -1024 -48 ) (144 -1024 -48 ) (144 -1024 -64 ) (384 -1024 -64 ) 
4 85 86 (144 -400 -64 ) (144 -1024 -64 ) (144 -1024 -48 ) (144 -400 -48 ) 
4 86 117 (144 -1024 -48 ) (0 -1024 -48 ) (0 -1024 -64 ) (144 -1024 -64 ) 
4 86 113 (0 -400 -64 ) (0 -1024 -64 ) (0 -1024 -48 ) (0 -400 -48 ) 
4 87 98 (0 -384 192 ) (0 -384 512 ) (-512 -384 512 ) (-512 -384 192 ) 
4 87 94 (-512 0 512 ) (-512 0 192 ) (-512 -384 192 ) (-512 -384 512 ) 
4 88 101 (-4 -384 108 ) (-124 -384 108 ) (-124 -384 52 ) (-4 -384 52 ) 
4 88 90 (-208 -384 44 ) (-208 -384 160 ) (-208 -152 160 ) (-208 -152 44 ) 
4 88 89 (-208 0 0 ) (-208 -152 0 ) (-208 -152 160 ) (-208 0 160 ) 
4 89 91 (-240 0 0 ) (-240 -128 0 ) (-240 -128 160 ) (-240 0 160 ) 
4 89 90 (-240 -152 160 ) (-240 -152 44 ) (-208 -152 44 ) (-208 -152 160 ) 
4 90 92 (-240 -176 112 ) (-240 -176 48 ) (-240 -336 48 ) (-240 -336 112 ) 
4 91 93 (-272 0 0 ) (-272 -128 0 ) (-272 -128 160 ) (-272 0 160 ) 
4 92 93 (-272 -336 48 ) (-272 -336 112 ) (-272 -176 112 ) (-272 -176 48 ) 
4 93 103 (-476 -384 0 ) (-404 -384 0 ) (-404 -384 108 ) (-476 -384 108 ) 
4 93 95 (-512 -36 52 ) (-512 -92 52 ) (-512 -92 108 ) (-512 -36 108 ) 
4 94 98 (-512 -384 192 ) (-512 -384 512 ) (-528 -384 512 ) (-528 -384 192 ) 
4 94 97 (-528 -384 192 ) (-528 -384 512 ) (-528 0 512 ) (-528 0 192 ) 
4 95 96 (-520 -36 108 ) (-520 -36 52 ) (-520 -92 52 ) (-520 -92 108 ) 
4 96 97 (-528 -92 108 ) (-528 -36 108 ) (-528 -36 52 ) (-528 -92 52 ) 
4 97 126 (-1024 0 512 ) (-1024 0 0 ) (-1024 -384 0 ) (-1024 -384 512 ) 
4 97 111 (-528 -384 0 ) (-1024 -384 0 ) (-1024 0 0 ) (-528 0 0 ) 
4 97 105 (-1024 -384 108 ) (-1024 -384 0 ) (-528 -384 0 ) (-528 -384 108 ) 
4 97 100 (-1024 -384 160 ) (-1024 -384 108 ) (-528 -384 108 ) (-528 -384 160 ) 
4 97 99 (-1024 -384 192 ) (-1024 -384 160 ) (-528 -384 160 ) (-528 -384 192 ) 
4 97 98 (-1024 -384 512 ) (-1024 -384 192 ) (-528 -384 192 ) (-528 -384 512 ) 
4 98 126 (-1024 -384 512 ) (-1024 -384 192 ) (-1024 -400 192 ) (-1024 -400 512 ) 
4 98 106 (0 -400 192 ) (0 -400 512 ) (-1024 -400 512 ) (-1024 -400 192 ) 
4 98 99 (-528 -400 192 ) (-1024 -400 192 ) (-1024 -384 192 ) (-528 -384 192 ) 
4 99 126 (-1024 -384 192 ) (-1024 -384 160 ) (-1024 -400 160 ) (-1024 -400 192 ) 
4 99 106 (-528 -400 192 ) (-1024 -400 192 ) (-1024 -400 160 ) (-528 -400 160 ) 
4 99 100 (-528 -400 160 ) (-1024 -400 160 ) (-1024 -384 160 ) (-528 -384 160 ) 
4 100 126 (-1024 -384 160 ) (-1024 -384 108 ) (-1024 -400 108 ) (-1024 -400 160 ) 
4 100 106 (-528 -400 160 ) (-1024 -400 160 ) (-1024 -400 108 ) (-528 -400 108 ) 
4 100 105 (-528 -400 108 ) (-1024 -400 108 ) (-1024 -384 108 ) (-528 -384 108 ) 
4 101 102 (-124 -392 108 ) (-124 -392 52 ) (-4 -392 52 ) (-4 -392 108 ) 
4 102 106 (-4 -400 108 ) (-124 -400 108 ) (-124 -400 52 ) (-4 -400 52 ) 
4 103 104 (-476 -392 108 ) (-476 -392 0 ) (-404 -392 0 ) (-404 -392 108 ) 
4 104 106 (-476 -400 0 ) (-404 -400 0 ) (-404 -400 108 ) (-476 -400 108 ) 
4 105 126 (-1024 -384 108 ) (-1024 -384 0 ) (-1024 -400 0 ) (-1024 -400 108 ) 
4 105 111 (-528 -400 0 ) (-1024 -400 0 ) (-1024 -384 0 ) (-528 -384 0 ) 
4 105 106 (-1024 -400 0 ) (-528 -400 0 ) (-528 -400 108 ) (-1024 -400 108 ) 
4 106 126 (-1024 -1024 0 ) (-1024 -1024 512 ) (-1024 -400 512 ) (-1024 -400 0 ) 
4 106 118 (0 -1024 0 ) (0 -1024 512 ) (-1024 -1024 512 ) (-1024 -1024 0 ) 
4 106 109 (-528 -544 0 ) (-528 -512 0 ) (-256 -512 0 ) (-256 -544 0 ) 
4 106 110 (-256 -1024 0 ) (-528 -1024 0 ) (-528 -544 0 ) (-256 -544 0 ) 
4 106 108 (0 -512 0 ) (0 -1024 0 ) (-256 -1024 0 ) (-256 -512 0 ) 
4 106 107 (0 -400 0 ) (0 -512 0 ) (-256 -512 0 ) (-256 -400 0 ) 
4 106 111 (-528 -1024 0 ) (-1024 -1024 0 ) (-1024 -400 0 ) (-528 -400 0 ) 
4 107 113 (-256 -400 -32 ) (0 -400 -32 ) (0 -512 -32 ) (-256 -512 -32 ) 
4 107 108 (-256 -512 -32 ) (0 -512 -32 ) (0 -512 0 ) (-256 -512 0 ) 
4 108 118 (0 -1024 -32 ) (0 -1024 0 ) (-256 -1024 0 ) (-256 -1024 -32 ) 
4 108 113 (0 -1024 -32 ) (-256 -1024 -32 ) (-256 -512 -32 ) (0 -512 -32 ) 
4 108 109 (-256 -512 0 ) (-256 -512 -16 ) (-256 -544 -16 ) (-256 -544 0 ) 
4 108 110 (-256 -544 -32 ) (-256 -1024 -32 ) (-256 -1024 0 ) (-256 -544 0 ) 
4 109 110 (-528 -544 0 ) (-528 -544 -16 ) (-256 -544 -16 ) (-256 -544 0 ) 
4 109 111 (-528 -544 -16 ) (-528 -544 0 ) (-528 -512 0 ) (-528 -512 -16 ) 
4 110 118 (-256 -1024 0 ) (-528 -1024 0 ) (-528 -1024 -32 ) (-256 -1024 -32 ) 
4 110 114 (-256 -1024 -32 ) (-528 -1024 -32 ) (-528 -576 -32 ) (-256 -576 -32 ) 
4 110 111 (-528 -544 -32 ) (-528 -1024 -32 ) (-528 -1024 0 ) (-528 -544 0 ) 
4 111 126 (-1024 -1024 -32 ) (-1024 -1024 0 ) (-1024 0 0 ) (-1024 0 -32 ) 
4 111 118 (-528 -1024 0 ) (-1024 -1024 0 ) (-1024 -1024 -32 ) (-528 -1024 -32 ) 
4 111 115 (-528 -1024 -32 ) (-1024 -1024 -32 ) (-1024 -400 -32 ) (-528 -400 -32 ) 
4 111 112 (-1024 -400 -32 ) (-1024 0 -32 ) (-528 0 -32 ) (-528 -400 -32 ) 
4 112 126 (-1024 -400 -32 ) (-1024 0 -32 ) (-1024 0 -64 ) (-1024 -400 -64 ) 
4 112 115 (-1024 -400 -64 ) (-528 -400 -64 ) (-528 -400 -32 ) (-1024 -400 -32 ) 
4 113 118 (0 -1024 -64 ) (0 -1024 -32 ) (-256 -1024 -32 ) (-256 -1024 -64 ) 
4 113 114 (-256 -576 -64 ) (-256 -1024 -64 ) (-256 -1024 -32 ) (-256 -576 -32 ) 
4 114 118 (-256 -1024 -32 ) (-528 -1024 -32 ) (-528 -1024 -64 ) (-256 -1024 -64 ) 
4 114 115 (-528 -576 -64 ) (-528 -1024 -64 ) (-528 -1024 -32 ) (-528 -576 -32 ) 
4 115 126 (-1024 -1024 -64 ) (-1024 -1024 -32 ) (-1024 -400 -32 ) (-1024 -400 -64 ) 
4 115 118 (-528 -1024 -32 ) (-1024 -1024 -32 ) (-1024 -1024 -64 ) (-528 -1024 -64 ) 
4 116 117 (1024 -1024 512 ) (1024 -1024 -64 ) (1024 -1536 -64 ) (1024 -1536 512 ) 
4 117 118 (0 -1024 512 ) (0 -1024 -64 ) (0 -1536 -64 ) (0 -1536 512 ) 
4 118 128 (-1024 -1536 -64 ) (-1024 -1536 512 ) (-1024 -1024 512 ) (-1024 -1024 -64 ) 
4 119 126 (-1024 0 -40 ) (-1024 0 512 ) (-2048 0 512 ) (-2048 0 -40 ) 
4 119 125 (-2048 1024 512 ) (-2048 1024 -40 ) (-2048 0 -40 ) (-2048 0 512 ) 
4 119 122 (-1920 384 -40 ) (-1920 960 -40 ) (-1088 960 -40 ) (-1088 384 -40 ) 
4 119 121 (-1920 960 -40 ) (-1920 1024 -40 ) (-1088 1024 -40 ) (-1088 960 -40 ) 
4 119 123 (-1088 0 -40 ) (-1920 0 -40 ) (-1920 384 -40 ) (-1088 384 -40 ) 
4 119 120 (-1024 0 -40 ) (-1088 0 -40 ) (-1088 1024 -40 ) (-1024 1024 -40 ) 
4 119 124 (-1920 0 -40 ) (-2048 0 -40 ) (-2048 1024 -40 ) (-1920 1024 -40 ) 
4 120 126 (-1024 0 -64 ) (-1024 0 -40 ) (-1088 0 -40 ) (-1088 0 -64 ) 
4 120 122 (-1088 960 -64 ) (-1088 384 -64 ) (-1088 384 -40 ) (-1088 960 -40 ) 
4 120 121 (-1088 1024 -64 ) (-1088 960 -64 ) (-1088 960 -40 ) (-1088 1024 -40 ) 
4 120 123 (-1088 384 -64 ) (-1088 0 -64 ) (-1088 0 -40 ) (-1088 384 -40 ) 
4 121 124 (-1920 1024 -64 ) (-1920 960 -64 ) (-1920 960 -40 ) (-1920 1024 -40 ) 
4 121 122 (-1920 960 -40 ) (-1920 960 -64 ) (-1088 960 -64 ) (-1088 960 -40 ) 
4 122 123 (-1920 384 -40 ) (-1920 384 -64 ) (-1088 384 -64 ) (-1088 384 -40 ) 
4 122 124 (-1920 960 -64 ) (-1920 384 -64 ) (-1920 384 -40 ) (-1920 960 -40 ) 
4 123 126 (-1088 0 -40 ) (-1920 0 -40 ) (-1920 0 -64 ) (-1088 0 -64 ) 
4 123 124 (-1920 384 -64 ) (-1920 0 -64 ) (-1920 0 -40 ) (-1920 384 -40 ) 
4 124 126 (-1920 0 -40 ) (-2048 0 -40 ) (-2048 0 -64 ) (-1920 0 -64 ) 
4 124 125 (-2048 1024 -40 ) (-2048 1024 -64 ) (-2048 0 -64 ) (-2048 0 -40 ) 
4 125 127 (-2048 0 -64 ) (-2048 0 512 ) (-2176 0 512 ) (-2176 0 -64 ) 
4 126 128 (-1024 -1024 -64 ) (-1024 -1024 512 ) (-2048 -1024 512 ) (-2048 -1024 -64 ) 
4 126 127 (-2048 0 512 ) (-2048 0 -64 ) (-2048 -1024 -64 ) (-2048 -1024 512 ) 
4 127 129 (-2048 -1024 -64 ) (-2048 -1024 512 ) (-2176 -1024 512 ) (-2176 -1024 -64 ) 
4 128 129 (-2048 -1024 512 ) (-2048 -1024 -64 ) (-2048 -1536 -64 ) (-2048 -1536 512 ) 
